[ 2015-07-08T00:12:09+08:00 ] 110.84.30.146 /mobile/app/b2b/index.php/Home/index/index
INFO: [ app_init ] --START--
INFO: Run Behavior\BuildLiteBehavior [ RunTime:0.000000s ]
INFO: [ app_init ] --END-- [ RunTime:0.000000s ]
INFO: [ app_begin ] --START--
INFO: Run Behavior\ReadHtmlCacheBehavior [ RunTime:0.000000s ]
INFO: [ app_begin ] --END-- [ RunTime:0.000000s ]
NOTIC: [8] Undefined index: key C:\xampp\htdocs\shopncb2b2c\mobile\app\b2b\Application\Home\Controller\IndexController.class.php 第 12 行.
NOTIC: [8] Undefined index: username C:\xampp\htdocs\shopncb2b2c\mobile\app\b2b\Application\Home\Controller\IndexController.class.php 第 13 行.
SQL: SHOW COLUMNS FROM `shopnc_mb_user_token` [ RunTime:0.0020s ]
SQL: SELECT * FROM `shopnc_mb_user_token` WHERE ( member_name='' and token='' ) LIMIT 1   [ RunTime:0.0000s ]
INFO: [ view_parse ] --START--
INFO: [ template_filter ] --START--
INFO: Run Behavior\ContentReplaceBehavior [ RunTime:0.000000s ]
INFO: [ template_filter ] --END-- [ RunTime:0.000000s ]
INFO: Run Behavior\ParseTemplateBehavior [ RunTime:0.004883s ]
INFO: [ view_parse ] --END-- [ RunTime:0.005859s ]
INFO: [ view_filter ] --START--
INFO: Run Behavior\WriteHtmlCacheBehavior [ RunTime:0.000000s ]
INFO: [ view_filter ] --END-- [ RunTime:0.000000s ]

[ 2015-07-08T09:09:43+08:00 ] 120.41.79.241 /mobile/app/b2b/index.php/Home/index/index
INFO: [ app_init ] --START--
INFO: Run Behavior\BuildLiteBehavior [ RunTime:0.000976s ]
INFO: [ app_init ] --END-- [ RunTime:0.000976s ]
INFO: [ app_begin ] --START--
INFO: Run Behavior\ReadHtmlCacheBehavior [ RunTime:0.000000s ]
INFO: [ app_begin ] --END-- [ RunTime:0.000000s ]
NOTIC: [8] Undefined index: key C:\xampp\htdocs\shopncb2b2c\mobile\app\b2b\Application\Home\Controller\IndexController.class.php 第 12 行.
NOTIC: [8] Undefined index: username C:\xampp\htdocs\shopncb2b2c\mobile\app\b2b\Application\Home\Controller\IndexController.class.php 第 13 行.
SQL: SHOW COLUMNS FROM `shopnc_mb_user_token` [ RunTime:0.0020s ]
SQL: SELECT * FROM `shopnc_mb_user_token` WHERE ( member_name='' and token='' ) LIMIT 1   [ RunTime:0.0000s ]
INFO: [ view_parse ] --START--
INFO: [ template_filter ] --START--
INFO: Run Behavior\ContentReplaceBehavior [ RunTime:0.000000s ]
INFO: [ template_filter ] --END-- [ RunTime:0.000000s ]
INFO: Run Behavior\ParseTemplateBehavior [ RunTime:0.005859s ]
INFO: [ view_parse ] --END-- [ RunTime:0.005859s ]
INFO: [ view_filter ] --START--
INFO: Run Behavior\WriteHtmlCacheBehavior [ RunTime:0.000000s ]
INFO: [ view_filter ] --END-- [ RunTime:0.000000s ]

[ 2015-07-08T09:17:35+08:00 ] 120.41.79.241 /mobile/app/b2b/index.php/Home/index/index
INFO: [ app_init ] --START--
INFO: Run Behavior\BuildLiteBehavior [ RunTime:0.000000s ]
INFO: [ app_init ] --END-- [ RunTime:0.000000s ]
INFO: [ app_begin ] --START--
INFO: Run Behavior\ReadHtmlCacheBehavior [ RunTime:0.000976s ]
INFO: [ app_begin ] --END-- [ RunTime:0.000976s ]
NOTIC: [8] Undefined index: key C:\xampp\htdocs\shopncb2b2c\mobile\app\b2b\Application\Home\Controller\IndexController.class.php 第 12 行.
NOTIC: [8] Undefined index: username C:\xampp\htdocs\shopncb2b2c\mobile\app\b2b\Application\Home\Controller\IndexController.class.php 第 13 行.
SQL: SHOW COLUMNS FROM `shopnc_mb_user_token` [ RunTime:0.0020s ]
SQL: SELECT * FROM `shopnc_mb_user_token` WHERE ( member_name='' and token='' ) LIMIT 1   [ RunTime:0.0010s ]
INFO: [ view_parse ] --START--
INFO: [ template_filter ] --START--
INFO: Run Behavior\ContentReplaceBehavior [ RunTime:0.000000s ]
INFO: [ template_filter ] --END-- [ RunTime:0.000000s ]
INFO: Run Behavior\ParseTemplateBehavior [ RunTime:0.005859s ]
INFO: [ view_parse ] --END-- [ RunTime:0.005859s ]
INFO: [ view_filter ] --START--
INFO: Run Behavior\WriteHtmlCacheBehavior [ RunTime:0.000000s ]
INFO: [ view_filter ] --END-- [ RunTime:0.000000s ]

[ 2015-07-08T09:32:29+08:00 ] 14.18.184.126 /mobile/app/b2b/index.php/Home/index/index
INFO: [ app_init ] --START--
INFO: Run Behavior\BuildLiteBehavior [ RunTime:0.000000s ]
INFO: [ app_init ] --END-- [ RunTime:0.000977s ]
INFO: [ app_begin ] --START--
INFO: Run Behavior\ReadHtmlCacheBehavior [ RunTime:0.000977s ]
INFO: [ app_begin ] --END-- [ RunTime:0.000977s ]
NOTIC: [8] Undefined index: key C:\xampp\htdocs\shopncb2b2c\mobile\app\b2b\Application\Home\Controller\IndexController.class.php 第 12 行.
NOTIC: [8] Undefined index: username C:\xampp\htdocs\shopncb2b2c\mobile\app\b2b\Application\Home\Controller\IndexController.class.php 第 13 行.
SQL: SHOW COLUMNS FROM `shopnc_mb_user_token` [ RunTime:0.0029s ]
SQL: SELECT * FROM `shopnc_mb_user_token` WHERE ( member_name='' and token='' ) LIMIT 1   [ RunTime:0.0000s ]
INFO: [ view_parse ] --START--
INFO: [ template_filter ] --START--
INFO: Run Behavior\ContentReplaceBehavior [ RunTime:0.000000s ]
INFO: [ template_filter ] --END-- [ RunTime:0.000000s ]
INFO: Run Behavior\ParseTemplateBehavior [ RunTime:0.006836s ]
INFO: [ view_parse ] --END-- [ RunTime:0.006836s ]
INFO: [ view_filter ] --START--
INFO: Run Behavior\WriteHtmlCacheBehavior [ RunTime:0.000000s ]
INFO: [ view_filter ] --END-- [ RunTime:0.000000s ]

[ 2015-07-08T10:59:21+08:00 ] 120.41.79.241 /mobile/app/b2b/index.php/Home/index/index
INFO: [ app_init ] --START--
INFO: Run Behavior\BuildLiteBehavior [ RunTime:0.000000s ]
INFO: [ app_init ] --END-- [ RunTime:0.000000s ]
INFO: [ app_begin ] --START--
INFO: Run Behavior\ReadHtmlCacheBehavior [ RunTime:0.000977s ]
INFO: [ app_begin ] --END-- [ RunTime:0.000977s ]
SQL: SHOW COLUMNS FROM `shopnc_mb_user_token` [ RunTime:0.0020s ]
SQL: SELECT * FROM `shopnc_mb_user_token` WHERE ( member_name='test' and token='879c415e5603f9953b443a9d635d712f' ) LIMIT 1   [ RunTime:0.0000s ]
SQL: SHOW COLUMNS FROM `shopnc_member` [ RunTime:0.0020s ]
SQL: SELECT * FROM `shopnc_member` WHERE ( member_id=3 ) LIMIT 1   [ RunTime:0.0000s ]
SQL: SHOW COLUMNS FROM `shopnc_ecs_post` [ RunTime:0.0020s ]
SQL: SELECT COUNT(*) AS tp_count FROM `shopnc_ecs_post` LIMIT 1   [ RunTime:0.0186s ]
SQL: select p.* ,d.content from shopnc_ecs_post as p left join shopnc_ecs_post_content as d on p.id=d.pid order by p.id asc limit 0 , 10 [ RunTime:0.0049s ]
INFO: [ view_parse ] --START--
INFO: [ template_filter ] --START--
INFO: Run Behavior\ContentReplaceBehavior [ RunTime:0.000977s ]
INFO: [ template_filter ] --END-- [ RunTime:0.000977s ]
INFO: Run Behavior\ParseTemplateBehavior [ RunTime:0.008789s ]
INFO: [ view_parse ] --END-- [ RunTime:0.008789s ]
INFO: [ view_filter ] --START--
INFO: Run Behavior\WriteHtmlCacheBehavior [ RunTime:0.000000s ]
INFO: [ view_filter ] --END-- [ RunTime:0.000000s ]
INFO: [ app_end ] --START--
INFO: Run Behavior\ShowPageTraceBehavior [ RunTime:0.000977s ]
INFO: [ app_end ] --END-- [ RunTime:0.000977s ]

[ 2015-07-08T15:25:19+08:00 ] 58.212.232.132 /mobile/app/b2b/index.php/Home/index/deleteapi
INFO: [ app_init ] --START--
INFO: Run Behavior\BuildLiteBehavior [ RunTime:0.000000s ]
INFO: [ app_init ] --END-- [ RunTime:0.000000s ]
INFO: [ app_begin ] --START--
INFO: Run Behavior\ReadHtmlCacheBehavior [ RunTime:0.000976s ]
INFO: [ app_begin ] --END-- [ RunTime:0.000976s ]
SQL: SHOW COLUMNS FROM `shopnc_ecs_post` [ RunTime:0.0020s ]
SQL: SHOW COLUMNS FROM `shopnc_ecs_post_content` [ RunTime:0.0020s ]
SQL: DELETE FROM `shopnc_ecs_post` WHERE ( id='1' ) [ RunTime:0.0049s ]
INFO: [ app_end ] --START--
INFO: Run Behavior\ShowPageTraceBehavior [ RunTime:0.000000s ]
INFO: [ app_end ] --END-- [ RunTime:0.000000s ]

[ 2015-07-08T15:38:48+08:00 ] 58.212.232.132 /mobile/app/b2b/index.php/Home/index/index
INFO: [ app_init ] --START--
INFO: Run Behavior\BuildLiteBehavior [ RunTime:0.000000s ]
INFO: [ app_init ] --END-- [ RunTime:0.000977s ]
INFO: [ app_begin ] --START--
INFO: Run Behavior\ReadHtmlCacheBehavior [ RunTime:0.000977s ]
INFO: [ app_begin ] --END-- [ RunTime:0.000977s ]
NOTIC: [8] Undefined index: key C:\xampp\htdocs\shopncb2b2c\mobile\app\b2b\Application\Home\Controller\IndexController.class.php 第 12 行.
NOTIC: [8] Undefined index: username C:\xampp\htdocs\shopncb2b2c\mobile\app\b2b\Application\Home\Controller\IndexController.class.php 第 13 行.
SQL: SHOW COLUMNS FROM `shopnc_mb_user_token` [ RunTime:0.0020s ]
SQL: SELECT * FROM `shopnc_mb_user_token` WHERE ( member_name='' and token='' ) LIMIT 1   [ RunTime:0.0000s ]
INFO: [ view_parse ] --START--
INFO: [ template_filter ] --START--
INFO: Run Behavior\ContentReplaceBehavior [ RunTime:0.000000s ]
INFO: [ template_filter ] --END-- [ RunTime:0.000000s ]
INFO: Run Behavior\ParseTemplateBehavior [ RunTime:0.005859s ]
INFO: [ view_parse ] --END-- [ RunTime:0.005859s ]
INFO: [ view_filter ] --START--
INFO: Run Behavior\WriteHtmlCacheBehavior [ RunTime:0.000000s ]
INFO: [ view_filter ] --END-- [ RunTime:0.000000s ]

[ 2015-07-08T15:41:35+08:00 ] 58.212.232.132 /mobile/app/b2b/index.php/Home/index/homeapi
INFO: [ app_init ] --START--
INFO: Run Behavior\BuildLiteBehavior [ RunTime:0.000000s ]
INFO: [ app_init ] --END-- [ RunTime:0.000000s ]
INFO: [ app_begin ] --START--
INFO: Run Behavior\ReadHtmlCacheBehavior [ RunTime:0.000000s ]
INFO: [ app_begin ] --END-- [ RunTime:0.000000s ]
SQL: SHOW COLUMNS FROM `shopnc_ecs_post` [ RunTime:0.0020s ]
SQL: SELECT COUNT(*) AS tp_count FROM `shopnc_ecs_post` WHERE ( saleway='2' or saleway='1' ) LIMIT 1   [ RunTime:0.0000s ]
SQL: select p.* ,d.depic,d.content from shopnc_ecs_post as p left join shopnc_ecs_post_content as d on p.id=d.pid where saleway='2' or saleway='1' order by id asc   limit 0,10 [ RunTime:0.0205s ]
INFO: [ app_end ] --START--
INFO: Run Behavior\ShowPageTraceBehavior [ RunTime:0.000977s ]
INFO: [ app_end ] --END-- [ RunTime:0.000977s ]

[ 2015-07-08T17:03:13+08:00 ] 121.207.168.223 /mobile/app/b2b/index.php/Home/index/index
INFO: [ app_init ] --START--
INFO: Run Behavior\BuildLiteBehavior [ RunTime:0.000000s ]
INFO: [ app_init ] --END-- [ RunTime:0.000977s ]
INFO: [ app_begin ] --START--
INFO: Run Behavior\ReadHtmlCacheBehavior [ RunTime:0.000000s ]
INFO: [ app_begin ] --END-- [ RunTime:0.000977s ]
NOTIC: [8] Undefined index: key C:\xampp\htdocs\shopncb2b2c\mobile\app\b2b\Application\Home\Controller\IndexController.class.php 第 12 行.
NOTIC: [8] Undefined index: username C:\xampp\htdocs\shopncb2b2c\mobile\app\b2b\Application\Home\Controller\IndexController.class.php 第 13 行.
SQL: SHOW COLUMNS FROM `shopnc_mb_user_token` [ RunTime:0.0020s ]
SQL: SELECT * FROM `shopnc_mb_user_token` WHERE ( member_name='' and token='' ) LIMIT 1   [ RunTime:0.0254s ]
INFO: [ view_parse ] --START--
INFO: [ template_filter ] --START--
INFO: Run Behavior\ContentReplaceBehavior [ RunTime:0.000000s ]
INFO: [ template_filter ] --END-- [ RunTime:0.000000s ]
INFO: Run Behavior\ParseTemplateBehavior [ RunTime:0.005859s ]
INFO: [ view_parse ] --END-- [ RunTime:0.005859s ]
INFO: [ view_filter ] --START--
INFO: Run Behavior\WriteHtmlCacheBehavior [ RunTime:0.000000s ]
INFO: [ view_filter ] --END-- [ RunTime:0.000000s ]

[ 2015-07-08T17:28:07+08:00 ] 120.41.79.241 /mobile/app/b2b/index.php/Home/index/index
INFO: [ app_init ] --START--
INFO: Run Behavior\BuildLiteBehavior [ RunTime:0.000000s ]
INFO: [ app_init ] --END-- [ RunTime:0.000976s ]
INFO: [ app_begin ] --START--
INFO: Run Behavior\ReadHtmlCacheBehavior [ RunTime:0.000976s ]
INFO: [ app_begin ] --END-- [ RunTime:0.000976s ]
SQL: SHOW COLUMNS FROM `shopnc_mb_user_token` [ RunTime:0.0029s ]
SQL: SELECT * FROM `shopnc_mb_user_token` WHERE ( member_name='test' and token='1da039bf26e60b1a636512875d068156' ) LIMIT 1   [ RunTime:0.0000s ]
SQL: SHOW COLUMNS FROM `shopnc_member` [ RunTime:0.0029s ]
SQL: SELECT * FROM `shopnc_member` WHERE ( member_id=3 ) LIMIT 1   [ RunTime:0.0000s ]
SQL: SHOW COLUMNS FROM `shopnc_ecs_post` [ RunTime:0.0010s ]
SQL: SELECT COUNT(*) AS tp_count FROM `shopnc_ecs_post` LIMIT 1   [ RunTime:0.0205s ]
SQL: select p.* ,d.content from shopnc_ecs_post as p left join shopnc_ecs_post_content as d on p.id=d.pid order by p.id asc limit 0 , 10 [ RunTime:0.0049s ]
INFO: [ view_parse ] --START--
INFO: [ template_filter ] --START--
INFO: Run Behavior\ContentReplaceBehavior [ RunTime:0.000000s ]
INFO: [ template_filter ] --END-- [ RunTime:0.000000s ]
INFO: Run Behavior\ParseTemplateBehavior [ RunTime:0.009765s ]
INFO: [ view_parse ] --END-- [ RunTime:0.009765s ]
INFO: [ view_filter ] --START--
INFO: Run Behavior\WriteHtmlCacheBehavior [ RunTime:0.000977s ]
INFO: [ view_filter ] --END-- [ RunTime:0.000977s ]
INFO: [ app_end ] --START--
INFO: Run Behavior\ShowPageTraceBehavior [ RunTime:0.000976s ]
INFO: [ app_end ] --END-- [ RunTime:0.000976s ]

[ 2015-07-08T17:44:44+08:00 ] 120.41.79.241 /mobile/app/b2b/index.php/Home/index/index
INFO: [ app_init ] --START--
INFO: Run Behavior\BuildLiteBehavior [ RunTime:0.000000s ]
INFO: [ app_init ] --END-- [ RunTime:0.000000s ]
INFO: [ app_begin ] --START--
INFO: Run Behavior\ReadHtmlCacheBehavior [ RunTime:0.000000s ]
INFO: [ app_begin ] --END-- [ RunTime:0.000000s ]
NOTIC: [8] Undefined index: key C:\xampp\htdocs\shopncb2b2c\mobile\app\b2b\Application\Home\Controller\IndexController.class.php 第 12 行.
NOTIC: [8] Undefined index: username C:\xampp\htdocs\shopncb2b2c\mobile\app\b2b\Application\Home\Controller\IndexController.class.php 第 13 行.
SQL: SHOW COLUMNS FROM `shopnc_mb_user_token` [ RunTime:0.0020s ]
SQL: SELECT * FROM `shopnc_mb_user_token` WHERE ( member_name='' and token='' ) LIMIT 1   [ RunTime:0.0039s ]
INFO: [ view_parse ] --START--
INFO: [ template_filter ] --START--
INFO: Run Behavior\ContentReplaceBehavior [ RunTime:0.000000s ]
INFO: [ template_filter ] --END-- [ RunTime:0.000000s ]
INFO: Run Behavior\ParseTemplateBehavior [ RunTime:0.005859s ]
INFO: [ view_parse ] --END-- [ RunTime:0.005859s ]
INFO: [ view_filter ] --START--
INFO: Run Behavior\WriteHtmlCacheBehavior [ RunTime:0.000000s ]
INFO: [ view_filter ] --END-- [ RunTime:0.000000s ]

[ 2015-07-08T18:10:39+08:00 ] 120.41.79.241 /mobile/app/b2b/index.php/Home/index/index
INFO: [ app_init ] --START--
INFO: Run Behavior\BuildLiteBehavior [ RunTime:0.000000s ]
INFO: [ app_init ] --END-- [ RunTime:0.000000s ]
INFO: [ app_begin ] --START--
INFO: Run Behavior\ReadHtmlCacheBehavior [ RunTime:0.000000s ]
INFO: [ app_begin ] --END-- [ RunTime:0.000000s ]
SQL: SHOW COLUMNS FROM `shopnc_mb_user_token` [ RunTime:0.0029s ]
SQL: SELECT * FROM `shopnc_mb_user_token` WHERE ( member_name='test' and token='879c415e5603f9953b443a9d635d712f' ) LIMIT 1   [ RunTime:0.0000s ]
SQL: SHOW COLUMNS FROM `shopnc_member` [ RunTime:0.0029s ]
SQL: SELECT * FROM `shopnc_member` WHERE ( member_id=3 ) LIMIT 1   [ RunTime:0.0000s ]
SQL: SHOW COLUMNS FROM `shopnc_ecs_post` [ RunTime:0.0010s ]
SQL: SELECT COUNT(*) AS tp_count FROM `shopnc_ecs_post` LIMIT 1   [ RunTime:0.0127s ]
SQL: select p.* ,d.content from shopnc_ecs_post as p left join shopnc_ecs_post_content as d on p.id=d.pid order by p.id asc limit 0 , 10 [ RunTime:0.0059s ]
INFO: [ view_parse ] --START--
INFO: [ template_filter ] --START--
INFO: Run Behavior\ContentReplaceBehavior [ RunTime:0.000000s ]
INFO: [ template_filter ] --END-- [ RunTime:0.000000s ]
INFO: Run Behavior\ParseTemplateBehavior [ RunTime:0.009766s ]
INFO: [ view_parse ] --END-- [ RunTime:0.009766s ]
INFO: [ view_filter ] --START--
INFO: Run Behavior\WriteHtmlCacheBehavior [ RunTime:0.000977s ]
INFO: [ view_filter ] --END-- [ RunTime:0.000977s ]
INFO: [ app_end ] --START--
INFO: Run Behavior\ShowPageTraceBehavior [ RunTime:0.000977s ]
INFO: [ app_end ] --END-- [ RunTime:0.000977s ]

[ 2015-07-08T20:28:13+08:00 ] 211.97.131.242 /mobile/app/b2b/index.php/Home/index/api
INFO: [ app_init ] --START--
INFO: Run Behavior\BuildLiteBehavior [ RunTime:0.000000s ]
INFO: [ app_init ] --END-- [ RunTime:0.000977s ]
INFO: [ app_begin ] --START--
INFO: Run Behavior\ReadHtmlCacheBehavior [ RunTime:0.000977s ]
INFO: [ app_begin ] --END-- [ RunTime:0.000977s ]
ERR: SQLSTATE[42S02]: Base table or view not found: 1146 Table 'shopncb2b2c.shopnc_ecs_sessions' doesn't exist

[ 2015-07-08T20:28:13+08:00 ] 211.97.131.242 /mobile/app/b2b/index.php/Home/index/api
INFO: [ app_init ] --START--
INFO: Run Behavior\BuildLiteBehavior [ RunTime:0.000000s ]
INFO: [ app_init ] --END-- [ RunTime:0.000977s ]
INFO: [ app_begin ] --START--
INFO: Run Behavior\ReadHtmlCacheBehavior [ RunTime:0.000977s ]
INFO: [ app_begin ] --END-- [ RunTime:0.000977s ]
ERR: SQLSTATE[42S02]: Base table or view not found: 1146 Table 'shopncb2b2c.shopnc_ecs_sessions' doesn't exist

[ 2015-07-08T20:28:21+08:00 ] 211.97.131.242 /mobile/app/b2b/index.php/Home/index/api
INFO: [ app_init ] --START--
INFO: Run Behavior\BuildLiteBehavior [ RunTime:0.000000s ]
INFO: [ app_init ] --END-- [ RunTime:0.000000s ]
INFO: [ app_begin ] --START--
INFO: Run Behavior\ReadHtmlCacheBehavior [ RunTime:0.000000s ]
INFO: [ app_begin ] --END-- [ RunTime:0.000977s ]
ERR: SQLSTATE[42S02]: Base table or view not found: 1146 Table 'shopncb2b2c.shopnc_ecs_sessions' doesn't exist

[ 2015-07-08T20:28:21+08:00 ] 211.97.131.242 /mobile/app/b2b/index.php/Home/index/api
INFO: [ app_init ] --START--
INFO: Run Behavior\BuildLiteBehavior [ RunTime:0.000000s ]
INFO: [ app_init ] --END-- [ RunTime:0.000976s ]
INFO: [ app_begin ] --START--
INFO: Run Behavior\ReadHtmlCacheBehavior [ RunTime:0.000977s ]
INFO: [ app_begin ] --END-- [ RunTime:0.000977s ]
ERR: SQLSTATE[42S02]: Base table or view not found: 1146 Table 'shopncb2b2c.shopnc_ecs_sessions' doesn't exist

[ 2015-07-08T20:28:48+08:00 ] 211.97.131.242 /mobile/app/b2b/index.php/Home/index/api
INFO: [ app_init ] --START--
INFO: Run Behavior\BuildLiteBehavior [ RunTime:0.000000s ]
INFO: [ app_init ] --END-- [ RunTime:0.000976s ]
INFO: [ app_begin ] --START--
INFO: Run Behavior\ReadHtmlCacheBehavior [ RunTime:0.000977s ]
INFO: [ app_begin ] --END-- [ RunTime:0.000977s ]
ERR: SQLSTATE[42S02]: Base table or view not found: 1146 Table 'shopncb2b2c.shopnc_ecs_sessions' doesn't exist

[ 2015-07-08T20:28:48+08:00 ] 211.97.131.242 /mobile/app/b2b/index.php/Home/index/api
INFO: [ app_init ] --START--
INFO: Run Behavior\BuildLiteBehavior [ RunTime:0.000000s ]
INFO: [ app_init ] --END-- [ RunTime:0.000977s ]
INFO: [ app_begin ] --START--
INFO: Run Behavior\ReadHtmlCacheBehavior [ RunTime:0.000976s ]
INFO: [ app_begin ] --END-- [ RunTime:0.000976s ]
ERR: SQLSTATE[42S02]: Base table or view not found: 1146 Table 'shopncb2b2c.shopnc_ecs_sessions' doesn't exist

[ 2015-07-08T20:28:52+08:00 ] 211.97.131.242 /mobile/app/b2b/index.php/Home/index/api
INFO: [ app_init ] --START--
INFO: Run Behavior\BuildLiteBehavior [ RunTime:0.000000s ]
INFO: [ app_init ] --END-- [ RunTime:0.000000s ]
INFO: [ app_begin ] --START--
INFO: Run Behavior\ReadHtmlCacheBehavior [ RunTime:0.000977s ]
INFO: [ app_begin ] --END-- [ RunTime:0.000977s ]
ERR: SQLSTATE[42S02]: Base table or view not found: 1146 Table 'shopncb2b2c.shopnc_ecs_sessions' doesn't exist

[ 2015-07-08T20:28:53+08:00 ] 211.97.131.242 /mobile/app/b2b/index.php/Home/index/api
INFO: [ app_init ] --START--
INFO: Run Behavior\BuildLiteBehavior [ RunTime:0.000000s ]
INFO: [ app_init ] --END-- [ RunTime:0.000000s ]
INFO: [ app_begin ] --START--
INFO: Run Behavior\ReadHtmlCacheBehavior [ RunTime:0.000000s ]
INFO: [ app_begin ] --END-- [ RunTime:0.000000s ]
ERR: SQLSTATE[42S02]: Base table or view not found: 1146 Table 'shopncb2b2c.shopnc_ecs_sessions' doesn't exist

[ 2015-07-08T23:31:27+08:00 ] 121.207.168.223 /mobile/app/b2b/index.php/Home/index/index
INFO: [ app_init ] --START--
INFO: Run Behavior\BuildLiteBehavior [ RunTime:0.000000s ]
INFO: [ app_init ] --END-- [ RunTime:0.000000s ]
INFO: [ app_begin ] --START--
INFO: Run Behavior\ReadHtmlCacheBehavior [ RunTime:0.000000s ]
INFO: [ app_begin ] --END-- [ RunTime:0.000000s ]
NOTIC: [8] Undefined index: key C:\xampp\htdocs\shopncb2b2c\mobile\app\b2b\Application\Home\Controller\IndexController.class.php 第 12 行.
NOTIC: [8] Undefined index: username C:\xampp\htdocs\shopncb2b2c\mobile\app\b2b\Application\Home\Controller\IndexController.class.php 第 13 行.
SQL: SHOW COLUMNS FROM `shopnc_mb_user_token` [ RunTime:0.0020s ]
SQL: SELECT * FROM `shopnc_mb_user_token` WHERE ( member_name='' and token='' ) LIMIT 1   [ RunTime:0.0000s ]
INFO: [ view_parse ] --START--
INFO: [ template_filter ] --START--
INFO: Run Behavior\ContentReplaceBehavior [ RunTime:0.000000s ]
INFO: [ template_filter ] --END-- [ RunTime:0.000000s ]
INFO: Run Behavior\ParseTemplateBehavior [ RunTime:0.005860s ]
INFO: [ view_parse ] --END-- [ RunTime:0.005860s ]
INFO: [ view_filter ] --START--
INFO: Run Behavior\WriteHtmlCacheBehavior [ RunTime:0.000976s ]
INFO: [ view_filter ] --END-- [ RunTime:0.000976s ]

[ 2015-07-08T23:34:43+08:00 ] 110.84.30.146 /mobile/app/b2b/index.php/Home/index/index
INFO: [ app_init ] --START--
INFO: Run Behavior\BuildLiteBehavior [ RunTime:0.000000s ]
INFO: [ app_init ] --END-- [ RunTime:0.000000s ]
INFO: [ app_begin ] --START--
INFO: Run Behavior\ReadHtmlCacheBehavior [ RunTime:0.000976s ]
INFO: [ app_begin ] --END-- [ RunTime:0.000976s ]
NOTIC: [8] Undefined index: key C:\xampp\htdocs\shopncb2b2c\mobile\app\b2b\Application\Home\Controller\IndexController.class.php 第 12 行.
NOTIC: [8] Undefined index: username C:\xampp\htdocs\shopncb2b2c\mobile\app\b2b\Application\Home\Controller\IndexController.class.php 第 13 行.
SQL: SHOW COLUMNS FROM `shopnc_mb_user_token` [ RunTime:0.0020s ]
SQL: SELECT * FROM `shopnc_mb_user_token` WHERE ( member_name='' and token='' ) LIMIT 1   [ RunTime:0.0010s ]
INFO: [ view_parse ] --START--
INFO: [ template_filter ] --START--
INFO: Run Behavior\ContentReplaceBehavior [ RunTime:0.000000s ]
INFO: [ template_filter ] --END-- [ RunTime:0.000977s ]
INFO: Run Behavior\ParseTemplateBehavior [ RunTime:0.004883s ]
INFO: [ view_parse ] --END-- [ RunTime:0.004883s ]
INFO: [ view_filter ] --START--
INFO: Run Behavior\WriteHtmlCacheBehavior [ RunTime:0.000977s ]
INFO: [ view_filter ] --END-- [ RunTime:0.000977s ]

