[ 2015-10-07T00:05:51+08:00 ] 117.30.32.110 /mobile/app/b2b/index.php/Home/index/homeapi
INFO: [ app_init ] --START--
INFO: Run Behavior\BuildLiteBehavior [ RunTime:0.000000s ]
INFO: [ app_init ] --END-- [ RunTime:0.000000s ]
INFO: [ app_begin ] --START--
INFO: Run Behavior\ReadHtmlCacheBehavior [ RunTime:0.000000s ]
INFO: [ app_begin ] --END-- [ RunTime:0.000000s ]
SQL: SHOW COLUMNS FROM `shopnc_ecs_post` [ RunTime:0.0039s ]
SQL: SELECT COUNT(*) AS tp_count FROM `shopnc_ecs_post` WHERE ( saleway='2' ) LIMIT 1   [ RunTime:0.0273s ]
SQL: select p.* ,d.depic,d.content from shopnc_ecs_post as p left join shopnc_ecs_post_content as d on p.id=d.pid where saleway='2' order by id asc   limit 0,10 [ RunTime:0.0020s ]
INFO: [ app_end ] --START--
INFO: Run Behavior\ShowPageTraceBehavior [ RunTime:0.000000s ]
INFO: [ app_end ] --END-- [ RunTime:0.000000s ]

[ 2015-10-07T00:05:52+08:00 ] 117.30.32.110 /mobile/app/b2b/index.php/Home/index/homeapi
INFO: [ app_init ] --START--
INFO: Run Behavior\BuildLiteBehavior [ RunTime:0.000000s ]
INFO: [ app_init ] --END-- [ RunTime:0.000976s ]
INFO: [ app_begin ] --START--
INFO: Run Behavior\ReadHtmlCacheBehavior [ RunTime:0.000976s ]
INFO: [ app_begin ] --END-- [ RunTime:0.000976s ]
SQL: SHOW COLUMNS FROM `shopnc_ecs_post` [ RunTime:0.0029s ]
SQL: SELECT COUNT(*) AS tp_count FROM `shopnc_ecs_post` WHERE ( saleway='1' ) LIMIT 1   [ RunTime:0.0010s ]
SQL: select p.* ,d.depic,d.content from shopnc_ecs_post as p left join shopnc_ecs_post_content as d on p.id=d.pid where saleway='1' order by id asc   limit 0,10 [ RunTime:0.0039s ]
INFO: [ app_end ] --START--
INFO: Run Behavior\ShowPageTraceBehavior [ RunTime:0.000000s ]
INFO: [ app_end ] --END-- [ RunTime:0.000000s ]

[ 2015-10-07T01:42:23+08:00 ] 176.9.10.227 /mobile/app/b2b/index.php/Home/Index/contact/id/483
INFO: [ app_init ] --START--
INFO: Run Behavior\BuildLiteBehavior [ RunTime:0.000000s ]
INFO: [ app_init ] --END-- [ RunTime:0.000976s ]
INFO: [ app_begin ] --START--
INFO: Run Behavior\ReadHtmlCacheBehavior [ RunTime:0.000977s ]
INFO: [ app_begin ] --END-- [ RunTime:0.000977s ]
NOTIC: [8] Undefined index: key C:\xampp\htdocs\shopncb2b2c\mobile\app\b2b\Application\Home\Controller\IndexController.class.php 第 12 行.
NOTIC: [8] Undefined index: username C:\xampp\htdocs\shopncb2b2c\mobile\app\b2b\Application\Home\Controller\IndexController.class.php 第 13 行.
SQL: SHOW COLUMNS FROM `shopnc_mb_user_token` [ RunTime:0.0020s ]
SQL: SELECT * FROM `shopnc_mb_user_token` WHERE ( member_name='' and token='' ) LIMIT 1   [ RunTime:0.0772s ]
INFO: [ view_parse ] --START--
INFO: [ template_filter ] --START--
INFO: Run Behavior\ContentReplaceBehavior [ RunTime:0.000000s ]
INFO: [ template_filter ] --END-- [ RunTime:0.000000s ]
INFO: Run Behavior\ParseTemplateBehavior [ RunTime:0.005860s ]
INFO: [ view_parse ] --END-- [ RunTime:0.005860s ]
INFO: [ view_filter ] --START--
INFO: Run Behavior\WriteHtmlCacheBehavior [ RunTime:0.000976s ]
INFO: [ view_filter ] --END-- [ RunTime:0.000976s ]

[ 2015-10-07T01:42:29+08:00 ] 176.9.10.227 /mobile/app/b2b/index.php/Home/Index/contact/id/484
INFO: [ app_init ] --START--
INFO: Run Behavior\BuildLiteBehavior [ RunTime:0.000000s ]
INFO: [ app_init ] --END-- [ RunTime:0.000976s ]
INFO: [ app_begin ] --START--
INFO: Run Behavior\ReadHtmlCacheBehavior [ RunTime:0.000977s ]
INFO: [ app_begin ] --END-- [ RunTime:0.000977s ]
NOTIC: [8] Undefined index: key C:\xampp\htdocs\shopncb2b2c\mobile\app\b2b\Application\Home\Controller\IndexController.class.php 第 12 行.
NOTIC: [8] Undefined index: username C:\xampp\htdocs\shopncb2b2c\mobile\app\b2b\Application\Home\Controller\IndexController.class.php 第 13 行.
SQL: SHOW COLUMNS FROM `shopnc_mb_user_token` [ RunTime:0.0029s ]
SQL: SELECT * FROM `shopnc_mb_user_token` WHERE ( member_name='' and token='' ) LIMIT 1   [ RunTime:0.0010s ]
INFO: [ view_parse ] --START--
INFO: [ template_filter ] --START--
INFO: Run Behavior\ContentReplaceBehavior [ RunTime:0.000000s ]
INFO: [ template_filter ] --END-- [ RunTime:0.000000s ]
INFO: Run Behavior\ParseTemplateBehavior [ RunTime:0.005859s ]
INFO: [ view_parse ] --END-- [ RunTime:0.005859s ]
INFO: [ view_filter ] --START--
INFO: Run Behavior\WriteHtmlCacheBehavior [ RunTime:0.000000s ]
INFO: [ view_filter ] --END-- [ RunTime:0.000000s ]

[ 2015-10-07T01:42:31+08:00 ] 176.9.10.227 /mobile/app/b2b/index.php/Home/Index/contact/id/490
INFO: [ app_init ] --START--
INFO: Run Behavior\BuildLiteBehavior [ RunTime:0.000000s ]
INFO: [ app_init ] --END-- [ RunTime:0.000000s ]
INFO: [ app_begin ] --START--
INFO: Run Behavior\ReadHtmlCacheBehavior [ RunTime:0.000976s ]
INFO: [ app_begin ] --END-- [ RunTime:0.000976s ]
NOTIC: [8] Undefined index: key C:\xampp\htdocs\shopncb2b2c\mobile\app\b2b\Application\Home\Controller\IndexController.class.php 第 12 行.
NOTIC: [8] Undefined index: username C:\xampp\htdocs\shopncb2b2c\mobile\app\b2b\Application\Home\Controller\IndexController.class.php 第 13 行.
SQL: SHOW COLUMNS FROM `shopnc_mb_user_token` [ RunTime:0.0020s ]
SQL: SELECT * FROM `shopnc_mb_user_token` WHERE ( member_name='' and token='' ) LIMIT 1   [ RunTime:0.0010s ]
INFO: [ view_parse ] --START--
INFO: [ template_filter ] --START--
INFO: Run Behavior\ContentReplaceBehavior [ RunTime:0.000000s ]
INFO: [ template_filter ] --END-- [ RunTime:0.000000s ]
INFO: Run Behavior\ParseTemplateBehavior [ RunTime:0.006836s ]
INFO: [ view_parse ] --END-- [ RunTime:0.006836s ]
INFO: [ view_filter ] --START--
INFO: Run Behavior\WriteHtmlCacheBehavior [ RunTime:0.000000s ]
INFO: [ view_filter ] --END-- [ RunTime:0.000000s ]

[ 2015-10-07T04:22:39+08:00 ] 68.180.230.37 /mobile/app/b2b/index.php/Home/Index/info/id/449
INFO: [ app_init ] --START--
INFO: Run Behavior\BuildLiteBehavior [ RunTime:0.000000s ]
INFO: [ app_init ] --END-- [ RunTime:0.000976s ]
INFO: [ app_begin ] --START--
INFO: Run Behavior\ReadHtmlCacheBehavior [ RunTime:0.000976s ]
INFO: [ app_begin ] --END-- [ RunTime:0.000976s ]
SQL: select c.id,c.addtime,c.brand,c.name,c.year,c.address,c.price,c.weight,c.unit,c.timeout,c.phone,c.saleway,d.depic,d.content from `shopnc_ecs_post` as c left join `shopnc_ecs_post_content` as d on c.id=d.pid where c.id='449' [ RunTime:0.1045s ]
NOTIC: [8] Undefined offset: 0 C:\xampp\htdocs\shopncb2b2c\mobile\app\b2b\Application\Home\Controller\IndexController.class.php 第 470 行.
INFO: [ view_parse ] --START--
INFO: [ template_filter ] --START--
INFO: Run Behavior\ContentReplaceBehavior [ RunTime:0.000000s ]
INFO: [ template_filter ] --END-- [ RunTime:0.000000s ]
NOTIC: [8] Undefined variable: v C:\xampp\htdocs\shopncb2b2c\mobile\app\b2b\Application\Runtime\Cache\Home\58dcbc0a6aedef7ee219b145fa55354f.php 第 49 行.
INFO: Run Behavior\ParseTemplateBehavior [ RunTime:0.007812s ]
INFO: [ view_parse ] --END-- [ RunTime:0.008789s ]
INFO: [ view_filter ] --START--
INFO: Run Behavior\WriteHtmlCacheBehavior [ RunTime:0.000000s ]
INFO: [ view_filter ] --END-- [ RunTime:0.000000s ]
INFO: [ app_end ] --START--
INFO: Run Behavior\ShowPageTraceBehavior [ RunTime:0.000977s ]
INFO: [ app_end ] --END-- [ RunTime:0.000977s ]

[ 2015-10-07T11:02:21+08:00 ] 116.23.246.153 /mobile/app/b2b/index.php/Home/index/sale
INFO: [ app_init ] --START--
INFO: Run Behavior\BuildLiteBehavior [ RunTime:0.000000s ]
INFO: [ app_init ] --END-- [ RunTime:0.000000s ]
INFO: [ app_begin ] --START--
INFO: Run Behavior\ReadHtmlCacheBehavior [ RunTime:0.000000s ]
INFO: [ app_begin ] --END-- [ RunTime:0.000000s ]
SQL: SHOW COLUMNS FROM `shopnc_ecs_post` [ RunTime:0.0029s ]
SQL: SELECT COUNT(*) AS tp_count FROM `shopnc_ecs_post` WHERE ( saleway='1' and recommend !='-1' ) LIMIT 1   [ RunTime:0.0215s ]
SQL: select p.* ,d.content from shopnc_ecs_post as p left join shopnc_ecs_post_content as d on p.id=d.pid where p.saleway='1' and p.recommend != '-1' order by p.recommend desc limit 0 , 10 [ RunTime:0.0273s ]
INFO: [ view_parse ] --START--
INFO: [ template_filter ] --START--
INFO: Run Behavior\ContentReplaceBehavior [ RunTime:0.000000s ]
INFO: [ template_filter ] --END-- [ RunTime:0.000000s ]
INFO: Run Behavior\ParseTemplateBehavior [ RunTime:0.007813s ]
INFO: [ view_parse ] --END-- [ RunTime:0.007813s ]
INFO: [ view_filter ] --START--
INFO: Run Behavior\WriteHtmlCacheBehavior [ RunTime:0.000976s ]
INFO: [ view_filter ] --END-- [ RunTime:0.000976s ]
INFO: [ app_end ] --START--
INFO: Run Behavior\ShowPageTraceBehavior [ RunTime:0.000000s ]
INFO: [ app_end ] --END-- [ RunTime:0.000000s ]

[ 2015-10-07T14:13:06+08:00 ] 59.44.12.50 /mobile/app/b2b/index.php/Home/index/homeapi
INFO: [ app_init ] --START--
INFO: Run Behavior\BuildLiteBehavior [ RunTime:0.000000s ]
INFO: [ app_init ] --END-- [ RunTime:0.000000s ]
INFO: [ app_begin ] --START--
INFO: Run Behavior\ReadHtmlCacheBehavior [ RunTime:0.000000s ]
INFO: [ app_begin ] --END-- [ RunTime:0.000000s ]
SQL: SHOW COLUMNS FROM `shopnc_ecs_post` [ RunTime:0.0029s ]
SQL: SELECT COUNT(*) AS tp_count FROM `shopnc_ecs_post` WHERE ( saleway='2' or saleway='1' ) LIMIT 1   [ RunTime:0.0283s ]
SQL: select p.* ,d.depic,d.content from shopnc_ecs_post as p left join shopnc_ecs_post_content as d on p.id=d.pid where saleway='2' or saleway='1' order by id asc   limit 0,10 [ RunTime:0.0361s ]
INFO: [ app_end ] --START--
INFO: Run Behavior\ShowPageTraceBehavior [ RunTime:0.000976s ]
INFO: [ app_end ] --END-- [ RunTime:0.000976s ]

[ 2015-10-07T14:13:08+08:00 ] 59.44.12.50 /mobile/app/b2b/index.php/Home/index/newapi
INFO: [ app_init ] --START--
INFO: Run Behavior\BuildLiteBehavior [ RunTime:0.000000s ]
INFO: [ app_init ] --END-- [ RunTime:0.000000s ]
INFO: [ app_begin ] --START--
INFO: Run Behavior\ReadHtmlCacheBehavior [ RunTime:0.000977s ]
INFO: [ app_begin ] --END-- [ RunTime:0.000977s ]
NOTIC: [8] Undefined index: username C:\xampp\htdocs\shopncb2b2c\mobile\app\b2b\Application\Home\Controller\IndexController.class.php 第 821 行.
NOTIC: [8] Undefined index: key C:\xampp\htdocs\shopncb2b2c\mobile\app\b2b\Application\Home\Controller\IndexController.class.php 第 821 行.
SQL: SHOW COLUMNS FROM `shopnc_mb_user_token` [ RunTime:0.0039s ]
SQL: SELECT * FROM `shopnc_mb_user_token` WHERE ( member_name='' and token='' ) LIMIT 1   [ RunTime:0.0635s ]
SQL: select cid,pid,sum(isRead) as readed,count(*) as total from shopnc_ecs_post_news where uid ='0' or cid='0' group by pid [ RunTime:0.0977s ]
SQL: SHOW COLUMNS FROM `shopnc_ecs_post` [ RunTime:0.0020s ]
SQL: SELECT * FROM `shopnc_ecs_post` WHERE ( id='0' ) LIMIT 1   [ RunTime:0.0000s ]
INFO: [ app_end ] --START--
INFO: Run Behavior\ShowPageTraceBehavior [ RunTime:0.000976s ]
INFO: [ app_end ] --END-- [ RunTime:0.000976s ]

[ 2015-10-07T14:13:09+08:00 ] 59.44.12.50 /mobile/app/b2b/index.php/Home/index/myListapi
INFO: [ app_init ] --START--
INFO: Run Behavior\BuildLiteBehavior [ RunTime:0.000000s ]
INFO: [ app_init ] --END-- [ RunTime:0.000977s ]
INFO: [ app_begin ] --START--
INFO: Run Behavior\ReadHtmlCacheBehavior [ RunTime:0.000000s ]
INFO: [ app_begin ] --END-- [ RunTime:0.000000s ]
NOTIC: [8] Undefined index: username C:\xampp\htdocs\shopncb2b2c\mobile\app\b2b\Application\Home\Controller\IndexController.class.php 第 768 行.
NOTIC: [8] Undefined index: key C:\xampp\htdocs\shopncb2b2c\mobile\app\b2b\Application\Home\Controller\IndexController.class.php 第 768 行.
SQL: SHOW COLUMNS FROM `shopnc_mb_user_token` [ RunTime:0.0029s ]
SQL: SELECT * FROM `shopnc_mb_user_token` WHERE ( member_name='' and token='' ) LIMIT 1   [ RunTime:0.0010s ]
INFO: [ app_end ] --START--
INFO: Run Behavior\ShowPageTraceBehavior [ RunTime:0.000976s ]
INFO: [ app_end ] --END-- [ RunTime:0.000976s ]

[ 2015-10-07T14:13:11+08:00 ] 59.44.12.50 /mobile/app/b2b/index.php/Home/index/homeapi
INFO: [ app_init ] --START--
INFO: Run Behavior\BuildLiteBehavior [ RunTime:0.000000s ]
INFO: [ app_init ] --END-- [ RunTime:0.000000s ]
INFO: [ app_begin ] --START--
INFO: Run Behavior\ReadHtmlCacheBehavior [ RunTime:0.000977s ]
INFO: [ app_begin ] --END-- [ RunTime:0.000977s ]
SQL: SHOW COLUMNS FROM `shopnc_ecs_post` [ RunTime:0.0029s ]
SQL: SELECT COUNT(*) AS tp_count FROM `shopnc_ecs_post` WHERE ( saleway='2' or saleway='1' ) LIMIT 1   [ RunTime:0.0010s ]
SQL: select p.* ,d.depic,d.content from shopnc_ecs_post as p left join shopnc_ecs_post_content as d on p.id=d.pid where saleway='2' or saleway='1' order by id asc   limit 0,10 [ RunTime:0.0020s ]
INFO: [ app_end ] --START--
INFO: Run Behavior\ShowPageTraceBehavior [ RunTime:0.000976s ]
INFO: [ app_end ] --END-- [ RunTime:0.000976s ]

[ 2015-10-07T14:14:16+08:00 ] 112.91.222.238 /mobile/app/b2b/index.php/Home/index/homeapi
INFO: [ app_init ] --START--
INFO: Run Behavior\BuildLiteBehavior [ RunTime:0.000000s ]
INFO: [ app_init ] --END-- [ RunTime:0.000000s ]
INFO: [ app_begin ] --START--
INFO: Run Behavior\ReadHtmlCacheBehavior [ RunTime:0.000000s ]
INFO: [ app_begin ] --END-- [ RunTime:0.000977s ]
SQL: SHOW COLUMNS FROM `shopnc_ecs_post` [ RunTime:0.0020s ]
SQL: SELECT COUNT(*) AS tp_count FROM `shopnc_ecs_post` WHERE ( saleway='2' or saleway='1' ) LIMIT 1   [ RunTime:0.0010s ]
SQL: select p.* ,d.depic,d.content from shopnc_ecs_post as p left join shopnc_ecs_post_content as d on p.id=d.pid where saleway='2' or saleway='1' order by id asc   limit 0,10 [ RunTime:0.0029s ]
INFO: [ app_end ] --START--
INFO: Run Behavior\ShowPageTraceBehavior [ RunTime:0.000000s ]
INFO: [ app_end ] --END-- [ RunTime:0.000000s ]

[ 2015-10-07T14:14:32+08:00 ] 112.91.222.238 /mobile/app/b2b/index.php/Home/index/newapi
INFO: [ app_init ] --START--
INFO: Run Behavior\BuildLiteBehavior [ RunTime:0.000000s ]
INFO: [ app_init ] --END-- [ RunTime:0.000976s ]
INFO: [ app_begin ] --START--
INFO: Run Behavior\ReadHtmlCacheBehavior [ RunTime:0.000977s ]
INFO: [ app_begin ] --END-- [ RunTime:0.000977s ]
NOTIC: [8] Undefined index: username C:\xampp\htdocs\shopncb2b2c\mobile\app\b2b\Application\Home\Controller\IndexController.class.php 第 821 行.
NOTIC: [8] Undefined index: key C:\xampp\htdocs\shopncb2b2c\mobile\app\b2b\Application\Home\Controller\IndexController.class.php 第 821 行.
SQL: SHOW COLUMNS FROM `shopnc_mb_user_token` [ RunTime:0.0020s ]
SQL: SELECT * FROM `shopnc_mb_user_token` WHERE ( member_name='' and token='' ) LIMIT 1   [ RunTime:0.0010s ]
SQL: select cid,pid,sum(isRead) as readed,count(*) as total from shopnc_ecs_post_news where uid ='0' or cid='0' group by pid [ RunTime:0.0010s ]
SQL: SHOW COLUMNS FROM `shopnc_ecs_post` [ RunTime:0.0010s ]
SQL: SELECT * FROM `shopnc_ecs_post` WHERE ( id='0' ) LIMIT 1   [ RunTime:0.0000s ]
INFO: [ app_end ] --START--
INFO: Run Behavior\ShowPageTraceBehavior [ RunTime:0.000977s ]
INFO: [ app_end ] --END-- [ RunTime:0.000977s ]

[ 2015-10-07T14:14:37+08:00 ] 112.91.222.238 /mobile/app/b2b/index.php/Home/index/homeapi
INFO: [ app_init ] --START--
INFO: Run Behavior\BuildLiteBehavior [ RunTime:0.000000s ]
INFO: [ app_init ] --END-- [ RunTime:0.000977s ]
INFO: [ app_begin ] --START--
INFO: Run Behavior\ReadHtmlCacheBehavior [ RunTime:0.000977s ]
INFO: [ app_begin ] --END-- [ RunTime:0.000977s ]
SQL: SHOW COLUMNS FROM `shopnc_ecs_post` [ RunTime:0.0029s ]
SQL: SELECT COUNT(*) AS tp_count FROM `shopnc_ecs_post` WHERE ( saleway='2' ) LIMIT 1   [ RunTime:0.0000s ]
SQL: select p.* ,d.depic,d.content from shopnc_ecs_post as p left join shopnc_ecs_post_content as d on p.id=d.pid where saleway='2' order by id asc   limit 0,10 [ RunTime:0.0020s ]
INFO: [ app_end ] --START--
INFO: Run Behavior\ShowPageTraceBehavior [ RunTime:0.000977s ]
INFO: [ app_end ] --END-- [ RunTime:0.000977s ]

[ 2015-10-07T14:15:02+08:00 ] 112.91.222.238 /mobile/app/b2b/index.php/Home/index/homeapi
INFO: [ app_init ] --START--
INFO: Run Behavior\BuildLiteBehavior [ RunTime:0.000000s ]
INFO: [ app_init ] --END-- [ RunTime:0.000000s ]
INFO: [ app_begin ] --START--
INFO: Run Behavior\ReadHtmlCacheBehavior [ RunTime:0.000977s ]
INFO: [ app_begin ] --END-- [ RunTime:0.000977s ]
SQL: SHOW COLUMNS FROM `shopnc_ecs_post` [ RunTime:0.0029s ]
SQL: SELECT COUNT(*) AS tp_count FROM `shopnc_ecs_post` WHERE ( saleway='1' ) LIMIT 1   [ RunTime:0.0000s ]
SQL: select p.* ,d.depic,d.content from shopnc_ecs_post as p left join shopnc_ecs_post_content as d on p.id=d.pid where saleway='1' order by id asc   limit 0,10 [ RunTime:0.0029s ]
INFO: [ app_end ] --START--
INFO: Run Behavior\ShowPageTraceBehavior [ RunTime:0.000976s ]
INFO: [ app_end ] --END-- [ RunTime:0.000976s ]

[ 2015-10-07T14:20:14+08:00 ] 112.91.222.238 /mobile/app/b2b/index.php/Home/index/homeapi
INFO: [ app_init ] --START--
INFO: Run Behavior\BuildLiteBehavior [ RunTime:0.000000s ]
INFO: [ app_init ] --END-- [ RunTime:0.000000s ]
INFO: [ app_begin ] --START--
INFO: Run Behavior\ReadHtmlCacheBehavior [ RunTime:0.000977s ]
INFO: [ app_begin ] --END-- [ RunTime:0.000977s ]
SQL: SHOW COLUMNS FROM `shopnc_ecs_post` [ RunTime:0.0029s ]
SQL: SELECT COUNT(*) AS tp_count FROM `shopnc_ecs_post` WHERE ( saleway='2' or saleway='1' ) LIMIT 1   [ RunTime:0.0010s ]
SQL: select p.* ,d.depic,d.content from shopnc_ecs_post as p left join shopnc_ecs_post_content as d on p.id=d.pid where saleway='2' or saleway='1' order by id asc   limit 0,10 [ RunTime:0.0020s ]
INFO: [ app_end ] --START--
INFO: Run Behavior\ShowPageTraceBehavior [ RunTime:0.000977s ]
INFO: [ app_end ] --END-- [ RunTime:0.000977s ]

[ 2015-10-07T14:22:23+08:00 ] 112.91.222.238 /mobile/app/b2b/index.php/Home/index/homeapi
INFO: [ app_init ] --START--
INFO: Run Behavior\BuildLiteBehavior [ RunTime:0.000000s ]
INFO: [ app_init ] --END-- [ RunTime:0.000000s ]
INFO: [ app_begin ] --START--
INFO: Run Behavior\ReadHtmlCacheBehavior [ RunTime:0.000977s ]
INFO: [ app_begin ] --END-- [ RunTime:0.000977s ]
SQL: SHOW COLUMNS FROM `shopnc_ecs_post` [ RunTime:0.0039s ]
SQL: SELECT COUNT(*) AS tp_count FROM `shopnc_ecs_post` WHERE ( saleway='2' ) LIMIT 1   [ RunTime:0.0000s ]
SQL: select p.* ,d.depic,d.content from shopnc_ecs_post as p left join shopnc_ecs_post_content as d on p.id=d.pid where saleway='2' order by id asc   limit 0,10 [ RunTime:0.0137s ]
INFO: [ app_end ] --START--
INFO: Run Behavior\ShowPageTraceBehavior [ RunTime:0.000000s ]
INFO: [ app_end ] --END-- [ RunTime:0.000000s ]

[ 2015-10-07T15:27:19+08:00 ] 14.17.11.196 /mobile/app/b2b/index.php/Home/index/sale
INFO: [ app_init ] --START--
INFO: Run Behavior\BuildLiteBehavior [ RunTime:0.000000s ]
INFO: [ app_init ] --END-- [ RunTime:0.000000s ]
INFO: [ app_begin ] --START--
INFO: Run Behavior\ReadHtmlCacheBehavior [ RunTime:0.000977s ]
INFO: [ app_begin ] --END-- [ RunTime:0.000977s ]
SQL: SHOW COLUMNS FROM `shopnc_ecs_post` [ RunTime:0.0029s ]
SQL: SELECT COUNT(*) AS tp_count FROM `shopnc_ecs_post` WHERE ( saleway='1' and recommend !='-1' ) LIMIT 1   [ RunTime:0.0205s ]
SQL: select p.* ,d.content from shopnc_ecs_post as p left join shopnc_ecs_post_content as d on p.id=d.pid where p.saleway='1' and p.recommend != '-1' order by p.recommend desc limit 0 , 10 [ RunTime:0.0264s ]
INFO: [ view_parse ] --START--
INFO: [ template_filter ] --START--
INFO: Run Behavior\ContentReplaceBehavior [ RunTime:0.000000s ]
INFO: [ template_filter ] --END-- [ RunTime:0.000000s ]
INFO: Run Behavior\ParseTemplateBehavior [ RunTime:0.008789s ]
INFO: [ view_parse ] --END-- [ RunTime:0.008789s ]
INFO: [ view_filter ] --START--
INFO: Run Behavior\WriteHtmlCacheBehavior [ RunTime:0.000000s ]
INFO: [ view_filter ] --END-- [ RunTime:0.000000s ]
INFO: [ app_end ] --START--
INFO: Run Behavior\ShowPageTraceBehavior [ RunTime:0.000976s ]
INFO: [ app_end ] --END-- [ RunTime:0.000976s ]

[ 2015-10-07T15:27:25+08:00 ] 219.133.40.14 /mobile/app/b2b/index.php/Home/Index/info/id/5
INFO: [ app_init ] --START--
INFO: Run Behavior\BuildLiteBehavior [ RunTime:0.000000s ]
INFO: [ app_init ] --END-- [ RunTime:0.000000s ]
INFO: [ app_begin ] --START--
INFO: Run Behavior\ReadHtmlCacheBehavior [ RunTime:0.000976s ]
INFO: [ app_begin ] --END-- [ RunTime:0.000976s ]
SQL: select c.id,c.addtime,c.brand,c.name,c.year,c.address,c.price,c.weight,c.unit,c.timeout,c.phone,c.saleway,d.depic,d.content from `shopnc_ecs_post` as c left join `shopnc_ecs_post_content` as d on c.id=d.pid where c.id='5' [ RunTime:0.0000s ]
INFO: [ view_parse ] --START--
INFO: [ template_filter ] --START--
INFO: Run Behavior\ContentReplaceBehavior [ RunTime:0.000000s ]
INFO: [ template_filter ] --END-- [ RunTime:0.000000s ]
NOTIC: [8] Undefined offset: 1 C:\xampp\htdocs\shopncb2b2c\mobile\app\b2b\Application\Runtime\Cache\Home\58dcbc0a6aedef7ee219b145fa55354f.php 第 39 行.
NOTIC: [8] Undefined offset: 2 C:\xampp\htdocs\shopncb2b2c\mobile\app\b2b\Application\Runtime\Cache\Home\58dcbc0a6aedef7ee219b145fa55354f.php 第 40 行.
NOTIC: [8] Undefined variable: v C:\xampp\htdocs\shopncb2b2c\mobile\app\b2b\Application\Runtime\Cache\Home\58dcbc0a6aedef7ee219b145fa55354f.php 第 49 行.
INFO: Run Behavior\ParseTemplateBehavior [ RunTime:0.007812s ]
INFO: [ view_parse ] --END-- [ RunTime:0.007812s ]
INFO: [ view_filter ] --START--
INFO: Run Behavior\WriteHtmlCacheBehavior [ RunTime:0.000000s ]
INFO: [ view_filter ] --END-- [ RunTime:0.000000s ]
INFO: [ app_end ] --START--
INFO: Run Behavior\ShowPageTraceBehavior [ RunTime:0.000976s ]
INFO: [ app_end ] --END-- [ RunTime:0.000976s ]

[ 2015-10-07T16:28:03+08:00 ] 14.17.37.146 /mobile/app/b2b/index.php/Home/index/sale
INFO: [ app_init ] --START--
INFO: Run Behavior\BuildLiteBehavior [ RunTime:0.000000s ]
INFO: [ app_init ] --END-- [ RunTime:0.000000s ]
INFO: [ app_begin ] --START--
INFO: Run Behavior\ReadHtmlCacheBehavior [ RunTime:0.000976s ]
INFO: [ app_begin ] --END-- [ RunTime:0.000976s ]
SQL: SHOW COLUMNS FROM `shopnc_ecs_post` [ RunTime:0.0020s ]
SQL: SELECT COUNT(*) AS tp_count FROM `shopnc_ecs_post` WHERE ( saleway='1' and recommend !='-1' ) LIMIT 1   [ RunTime:0.0264s ]
SQL: select p.* ,d.content from shopnc_ecs_post as p left join shopnc_ecs_post_content as d on p.id=d.pid where p.saleway='1' and p.recommend != '-1' order by p.recommend desc limit 0 , 10 [ RunTime:0.0264s ]
INFO: [ view_parse ] --START--
INFO: [ template_filter ] --START--
INFO: Run Behavior\ContentReplaceBehavior [ RunTime:0.000000s ]
INFO: [ template_filter ] --END-- [ RunTime:0.000000s ]
INFO: Run Behavior\ParseTemplateBehavior [ RunTime:0.007812s ]
INFO: [ view_parse ] --END-- [ RunTime:0.007812s ]
INFO: [ view_filter ] --START--
INFO: Run Behavior\WriteHtmlCacheBehavior [ RunTime:0.000977s ]
INFO: [ view_filter ] --END-- [ RunTime:0.000977s ]
INFO: [ app_end ] --START--
INFO: Run Behavior\ShowPageTraceBehavior [ RunTime:0.000000s ]
INFO: [ app_end ] --END-- [ RunTime:0.000000s ]

[ 2015-10-07T16:30:44+08:00 ] 14.17.37.146 /mobile/app/b2b/index.php/Home/index/sale
INFO: [ app_init ] --START--
INFO: Run Behavior\BuildLiteBehavior [ RunTime:0.000000s ]
INFO: [ app_init ] --END-- [ RunTime:0.000000s ]
INFO: [ app_begin ] --START--
INFO: Run Behavior\ReadHtmlCacheBehavior [ RunTime:0.000000s ]
INFO: [ app_begin ] --END-- [ RunTime:0.000000s ]
SQL: SHOW COLUMNS FROM `shopnc_ecs_post` [ RunTime:0.0029s ]
SQL: SELECT COUNT(*) AS tp_count FROM `shopnc_ecs_post` WHERE ( saleway='1' and recommend !='-1' ) LIMIT 1   [ RunTime:0.0000s ]
SQL: select p.* ,d.content from shopnc_ecs_post as p left join shopnc_ecs_post_content as d on p.id=d.pid where p.saleway='1' and p.recommend != '-1' order by p.recommend desc limit 0 , 10 [ RunTime:0.0029s ]
INFO: [ view_parse ] --START--
INFO: [ template_filter ] --START--
INFO: Run Behavior\ContentReplaceBehavior [ RunTime:0.000000s ]
INFO: [ template_filter ] --END-- [ RunTime:0.000000s ]
INFO: Run Behavior\ParseTemplateBehavior [ RunTime:0.007813s ]
INFO: [ view_parse ] --END-- [ RunTime:0.007813s ]
INFO: [ view_filter ] --START--
INFO: Run Behavior\WriteHtmlCacheBehavior [ RunTime:0.000000s ]
INFO: [ view_filter ] --END-- [ RunTime:0.000000s ]
INFO: [ app_end ] --START--
INFO: Run Behavior\ShowPageTraceBehavior [ RunTime:0.000977s ]
INFO: [ app_end ] --END-- [ RunTime:0.000977s ]

[ 2015-10-07T16:30:52+08:00 ] 183.61.51.208 /mobile/app/b2b/index.php/Home/Index/info/id/5
INFO: [ app_init ] --START--
INFO: Run Behavior\BuildLiteBehavior [ RunTime:0.000000s ]
INFO: [ app_init ] --END-- [ RunTime:0.000976s ]
INFO: [ app_begin ] --START--
INFO: Run Behavior\ReadHtmlCacheBehavior [ RunTime:0.000976s ]
INFO: [ app_begin ] --END-- [ RunTime:0.000976s ]
SQL: select c.id,c.addtime,c.brand,c.name,c.year,c.address,c.price,c.weight,c.unit,c.timeout,c.phone,c.saleway,d.depic,d.content from `shopnc_ecs_post` as c left join `shopnc_ecs_post_content` as d on c.id=d.pid where c.id='5' [ RunTime:0.0010s ]
INFO: [ view_parse ] --START--
INFO: [ template_filter ] --START--
INFO: Run Behavior\ContentReplaceBehavior [ RunTime:0.000000s ]
INFO: [ template_filter ] --END-- [ RunTime:0.000000s ]
NOTIC: [8] Undefined offset: 1 C:\xampp\htdocs\shopncb2b2c\mobile\app\b2b\Application\Runtime\Cache\Home\58dcbc0a6aedef7ee219b145fa55354f.php 第 39 行.
NOTIC: [8] Undefined offset: 2 C:\xampp\htdocs\shopncb2b2c\mobile\app\b2b\Application\Runtime\Cache\Home\58dcbc0a6aedef7ee219b145fa55354f.php 第 40 行.
NOTIC: [8] Undefined variable: v C:\xampp\htdocs\shopncb2b2c\mobile\app\b2b\Application\Runtime\Cache\Home\58dcbc0a6aedef7ee219b145fa55354f.php 第 49 行.
INFO: Run Behavior\ParseTemplateBehavior [ RunTime:0.007813s ]
INFO: [ view_parse ] --END-- [ RunTime:0.007813s ]
INFO: [ view_filter ] --START--
INFO: Run Behavior\WriteHtmlCacheBehavior [ RunTime:0.000977s ]
INFO: [ view_filter ] --END-- [ RunTime:0.000977s ]
INFO: [ app_end ] --START--
INFO: Run Behavior\ShowPageTraceBehavior [ RunTime:0.000000s ]
INFO: [ app_end ] --END-- [ RunTime:0.000000s ]

[ 2015-10-07T16:31:50+08:00 ] 14.17.37.146 /mobile/app/b2b/index.php/Home/Index/contact/id/5
INFO: [ app_init ] --START--
INFO: Run Behavior\BuildLiteBehavior [ RunTime:0.000000s ]
INFO: [ app_init ] --END-- [ RunTime:0.000000s ]
INFO: [ app_begin ] --START--
INFO: Run Behavior\ReadHtmlCacheBehavior [ RunTime:0.000000s ]
INFO: [ app_begin ] --END-- [ RunTime:0.000000s ]
NOTIC: [8] Undefined index: key C:\xampp\htdocs\shopncb2b2c\mobile\app\b2b\Application\Home\Controller\IndexController.class.php 第 12 行.
NOTIC: [8] Undefined index: username C:\xampp\htdocs\shopncb2b2c\mobile\app\b2b\Application\Home\Controller\IndexController.class.php 第 13 行.
SQL: SHOW COLUMNS FROM `shopnc_mb_user_token` [ RunTime:0.0029s ]
SQL: SELECT * FROM `shopnc_mb_user_token` WHERE ( member_name='' and token='' ) LIMIT 1   [ RunTime:0.0830s ]
INFO: [ view_parse ] --START--
INFO: [ template_filter ] --START--
INFO: Run Behavior\ContentReplaceBehavior [ RunTime:0.000000s ]
INFO: [ template_filter ] --END-- [ RunTime:0.000000s ]
INFO: Run Behavior\ParseTemplateBehavior [ RunTime:0.005860s ]
INFO: [ view_parse ] --END-- [ RunTime:0.005860s ]
INFO: [ view_filter ] --START--
INFO: Run Behavior\WriteHtmlCacheBehavior [ RunTime:0.000000s ]
INFO: [ view_filter ] --END-- [ RunTime:0.000000s ]

[ 2015-10-07T16:47:22+08:00 ] 220.198.208.226 /mobile/app/b2b/index.php/Home/index/homeapi
INFO: [ app_init ] --START--
INFO: Run Behavior\BuildLiteBehavior [ RunTime:0.000000s ]
INFO: [ app_init ] --END-- [ RunTime:0.000000s ]
INFO: [ app_begin ] --START--
INFO: Run Behavior\ReadHtmlCacheBehavior [ RunTime:0.000977s ]
INFO: [ app_begin ] --END-- [ RunTime:0.000977s ]
SQL: SHOW COLUMNS FROM `shopnc_ecs_post` [ RunTime:0.0029s ]
SQL: SELECT COUNT(*) AS tp_count FROM `shopnc_ecs_post` WHERE ( saleway='2' or saleway='1' ) LIMIT 1   [ RunTime:0.0215s ]
SQL: select p.* ,d.depic,d.content from shopnc_ecs_post as p left join shopnc_ecs_post_content as d on p.id=d.pid where saleway='2' or saleway='1' order by id asc   limit 0,10 [ RunTime:0.0273s ]
INFO: [ app_end ] --START--
INFO: Run Behavior\ShowPageTraceBehavior [ RunTime:0.000977s ]
INFO: [ app_end ] --END-- [ RunTime:0.000977s ]

[ 2015-10-07T16:47:36+08:00 ] 220.198.208.226 /mobile/app/b2b/index.php/Home/index/homeapi
INFO: [ app_init ] --START--
INFO: Run Behavior\BuildLiteBehavior [ RunTime:0.000000s ]
INFO: [ app_init ] --END-- [ RunTime:0.000977s ]
INFO: [ app_begin ] --START--
INFO: Run Behavior\ReadHtmlCacheBehavior [ RunTime:0.000000s ]
INFO: [ app_begin ] --END-- [ RunTime:0.000000s ]
SQL: SHOW COLUMNS FROM `shopnc_ecs_post` [ RunTime:0.0020s ]
SQL: SELECT COUNT(*) AS tp_count FROM `shopnc_ecs_post` WHERE ( saleway='1' ) LIMIT 1   [ RunTime:0.0010s ]
SQL: select p.* ,d.depic,d.content from shopnc_ecs_post as p left join shopnc_ecs_post_content as d on p.id=d.pid where saleway='1' order by id asc   limit 0,10 [ RunTime:0.0020s ]
INFO: [ app_end ] --START--
INFO: Run Behavior\ShowPageTraceBehavior [ RunTime:0.000976s ]
INFO: [ app_end ] --END-- [ RunTime:0.000976s ]

[ 2015-10-07T16:47:50+08:00 ] 220.198.208.226 /mobile/app/b2b/index.php/Home/index/myListapi
INFO: [ app_init ] --START--
INFO: Run Behavior\BuildLiteBehavior [ RunTime:0.000000s ]
INFO: [ app_init ] --END-- [ RunTime:0.000977s ]
INFO: [ app_begin ] --START--
INFO: Run Behavior\ReadHtmlCacheBehavior [ RunTime:0.000977s ]
INFO: [ app_begin ] --END-- [ RunTime:0.000977s ]
NOTIC: [8] Undefined index: username C:\xampp\htdocs\shopncb2b2c\mobile\app\b2b\Application\Home\Controller\IndexController.class.php 第 768 行.
NOTIC: [8] Undefined index: key C:\xampp\htdocs\shopncb2b2c\mobile\app\b2b\Application\Home\Controller\IndexController.class.php 第 768 行.
SQL: SHOW COLUMNS FROM `shopnc_mb_user_token` [ RunTime:0.0020s ]
SQL: SELECT * FROM `shopnc_mb_user_token` WHERE ( member_name='' and token='' ) LIMIT 1   [ RunTime:0.0596s ]
INFO: [ app_end ] --START--
INFO: Run Behavior\ShowPageTraceBehavior [ RunTime:0.001954s ]
INFO: [ app_end ] --END-- [ RunTime:0.001954s ]

[ 2015-10-07T16:47:50+08:00 ] 220.198.208.226 /mobile/app/b2b/index.php/Home/index/newapi
INFO: [ app_init ] --START--
INFO: Run Behavior\BuildLiteBehavior [ RunTime:0.000000s ]
INFO: [ app_init ] --END-- [ RunTime:0.000976s ]
INFO: [ app_begin ] --START--
INFO: Run Behavior\ReadHtmlCacheBehavior [ RunTime:0.000977s ]
INFO: [ app_begin ] --END-- [ RunTime:0.000977s ]
NOTIC: [8] Undefined index: username C:\xampp\htdocs\shopncb2b2c\mobile\app\b2b\Application\Home\Controller\IndexController.class.php 第 821 行.
NOTIC: [8] Undefined index: key C:\xampp\htdocs\shopncb2b2c\mobile\app\b2b\Application\Home\Controller\IndexController.class.php 第 821 行.
SQL: SHOW COLUMNS FROM `shopnc_mb_user_token` [ RunTime:0.0029s ]
SQL: SELECT * FROM `shopnc_mb_user_token` WHERE ( member_name='' and token='' ) LIMIT 1   [ RunTime:0.0566s ]
SQL: select cid,pid,sum(isRead) as readed,count(*) as total from shopnc_ecs_post_news where uid ='0' or cid='0' group by pid [ RunTime:0.1143s ]
SQL: SHOW COLUMNS FROM `shopnc_ecs_post` [ RunTime:0.0029s ]
SQL: SELECT * FROM `shopnc_ecs_post` WHERE ( id='0' ) LIMIT 1   [ RunTime:0.0000s ]
INFO: [ app_end ] --START--
INFO: Run Behavior\ShowPageTraceBehavior [ RunTime:0.000977s ]
INFO: [ app_end ] --END-- [ RunTime:0.000977s ]

[ 2015-10-07T16:47:57+08:00 ] 220.198.208.226 /mobile/app/b2b/index.php/Home/index/homeapi
INFO: [ app_init ] --START--
INFO: Run Behavior\BuildLiteBehavior [ RunTime:0.000000s ]
INFO: [ app_init ] --END-- [ RunTime:0.000000s ]
INFO: [ app_begin ] --START--
INFO: Run Behavior\ReadHtmlCacheBehavior [ RunTime:0.000977s ]
INFO: [ app_begin ] --END-- [ RunTime:0.000977s ]
SQL: SHOW COLUMNS FROM `shopnc_ecs_post` [ RunTime:0.0020s ]
SQL: SELECT COUNT(*) AS tp_count FROM `shopnc_ecs_post` WHERE ( saleway='2' or saleway='1' ) LIMIT 1   [ RunTime:0.0010s ]
SQL: select p.* ,d.depic,d.content from shopnc_ecs_post as p left join shopnc_ecs_post_content as d on p.id=d.pid where saleway='2' or saleway='1' order by id asc   limit 0,10 [ RunTime:0.0029s ]
INFO: [ app_end ] --START--
INFO: Run Behavior\ShowPageTraceBehavior [ RunTime:0.000000s ]
INFO: [ app_end ] --END-- [ RunTime:0.000976s ]

[ 2015-10-07T16:48:17+08:00 ] 220.198.208.226 /mobile/app/b2b/index.php/Home/index/homeapi
INFO: [ app_init ] --START--
INFO: Run Behavior\BuildLiteBehavior [ RunTime:0.000000s ]
INFO: [ app_init ] --END-- [ RunTime:0.000977s ]
INFO: [ app_begin ] --START--
INFO: Run Behavior\ReadHtmlCacheBehavior [ RunTime:0.000977s ]
INFO: [ app_begin ] --END-- [ RunTime:0.000977s ]
SQL: SHOW COLUMNS FROM `shopnc_ecs_post` [ RunTime:0.0029s ]
SQL: SELECT COUNT(*) AS tp_count FROM `shopnc_ecs_post` WHERE ( saleway='2' or saleway='1' ) LIMIT 1   [ RunTime:0.0010s ]
SQL: select p.* ,d.depic,d.content from shopnc_ecs_post as p left join shopnc_ecs_post_content as d on p.id=d.pid where saleway='2' or saleway='1' order by id asc   limit 0,10 [ RunTime:0.0029s ]
INFO: [ app_end ] --START--
INFO: Run Behavior\ShowPageTraceBehavior [ RunTime:0.000977s ]
INFO: [ app_end ] --END-- [ RunTime:0.000977s ]

[ 2015-10-07T16:57:51+08:00 ] 106.44.185.118 /mobile/app/b2b/index.php/Home/index/homeapi
INFO: [ app_init ] --START--
INFO: Run Behavior\BuildLiteBehavior [ RunTime:0.000000s ]
INFO: [ app_init ] --END-- [ RunTime:0.000977s ]
INFO: [ app_begin ] --START--
INFO: Run Behavior\ReadHtmlCacheBehavior [ RunTime:0.000976s ]
INFO: [ app_begin ] --END-- [ RunTime:0.000976s ]
SQL: SHOW COLUMNS FROM `shopnc_ecs_post` [ RunTime:0.0029s ]
SQL: SELECT COUNT(*) AS tp_count FROM `shopnc_ecs_post` WHERE ( saleway='2' or saleway='1' ) LIMIT 1   [ RunTime:0.0000s ]
SQL: select p.* ,d.depic,d.content from shopnc_ecs_post as p left join shopnc_ecs_post_content as d on p.id=d.pid where saleway='2' or saleway='1' order by id asc   limit 0,10 [ RunTime:0.0029s ]
INFO: [ app_end ] --START--
INFO: Run Behavior\ShowPageTraceBehavior [ RunTime:0.000976s ]
INFO: [ app_end ] --END-- [ RunTime:0.000976s ]

[ 2015-10-07T16:58:22+08:00 ] 106.44.185.118 /mobile/app/b2b/index.php/Home/index/homeapi
INFO: [ app_init ] --START--
INFO: Run Behavior\BuildLiteBehavior [ RunTime:0.000000s ]
INFO: [ app_init ] --END-- [ RunTime:0.000000s ]
INFO: [ app_begin ] --START--
INFO: Run Behavior\ReadHtmlCacheBehavior [ RunTime:0.000000s ]
INFO: [ app_begin ] --END-- [ RunTime:0.000000s ]
SQL: SHOW COLUMNS FROM `shopnc_ecs_post` [ RunTime:0.0039s ]
SQL: SELECT COUNT(*) AS tp_count FROM `shopnc_ecs_post` WHERE ( saleway='2' ) LIMIT 1   [ RunTime:0.0000s ]
SQL: select p.* ,d.depic,d.content from shopnc_ecs_post as p left join shopnc_ecs_post_content as d on p.id=d.pid where saleway='2' order by id asc   limit 0,10 [ RunTime:0.0010s ]
INFO: [ app_end ] --START--
INFO: Run Behavior\ShowPageTraceBehavior [ RunTime:0.000976s ]
INFO: [ app_end ] --END-- [ RunTime:0.000976s ]

[ 2015-10-07T16:58:35+08:00 ] 106.44.185.118 /mobile/app/b2b/index.php/Home/index/newapi
INFO: [ app_init ] --START--
INFO: Run Behavior\BuildLiteBehavior [ RunTime:0.000000s ]
INFO: [ app_init ] --END-- [ RunTime:0.000000s ]
INFO: [ app_begin ] --START--
INFO: Run Behavior\ReadHtmlCacheBehavior [ RunTime:0.000977s ]
INFO: [ app_begin ] --END-- [ RunTime:0.000977s ]
NOTIC: [8] Undefined index: username C:\xampp\htdocs\shopncb2b2c\mobile\app\b2b\Application\Home\Controller\IndexController.class.php 第 821 行.
NOTIC: [8] Undefined index: key C:\xampp\htdocs\shopncb2b2c\mobile\app\b2b\Application\Home\Controller\IndexController.class.php 第 821 行.
SQL: SHOW COLUMNS FROM `shopnc_mb_user_token` [ RunTime:0.0029s ]
SQL: SELECT * FROM `shopnc_mb_user_token` WHERE ( member_name='' and token='' ) LIMIT 1   [ RunTime:0.0010s ]
SQL: select cid,pid,sum(isRead) as readed,count(*) as total from shopnc_ecs_post_news where uid ='0' or cid='0' group by pid [ RunTime:0.0010s ]
SQL: SHOW COLUMNS FROM `shopnc_ecs_post` [ RunTime:0.0029s ]
SQL: SELECT * FROM `shopnc_ecs_post` WHERE ( id='0' ) LIMIT 1   [ RunTime:0.0010s ]
INFO: [ app_end ] --START--
INFO: Run Behavior\ShowPageTraceBehavior [ RunTime:0.000000s ]
INFO: [ app_end ] --END-- [ RunTime:0.000000s ]

[ 2015-10-07T16:59:31+08:00 ] 106.44.185.118 /mobile/app/b2b/index.php/Home/index/homeapi
INFO: [ app_init ] --START--
INFO: Run Behavior\BuildLiteBehavior [ RunTime:0.000000s ]
INFO: [ app_init ] --END-- [ RunTime:0.000976s ]
INFO: [ app_begin ] --START--
INFO: Run Behavior\ReadHtmlCacheBehavior [ RunTime:0.000977s ]
INFO: [ app_begin ] --END-- [ RunTime:0.000977s ]
SQL: SHOW COLUMNS FROM `shopnc_ecs_post` [ RunTime:0.0029s ]
SQL: SELECT COUNT(*) AS tp_count FROM `shopnc_ecs_post` WHERE ( saleway='2' or saleway='1' ) LIMIT 1   [ RunTime:0.0000s ]
SQL: select p.* ,d.depic,d.content from shopnc_ecs_post as p left join shopnc_ecs_post_content as d on p.id=d.pid where saleway='2' or saleway='1' order by id asc   limit 0,10 [ RunTime:0.0029s ]
INFO: [ app_end ] --START--
INFO: Run Behavior\ShowPageTraceBehavior [ RunTime:0.000977s ]
INFO: [ app_end ] --END-- [ RunTime:0.000977s ]

[ 2015-10-07T16:59:43+08:00 ] 106.44.185.118 /mobile/app/b2b/index.php/Home/index/myListapi
INFO: [ app_init ] --START--
INFO: Run Behavior\BuildLiteBehavior [ RunTime:0.000000s ]
INFO: [ app_init ] --END-- [ RunTime:0.000000s ]
INFO: [ app_begin ] --START--
INFO: Run Behavior\ReadHtmlCacheBehavior [ RunTime:0.000000s ]
INFO: [ app_begin ] --END-- [ RunTime:0.000976s ]
NOTIC: [8] Undefined index: username C:\xampp\htdocs\shopncb2b2c\mobile\app\b2b\Application\Home\Controller\IndexController.class.php 第 768 行.
NOTIC: [8] Undefined index: key C:\xampp\htdocs\shopncb2b2c\mobile\app\b2b\Application\Home\Controller\IndexController.class.php 第 768 行.
SQL: SHOW COLUMNS FROM `shopnc_mb_user_token` [ RunTime:0.0029s ]
SQL: SELECT * FROM `shopnc_mb_user_token` WHERE ( member_name='' and token='' ) LIMIT 1   [ RunTime:0.0010s ]
INFO: [ app_end ] --START--
INFO: Run Behavior\ShowPageTraceBehavior [ RunTime:0.000976s ]
INFO: [ app_end ] --END-- [ RunTime:0.000976s ]

[ 2015-10-07T16:59:47+08:00 ] 106.44.185.118 /mobile/app/b2b/index.php/Home/index/newapi
INFO: [ app_init ] --START--
INFO: Run Behavior\BuildLiteBehavior [ RunTime:0.000000s ]
INFO: [ app_init ] --END-- [ RunTime:0.000000s ]
INFO: [ app_begin ] --START--
INFO: Run Behavior\ReadHtmlCacheBehavior [ RunTime:0.000977s ]
INFO: [ app_begin ] --END-- [ RunTime:0.000977s ]
NOTIC: [8] Undefined index: username C:\xampp\htdocs\shopncb2b2c\mobile\app\b2b\Application\Home\Controller\IndexController.class.php 第 821 行.
NOTIC: [8] Undefined index: key C:\xampp\htdocs\shopncb2b2c\mobile\app\b2b\Application\Home\Controller\IndexController.class.php 第 821 行.
SQL: SHOW COLUMNS FROM `shopnc_mb_user_token` [ RunTime:0.0029s ]
SQL: SELECT * FROM `shopnc_mb_user_token` WHERE ( member_name='' and token='' ) LIMIT 1   [ RunTime:0.0010s ]
SQL: select cid,pid,sum(isRead) as readed,count(*) as total from shopnc_ecs_post_news where uid ='0' or cid='0' group by pid [ RunTime:0.0000s ]
SQL: SHOW COLUMNS FROM `shopnc_ecs_post` [ RunTime:0.0029s ]
SQL: SELECT * FROM `shopnc_ecs_post` WHERE ( id='0' ) LIMIT 1   [ RunTime:0.0283s ]
INFO: [ app_end ] --START--
INFO: Run Behavior\ShowPageTraceBehavior [ RunTime:0.000977s ]
INFO: [ app_end ] --END-- [ RunTime:0.000977s ]

[ 2015-10-07T18:50:21+08:00 ] 14.17.37.146 /mobile/app/b2b/index.php/Home/index/sale
INFO: [ app_init ] --START--
INFO: Run Behavior\BuildLiteBehavior [ RunTime:0.000000s ]
INFO: [ app_init ] --END-- [ RunTime:0.000000s ]
INFO: [ app_begin ] --START--
INFO: Run Behavior\ReadHtmlCacheBehavior [ RunTime:0.000976s ]
INFO: [ app_begin ] --END-- [ RunTime:0.000976s ]
SQL: SHOW COLUMNS FROM `shopnc_ecs_post` [ RunTime:0.0029s ]
SQL: SELECT COUNT(*) AS tp_count FROM `shopnc_ecs_post` WHERE ( saleway='1' and recommend !='-1' ) LIMIT 1   [ RunTime:0.0273s ]
SQL: select p.* ,d.content from shopnc_ecs_post as p left join shopnc_ecs_post_content as d on p.id=d.pid where p.saleway='1' and p.recommend != '-1' order by p.recommend desc limit 0 , 10 [ RunTime:0.0264s ]
INFO: [ view_parse ] --START--
INFO: [ template_filter ] --START--
INFO: Run Behavior\ContentReplaceBehavior [ RunTime:0.000000s ]
INFO: [ template_filter ] --END-- [ RunTime:0.000000s ]
INFO: Run Behavior\ParseTemplateBehavior [ RunTime:0.007812s ]
INFO: [ view_parse ] --END-- [ RunTime:0.007812s ]
INFO: [ view_filter ] --START--
INFO: Run Behavior\WriteHtmlCacheBehavior [ RunTime:0.000000s ]
INFO: [ view_filter ] --END-- [ RunTime:0.000000s ]
INFO: [ app_end ] --START--
INFO: Run Behavior\ShowPageTraceBehavior [ RunTime:0.000977s ]
INFO: [ app_end ] --END-- [ RunTime:0.000977s ]

[ 2015-10-07T18:50:26+08:00 ] 14.17.37.146 /mobile/app/b2b/index.php/Home/Index/info/id/5
INFO: [ app_init ] --START--
INFO: Run Behavior\BuildLiteBehavior [ RunTime:0.000000s ]
INFO: [ app_init ] --END-- [ RunTime:0.000000s ]
INFO: [ app_begin ] --START--
INFO: Run Behavior\ReadHtmlCacheBehavior [ RunTime:0.000000s ]
INFO: [ app_begin ] --END-- [ RunTime:0.000000s ]
SQL: select c.id,c.addtime,c.brand,c.name,c.year,c.address,c.price,c.weight,c.unit,c.timeout,c.phone,c.saleway,d.depic,d.content from `shopnc_ecs_post` as c left join `shopnc_ecs_post_content` as d on c.id=d.pid where c.id='5' [ RunTime:0.0000s ]
INFO: [ view_parse ] --START--
INFO: [ template_filter ] --START--
INFO: Run Behavior\ContentReplaceBehavior [ RunTime:0.000000s ]
INFO: [ template_filter ] --END-- [ RunTime:0.000000s ]
NOTIC: [8] Undefined offset: 1 C:\xampp\htdocs\shopncb2b2c\mobile\app\b2b\Application\Runtime\Cache\Home\58dcbc0a6aedef7ee219b145fa55354f.php 第 39 行.
NOTIC: [8] Undefined offset: 2 C:\xampp\htdocs\shopncb2b2c\mobile\app\b2b\Application\Runtime\Cache\Home\58dcbc0a6aedef7ee219b145fa55354f.php 第 40 行.
NOTIC: [8] Undefined variable: v C:\xampp\htdocs\shopncb2b2c\mobile\app\b2b\Application\Runtime\Cache\Home\58dcbc0a6aedef7ee219b145fa55354f.php 第 49 行.
INFO: Run Behavior\ParseTemplateBehavior [ RunTime:0.008790s ]
INFO: [ view_parse ] --END-- [ RunTime:0.008790s ]
INFO: [ view_filter ] --START--
INFO: Run Behavior\WriteHtmlCacheBehavior [ RunTime:0.000000s ]
INFO: [ view_filter ] --END-- [ RunTime:0.000000s ]
INFO: [ app_end ] --START--
INFO: Run Behavior\ShowPageTraceBehavior [ RunTime:0.000976s ]
INFO: [ app_end ] --END-- [ RunTime:0.000976s ]

[ 2015-10-07T18:50:49+08:00 ] 113.77.197.178 /mobile/app/b2b/index.php/Home/Index/buy
INFO: [ app_init ] --START--
INFO: Run Behavior\BuildLiteBehavior [ RunTime:0.000000s ]
INFO: [ app_init ] --END-- [ RunTime:0.000977s ]
INFO: [ app_begin ] --START--
INFO: Run Behavior\ReadHtmlCacheBehavior [ RunTime:0.000976s ]
INFO: [ app_begin ] --END-- [ RunTime:0.000976s ]
SQL: SHOW COLUMNS FROM `shopnc_ecs_post` [ RunTime:0.0029s ]
SQL: SELECT COUNT(*) AS tp_count FROM `shopnc_ecs_post` WHERE ( saleway='2' and recommend !='-1' ) LIMIT 1   [ RunTime:0.0000s ]
SQL: select p.* ,d.content from shopnc_ecs_post as p left join shopnc_ecs_post_content as d on p.id=d.pid where p.saleway='2' and p.recommend != '-1' order by p.recommend desc limit 0 , 10 [ RunTime:0.0020s ]
NOTIC: [8] Undefined variable: show C:\xampp\htdocs\shopncb2b2c\mobile\app\b2b\Application\Home\Controller\IndexController.class.php 第 186 行.
INFO: [ view_parse ] --START--
INFO: [ template_filter ] --START--
INFO: Run Behavior\ContentReplaceBehavior [ RunTime:0.000000s ]
INFO: [ template_filter ] --END-- [ RunTime:0.000000s ]
INFO: Run Behavior\ParseTemplateBehavior [ RunTime:0.006837s ]
INFO: [ view_parse ] --END-- [ RunTime:0.006837s ]
INFO: [ view_filter ] --START--
INFO: Run Behavior\WriteHtmlCacheBehavior [ RunTime:0.000000s ]
INFO: [ view_filter ] --END-- [ RunTime:0.000976s ]
INFO: [ app_end ] --START--
INFO: Run Behavior\ShowPageTraceBehavior [ RunTime:0.000977s ]
INFO: [ app_end ] --END-- [ RunTime:0.000977s ]

[ 2015-10-07T18:50:53+08:00 ] 14.17.37.146 /mobile/app/b2b/index.php/Home/Index/sale
INFO: [ app_init ] --START--
INFO: Run Behavior\BuildLiteBehavior [ RunTime:0.000000s ]
INFO: [ app_init ] --END-- [ RunTime:0.000976s ]
INFO: [ app_begin ] --START--
INFO: Run Behavior\ReadHtmlCacheBehavior [ RunTime:0.000976s ]
INFO: [ app_begin ] --END-- [ RunTime:0.000976s ]
SQL: SHOW COLUMNS FROM `shopnc_ecs_post` [ RunTime:0.0020s ]
SQL: SELECT COUNT(*) AS tp_count FROM `shopnc_ecs_post` WHERE ( saleway='1' and recommend !='-1' ) LIMIT 1   [ RunTime:0.0010s ]
SQL: select p.* ,d.content from shopnc_ecs_post as p left join shopnc_ecs_post_content as d on p.id=d.pid where p.saleway='1' and p.recommend != '-1' order by p.recommend desc limit 0 , 10 [ RunTime:0.0029s ]
INFO: [ view_parse ] --START--
INFO: [ template_filter ] --START--
INFO: Run Behavior\ContentReplaceBehavior [ RunTime:0.000000s ]
INFO: [ template_filter ] --END-- [ RunTime:0.000000s ]
INFO: Run Behavior\ParseTemplateBehavior [ RunTime:0.007813s ]
INFO: [ view_parse ] --END-- [ RunTime:0.007813s ]
INFO: [ view_filter ] --START--
INFO: Run Behavior\WriteHtmlCacheBehavior [ RunTime:0.000977s ]
INFO: [ view_filter ] --END-- [ RunTime:0.000977s ]
INFO: [ app_end ] --START--
INFO: Run Behavior\ShowPageTraceBehavior [ RunTime:0.000000s ]
INFO: [ app_end ] --END-- [ RunTime:0.000000s ]

[ 2015-10-07T18:50:59+08:00 ] 14.17.37.146 /mobile/app/b2b/index.php/Home/Index/fabu
INFO: [ app_init ] --START--
INFO: Run Behavior\BuildLiteBehavior [ RunTime:0.000000s ]
INFO: [ app_init ] --END-- [ RunTime:0.000977s ]
INFO: [ app_begin ] --START--
INFO: Run Behavior\ReadHtmlCacheBehavior [ RunTime:0.000977s ]
INFO: [ app_begin ] --END-- [ RunTime:0.000977s ]
INFO: [ view_parse ] --START--
INFO: [ template_filter ] --START--
INFO: Run Behavior\ContentReplaceBehavior [ RunTime:0.000000s ]
INFO: [ template_filter ] --END-- [ RunTime:0.000000s ]
INFO: Run Behavior\ParseTemplateBehavior [ RunTime:0.006836s ]
INFO: [ view_parse ] --END-- [ RunTime:0.006836s ]
INFO: [ view_filter ] --START--
INFO: Run Behavior\WriteHtmlCacheBehavior [ RunTime:0.000000s ]
INFO: [ view_filter ] --END-- [ RunTime:0.000000s ]
INFO: [ app_end ] --START--
INFO: Run Behavior\ShowPageTraceBehavior [ RunTime:0.000977s ]
INFO: [ app_end ] --END-- [ RunTime:0.000977s ]

[ 2015-10-07T18:51:01+08:00 ] 113.108.11.52 /mobile/app/b2b/index.php/Home/Index/post
INFO: [ app_init ] --START--
INFO: Run Behavior\BuildLiteBehavior [ RunTime:0.000000s ]
INFO: [ app_init ] --END-- [ RunTime:0.000000s ]
INFO: [ app_begin ] --START--
INFO: Run Behavior\ReadHtmlCacheBehavior [ RunTime:0.000000s ]
INFO: [ app_begin ] --END-- [ RunTime:0.000000s ]
NOTIC: [8] Undefined index: key C:\xampp\htdocs\shopncb2b2c\mobile\app\b2b\Application\Home\Controller\IndexController.class.php 第 12 行.
NOTIC: [8] Undefined index: username C:\xampp\htdocs\shopncb2b2c\mobile\app\b2b\Application\Home\Controller\IndexController.class.php 第 13 行.
SQL: SHOW COLUMNS FROM `shopnc_mb_user_token` [ RunTime:0.0029s ]
SQL: SELECT * FROM `shopnc_mb_user_token` WHERE ( member_name='' and token='' ) LIMIT 1   [ RunTime:0.0664s ]
INFO: [ view_parse ] --START--
INFO: [ template_filter ] --START--
INFO: Run Behavior\ContentReplaceBehavior [ RunTime:0.000000s ]
INFO: [ template_filter ] --END-- [ RunTime:0.000000s ]
INFO: Run Behavior\ParseTemplateBehavior [ RunTime:0.005859s ]
INFO: [ view_parse ] --END-- [ RunTime:0.005859s ]
INFO: [ view_filter ] --START--
INFO: Run Behavior\WriteHtmlCacheBehavior [ RunTime:0.000977s ]
INFO: [ view_filter ] --END-- [ RunTime:0.000977s ]

[ 2015-10-07T19:01:04+08:00 ] 183.206.170.106 /mobile/app/b2b/index.php/Home/index/homeapi
INFO: [ app_init ] --START--
INFO: Run Behavior\BuildLiteBehavior [ RunTime:0.000000s ]
INFO: [ app_init ] --END-- [ RunTime:0.000977s ]
INFO: [ app_begin ] --START--
INFO: Run Behavior\ReadHtmlCacheBehavior [ RunTime:0.000977s ]
INFO: [ app_begin ] --END-- [ RunTime:0.000977s ]
SQL: SHOW COLUMNS FROM `shopnc_ecs_post` [ RunTime:0.0029s ]
SQL: SELECT COUNT(*) AS tp_count FROM `shopnc_ecs_post` WHERE ( saleway='2' or saleway='1' ) LIMIT 1   [ RunTime:0.0195s ]
SQL: select p.* ,d.depic,d.content from shopnc_ecs_post as p left join shopnc_ecs_post_content as d on p.id=d.pid where saleway='2' or saleway='1' order by id asc   limit 0,10 [ RunTime:0.0195s ]
INFO: [ app_end ] --START--
INFO: Run Behavior\ShowPageTraceBehavior [ RunTime:0.000976s ]
INFO: [ app_end ] --END-- [ RunTime:0.000976s ]

[ 2015-10-07T19:10:18+08:00 ] 220.181.108.123 /mobile/app/b2b/index.php/Home/Index/sale/p/4.html
INFO: [ app_init ] --START--
INFO: Run Behavior\BuildLiteBehavior [ RunTime:0.000000s ]
INFO: [ app_init ] --END-- [ RunTime:0.000000s ]
INFO: [ app_begin ] --START--
INFO: Run Behavior\ReadHtmlCacheBehavior [ RunTime:0.000000s ]
INFO: [ app_begin ] --END-- [ RunTime:0.000976s ]
SQL: SHOW COLUMNS FROM `shopnc_ecs_post` [ RunTime:0.0020s ]
SQL: SELECT COUNT(*) AS tp_count FROM `shopnc_ecs_post` WHERE ( saleway='1' and recommend !='-1' ) LIMIT 1   [ RunTime:0.0010s ]
SQL: select p.* ,d.content from shopnc_ecs_post as p left join shopnc_ecs_post_content as d on p.id=d.pid where p.saleway='1' and p.recommend != '-1' order by p.recommend desc limit 30 , 10 [ RunTime:0.0029s ]
INFO: [ view_parse ] --START--
INFO: [ template_filter ] --START--
INFO: Run Behavior\ContentReplaceBehavior [ RunTime:0.000000s ]
INFO: [ template_filter ] --END-- [ RunTime:0.000000s ]
INFO: Run Behavior\ParseTemplateBehavior [ RunTime:0.007812s ]
INFO: [ view_parse ] --END-- [ RunTime:0.007812s ]
INFO: [ view_filter ] --START--
INFO: Run Behavior\WriteHtmlCacheBehavior [ RunTime:0.000000s ]
INFO: [ view_filter ] --END-- [ RunTime:0.000000s ]
INFO: [ app_end ] --START--
INFO: Run Behavior\ShowPageTraceBehavior [ RunTime:0.000976s ]
INFO: [ app_end ] --END-- [ RunTime:0.000976s ]

[ 2015-10-07T20:58:22+08:00 ] 122.96.42.27 /mobile/app/b2b/index.php/Home/index/homeapi
INFO: [ app_init ] --START--
INFO: Run Behavior\BuildLiteBehavior [ RunTime:0.000000s ]
INFO: [ app_init ] --END-- [ RunTime:0.000977s ]
INFO: [ app_begin ] --START--
INFO: Run Behavior\ReadHtmlCacheBehavior [ RunTime:0.000977s ]
INFO: [ app_begin ] --END-- [ RunTime:0.000977s ]
SQL: SHOW COLUMNS FROM `shopnc_ecs_post` [ RunTime:0.0020s ]
SQL: SELECT COUNT(*) AS tp_count FROM `shopnc_ecs_post` WHERE ( saleway='2' or saleway='1' ) LIMIT 1   [ RunTime:0.0293s ]
SQL: select p.* ,d.depic,d.content from shopnc_ecs_post as p left join shopnc_ecs_post_content as d on p.id=d.pid where saleway='2' or saleway='1' order by id asc   limit 0,10 [ RunTime:0.0283s ]
INFO: [ app_end ] --START--
INFO: Run Behavior\ShowPageTraceBehavior [ RunTime:0.000977s ]
INFO: [ app_end ] --END-- [ RunTime:0.000977s ]

[ 2015-10-07T20:58:47+08:00 ] 122.96.42.27 /mobile/app/b2b/index.php/Home/index/homeapi
INFO: [ app_init ] --START--
INFO: Run Behavior\BuildLiteBehavior [ RunTime:0.000000s ]
INFO: [ app_init ] --END-- [ RunTime:0.000000s ]
INFO: [ app_begin ] --START--
INFO: Run Behavior\ReadHtmlCacheBehavior [ RunTime:0.000976s ]
INFO: [ app_begin ] --END-- [ RunTime:0.000976s ]
SQL: SHOW COLUMNS FROM `shopnc_ecs_post` [ RunTime:0.0039s ]
SQL: SELECT COUNT(*) AS tp_count FROM `shopnc_ecs_post` WHERE ( saleway='1' ) LIMIT 1   [ RunTime:0.0000s ]
SQL: select p.* ,d.depic,d.content from shopnc_ecs_post as p left join shopnc_ecs_post_content as d on p.id=d.pid where saleway='1' order by id asc   limit 0,10 [ RunTime:0.0029s ]
INFO: [ app_end ] --START--
INFO: Run Behavior\ShowPageTraceBehavior [ RunTime:0.000977s ]
INFO: [ app_end ] --END-- [ RunTime:0.000977s ]

[ 2015-10-07T21:00:26+08:00 ] 113.73.221.137 /mobile/app/b2b/index.php/Home/index/homeapi
INFO: [ app_init ] --START--
INFO: Run Behavior\BuildLiteBehavior [ RunTime:0.000000s ]
INFO: [ app_init ] --END-- [ RunTime:0.000976s ]
INFO: [ app_begin ] --START--
INFO: Run Behavior\ReadHtmlCacheBehavior [ RunTime:0.000977s ]
INFO: [ app_begin ] --END-- [ RunTime:0.000977s ]
SQL: SHOW COLUMNS FROM `shopnc_ecs_post` [ RunTime:0.0020s ]
SQL: SELECT COUNT(*) AS tp_count FROM `shopnc_ecs_post` WHERE ( saleway='2' or saleway='1' ) LIMIT 1   [ RunTime:0.0010s ]
SQL: select p.* ,d.depic,d.content from shopnc_ecs_post as p left join shopnc_ecs_post_content as d on p.id=d.pid where saleway='2' or saleway='1' order by id asc   limit 0,10 [ RunTime:0.0020s ]
INFO: [ app_end ] --START--
INFO: Run Behavior\ShowPageTraceBehavior [ RunTime:0.000977s ]
INFO: [ app_end ] --END-- [ RunTime:0.000977s ]

[ 2015-10-07T22:17:57+08:00 ] 60.9.42.164 /mobile/app/b2b/index.php/Home/index/homeapi
INFO: [ app_init ] --START--
INFO: Run Behavior\BuildLiteBehavior [ RunTime:0.000000s ]
INFO: [ app_init ] --END-- [ RunTime:0.000000s ]
INFO: [ app_begin ] --START--
INFO: Run Behavior\ReadHtmlCacheBehavior [ RunTime:0.000977s ]
INFO: [ app_begin ] --END-- [ RunTime:0.000977s ]
SQL: SHOW COLUMNS FROM `shopnc_ecs_post` [ RunTime:0.0029s ]
SQL: SELECT COUNT(*) AS tp_count FROM `shopnc_ecs_post` WHERE ( saleway='2' or saleway='1' ) LIMIT 1   [ RunTime:0.0303s ]
SQL: select p.* ,d.depic,d.content from shopnc_ecs_post as p left join shopnc_ecs_post_content as d on p.id=d.pid where saleway='2' or saleway='1' order by id asc   limit 0,10 [ RunTime:0.0264s ]
INFO: [ app_end ] --START--
INFO: Run Behavior\ShowPageTraceBehavior [ RunTime:0.000976s ]
INFO: [ app_end ] --END-- [ RunTime:0.000976s ]

[ 2015-10-07T22:53:59+08:00 ] 117.136.73.239 /mobile/app/b2b/index.php/Home/index/sale
INFO: [ app_init ] --START--
INFO: Run Behavior\BuildLiteBehavior [ RunTime:0.000000s ]
INFO: [ app_init ] --END-- [ RunTime:0.000000s ]
INFO: [ app_begin ] --START--
INFO: Run Behavior\ReadHtmlCacheBehavior [ RunTime:0.000977s ]
INFO: [ app_begin ] --END-- [ RunTime:0.000977s ]
SQL: SHOW COLUMNS FROM `shopnc_ecs_post` [ RunTime:0.0029s ]
SQL: SELECT COUNT(*) AS tp_count FROM `shopnc_ecs_post` WHERE ( saleway='1' and recommend !='-1' ) LIMIT 1   [ RunTime:0.0000s ]
SQL: select p.* ,d.content from shopnc_ecs_post as p left join shopnc_ecs_post_content as d on p.id=d.pid where p.saleway='1' and p.recommend != '-1' order by p.recommend desc limit 0 , 10 [ RunTime:0.0029s ]
INFO: [ view_parse ] --START--
INFO: [ template_filter ] --START--
INFO: Run Behavior\ContentReplaceBehavior [ RunTime:0.000000s ]
INFO: [ template_filter ] --END-- [ RunTime:0.000000s ]
INFO: Run Behavior\ParseTemplateBehavior [ RunTime:0.007812s ]
INFO: [ view_parse ] --END-- [ RunTime:0.007812s ]
INFO: [ view_filter ] --START--
INFO: Run Behavior\WriteHtmlCacheBehavior [ RunTime:0.000977s ]
INFO: [ view_filter ] --END-- [ RunTime:0.000977s ]
INFO: [ app_end ] --START--
INFO: Run Behavior\ShowPageTraceBehavior [ RunTime:0.000000s ]
INFO: [ app_end ] --END-- [ RunTime:0.000000s ]

[ 2015-10-07T22:55:40+08:00 ] 117.136.73.239 /mobile/app/b2b/index.php/Home/Index/info/id/21
INFO: [ app_init ] --START--
INFO: Run Behavior\BuildLiteBehavior [ RunTime:0.000000s ]
INFO: [ app_init ] --END-- [ RunTime:0.000000s ]
INFO: [ app_begin ] --START--
INFO: Run Behavior\ReadHtmlCacheBehavior [ RunTime:0.000977s ]
INFO: [ app_begin ] --END-- [ RunTime:0.000977s ]
SQL: select c.id,c.addtime,c.brand,c.name,c.year,c.address,c.price,c.weight,c.unit,c.timeout,c.phone,c.saleway,d.depic,d.content from `shopnc_ecs_post` as c left join `shopnc_ecs_post_content` as d on c.id=d.pid where c.id='21' [ RunTime:0.0010s ]
INFO: [ view_parse ] --START--
INFO: [ template_filter ] --START--
INFO: Run Behavior\ContentReplaceBehavior [ RunTime:0.000976s ]
INFO: [ template_filter ] --END-- [ RunTime:0.000976s ]
NOTIC: [8] Undefined offset: 1 C:\xampp\htdocs\shopncb2b2c\mobile\app\b2b\Application\Runtime\Cache\Home\58dcbc0a6aedef7ee219b145fa55354f.php 第 39 行.
NOTIC: [8] Undefined offset: 2 C:\xampp\htdocs\shopncb2b2c\mobile\app\b2b\Application\Runtime\Cache\Home\58dcbc0a6aedef7ee219b145fa55354f.php 第 40 行.
NOTIC: [8] Undefined variable: v C:\xampp\htdocs\shopncb2b2c\mobile\app\b2b\Application\Runtime\Cache\Home\58dcbc0a6aedef7ee219b145fa55354f.php 第 49 行.
INFO: Run Behavior\ParseTemplateBehavior [ RunTime:0.007812s ]
INFO: [ view_parse ] --END-- [ RunTime:0.007812s ]
INFO: [ view_filter ] --START--
INFO: Run Behavior\WriteHtmlCacheBehavior [ RunTime:0.000976s ]
INFO: [ view_filter ] --END-- [ RunTime:0.000976s ]
INFO: [ app_end ] --START--
INFO: Run Behavior\ShowPageTraceBehavior [ RunTime:0.000000s ]
INFO: [ app_end ] --END-- [ RunTime:0.000977s ]

[ 2015-10-07T22:55:41+08:00 ] 117.136.73.239 /mobile/app/b2b/index.php/Home/Index/info/id/21
INFO: [ app_init ] --START--
INFO: Run Behavior\BuildLiteBehavior [ RunTime:0.000000s ]
INFO: [ app_init ] --END-- [ RunTime:0.000977s ]
INFO: [ app_begin ] --START--
INFO: Run Behavior\ReadHtmlCacheBehavior [ RunTime:0.000000s ]
INFO: [ app_begin ] --END-- [ RunTime:0.000977s ]
SQL: select c.id,c.addtime,c.brand,c.name,c.year,c.address,c.price,c.weight,c.unit,c.timeout,c.phone,c.saleway,d.depic,d.content from `shopnc_ecs_post` as c left join `shopnc_ecs_post_content` as d on c.id=d.pid where c.id='21' [ RunTime:0.0010s ]
INFO: [ view_parse ] --START--
INFO: [ template_filter ] --START--
INFO: Run Behavior\ContentReplaceBehavior [ RunTime:0.000000s ]
INFO: [ template_filter ] --END-- [ RunTime:0.000976s ]
NOTIC: [8] Undefined offset: 1 C:\xampp\htdocs\shopncb2b2c\mobile\app\b2b\Application\Runtime\Cache\Home\58dcbc0a6aedef7ee219b145fa55354f.php 第 39 行.
NOTIC: [8] Undefined offset: 2 C:\xampp\htdocs\shopncb2b2c\mobile\app\b2b\Application\Runtime\Cache\Home\58dcbc0a6aedef7ee219b145fa55354f.php 第 40 行.
NOTIC: [8] Undefined variable: v C:\xampp\htdocs\shopncb2b2c\mobile\app\b2b\Application\Runtime\Cache\Home\58dcbc0a6aedef7ee219b145fa55354f.php 第 49 行.
INFO: Run Behavior\ParseTemplateBehavior [ RunTime:0.008788s ]
INFO: [ view_parse ] --END-- [ RunTime:0.008788s ]
INFO: [ view_filter ] --START--
INFO: Run Behavior\WriteHtmlCacheBehavior [ RunTime:0.000000s ]
INFO: [ view_filter ] --END-- [ RunTime:0.000000s ]
INFO: [ app_end ] --START--
INFO: Run Behavior\ShowPageTraceBehavior [ RunTime:0.000977s ]
INFO: [ app_end ] --END-- [ RunTime:0.000977s ]

[ 2015-10-07T22:59:57+08:00 ] 36.99.30.233 /mobile/app/b2b/index.php/Home/Index/info/id/451
INFO: [ app_init ] --START--
INFO: Run Behavior\BuildLiteBehavior [ RunTime:0.000000s ]
INFO: [ app_init ] --END-- [ RunTime:0.000000s ]
INFO: [ app_begin ] --START--
INFO: Run Behavior\ReadHtmlCacheBehavior [ RunTime:0.000000s ]
INFO: [ app_begin ] --END-- [ RunTime:0.000000s ]
SQL: select c.id,c.addtime,c.brand,c.name,c.year,c.address,c.price,c.weight,c.unit,c.timeout,c.phone,c.saleway,d.depic,d.content from `shopnc_ecs_post` as c left join `shopnc_ecs_post_content` as d on c.id=d.pid where c.id='451' [ RunTime:0.0010s ]
NOTIC: [8] Undefined offset: 0 C:\xampp\htdocs\shopncb2b2c\mobile\app\b2b\Application\Home\Controller\IndexController.class.php 第 470 行.
INFO: [ view_parse ] --START--
INFO: [ template_filter ] --START--
INFO: Run Behavior\ContentReplaceBehavior [ RunTime:0.000000s ]
INFO: [ template_filter ] --END-- [ RunTime:0.000000s ]
NOTIC: [8] Undefined variable: v C:\xampp\htdocs\shopncb2b2c\mobile\app\b2b\Application\Runtime\Cache\Home\58dcbc0a6aedef7ee219b145fa55354f.php 第 49 行.
INFO: Run Behavior\ParseTemplateBehavior [ RunTime:0.008790s ]
INFO: [ view_parse ] --END-- [ RunTime:0.008790s ]
INFO: [ view_filter ] --START--
INFO: Run Behavior\WriteHtmlCacheBehavior [ RunTime:0.000000s ]
INFO: [ view_filter ] --END-- [ RunTime:0.000000s ]
INFO: [ app_end ] --START--
INFO: Run Behavior\ShowPageTraceBehavior [ RunTime:0.000976s ]
INFO: [ app_end ] --END-- [ RunTime:0.000976s ]

[ 2015-10-07T23:00:12+08:00 ] 36.99.30.72 /mobile/app/b2b/index.php/Home/Index/info/id/464
INFO: [ app_init ] --START--
INFO: Run Behavior\BuildLiteBehavior [ RunTime:0.000000s ]
INFO: [ app_init ] --END-- [ RunTime:0.000000s ]
INFO: [ app_begin ] --START--
INFO: Run Behavior\ReadHtmlCacheBehavior [ RunTime:0.000000s ]
INFO: [ app_begin ] --END-- [ RunTime:0.000977s ]
SQL: select c.id,c.addtime,c.brand,c.name,c.year,c.address,c.price,c.weight,c.unit,c.timeout,c.phone,c.saleway,d.depic,d.content from `shopnc_ecs_post` as c left join `shopnc_ecs_post_content` as d on c.id=d.pid where c.id='464' [ RunTime:0.0000s ]
NOTIC: [8] Undefined offset: 0 C:\xampp\htdocs\shopncb2b2c\mobile\app\b2b\Application\Home\Controller\IndexController.class.php 第 470 行.
INFO: [ view_parse ] --START--
INFO: [ template_filter ] --START--
INFO: Run Behavior\ContentReplaceBehavior [ RunTime:0.000976s ]
INFO: [ template_filter ] --END-- [ RunTime:0.000976s ]
NOTIC: [8] Undefined variable: v C:\xampp\htdocs\shopncb2b2c\mobile\app\b2b\Application\Runtime\Cache\Home\58dcbc0a6aedef7ee219b145fa55354f.php 第 49 行.
INFO: Run Behavior\ParseTemplateBehavior [ RunTime:0.008790s ]
INFO: [ view_parse ] --END-- [ RunTime:0.008790s ]
INFO: [ view_filter ] --START--
INFO: Run Behavior\WriteHtmlCacheBehavior [ RunTime:0.000000s ]
INFO: [ view_filter ] --END-- [ RunTime:0.000000s ]
INFO: [ app_end ] --START--
INFO: Run Behavior\ShowPageTraceBehavior [ RunTime:0.000976s ]
INFO: [ app_end ] --END-- [ RunTime:0.000976s ]

[ 2015-10-07T23:01:50+08:00 ] 36.99.31.167 /mobile/app/b2b/index.php/Home/Index/info/id/10
INFO: [ app_init ] --START--
INFO: Run Behavior\BuildLiteBehavior [ RunTime:0.000000s ]
INFO: [ app_init ] --END-- [ RunTime:0.000976s ]
INFO: [ app_begin ] --START--
INFO: Run Behavior\ReadHtmlCacheBehavior [ RunTime:0.000976s ]
INFO: [ app_begin ] --END-- [ RunTime:0.000976s ]
SQL: select c.id,c.addtime,c.brand,c.name,c.year,c.address,c.price,c.weight,c.unit,c.timeout,c.phone,c.saleway,d.depic,d.content from `shopnc_ecs_post` as c left join `shopnc_ecs_post_content` as d on c.id=d.pid where c.id='10' [ RunTime:0.0000s ]
INFO: [ view_parse ] --START--
INFO: [ template_filter ] --START--
INFO: Run Behavior\ContentReplaceBehavior [ RunTime:0.000000s ]
INFO: [ template_filter ] --END-- [ RunTime:0.000000s ]
NOTIC: [8] Undefined offset: 1 C:\xampp\htdocs\shopncb2b2c\mobile\app\b2b\Application\Runtime\Cache\Home\58dcbc0a6aedef7ee219b145fa55354f.php 第 39 行.
NOTIC: [8] Undefined offset: 2 C:\xampp\htdocs\shopncb2b2c\mobile\app\b2b\Application\Runtime\Cache\Home\58dcbc0a6aedef7ee219b145fa55354f.php 第 40 行.
NOTIC: [8] Undefined variable: v C:\xampp\htdocs\shopncb2b2c\mobile\app\b2b\Application\Runtime\Cache\Home\58dcbc0a6aedef7ee219b145fa55354f.php 第 49 行.
INFO: Run Behavior\ParseTemplateBehavior [ RunTime:0.007813s ]
INFO: [ view_parse ] --END-- [ RunTime:0.007813s ]
INFO: [ view_filter ] --START--
INFO: Run Behavior\WriteHtmlCacheBehavior [ RunTime:0.000000s ]
INFO: [ view_filter ] --END-- [ RunTime:0.000000s ]
INFO: [ app_end ] --START--
INFO: Run Behavior\ShowPageTraceBehavior [ RunTime:0.000976s ]
INFO: [ app_end ] --END-- [ RunTime:0.000976s ]

[ 2015-10-07T23:57:36+08:00 ] 119.0.69.98 /mobile/app/b2b/index.php/Home/index/homeapi
INFO: [ app_init ] --START--
INFO: Run Behavior\BuildLiteBehavior [ RunTime:0.000000s ]
INFO: [ app_init ] --END-- [ RunTime:0.000000s ]
INFO: [ app_begin ] --START--
INFO: Run Behavior\ReadHtmlCacheBehavior [ RunTime:0.000000s ]
INFO: [ app_begin ] --END-- [ RunTime:0.000000s ]
SQL: SHOW COLUMNS FROM `shopnc_ecs_post` [ RunTime:0.0029s ]
SQL: SELECT COUNT(*) AS tp_count FROM `shopnc_ecs_post` WHERE ( saleway='2' or saleway='1' ) LIMIT 1   [ RunTime:0.0234s ]
SQL: select p.* ,d.depic,d.content from shopnc_ecs_post as p left join shopnc_ecs_post_content as d on p.id=d.pid where saleway='2' or saleway='1' order by id asc   limit 0,10 [ RunTime:0.0273s ]
INFO: [ app_end ] --START--
INFO: Run Behavior\ShowPageTraceBehavior [ RunTime:0.000977s ]
INFO: [ app_end ] --END-- [ RunTime:0.000977s ]

[ 2015-10-07T23:57:52+08:00 ] 119.0.69.98 /mobile/app/b2b/index.php/Home/index/homeapi
INFO: [ app_init ] --START--
INFO: Run Behavior\BuildLiteBehavior [ RunTime:0.000000s ]
INFO: [ app_init ] --END-- [ RunTime:0.000000s ]
INFO: [ app_begin ] --START--
INFO: Run Behavior\ReadHtmlCacheBehavior [ RunTime:0.000976s ]
INFO: [ app_begin ] --END-- [ RunTime:0.000976s ]
SQL: SHOW COLUMNS FROM `shopnc_ecs_post` [ RunTime:0.0029s ]
SQL: SELECT COUNT(*) AS tp_count FROM `shopnc_ecs_post` WHERE ( saleway='2' or saleway='1' ) LIMIT 1   [ RunTime:0.0000s ]
SQL: select p.* ,d.depic,d.content from shopnc_ecs_post as p left join shopnc_ecs_post_content as d on p.id=d.pid where saleway='2' or saleway='1' order by id asc   limit 0,10 [ RunTime:0.0039s ]
INFO: [ app_end ] --START--
INFO: Run Behavior\ShowPageTraceBehavior [ RunTime:0.000977s ]
INFO: [ app_end ] --END-- [ RunTime:0.000977s ]

[ 2015-10-07T23:58:49+08:00 ] 119.0.69.98 /mobile/app/b2b/index.php/Home/index/newapi
INFO: [ app_init ] --START--
INFO: Run Behavior\BuildLiteBehavior [ RunTime:0.000000s ]
INFO: [ app_init ] --END-- [ RunTime:0.000976s ]
INFO: [ app_begin ] --START--
INFO: Run Behavior\ReadHtmlCacheBehavior [ RunTime:0.000977s ]
INFO: [ app_begin ] --END-- [ RunTime:0.000977s ]
NOTIC: [8] Undefined index: username C:\xampp\htdocs\shopncb2b2c\mobile\app\b2b\Application\Home\Controller\IndexController.class.php 第 821 行.
NOTIC: [8] Undefined index: key C:\xampp\htdocs\shopncb2b2c\mobile\app\b2b\Application\Home\Controller\IndexController.class.php 第 821 行.
SQL: SHOW COLUMNS FROM `shopnc_mb_user_token` [ RunTime:0.0029s ]
SQL: SELECT * FROM `shopnc_mb_user_token` WHERE ( member_name='' and token='' ) LIMIT 1   [ RunTime:0.0537s ]
SQL: select cid,pid,sum(isRead) as readed,count(*) as total from shopnc_ecs_post_news where uid ='0' or cid='0' group by pid [ RunTime:0.1650s ]
SQL: SHOW COLUMNS FROM `shopnc_ecs_post` [ RunTime:0.0029s ]
SQL: SELECT * FROM `shopnc_ecs_post` WHERE ( id='0' ) LIMIT 1   [ RunTime:0.0000s ]
INFO: [ app_end ] --START--
INFO: Run Behavior\ShowPageTraceBehavior [ RunTime:0.000977s ]
INFO: [ app_end ] --END-- [ RunTime:0.000977s ]

[ 2015-10-07T23:58:51+08:00 ] 119.0.69.98 /mobile/app/b2b/index.php/Home/index/myListapi
INFO: [ app_init ] --START--
INFO: Run Behavior\BuildLiteBehavior [ RunTime:0.000977s ]
INFO: [ app_init ] --END-- [ RunTime:0.000977s ]
INFO: [ app_begin ] --START--
INFO: Run Behavior\ReadHtmlCacheBehavior [ RunTime:0.000977s ]
INFO: [ app_begin ] --END-- [ RunTime:0.000977s ]
NOTIC: [8] Undefined index: username C:\xampp\htdocs\shopncb2b2c\mobile\app\b2b\Application\Home\Controller\IndexController.class.php 第 768 行.
NOTIC: [8] Undefined index: key C:\xampp\htdocs\shopncb2b2c\mobile\app\b2b\Application\Home\Controller\IndexController.class.php 第 768 行.
SQL: SHOW COLUMNS FROM `shopnc_mb_user_token` [ RunTime:0.0029s ]
SQL: SELECT * FROM `shopnc_mb_user_token` WHERE ( member_name='' and token='' ) LIMIT 1   [ RunTime:0.0000s ]
INFO: [ app_end ] --START--
INFO: Run Behavior\ShowPageTraceBehavior [ RunTime:0.000976s ]
INFO: [ app_end ] --END-- [ RunTime:0.000976s ]

[ 2015-10-07T23:58:58+08:00 ] 119.0.69.98 /mobile/app/b2b/index.php/Home/index/homeapi
INFO: [ app_init ] --START--
INFO: Run Behavior\BuildLiteBehavior [ RunTime:0.000000s ]
INFO: [ app_init ] --END-- [ RunTime:0.000976s ]
INFO: [ app_begin ] --START--
INFO: Run Behavior\ReadHtmlCacheBehavior [ RunTime:0.000976s ]
INFO: [ app_begin ] --END-- [ RunTime:0.000976s ]
SQL: SHOW COLUMNS FROM `shopnc_ecs_post` [ RunTime:0.0020s ]
SQL: SELECT COUNT(*) AS tp_count FROM `shopnc_ecs_post` WHERE ( saleway='2' or saleway='1' ) LIMIT 1   [ RunTime:0.0000s ]
SQL: select p.* ,d.depic,d.content from shopnc_ecs_post as p left join shopnc_ecs_post_content as d on p.id=d.pid where saleway='2' or saleway='1' order by id asc   limit 0,10 [ RunTime:0.0029s ]
INFO: [ app_end ] --START--
INFO: Run Behavior\ShowPageTraceBehavior [ RunTime:0.000977s ]
INFO: [ app_end ] --END-- [ RunTime:0.000977s ]

