[ 2015-06-25T00:15:58+08:00 ] 220.181.108.88 /mobile/app/b2b/index.php/News/Index/index
INFO: [ app_init ] --START--
INFO: Run Behavior\BuildLiteBehavior [ RunTime:0.000000s ]
INFO: [ app_init ] --END-- [ RunTime:0.000000s ]
INFO: [ app_begin ] --START--
INFO: Run Behavior\ReadHtmlCacheBehavior [ RunTime:0.000977s ]
INFO: [ app_begin ] --END-- [ RunTime:0.000977s ]
INFO: [ view_parse ] --START--
INFO: [ template_filter ] --START--
INFO: Run Behavior\ContentReplaceBehavior [ RunTime:0.000977s ]
INFO: [ template_filter ] --END-- [ RunTime:0.000977s ]
INFO: Run Behavior\ParseTemplateBehavior [ RunTime:0.012696s ]
INFO: [ view_parse ] --END-- [ RunTime:0.012696s ]
INFO: [ view_filter ] --START--
INFO: Run Behavior\WriteHtmlCacheBehavior [ RunTime:0.000000s ]
INFO: [ view_filter ] --END-- [ RunTime:0.000000s ]
INFO: [ app_end ] --START--
INFO: Run Behavior\ShowPageTraceBehavior [ RunTime:0.000000s ]
INFO: [ app_end ] --END-- [ RunTime:0.000000s ]

[ 2015-06-25T12:45:41+08:00 ] 14.23.149.250 /mobile/app/b2b/index.php/News/News/getColumnArticles.html
INFO: [ app_init ] --START--
INFO: Run Behavior\BuildLiteBehavior [ RunTime:0.000000s ]
INFO: [ app_init ] --END-- [ RunTime:0.000000s ]
INFO: [ app_begin ] --START--
INFO: Run Behavior\ReadHtmlCacheBehavior [ RunTime:0.000000s ]
INFO: [ app_begin ] --END-- [ RunTime:0.000000s ]
SQL: SHOW COLUMNS FROM `archives` [ RunTime:0.0029s ]
SQL: select a.id,a.litpic,from_unixtime(a.pubdate,'%Y-%m-%d') as pubdate,left(a.description,30) as description,a.typeid,a.title,a.writer,t.typename from archives a left join arctype t on a.typeid=t.id where arcrank=0 and typeid=92  order by a.pubdate desc limit 0,5 [ RunTime:0.0010s ]
INFO: [ view_parse ] --START--
INFO: [ template_filter ] --START--
INFO: Run Behavior\ContentReplaceBehavior [ RunTime:0.000000s ]
INFO: [ template_filter ] --END-- [ RunTime:0.000000s ]
NOTIC: [8] Use of undefined constant id - assumed 'id' C:\xampp\htdocs\mall\mobile\app\b2b\Application\Runtime\Cache\News\dfb1f5ab8d2ad817db7cf1c91f367627.php 第 3 行.
NOTIC: [8] Use of undefined constant id - assumed 'id' C:\xampp\htdocs\mall\mobile\app\b2b\Application\Runtime\Cache\News\dfb1f5ab8d2ad817db7cf1c91f367627.php 第 5 行.
NOTIC: [8] Use of undefined constant id - assumed 'id' C:\xampp\htdocs\mall\mobile\app\b2b\Application\Runtime\Cache\News\dfb1f5ab8d2ad817db7cf1c91f367627.php 第 6 行.
NOTIC: [8] Use of undefined constant id - assumed 'id' C:\xampp\htdocs\mall\mobile\app\b2b\Application\Runtime\Cache\News\dfb1f5ab8d2ad817db7cf1c91f367627.php 第 3 行.
NOTIC: [8] Use of undefined constant id - assumed 'id' C:\xampp\htdocs\mall\mobile\app\b2b\Application\Runtime\Cache\News\dfb1f5ab8d2ad817db7cf1c91f367627.php 第 5 行.
NOTIC: [8] Use of undefined constant id - assumed 'id' C:\xampp\htdocs\mall\mobile\app\b2b\Application\Runtime\Cache\News\dfb1f5ab8d2ad817db7cf1c91f367627.php 第 6 行.
NOTIC: [8] Use of undefined constant id - assumed 'id' C:\xampp\htdocs\mall\mobile\app\b2b\Application\Runtime\Cache\News\dfb1f5ab8d2ad817db7cf1c91f367627.php 第 3 行.
NOTIC: [8] Use of undefined constant id - assumed 'id' C:\xampp\htdocs\mall\mobile\app\b2b\Application\Runtime\Cache\News\dfb1f5ab8d2ad817db7cf1c91f367627.php 第 5 行.
NOTIC: [8] Use of undefined constant id - assumed 'id' C:\xampp\htdocs\mall\mobile\app\b2b\Application\Runtime\Cache\News\dfb1f5ab8d2ad817db7cf1c91f367627.php 第 6 行.
NOTIC: [8] Use of undefined constant id - assumed 'id' C:\xampp\htdocs\mall\mobile\app\b2b\Application\Runtime\Cache\News\dfb1f5ab8d2ad817db7cf1c91f367627.php 第 3 行.
NOTIC: [8] Use of undefined constant id - assumed 'id' C:\xampp\htdocs\mall\mobile\app\b2b\Application\Runtime\Cache\News\dfb1f5ab8d2ad817db7cf1c91f367627.php 第 5 行.
NOTIC: [8] Use of undefined constant id - assumed 'id' C:\xampp\htdocs\mall\mobile\app\b2b\Application\Runtime\Cache\News\dfb1f5ab8d2ad817db7cf1c91f367627.php 第 6 行.
NOTIC: [8] Use of undefined constant id - assumed 'id' C:\xampp\htdocs\mall\mobile\app\b2b\Application\Runtime\Cache\News\dfb1f5ab8d2ad817db7cf1c91f367627.php 第 3 行.
NOTIC: [8] Use of undefined constant id - assumed 'id' C:\xampp\htdocs\mall\mobile\app\b2b\Application\Runtime\Cache\News\dfb1f5ab8d2ad817db7cf1c91f367627.php 第 5 行.
NOTIC: [8] Use of undefined constant id - assumed 'id' C:\xampp\htdocs\mall\mobile\app\b2b\Application\Runtime\Cache\News\dfb1f5ab8d2ad817db7cf1c91f367627.php 第 6 行.
INFO: Run Behavior\ParseTemplateBehavior [ RunTime:0.030274s ]
INFO: [ view_parse ] --END-- [ RunTime:0.030274s ]
INFO: [ view_filter ] --START--
INFO: Run Behavior\WriteHtmlCacheBehavior [ RunTime:0.000977s ]
INFO: [ view_filter ] --END-- [ RunTime:0.000977s ]
INFO: [ app_end ] --START--
INFO: Run Behavior\ShowPageTraceBehavior [ RunTime:0.000977s ]
INFO: [ app_end ] --END-- [ RunTime:0.000977s ]

[ 2015-06-25T12:45:43+08:00 ] 14.23.149.250 /mobile/app/b2b/index.php/News/News/getColumnArticles.html
INFO: [ app_init ] --START--
INFO: Run Behavior\BuildLiteBehavior [ RunTime:0.000000s ]
INFO: [ app_init ] --END-- [ RunTime:0.000977s ]
INFO: [ app_begin ] --START--
INFO: Run Behavior\ReadHtmlCacheBehavior [ RunTime:0.000977s ]
INFO: [ app_begin ] --END-- [ RunTime:0.000977s ]
SQL: SHOW COLUMNS FROM `archives` [ RunTime:0.0029s ]
SQL: select a.id,a.litpic,from_unixtime(a.pubdate,'%Y-%m-%d') as pubdate,left(a.description,30) as description,a.typeid,a.title,a.writer,t.typename from archives a left join arctype t on a.typeid=t.id where arcrank=0 and typeid=91  order by a.pubdate desc limit 0,5 [ RunTime:0.0000s ]
INFO: [ view_parse ] --START--
INFO: [ template_filter ] --START--
INFO: Run Behavior\ContentReplaceBehavior [ RunTime:0.000000s ]
INFO: [ template_filter ] --END-- [ RunTime:0.000000s ]
NOTIC: [8] Use of undefined constant id - assumed 'id' C:\xampp\htdocs\mall\mobile\app\b2b\Application\Runtime\Cache\News\dfb1f5ab8d2ad817db7cf1c91f367627.php 第 3 行.
NOTIC: [8] Use of undefined constant id - assumed 'id' C:\xampp\htdocs\mall\mobile\app\b2b\Application\Runtime\Cache\News\dfb1f5ab8d2ad817db7cf1c91f367627.php 第 5 行.
NOTIC: [8] Use of undefined constant id - assumed 'id' C:\xampp\htdocs\mall\mobile\app\b2b\Application\Runtime\Cache\News\dfb1f5ab8d2ad817db7cf1c91f367627.php 第 6 行.
NOTIC: [8] Use of undefined constant id - assumed 'id' C:\xampp\htdocs\mall\mobile\app\b2b\Application\Runtime\Cache\News\dfb1f5ab8d2ad817db7cf1c91f367627.php 第 3 行.
NOTIC: [8] Use of undefined constant id - assumed 'id' C:\xampp\htdocs\mall\mobile\app\b2b\Application\Runtime\Cache\News\dfb1f5ab8d2ad817db7cf1c91f367627.php 第 5 行.
NOTIC: [8] Use of undefined constant id - assumed 'id' C:\xampp\htdocs\mall\mobile\app\b2b\Application\Runtime\Cache\News\dfb1f5ab8d2ad817db7cf1c91f367627.php 第 6 行.
NOTIC: [8] Use of undefined constant id - assumed 'id' C:\xampp\htdocs\mall\mobile\app\b2b\Application\Runtime\Cache\News\dfb1f5ab8d2ad817db7cf1c91f367627.php 第 3 行.
NOTIC: [8] Use of undefined constant id - assumed 'id' C:\xampp\htdocs\mall\mobile\app\b2b\Application\Runtime\Cache\News\dfb1f5ab8d2ad817db7cf1c91f367627.php 第 5 行.
NOTIC: [8] Use of undefined constant id - assumed 'id' C:\xampp\htdocs\mall\mobile\app\b2b\Application\Runtime\Cache\News\dfb1f5ab8d2ad817db7cf1c91f367627.php 第 6 行.
NOTIC: [8] Use of undefined constant id - assumed 'id' C:\xampp\htdocs\mall\mobile\app\b2b\Application\Runtime\Cache\News\dfb1f5ab8d2ad817db7cf1c91f367627.php 第 3 行.
NOTIC: [8] Use of undefined constant id - assumed 'id' C:\xampp\htdocs\mall\mobile\app\b2b\Application\Runtime\Cache\News\dfb1f5ab8d2ad817db7cf1c91f367627.php 第 5 行.
NOTIC: [8] Use of undefined constant id - assumed 'id' C:\xampp\htdocs\mall\mobile\app\b2b\Application\Runtime\Cache\News\dfb1f5ab8d2ad817db7cf1c91f367627.php 第 6 行.
INFO: Run Behavior\ParseTemplateBehavior [ RunTime:0.006836s ]
INFO: [ view_parse ] --END-- [ RunTime:0.006836s ]
INFO: [ view_filter ] --START--
INFO: Run Behavior\WriteHtmlCacheBehavior [ RunTime:0.000976s ]
INFO: [ view_filter ] --END-- [ RunTime:0.000976s ]
INFO: [ app_end ] --START--
INFO: Run Behavior\ShowPageTraceBehavior [ RunTime:0.000977s ]
INFO: [ app_end ] --END-- [ RunTime:0.000977s ]

[ 2015-06-25T12:45:44+08:00 ] 14.23.149.250 /mobile/app/b2b/index.php/News/News/getColumnArticles.html
INFO: [ app_init ] --START--
INFO: Run Behavior\BuildLiteBehavior [ RunTime:0.000000s ]
INFO: [ app_init ] --END-- [ RunTime:0.000000s ]
INFO: [ app_begin ] --START--
INFO: Run Behavior\ReadHtmlCacheBehavior [ RunTime:0.000976s ]
INFO: [ app_begin ] --END-- [ RunTime:0.000976s ]
SQL: SHOW COLUMNS FROM `archives` [ RunTime:0.0029s ]
SQL: select a.id,a.litpic,from_unixtime(a.pubdate,'%Y-%m-%d') as pubdate,left(a.description,30) as description,a.typeid,a.title,a.writer,t.typename from archives a left join arctype t on a.typeid=t.id where arcrank=0 and typeid=90  order by a.pubdate desc limit 0,5 [ RunTime:0.0010s ]
INFO: [ view_parse ] --START--
INFO: [ template_filter ] --START--
INFO: Run Behavior\ContentReplaceBehavior [ RunTime:0.000000s ]
INFO: [ template_filter ] --END-- [ RunTime:0.000000s ]
NOTIC: [8] Use of undefined constant id - assumed 'id' C:\xampp\htdocs\mall\mobile\app\b2b\Application\Runtime\Cache\News\dfb1f5ab8d2ad817db7cf1c91f367627.php 第 3 行.
NOTIC: [8] Use of undefined constant id - assumed 'id' C:\xampp\htdocs\mall\mobile\app\b2b\Application\Runtime\Cache\News\dfb1f5ab8d2ad817db7cf1c91f367627.php 第 5 行.
NOTIC: [8] Use of undefined constant id - assumed 'id' C:\xampp\htdocs\mall\mobile\app\b2b\Application\Runtime\Cache\News\dfb1f5ab8d2ad817db7cf1c91f367627.php 第 6 行.
NOTIC: [8] Use of undefined constant id - assumed 'id' C:\xampp\htdocs\mall\mobile\app\b2b\Application\Runtime\Cache\News\dfb1f5ab8d2ad817db7cf1c91f367627.php 第 3 行.
NOTIC: [8] Use of undefined constant id - assumed 'id' C:\xampp\htdocs\mall\mobile\app\b2b\Application\Runtime\Cache\News\dfb1f5ab8d2ad817db7cf1c91f367627.php 第 5 行.
NOTIC: [8] Use of undefined constant id - assumed 'id' C:\xampp\htdocs\mall\mobile\app\b2b\Application\Runtime\Cache\News\dfb1f5ab8d2ad817db7cf1c91f367627.php 第 6 行.
NOTIC: [8] Use of undefined constant id - assumed 'id' C:\xampp\htdocs\mall\mobile\app\b2b\Application\Runtime\Cache\News\dfb1f5ab8d2ad817db7cf1c91f367627.php 第 3 行.
NOTIC: [8] Use of undefined constant id - assumed 'id' C:\xampp\htdocs\mall\mobile\app\b2b\Application\Runtime\Cache\News\dfb1f5ab8d2ad817db7cf1c91f367627.php 第 5 行.
NOTIC: [8] Use of undefined constant id - assumed 'id' C:\xampp\htdocs\mall\mobile\app\b2b\Application\Runtime\Cache\News\dfb1f5ab8d2ad817db7cf1c91f367627.php 第 6 行.
NOTIC: [8] Use of undefined constant id - assumed 'id' C:\xampp\htdocs\mall\mobile\app\b2b\Application\Runtime\Cache\News\dfb1f5ab8d2ad817db7cf1c91f367627.php 第 3 行.
NOTIC: [8] Use of undefined constant id - assumed 'id' C:\xampp\htdocs\mall\mobile\app\b2b\Application\Runtime\Cache\News\dfb1f5ab8d2ad817db7cf1c91f367627.php 第 5 行.
NOTIC: [8] Use of undefined constant id - assumed 'id' C:\xampp\htdocs\mall\mobile\app\b2b\Application\Runtime\Cache\News\dfb1f5ab8d2ad817db7cf1c91f367627.php 第 6 行.
NOTIC: [8] Use of undefined constant id - assumed 'id' C:\xampp\htdocs\mall\mobile\app\b2b\Application\Runtime\Cache\News\dfb1f5ab8d2ad817db7cf1c91f367627.php 第 3 行.
NOTIC: [8] Use of undefined constant id - assumed 'id' C:\xampp\htdocs\mall\mobile\app\b2b\Application\Runtime\Cache\News\dfb1f5ab8d2ad817db7cf1c91f367627.php 第 5 行.
NOTIC: [8] Use of undefined constant id - assumed 'id' C:\xampp\htdocs\mall\mobile\app\b2b\Application\Runtime\Cache\News\dfb1f5ab8d2ad817db7cf1c91f367627.php 第 6 行.
INFO: Run Behavior\ParseTemplateBehavior [ RunTime:0.011719s ]
INFO: [ view_parse ] --END-- [ RunTime:0.011719s ]
INFO: [ view_filter ] --START--
INFO: Run Behavior\WriteHtmlCacheBehavior [ RunTime:0.000000s ]
INFO: [ view_filter ] --END-- [ RunTime:0.000000s ]
INFO: [ app_end ] --START--
INFO: Run Behavior\ShowPageTraceBehavior [ RunTime:0.000977s ]
INFO: [ app_end ] --END-- [ RunTime:0.000977s ]

[ 2015-06-25T12:45:46+08:00 ] 14.23.149.250 /mobile/app/b2b/index.php/News/News/getColumnArticles.html
INFO: [ app_init ] --START--
INFO: Run Behavior\BuildLiteBehavior [ RunTime:0.000000s ]
INFO: [ app_init ] --END-- [ RunTime:0.000977s ]
INFO: [ app_begin ] --START--
INFO: Run Behavior\ReadHtmlCacheBehavior [ RunTime:0.000977s ]
INFO: [ app_begin ] --END-- [ RunTime:0.000977s ]
SQL: SHOW COLUMNS FROM `archives` [ RunTime:0.0029s ]
SQL: select a.id,a.litpic,from_unixtime(a.pubdate,'%Y-%m-%d') as pubdate,left(a.description,30) as description,a.typeid,a.title,a.writer,t.typename from archives a left join arctype t on a.typeid=t.id where arcrank=0 and typeid=90  order by a.pubdate desc limit 5,5 [ RunTime:0.0010s ]
INFO: [ view_parse ] --START--
INFO: [ template_filter ] --START--
INFO: Run Behavior\ContentReplaceBehavior [ RunTime:0.000000s ]
INFO: [ template_filter ] --END-- [ RunTime:0.000000s ]
NOTIC: [8] Use of undefined constant id - assumed 'id' C:\xampp\htdocs\mall\mobile\app\b2b\Application\Runtime\Cache\News\dfb1f5ab8d2ad817db7cf1c91f367627.php 第 3 行.
NOTIC: [8] Use of undefined constant id - assumed 'id' C:\xampp\htdocs\mall\mobile\app\b2b\Application\Runtime\Cache\News\dfb1f5ab8d2ad817db7cf1c91f367627.php 第 5 行.
NOTIC: [8] Use of undefined constant id - assumed 'id' C:\xampp\htdocs\mall\mobile\app\b2b\Application\Runtime\Cache\News\dfb1f5ab8d2ad817db7cf1c91f367627.php 第 6 行.
NOTIC: [8] Use of undefined constant id - assumed 'id' C:\xampp\htdocs\mall\mobile\app\b2b\Application\Runtime\Cache\News\dfb1f5ab8d2ad817db7cf1c91f367627.php 第 3 行.
NOTIC: [8] Use of undefined constant id - assumed 'id' C:\xampp\htdocs\mall\mobile\app\b2b\Application\Runtime\Cache\News\dfb1f5ab8d2ad817db7cf1c91f367627.php 第 5 行.
NOTIC: [8] Use of undefined constant id - assumed 'id' C:\xampp\htdocs\mall\mobile\app\b2b\Application\Runtime\Cache\News\dfb1f5ab8d2ad817db7cf1c91f367627.php 第 6 行.
NOTIC: [8] Use of undefined constant id - assumed 'id' C:\xampp\htdocs\mall\mobile\app\b2b\Application\Runtime\Cache\News\dfb1f5ab8d2ad817db7cf1c91f367627.php 第 3 行.
NOTIC: [8] Use of undefined constant id - assumed 'id' C:\xampp\htdocs\mall\mobile\app\b2b\Application\Runtime\Cache\News\dfb1f5ab8d2ad817db7cf1c91f367627.php 第 5 行.
NOTIC: [8] Use of undefined constant id - assumed 'id' C:\xampp\htdocs\mall\mobile\app\b2b\Application\Runtime\Cache\News\dfb1f5ab8d2ad817db7cf1c91f367627.php 第 6 行.
NOTIC: [8] Use of undefined constant id - assumed 'id' C:\xampp\htdocs\mall\mobile\app\b2b\Application\Runtime\Cache\News\dfb1f5ab8d2ad817db7cf1c91f367627.php 第 3 行.
NOTIC: [8] Use of undefined constant id - assumed 'id' C:\xampp\htdocs\mall\mobile\app\b2b\Application\Runtime\Cache\News\dfb1f5ab8d2ad817db7cf1c91f367627.php 第 5 行.
NOTIC: [8] Use of undefined constant id - assumed 'id' C:\xampp\htdocs\mall\mobile\app\b2b\Application\Runtime\Cache\News\dfb1f5ab8d2ad817db7cf1c91f367627.php 第 6 行.
NOTIC: [8] Use of undefined constant id - assumed 'id' C:\xampp\htdocs\mall\mobile\app\b2b\Application\Runtime\Cache\News\dfb1f5ab8d2ad817db7cf1c91f367627.php 第 3 行.
NOTIC: [8] Use of undefined constant id - assumed 'id' C:\xampp\htdocs\mall\mobile\app\b2b\Application\Runtime\Cache\News\dfb1f5ab8d2ad817db7cf1c91f367627.php 第 5 行.
NOTIC: [8] Use of undefined constant id - assumed 'id' C:\xampp\htdocs\mall\mobile\app\b2b\Application\Runtime\Cache\News\dfb1f5ab8d2ad817db7cf1c91f367627.php 第 6 行.
INFO: Run Behavior\ParseTemplateBehavior [ RunTime:0.007813s ]
INFO: [ view_parse ] --END-- [ RunTime:0.007813s ]
INFO: [ view_filter ] --START--
INFO: Run Behavior\WriteHtmlCacheBehavior [ RunTime:0.000000s ]
INFO: [ view_filter ] --END-- [ RunTime:0.000000s ]
INFO: [ app_end ] --START--
INFO: Run Behavior\ShowPageTraceBehavior [ RunTime:0.000976s ]
INFO: [ app_end ] --END-- [ RunTime:0.000976s ]

[ 2015-06-25T12:45:47+08:00 ] 14.23.149.250 /mobile/app/b2b/index.php/News/News/getColumnArticles.html
INFO: [ app_init ] --START--
INFO: Run Behavior\BuildLiteBehavior [ RunTime:0.000000s ]
INFO: [ app_init ] --END-- [ RunTime:0.000000s ]
INFO: [ app_begin ] --START--
INFO: Run Behavior\ReadHtmlCacheBehavior [ RunTime:0.000000s ]
INFO: [ app_begin ] --END-- [ RunTime:0.000976s ]
SQL: SHOW COLUMNS FROM `archives` [ RunTime:0.0020s ]
SQL: select a.id,a.litpic,from_unixtime(a.pubdate,'%Y-%m-%d') as pubdate,left(a.description,30) as description,a.typeid,a.title,a.writer,t.typename from archives a left join arctype t on a.typeid=t.id where arcrank=0 and typeid=90  order by a.pubdate desc limit 10,5 [ RunTime:0.0000s ]
INFO: [ view_parse ] --START--
INFO: [ template_filter ] --START--
INFO: Run Behavior\ContentReplaceBehavior [ RunTime:0.000000s ]
INFO: [ template_filter ] --END-- [ RunTime:0.000000s ]
NOTIC: [8] Use of undefined constant id - assumed 'id' C:\xampp\htdocs\mall\mobile\app\b2b\Application\Runtime\Cache\News\dfb1f5ab8d2ad817db7cf1c91f367627.php 第 3 行.
NOTIC: [8] Use of undefined constant id - assumed 'id' C:\xampp\htdocs\mall\mobile\app\b2b\Application\Runtime\Cache\News\dfb1f5ab8d2ad817db7cf1c91f367627.php 第 5 行.
NOTIC: [8] Use of undefined constant id - assumed 'id' C:\xampp\htdocs\mall\mobile\app\b2b\Application\Runtime\Cache\News\dfb1f5ab8d2ad817db7cf1c91f367627.php 第 6 行.
INFO: Run Behavior\ParseTemplateBehavior [ RunTime:0.006836s ]
INFO: [ view_parse ] --END-- [ RunTime:0.006836s ]
INFO: [ view_filter ] --START--
INFO: Run Behavior\WriteHtmlCacheBehavior [ RunTime:0.000000s ]
INFO: [ view_filter ] --END-- [ RunTime:0.000000s ]
INFO: [ app_end ] --START--
INFO: Run Behavior\ShowPageTraceBehavior [ RunTime:0.000977s ]
INFO: [ app_end ] --END-- [ RunTime:0.000977s ]

[ 2015-06-25T12:45:48+08:00 ] 14.23.149.250 /mobile/app/b2b/index.php/News/News/getColumnArticles.html
INFO: [ app_init ] --START--
INFO: Run Behavior\BuildLiteBehavior [ RunTime:0.000000s ]
INFO: [ app_init ] --END-- [ RunTime:0.000976s ]
INFO: [ app_begin ] --START--
INFO: Run Behavior\ReadHtmlCacheBehavior [ RunTime:0.000000s ]
INFO: [ app_begin ] --END-- [ RunTime:0.000000s ]
SQL: SHOW COLUMNS FROM `archives` [ RunTime:0.0029s ]
SQL: select a.id,a.litpic,from_unixtime(a.pubdate,'%Y-%m-%d') as pubdate,left(a.description,30) as description,a.typeid,a.title,a.writer,t.typename from archives a left join arctype t on a.typeid=t.id where arcrank=0 and typeid=90  order by a.pubdate desc limit 15,5 [ RunTime:0.0010s ]
INFO: [ view_parse ] --START--
INFO: [ template_filter ] --START--
INFO: Run Behavior\ContentReplaceBehavior [ RunTime:0.000000s ]
INFO: [ template_filter ] --END-- [ RunTime:0.000000s ]
INFO: Run Behavior\ParseTemplateBehavior [ RunTime:0.006836s ]
INFO: [ view_parse ] --END-- [ RunTime:0.006836s ]
INFO: [ view_filter ] --START--
INFO: Run Behavior\WriteHtmlCacheBehavior [ RunTime:0.000000s ]
INFO: [ view_filter ] --END-- [ RunTime:0.000000s ]
INFO: [ app_end ] --START--
INFO: Run Behavior\ShowPageTraceBehavior [ RunTime:0.000977s ]
INFO: [ app_end ] --END-- [ RunTime:0.000977s ]

[ 2015-06-25T13:14:42+08:00 ] 121.204.210.31 /mobile/app/b2b/index.php/News/Index/detail/aid/6037.html
INFO: [ app_init ] --START--
INFO: Run Behavior\BuildLiteBehavior [ RunTime:0.000000s ]
INFO: [ app_init ] --END-- [ RunTime:0.000000s ]
INFO: [ app_begin ] --START--
INFO: Run Behavior\ReadHtmlCacheBehavior [ RunTime:0.000000s ]
INFO: [ app_begin ] --END-- [ RunTime:0.000000s ]
SQL: SHOW COLUMNS FROM `hill_img` [ RunTime:0.0459s ]
SQL: SELECT `cyte`,`body`,`zuobiao`,`pics`,`mobile_img` FROM `hill_img` WHERE ( aid='6037' ) LIMIT 1   [ RunTime:0.0000s ]
SQL: SHOW COLUMNS FROM `archives` [ RunTime:0.0020s ]
SQL: select a.id,from_unixtime(a.pubdate,'%Y-%m-%d') as pubdate,a.goodpost,a.title,a.writer,ad.body from archives a left join addonarticle ad on a.id=ad.aid where id=6037 [ RunTime:0.0195s ]
INFO: [ view_parse ] --START--
INFO: [ template_filter ] --START--
INFO: Run Behavior\ContentReplaceBehavior [ RunTime:0.000000s ]
INFO: [ template_filter ] --END-- [ RunTime:0.000000s ]
NOTIC: [8] Undefined index: pics C:\xampp\htdocs\mall\mobile\app\b2b\Application\Runtime\Cache\News\5b220d8fd5c0c22511b53a047888c968.php 第 38 行.
NOTIC: [8] Undefined variable: host C:\xampp\htdocs\mall\mobile\app\b2b\Application\Runtime\Cache\News\5b220d8fd5c0c22511b53a047888c968.php 第 39 行.
INFO: Run Behavior\ParseTemplateBehavior [ RunTime:0.013672s ]
INFO: [ view_parse ] --END-- [ RunTime:0.013672s ]
INFO: [ view_filter ] --START--
INFO: Run Behavior\WriteHtmlCacheBehavior [ RunTime:0.000000s ]
INFO: [ view_filter ] --END-- [ RunTime:0.000977s ]
INFO: [ app_end ] --START--
INFO: Run Behavior\ShowPageTraceBehavior [ RunTime:0.000976s ]
INFO: [ app_end ] --END-- [ RunTime:0.000976s ]

[ 2015-06-25T13:37:02+08:00 ] 14.205.61.235 /mobile/app/b2b/index.php/News/Index/index
INFO: [ app_init ] --START--
INFO: Run Behavior\BuildLiteBehavior [ RunTime:0.000000s ]
INFO: [ app_init ] --END-- [ RunTime:0.000977s ]
INFO: [ app_begin ] --START--
INFO: Run Behavior\ReadHtmlCacheBehavior [ RunTime:0.000977s ]
INFO: [ app_begin ] --END-- [ RunTime:0.000977s ]
INFO: [ view_parse ] --START--
INFO: [ template_filter ] --START--
INFO: Run Behavior\ContentReplaceBehavior [ RunTime:0.000000s ]
INFO: [ template_filter ] --END-- [ RunTime:0.000976s ]
INFO: Run Behavior\ParseTemplateBehavior [ RunTime:0.051755s ]
INFO: [ view_parse ] --END-- [ RunTime:0.051755s ]
INFO: [ view_filter ] --START--
INFO: Run Behavior\WriteHtmlCacheBehavior [ RunTime:0.000976s ]
INFO: [ view_filter ] --END-- [ RunTime:0.000976s ]
INFO: [ app_end ] --START--
INFO: Run Behavior\ShowPageTraceBehavior [ RunTime:0.000977s ]
INFO: [ app_end ] --END-- [ RunTime:0.000977s ]

[ 2015-06-25T13:37:14+08:00 ] 14.205.61.235 /mobile/app/b2b/index.php/News/Index/detail/aid/2983
INFO: [ app_init ] --START--
INFO: Run Behavior\BuildLiteBehavior [ RunTime:0.000000s ]
INFO: [ app_init ] --END-- [ RunTime:0.000000s ]
INFO: [ app_begin ] --START--
INFO: Run Behavior\ReadHtmlCacheBehavior [ RunTime:0.000000s ]
INFO: [ app_begin ] --END-- [ RunTime:0.000000s ]
SQL: SHOW COLUMNS FROM `hill_img` [ RunTime:0.0020s ]
SQL: SELECT `cyte`,`body`,`zuobiao`,`pics`,`mobile_img` FROM `hill_img` WHERE ( aid='2983' ) LIMIT 1   [ RunTime:0.0107s ]
SQL: SHOW COLUMNS FROM `archives` [ RunTime:0.0020s ]
SQL: SELECT `title` FROM `archives` WHERE ( id=2983 ) LIMIT 1   [ RunTime:0.0010s ]
SQL: select id,title from archives where title like '%勐海茶区%' limit 0,10 [ RunTime:0.0439s ]
INFO: [ view_parse ] --START--
INFO: [ template_filter ] --START--
INFO: Run Behavior\ContentReplaceBehavior [ RunTime:0.000000s ]
INFO: [ template_filter ] --END-- [ RunTime:0.000000s ]
INFO: Run Behavior\ParseTemplateBehavior [ RunTime:0.009765s ]
INFO: [ view_parse ] --END-- [ RunTime:0.009765s ]
INFO: [ view_filter ] --START--
INFO: Run Behavior\WriteHtmlCacheBehavior [ RunTime:0.000000s ]
INFO: [ view_filter ] --END-- [ RunTime:0.000000s ]
INFO: [ app_end ] --START--
INFO: Run Behavior\ShowPageTraceBehavior [ RunTime:0.000977s ]
INFO: [ app_end ] --END-- [ RunTime:0.000977s ]

[ 2015-06-25T13:37:14+08:00 ] 14.205.61.235 /mobile/app/b2b/index.php/News/Index/map
INFO: [ app_init ] --START--
INFO: Run Behavior\BuildLiteBehavior [ RunTime:0.000000s ]
INFO: [ app_init ] --END-- [ RunTime:0.000000s ]
INFO: [ app_begin ] --START--
INFO: Run Behavior\ReadHtmlCacheBehavior [ RunTime:0.000000s ]
INFO: [ app_begin ] --END-- [ RunTime:0.000000s ]
INFO: [ view_parse ] --START--
INFO: [ template_filter ] --START--
INFO: Run Behavior\ContentReplaceBehavior [ RunTime:0.000000s ]
INFO: [ template_filter ] --END-- [ RunTime:0.000000s ]
INFO: Run Behavior\ParseTemplateBehavior [ RunTime:0.023436s ]
INFO: [ view_parse ] --END-- [ RunTime:0.023436s ]
INFO: [ view_filter ] --START--
INFO: Run Behavior\WriteHtmlCacheBehavior [ RunTime:0.000977s ]
INFO: [ view_filter ] --END-- [ RunTime:0.000977s ]
INFO: [ app_end ] --START--
INFO: Run Behavior\ShowPageTraceBehavior [ RunTime:0.000000s ]
INFO: [ app_end ] --END-- [ RunTime:0.000976s ]

[ 2015-06-25T14:38:15+08:00 ] 121.204.210.31 /mobile/app/b2b/index.php/News/news
INFO: [ app_init ] --START--
INFO: Run Behavior\BuildLiteBehavior [ RunTime:0.000000s ]
INFO: [ app_init ] --END-- [ RunTime:0.000000s ]
INFO: [ app_begin ] --START--
INFO: Run Behavior\ReadHtmlCacheBehavior [ RunTime:0.000976s ]
INFO: [ app_begin ] --END-- [ RunTime:0.000976s ]
NOTIC: [8] Undefined index: typeid C:\xampp\htdocs\mall\mobile\app\b2b\Application\News\Controller\NewsController.class.php 第 28 行.
SQL: SHOW COLUMNS FROM `archives` [ RunTime:0.0020s ]
SQL: select a.id,a.litpic,from_unixtime(a.pubdate,'%Y-%m-%d') as pubdate,left(a.description,30) as description,a.typeid,a.title,a.writer,t.typename from archives a left join arctype t on a.typeid=t.id where arcrank=0 and typeid in (88,89,90,91,92) order by a.pubdate desc limit 0,5 [ RunTime:0.0010s ]
INFO: [ view_parse ] --START--
INFO: [ template_filter ] --START--
INFO: Run Behavior\ContentReplaceBehavior [ RunTime:0.000000s ]
INFO: [ template_filter ] --END-- [ RunTime:0.000000s ]
NOTIC: [8] Use of undefined constant id - assumed 'id' C:\xampp\htdocs\mall\mobile\app\b2b\Application\Runtime\Cache\News\7523b64d4b63fdcf7f8b65c00c7b9965.php 第 93 行.
NOTIC: [8] Use of undefined constant id - assumed 'id' C:\xampp\htdocs\mall\mobile\app\b2b\Application\Runtime\Cache\News\7523b64d4b63fdcf7f8b65c00c7b9965.php 第 95 行.
NOTIC: [8] Use of undefined constant id - assumed 'id' C:\xampp\htdocs\mall\mobile\app\b2b\Application\Runtime\Cache\News\7523b64d4b63fdcf7f8b65c00c7b9965.php 第 96 行.
NOTIC: [8] Use of undefined constant id - assumed 'id' C:\xampp\htdocs\mall\mobile\app\b2b\Application\Runtime\Cache\News\7523b64d4b63fdcf7f8b65c00c7b9965.php 第 93 行.
NOTIC: [8] Use of undefined constant id - assumed 'id' C:\xampp\htdocs\mall\mobile\app\b2b\Application\Runtime\Cache\News\7523b64d4b63fdcf7f8b65c00c7b9965.php 第 95 行.
NOTIC: [8] Use of undefined constant id - assumed 'id' C:\xampp\htdocs\mall\mobile\app\b2b\Application\Runtime\Cache\News\7523b64d4b63fdcf7f8b65c00c7b9965.php 第 96 行.
NOTIC: [8] Use of undefined constant id - assumed 'id' C:\xampp\htdocs\mall\mobile\app\b2b\Application\Runtime\Cache\News\7523b64d4b63fdcf7f8b65c00c7b9965.php 第 93 行.
NOTIC: [8] Use of undefined constant id - assumed 'id' C:\xampp\htdocs\mall\mobile\app\b2b\Application\Runtime\Cache\News\7523b64d4b63fdcf7f8b65c00c7b9965.php 第 95 行.
NOTIC: [8] Use of undefined constant id - assumed 'id' C:\xampp\htdocs\mall\mobile\app\b2b\Application\Runtime\Cache\News\7523b64d4b63fdcf7f8b65c00c7b9965.php 第 96 行.
NOTIC: [8] Use of undefined constant id - assumed 'id' C:\xampp\htdocs\mall\mobile\app\b2b\Application\Runtime\Cache\News\7523b64d4b63fdcf7f8b65c00c7b9965.php 第 93 行.
NOTIC: [8] Use of undefined constant id - assumed 'id' C:\xampp\htdocs\mall\mobile\app\b2b\Application\Runtime\Cache\News\7523b64d4b63fdcf7f8b65c00c7b9965.php 第 95 行.
NOTIC: [8] Use of undefined constant id - assumed 'id' C:\xampp\htdocs\mall\mobile\app\b2b\Application\Runtime\Cache\News\7523b64d4b63fdcf7f8b65c00c7b9965.php 第 96 行.
NOTIC: [8] Use of undefined constant id - assumed 'id' C:\xampp\htdocs\mall\mobile\app\b2b\Application\Runtime\Cache\News\7523b64d4b63fdcf7f8b65c00c7b9965.php 第 93 行.
NOTIC: [8] Use of undefined constant id - assumed 'id' C:\xampp\htdocs\mall\mobile\app\b2b\Application\Runtime\Cache\News\7523b64d4b63fdcf7f8b65c00c7b9965.php 第 95 行.
NOTIC: [8] Use of undefined constant id - assumed 'id' C:\xampp\htdocs\mall\mobile\app\b2b\Application\Runtime\Cache\News\7523b64d4b63fdcf7f8b65c00c7b9965.php 第 96 行.
INFO: Run Behavior\ParseTemplateBehavior [ RunTime:0.031248s ]
INFO: [ view_parse ] --END-- [ RunTime:0.031248s ]
INFO: [ view_filter ] --START--
INFO: Run Behavior\WriteHtmlCacheBehavior [ RunTime:0.000000s ]
INFO: [ view_filter ] --END-- [ RunTime:0.000000s ]
INFO: [ app_end ] --START--
INFO: Run Behavior\ShowPageTraceBehavior [ RunTime:0.000976s ]
INFO: [ app_end ] --END-- [ RunTime:0.000976s ]

[ 2015-06-25T14:38:30+08:00 ] 121.204.210.31 /mobile/app/b2b/index.php/News/News/getColumnArticles.html
INFO: [ app_init ] --START--
INFO: Run Behavior\BuildLiteBehavior [ RunTime:0.000000s ]
INFO: [ app_init ] --END-- [ RunTime:0.000977s ]
INFO: [ app_begin ] --START--
INFO: Run Behavior\ReadHtmlCacheBehavior [ RunTime:0.000977s ]
INFO: [ app_begin ] --END-- [ RunTime:0.000977s ]
SQL: SHOW COLUMNS FROM `archives` [ RunTime:0.0020s ]
SQL: select a.id,a.litpic,from_unixtime(a.pubdate,'%Y-%m-%d') as pubdate,left(a.description,30) as description,a.typeid,a.title,a.writer,t.typename from archives a left join arctype t on a.typeid=t.id where arcrank=0 and typeid in (88,89,90,91,92) order by a.pubdate desc limit 5,5 [ RunTime:0.0010s ]
INFO: [ view_parse ] --START--
INFO: [ template_filter ] --START--
INFO: Run Behavior\ContentReplaceBehavior [ RunTime:0.000976s ]
INFO: [ template_filter ] --END-- [ RunTime:0.000976s ]
NOTIC: [8] Use of undefined constant id - assumed 'id' C:\xampp\htdocs\mall\mobile\app\b2b\Application\Runtime\Cache\News\dfb1f5ab8d2ad817db7cf1c91f367627.php 第 3 行.
NOTIC: [8] Use of undefined constant id - assumed 'id' C:\xampp\htdocs\mall\mobile\app\b2b\Application\Runtime\Cache\News\dfb1f5ab8d2ad817db7cf1c91f367627.php 第 5 行.
NOTIC: [8] Use of undefined constant id - assumed 'id' C:\xampp\htdocs\mall\mobile\app\b2b\Application\Runtime\Cache\News\dfb1f5ab8d2ad817db7cf1c91f367627.php 第 6 行.
NOTIC: [8] Use of undefined constant id - assumed 'id' C:\xampp\htdocs\mall\mobile\app\b2b\Application\Runtime\Cache\News\dfb1f5ab8d2ad817db7cf1c91f367627.php 第 3 行.
NOTIC: [8] Use of undefined constant id - assumed 'id' C:\xampp\htdocs\mall\mobile\app\b2b\Application\Runtime\Cache\News\dfb1f5ab8d2ad817db7cf1c91f367627.php 第 5 行.
NOTIC: [8] Use of undefined constant id - assumed 'id' C:\xampp\htdocs\mall\mobile\app\b2b\Application\Runtime\Cache\News\dfb1f5ab8d2ad817db7cf1c91f367627.php 第 6 行.
NOTIC: [8] Use of undefined constant id - assumed 'id' C:\xampp\htdocs\mall\mobile\app\b2b\Application\Runtime\Cache\News\dfb1f5ab8d2ad817db7cf1c91f367627.php 第 3 行.
NOTIC: [8] Use of undefined constant id - assumed 'id' C:\xampp\htdocs\mall\mobile\app\b2b\Application\Runtime\Cache\News\dfb1f5ab8d2ad817db7cf1c91f367627.php 第 5 行.
NOTIC: [8] Use of undefined constant id - assumed 'id' C:\xampp\htdocs\mall\mobile\app\b2b\Application\Runtime\Cache\News\dfb1f5ab8d2ad817db7cf1c91f367627.php 第 6 行.
NOTIC: [8] Use of undefined constant id - assumed 'id' C:\xampp\htdocs\mall\mobile\app\b2b\Application\Runtime\Cache\News\dfb1f5ab8d2ad817db7cf1c91f367627.php 第 3 行.
NOTIC: [8] Use of undefined constant id - assumed 'id' C:\xampp\htdocs\mall\mobile\app\b2b\Application\Runtime\Cache\News\dfb1f5ab8d2ad817db7cf1c91f367627.php 第 5 行.
NOTIC: [8] Use of undefined constant id - assumed 'id' C:\xampp\htdocs\mall\mobile\app\b2b\Application\Runtime\Cache\News\dfb1f5ab8d2ad817db7cf1c91f367627.php 第 6 行.
NOTIC: [8] Use of undefined constant id - assumed 'id' C:\xampp\htdocs\mall\mobile\app\b2b\Application\Runtime\Cache\News\dfb1f5ab8d2ad817db7cf1c91f367627.php 第 3 行.
NOTIC: [8] Use of undefined constant id - assumed 'id' C:\xampp\htdocs\mall\mobile\app\b2b\Application\Runtime\Cache\News\dfb1f5ab8d2ad817db7cf1c91f367627.php 第 5 行.
NOTIC: [8] Use of undefined constant id - assumed 'id' C:\xampp\htdocs\mall\mobile\app\b2b\Application\Runtime\Cache\News\dfb1f5ab8d2ad817db7cf1c91f367627.php 第 6 行.
INFO: Run Behavior\ParseTemplateBehavior [ RunTime:0.008788s ]
INFO: [ view_parse ] --END-- [ RunTime:0.008788s ]
INFO: [ view_filter ] --START--
INFO: Run Behavior\WriteHtmlCacheBehavior [ RunTime:0.000000s ]
INFO: [ view_filter ] --END-- [ RunTime:0.000000s ]
INFO: [ app_end ] --START--
INFO: Run Behavior\ShowPageTraceBehavior [ RunTime:0.000977s ]
INFO: [ app_end ] --END-- [ RunTime:0.000977s ]

[ 2015-06-25T14:38:40+08:00 ] 121.204.210.31 /mobile/app/b2b/index.php/News/Index/index
INFO: [ app_init ] --START--
INFO: Run Behavior\BuildLiteBehavior [ RunTime:0.000000s ]
INFO: [ app_init ] --END-- [ RunTime:0.000000s ]
INFO: [ app_begin ] --START--
INFO: Run Behavior\ReadHtmlCacheBehavior [ RunTime:0.000976s ]
INFO: [ app_begin ] --END-- [ RunTime:0.000976s ]
INFO: [ view_parse ] --START--
INFO: [ template_filter ] --START--
INFO: Run Behavior\ContentReplaceBehavior [ RunTime:0.000000s ]
INFO: [ template_filter ] --END-- [ RunTime:0.000000s ]
INFO: Run Behavior\ParseTemplateBehavior [ RunTime:0.012694s ]
INFO: [ view_parse ] --END-- [ RunTime:0.012694s ]
INFO: [ view_filter ] --START--
INFO: Run Behavior\WriteHtmlCacheBehavior [ RunTime:0.000000s ]
INFO: [ view_filter ] --END-- [ RunTime:0.000977s ]
INFO: [ app_end ] --START--
INFO: Run Behavior\ShowPageTraceBehavior [ RunTime:0.000976s ]
INFO: [ app_end ] --END-- [ RunTime:0.000976s ]

[ 2015-06-25T14:38:48+08:00 ] 121.204.210.31 /mobile/app/b2b/index.php/News/Index/index
INFO: [ app_init ] --START--
INFO: Run Behavior\BuildLiteBehavior [ RunTime:0.000000s ]
INFO: [ app_init ] --END-- [ RunTime:0.000000s ]
INFO: [ app_begin ] --START--
INFO: Run Behavior\ReadHtmlCacheBehavior [ RunTime:0.000976s ]
INFO: [ app_begin ] --END-- [ RunTime:0.000976s ]
INFO: [ view_parse ] --START--
INFO: [ template_filter ] --START--
INFO: Run Behavior\ContentReplaceBehavior [ RunTime:0.000976s ]
INFO: [ template_filter ] --END-- [ RunTime:0.000976s ]
INFO: Run Behavior\ParseTemplateBehavior [ RunTime:0.013671s ]
INFO: [ view_parse ] --END-- [ RunTime:0.013671s ]
INFO: [ view_filter ] --START--
INFO: Run Behavior\WriteHtmlCacheBehavior [ RunTime:0.000976s ]
INFO: [ view_filter ] --END-- [ RunTime:0.000976s ]
INFO: [ app_end ] --START--
INFO: Run Behavior\ShowPageTraceBehavior [ RunTime:0.000977s ]
INFO: [ app_end ] --END-- [ RunTime:0.000977s ]

[ 2015-06-25T14:53:55+08:00 ] 121.204.210.31 /mobile/app/b2b/index.php/News/news
INFO: [ app_init ] --START--
INFO: Run Behavior\BuildLiteBehavior [ RunTime:0.000000s ]
INFO: [ app_init ] --END-- [ RunTime:0.000977s ]
INFO: [ app_begin ] --START--
INFO: Run Behavior\ReadHtmlCacheBehavior [ RunTime:0.000000s ]
INFO: [ app_begin ] --END-- [ RunTime:0.000976s ]
NOTIC: [8] Undefined index: typeid C:\xampp\htdocs\mall\mobile\app\b2b\Application\News\Controller\NewsController.class.php 第 28 行.
SQL: SHOW COLUMNS FROM `archives` [ RunTime:0.0029s ]
SQL: select a.id,a.litpic,from_unixtime(a.pubdate,'%Y-%m-%d') as pubdate,left(a.description,30) as description,a.typeid,a.title,a.writer,t.typename from archives a left join arctype t on a.typeid=t.id where arcrank=0 and typeid in (88,89,90,91,92) order by a.pubdate desc limit 0,5 [ RunTime:0.0020s ]
INFO: [ view_parse ] --START--
INFO: [ template_filter ] --START--
INFO: Run Behavior\ContentReplaceBehavior [ RunTime:0.000977s ]
INFO: [ template_filter ] --END-- [ RunTime:0.000977s ]
NOTIC: [8] Use of undefined constant id - assumed 'id' C:\xampp\htdocs\mall\mobile\app\b2b\Application\Runtime\Cache\News\7523b64d4b63fdcf7f8b65c00c7b9965.php 第 93 行.
NOTIC: [8] Use of undefined constant id - assumed 'id' C:\xampp\htdocs\mall\mobile\app\b2b\Application\Runtime\Cache\News\7523b64d4b63fdcf7f8b65c00c7b9965.php 第 95 行.
NOTIC: [8] Use of undefined constant id - assumed 'id' C:\xampp\htdocs\mall\mobile\app\b2b\Application\Runtime\Cache\News\7523b64d4b63fdcf7f8b65c00c7b9965.php 第 96 行.
NOTIC: [8] Use of undefined constant id - assumed 'id' C:\xampp\htdocs\mall\mobile\app\b2b\Application\Runtime\Cache\News\7523b64d4b63fdcf7f8b65c00c7b9965.php 第 93 行.
NOTIC: [8] Use of undefined constant id - assumed 'id' C:\xampp\htdocs\mall\mobile\app\b2b\Application\Runtime\Cache\News\7523b64d4b63fdcf7f8b65c00c7b9965.php 第 95 行.
NOTIC: [8] Use of undefined constant id - assumed 'id' C:\xampp\htdocs\mall\mobile\app\b2b\Application\Runtime\Cache\News\7523b64d4b63fdcf7f8b65c00c7b9965.php 第 96 行.
NOTIC: [8] Use of undefined constant id - assumed 'id' C:\xampp\htdocs\mall\mobile\app\b2b\Application\Runtime\Cache\News\7523b64d4b63fdcf7f8b65c00c7b9965.php 第 93 行.
NOTIC: [8] Use of undefined constant id - assumed 'id' C:\xampp\htdocs\mall\mobile\app\b2b\Application\Runtime\Cache\News\7523b64d4b63fdcf7f8b65c00c7b9965.php 第 95 行.
NOTIC: [8] Use of undefined constant id - assumed 'id' C:\xampp\htdocs\mall\mobile\app\b2b\Application\Runtime\Cache\News\7523b64d4b63fdcf7f8b65c00c7b9965.php 第 96 行.
NOTIC: [8] Use of undefined constant id - assumed 'id' C:\xampp\htdocs\mall\mobile\app\b2b\Application\Runtime\Cache\News\7523b64d4b63fdcf7f8b65c00c7b9965.php 第 93 行.
NOTIC: [8] Use of undefined constant id - assumed 'id' C:\xampp\htdocs\mall\mobile\app\b2b\Application\Runtime\Cache\News\7523b64d4b63fdcf7f8b65c00c7b9965.php 第 95 行.
NOTIC: [8] Use of undefined constant id - assumed 'id' C:\xampp\htdocs\mall\mobile\app\b2b\Application\Runtime\Cache\News\7523b64d4b63fdcf7f8b65c00c7b9965.php 第 96 行.
NOTIC: [8] Use of undefined constant id - assumed 'id' C:\xampp\htdocs\mall\mobile\app\b2b\Application\Runtime\Cache\News\7523b64d4b63fdcf7f8b65c00c7b9965.php 第 93 行.
NOTIC: [8] Use of undefined constant id - assumed 'id' C:\xampp\htdocs\mall\mobile\app\b2b\Application\Runtime\Cache\News\7523b64d4b63fdcf7f8b65c00c7b9965.php 第 95 行.
NOTIC: [8] Use of undefined constant id - assumed 'id' C:\xampp\htdocs\mall\mobile\app\b2b\Application\Runtime\Cache\News\7523b64d4b63fdcf7f8b65c00c7b9965.php 第 96 行.
INFO: Run Behavior\ParseTemplateBehavior [ RunTime:0.009766s ]
INFO: [ view_parse ] --END-- [ RunTime:0.009766s ]
INFO: [ view_filter ] --START--
INFO: Run Behavior\WriteHtmlCacheBehavior [ RunTime:0.000000s ]
INFO: [ view_filter ] --END-- [ RunTime:0.000000s ]
INFO: [ app_end ] --START--
INFO: Run Behavior\ShowPageTraceBehavior [ RunTime:0.000977s ]
INFO: [ app_end ] --END-- [ RunTime:0.000977s ]

[ 2015-06-25T14:54:01+08:00 ] 121.204.210.31 /mobile/app/b2b/index.php/News/Index/detail/aid/6036.html
INFO: [ app_init ] --START--
INFO: Run Behavior\BuildLiteBehavior [ RunTime:0.000000s ]
INFO: [ app_init ] --END-- [ RunTime:0.000000s ]
INFO: [ app_begin ] --START--
INFO: Run Behavior\ReadHtmlCacheBehavior [ RunTime:0.000977s ]
INFO: [ app_begin ] --END-- [ RunTime:0.000977s ]
SQL: SHOW COLUMNS FROM `hill_img` [ RunTime:0.0020s ]
SQL: SELECT `cyte`,`body`,`zuobiao`,`pics`,`mobile_img` FROM `hill_img` WHERE ( aid='6036' ) LIMIT 1   [ RunTime:0.0000s ]
SQL: SHOW COLUMNS FROM `archives` [ RunTime:0.0020s ]
SQL: select a.id,from_unixtime(a.pubdate,'%Y-%m-%d') as pubdate,a.goodpost,a.title,a.writer,ad.body from archives a left join addonarticle ad on a.id=ad.aid where id=6036 [ RunTime:0.0020s ]
INFO: [ view_parse ] --START--
INFO: [ template_filter ] --START--
INFO: Run Behavior\ContentReplaceBehavior [ RunTime:0.000000s ]
INFO: [ template_filter ] --END-- [ RunTime:0.000000s ]
NOTIC: [8] Undefined index: pics C:\xampp\htdocs\mall\mobile\app\b2b\Application\Runtime\Cache\News\5b220d8fd5c0c22511b53a047888c968.php 第 38 行.
NOTIC: [8] Undefined variable: host C:\xampp\htdocs\mall\mobile\app\b2b\Application\Runtime\Cache\News\5b220d8fd5c0c22511b53a047888c968.php 第 39 行.
INFO: Run Behavior\ParseTemplateBehavior [ RunTime:0.006836s ]
INFO: [ view_parse ] --END-- [ RunTime:0.006836s ]
INFO: [ view_filter ] --START--
INFO: Run Behavior\WriteHtmlCacheBehavior [ RunTime:0.000000s ]
INFO: [ view_filter ] --END-- [ RunTime:0.000000s ]
INFO: [ app_end ] --START--
INFO: Run Behavior\ShowPageTraceBehavior [ RunTime:0.000976s ]
INFO: [ app_end ] --END-- [ RunTime:0.000976s ]

[ 2015-06-25T14:54:01+08:00 ] 121.204.210.31 /mobile/app/b2b/index.php/News/Index/detail/aid/6036.html
INFO: [ app_init ] --START--
INFO: Run Behavior\BuildLiteBehavior [ RunTime:0.000000s ]
INFO: [ app_init ] --END-- [ RunTime:0.000000s ]
INFO: [ app_begin ] --START--
INFO: Run Behavior\ReadHtmlCacheBehavior [ RunTime:0.000977s ]
INFO: [ app_begin ] --END-- [ RunTime:0.000977s ]
SQL: SHOW COLUMNS FROM `hill_img` [ RunTime:0.0020s ]
SQL: SELECT `cyte`,`body`,`zuobiao`,`pics`,`mobile_img` FROM `hill_img` WHERE ( aid='6036' ) LIMIT 1   [ RunTime:0.0000s ]
SQL: SHOW COLUMNS FROM `archives` [ RunTime:0.0020s ]
SQL: select a.id,from_unixtime(a.pubdate,'%Y-%m-%d') as pubdate,a.goodpost,a.title,a.writer,ad.body from archives a left join addonarticle ad on a.id=ad.aid where id=6036 [ RunTime:0.0010s ]
INFO: [ view_parse ] --START--
INFO: [ template_filter ] --START--
INFO: Run Behavior\ContentReplaceBehavior [ RunTime:0.000000s ]
INFO: [ template_filter ] --END-- [ RunTime:0.000000s ]
NOTIC: [8] Undefined index: pics C:\xampp\htdocs\mall\mobile\app\b2b\Application\Runtime\Cache\News\5b220d8fd5c0c22511b53a047888c968.php 第 38 行.
NOTIC: [8] Undefined variable: host C:\xampp\htdocs\mall\mobile\app\b2b\Application\Runtime\Cache\News\5b220d8fd5c0c22511b53a047888c968.php 第 39 行.
INFO: Run Behavior\ParseTemplateBehavior [ RunTime:0.009766s ]
INFO: [ view_parse ] --END-- [ RunTime:0.009766s ]
INFO: [ view_filter ] --START--
INFO: Run Behavior\WriteHtmlCacheBehavior [ RunTime:0.000000s ]
INFO: [ view_filter ] --END-- [ RunTime:0.000000s ]
INFO: [ app_end ] --START--
INFO: Run Behavior\ShowPageTraceBehavior [ RunTime:0.000977s ]
INFO: [ app_end ] --END-- [ RunTime:0.000977s ]

[ 2015-06-25T14:54:09+08:00 ] 121.204.210.31 /mobile/app/b2b/index.php/News/Index/index
INFO: [ app_init ] --START--
INFO: Run Behavior\BuildLiteBehavior [ RunTime:0.000000s ]
INFO: [ app_init ] --END-- [ RunTime:0.000000s ]
INFO: [ app_begin ] --START--
INFO: Run Behavior\ReadHtmlCacheBehavior [ RunTime:0.000976s ]
INFO: [ app_begin ] --END-- [ RunTime:0.000976s ]
INFO: [ view_parse ] --START--
INFO: [ template_filter ] --START--
INFO: Run Behavior\ContentReplaceBehavior [ RunTime:0.000977s ]
INFO: [ template_filter ] --END-- [ RunTime:0.000977s ]
INFO: Run Behavior\ParseTemplateBehavior [ RunTime:0.013672s ]
INFO: [ view_parse ] --END-- [ RunTime:0.013672s ]
INFO: [ view_filter ] --START--
INFO: Run Behavior\WriteHtmlCacheBehavior [ RunTime:0.000000s ]
INFO: [ view_filter ] --END-- [ RunTime:0.000000s ]
INFO: [ app_end ] --START--
INFO: Run Behavior\ShowPageTraceBehavior [ RunTime:0.000000s ]
INFO: [ app_end ] --END-- [ RunTime:0.000000s ]

[ 2015-06-25T14:54:15+08:00 ] 121.204.210.31 /mobile/app/b2b/index.php/News/Index/detail/aid/2909
INFO: [ app_init ] --START--
INFO: Run Behavior\BuildLiteBehavior [ RunTime:0.000000s ]
INFO: [ app_init ] --END-- [ RunTime:0.000000s ]
INFO: [ app_begin ] --START--
INFO: Run Behavior\ReadHtmlCacheBehavior [ RunTime:0.000977s ]
INFO: [ app_begin ] --END-- [ RunTime:0.000977s ]
SQL: SHOW COLUMNS FROM `hill_img` [ RunTime:0.0020s ]
SQL: SELECT `cyte`,`body`,`zuobiao`,`pics`,`mobile_img` FROM `hill_img` WHERE ( aid='2909' ) LIMIT 1   [ RunTime:0.0244s ]
SQL: SHOW COLUMNS FROM `archives` [ RunTime:0.0020s ]
SQL: SELECT `title` FROM `archives` WHERE ( id=2909 ) LIMIT 1   [ RunTime:0.0000s ]
SQL: select id,title from archives where title like '%老班章%' limit 0,10 [ RunTime:0.0029s ]
INFO: [ view_parse ] --START--
INFO: [ template_filter ] --START--
INFO: Run Behavior\ContentReplaceBehavior [ RunTime:0.000000s ]
INFO: [ template_filter ] --END-- [ RunTime:0.000000s ]
INFO: Run Behavior\ParseTemplateBehavior [ RunTime:0.007813s ]
INFO: [ view_parse ] --END-- [ RunTime:0.007813s ]
INFO: [ view_filter ] --START--
INFO: Run Behavior\WriteHtmlCacheBehavior [ RunTime:0.000976s ]
INFO: [ view_filter ] --END-- [ RunTime:0.000976s ]
INFO: [ app_end ] --START--
INFO: Run Behavior\ShowPageTraceBehavior [ RunTime:0.000977s ]
INFO: [ app_end ] --END-- [ RunTime:0.000977s ]

[ 2015-06-25T14:54:15+08:00 ] 121.204.210.31 /mobile/app/b2b/index.php/News/Index/detail/aid/2909
INFO: [ app_init ] --START--
INFO: Run Behavior\BuildLiteBehavior [ RunTime:0.000000s ]
INFO: [ app_init ] --END-- [ RunTime:0.000976s ]
INFO: [ app_begin ] --START--
INFO: Run Behavior\ReadHtmlCacheBehavior [ RunTime:0.000000s ]
INFO: [ app_begin ] --END-- [ RunTime:0.000977s ]
SQL: SHOW COLUMNS FROM `hill_img` [ RunTime:0.0020s ]
SQL: SELECT `cyte`,`body`,`zuobiao`,`pics`,`mobile_img` FROM `hill_img` WHERE ( aid='2909' ) LIMIT 1   [ RunTime:0.0010s ]
SQL: SHOW COLUMNS FROM `archives` [ RunTime:0.0020s ]
SQL: SELECT `title` FROM `archives` WHERE ( id=2909 ) LIMIT 1   [ RunTime:0.0010s ]
SQL: select id,title from archives where title like '%老班章%' limit 0,10 [ RunTime:0.0029s ]
INFO: [ view_parse ] --START--
INFO: [ template_filter ] --START--
INFO: Run Behavior\ContentReplaceBehavior [ RunTime:0.000000s ]
INFO: [ template_filter ] --END-- [ RunTime:0.000000s ]
INFO: Run Behavior\ParseTemplateBehavior [ RunTime:0.006836s ]
INFO: [ view_parse ] --END-- [ RunTime:0.007813s ]
INFO: [ view_filter ] --START--
INFO: Run Behavior\WriteHtmlCacheBehavior [ RunTime:0.000000s ]
INFO: [ view_filter ] --END-- [ RunTime:0.000000s ]
INFO: [ app_end ] --START--
INFO: Run Behavior\ShowPageTraceBehavior [ RunTime:0.000977s ]
INFO: [ app_end ] --END-- [ RunTime:0.000977s ]

[ 2015-06-25T14:54:15+08:00 ] 121.204.210.31 /mobile/app/b2b/index.php/News/Index/map
INFO: [ app_init ] --START--
INFO: Run Behavior\BuildLiteBehavior [ RunTime:0.000000s ]
INFO: [ app_init ] --END-- [ RunTime:0.000000s ]
INFO: [ app_begin ] --START--
INFO: Run Behavior\ReadHtmlCacheBehavior [ RunTime:0.000000s ]
INFO: [ app_begin ] --END-- [ RunTime:0.000000s ]
INFO: [ view_parse ] --START--
INFO: [ template_filter ] --START--
INFO: Run Behavior\ContentReplaceBehavior [ RunTime:0.000000s ]
INFO: [ template_filter ] --END-- [ RunTime:0.000000s ]
INFO: Run Behavior\ParseTemplateBehavior [ RunTime:0.004883s ]
INFO: [ view_parse ] --END-- [ RunTime:0.005860s ]
INFO: [ view_filter ] --START--
INFO: Run Behavior\WriteHtmlCacheBehavior [ RunTime:0.000000s ]
INFO: [ view_filter ] --END-- [ RunTime:0.000000s ]
INFO: [ app_end ] --START--
INFO: Run Behavior\ShowPageTraceBehavior [ RunTime:0.000976s ]
INFO: [ app_end ] --END-- [ RunTime:0.000976s ]

[ 2015-06-25T14:54:37+08:00 ] 121.204.210.31 /mobile/app/b2b/index.php/News/Index/detail/aid/3223
INFO: [ app_init ] --START--
INFO: Run Behavior\BuildLiteBehavior [ RunTime:0.000000s ]
INFO: [ app_init ] --END-- [ RunTime:0.000000s ]
INFO: [ app_begin ] --START--
INFO: Run Behavior\ReadHtmlCacheBehavior [ RunTime:0.000976s ]
INFO: [ app_begin ] --END-- [ RunTime:0.000976s ]
SQL: SHOW COLUMNS FROM `hill_img` [ RunTime:0.0020s ]
SQL: SELECT `cyte`,`body`,`zuobiao`,`pics`,`mobile_img` FROM `hill_img` WHERE ( aid='3223' ) LIMIT 1   [ RunTime:0.0010s ]
SQL: SHOW COLUMNS FROM `archives` [ RunTime:0.0020s ]
SQL: select a.id,from_unixtime(a.pubdate,'%Y-%m-%d') as pubdate,a.goodpost,a.title,a.writer,ad.body from archives a left join addonarticle ad on a.id=ad.aid where id=3223 [ RunTime:0.0205s ]
INFO: [ view_parse ] --START--
INFO: [ template_filter ] --START--
INFO: Run Behavior\ContentReplaceBehavior [ RunTime:0.000000s ]
INFO: [ template_filter ] --END-- [ RunTime:0.000000s ]
NOTIC: [8] Undefined index: pics C:\xampp\htdocs\mall\mobile\app\b2b\Application\Runtime\Cache\News\5b220d8fd5c0c22511b53a047888c968.php 第 38 行.
NOTIC: [8] Undefined variable: host C:\xampp\htdocs\mall\mobile\app\b2b\Application\Runtime\Cache\News\5b220d8fd5c0c22511b53a047888c968.php 第 39 行.
INFO: Run Behavior\ParseTemplateBehavior [ RunTime:0.005860s ]
INFO: [ view_parse ] --END-- [ RunTime:0.005860s ]
INFO: [ view_filter ] --START--
INFO: Run Behavior\WriteHtmlCacheBehavior [ RunTime:0.000977s ]
INFO: [ view_filter ] --END-- [ RunTime:0.000977s ]
INFO: [ app_end ] --START--
INFO: Run Behavior\ShowPageTraceBehavior [ RunTime:0.000976s ]
INFO: [ app_end ] --END-- [ RunTime:0.000976s ]

[ 2015-06-25T15:17:30+08:00 ] 121.204.210.31 /mobile/app/b2b/index.php/News/Index/index
INFO: [ app_init ] --START--
INFO: Run Behavior\BuildLiteBehavior [ RunTime:0.000000s ]
INFO: [ app_init ] --END-- [ RunTime:0.000976s ]
INFO: [ app_begin ] --START--
INFO: Run Behavior\ReadHtmlCacheBehavior [ RunTime:0.000976s ]
INFO: [ app_begin ] --END-- [ RunTime:0.000976s ]
INFO: [ view_parse ] --START--
INFO: [ template_filter ] --START--
INFO: Run Behavior\ContentReplaceBehavior [ RunTime:0.000000s ]
INFO: [ template_filter ] --END-- [ RunTime:0.000000s ]
INFO: Run Behavior\ParseTemplateBehavior [ RunTime:0.013671s ]
INFO: [ view_parse ] --END-- [ RunTime:0.013671s ]
INFO: [ view_filter ] --START--
INFO: Run Behavior\WriteHtmlCacheBehavior [ RunTime:0.000976s ]
INFO: [ view_filter ] --END-- [ RunTime:0.000976s ]
INFO: [ app_end ] --START--
INFO: Run Behavior\ShowPageTraceBehavior [ RunTime:0.000977s ]
INFO: [ app_end ] --END-- [ RunTime:0.000977s ]

[ 2015-06-25T15:17:36+08:00 ] 121.204.210.31 /mobile/app/b2b/index.php/News/Index/detail/aid/2983
INFO: [ app_init ] --START--
INFO: Run Behavior\BuildLiteBehavior [ RunTime:0.000000s ]
INFO: [ app_init ] --END-- [ RunTime:0.000000s ]
INFO: [ app_begin ] --START--
INFO: Run Behavior\ReadHtmlCacheBehavior [ RunTime:0.000976s ]
INFO: [ app_begin ] --END-- [ RunTime:0.000976s ]
SQL: SHOW COLUMNS FROM `hill_img` [ RunTime:0.0020s ]
SQL: SELECT `cyte`,`body`,`zuobiao`,`pics`,`mobile_img` FROM `hill_img` WHERE ( aid='2983' ) LIMIT 1   [ RunTime:0.0000s ]
SQL: SHOW COLUMNS FROM `archives` [ RunTime:0.0020s ]
SQL: SELECT `title` FROM `archives` WHERE ( id=2983 ) LIMIT 1   [ RunTime:0.0000s ]
SQL: select id,title from archives where title like '%勐海茶区%' limit 0,10 [ RunTime:0.0029s ]
INFO: [ view_parse ] --START--
INFO: [ template_filter ] --START--
INFO: Run Behavior\ContentReplaceBehavior [ RunTime:0.000000s ]
INFO: [ template_filter ] --END-- [ RunTime:0.000000s ]
INFO: Run Behavior\ParseTemplateBehavior [ RunTime:0.007812s ]
INFO: [ view_parse ] --END-- [ RunTime:0.007812s ]
INFO: [ view_filter ] --START--
INFO: Run Behavior\WriteHtmlCacheBehavior [ RunTime:0.000000s ]
INFO: [ view_filter ] --END-- [ RunTime:0.000000s ]
INFO: [ app_end ] --START--
INFO: Run Behavior\ShowPageTraceBehavior [ RunTime:0.000976s ]
INFO: [ app_end ] --END-- [ RunTime:0.000976s ]

[ 2015-06-25T15:17:36+08:00 ] 121.204.210.31 /mobile/app/b2b/index.php/News/Index/detail/aid/2983
INFO: [ app_init ] --START--
INFO: Run Behavior\BuildLiteBehavior [ RunTime:0.000000s ]
INFO: [ app_init ] --END-- [ RunTime:0.000976s ]
INFO: [ app_begin ] --START--
INFO: Run Behavior\ReadHtmlCacheBehavior [ RunTime:0.000976s ]
INFO: [ app_begin ] --END-- [ RunTime:0.000976s ]
SQL: SHOW COLUMNS FROM `hill_img` [ RunTime:0.0029s ]
SQL: SELECT `cyte`,`body`,`zuobiao`,`pics`,`mobile_img` FROM `hill_img` WHERE ( aid='2983' ) LIMIT 1   [ RunTime:0.0010s ]
SQL: SHOW COLUMNS FROM `archives` [ RunTime:0.0020s ]
SQL: SELECT `title` FROM `archives` WHERE ( id=2983 ) LIMIT 1   [ RunTime:0.0000s ]
SQL: select id,title from archives where title like '%勐海茶区%' limit 0,10 [ RunTime:0.0029s ]
INFO: [ view_parse ] --START--
INFO: [ template_filter ] --START--
INFO: Run Behavior\ContentReplaceBehavior [ RunTime:0.000000s ]
INFO: [ template_filter ] --END-- [ RunTime:0.000000s ]
INFO: Run Behavior\ParseTemplateBehavior [ RunTime:0.006836s ]
INFO: [ view_parse ] --END-- [ RunTime:0.006836s ]
INFO: [ view_filter ] --START--
INFO: Run Behavior\WriteHtmlCacheBehavior [ RunTime:0.000976s ]
INFO: [ view_filter ] --END-- [ RunTime:0.000976s ]
INFO: [ app_end ] --START--
INFO: Run Behavior\ShowPageTraceBehavior [ RunTime:0.000977s ]
INFO: [ app_end ] --END-- [ RunTime:0.000977s ]

[ 2015-06-25T15:17:36+08:00 ] 121.204.210.31 /mobile/app/b2b/index.php/News/Index/map
INFO: [ app_init ] --START--
INFO: Run Behavior\BuildLiteBehavior [ RunTime:0.000000s ]
INFO: [ app_init ] --END-- [ RunTime:0.000977s ]
INFO: [ app_begin ] --START--
INFO: Run Behavior\ReadHtmlCacheBehavior [ RunTime:0.000000s ]
INFO: [ app_begin ] --END-- [ RunTime:0.000000s ]
INFO: [ view_parse ] --START--
INFO: [ template_filter ] --START--
INFO: Run Behavior\ContentReplaceBehavior [ RunTime:0.000000s ]
INFO: [ template_filter ] --END-- [ RunTime:0.000000s ]
INFO: Run Behavior\ParseTemplateBehavior [ RunTime:0.004883s ]
INFO: [ view_parse ] --END-- [ RunTime:0.004883s ]
INFO: [ view_filter ] --START--
INFO: Run Behavior\WriteHtmlCacheBehavior [ RunTime:0.000976s ]
INFO: [ view_filter ] --END-- [ RunTime:0.000976s ]
INFO: [ app_end ] --START--
INFO: Run Behavior\ShowPageTraceBehavior [ RunTime:0.000000s ]
INFO: [ app_end ] --END-- [ RunTime:0.000000s ]

[ 2015-06-25T15:17:54+08:00 ] 121.204.210.31 /mobile/app/b2b/index.php/News/Index/yinxiang/typeid/78
INFO: [ app_init ] --START--
INFO: Run Behavior\BuildLiteBehavior [ RunTime:0.000000s ]
INFO: [ app_init ] --END-- [ RunTime:0.000977s ]
INFO: [ app_begin ] --START--
INFO: Run Behavior\ReadHtmlCacheBehavior [ RunTime:0.000977s ]
INFO: [ app_begin ] --END-- [ RunTime:0.000977s ]
SQL: SHOW COLUMNS FROM `archives` [ RunTime:0.0029s ]
SQL: select id,title,from_unixtime(pubdate,'%Y-%m-%d') as pubdate from archives where typeid='78' limit 0,20 [ RunTime:0.0049s ]
INFO: [ view_parse ] --START--
INFO: [ template_filter ] --START--
INFO: Run Behavior\ContentReplaceBehavior [ RunTime:0.000000s ]
INFO: [ template_filter ] --END-- [ RunTime:0.000000s ]
INFO: Run Behavior\ParseTemplateBehavior [ RunTime:0.025389s ]
INFO: [ view_parse ] --END-- [ RunTime:0.025389s ]
INFO: [ view_filter ] --START--
INFO: Run Behavior\WriteHtmlCacheBehavior [ RunTime:0.000977s ]
INFO: [ view_filter ] --END-- [ RunTime:0.000977s ]
INFO: [ app_end ] --START--
INFO: Run Behavior\ShowPageTraceBehavior [ RunTime:0.000000s ]
INFO: [ app_end ] --END-- [ RunTime:0.000000s ]

[ 2015-06-25T15:17:54+08:00 ] 121.204.210.31 /mobile/app/b2b/index.php/News/Index/yinxiang/typeid/78
INFO: [ app_init ] --START--
INFO: Run Behavior\BuildLiteBehavior [ RunTime:0.000000s ]
INFO: [ app_init ] --END-- [ RunTime:0.000977s ]
INFO: [ app_begin ] --START--
INFO: Run Behavior\ReadHtmlCacheBehavior [ RunTime:0.000977s ]
INFO: [ app_begin ] --END-- [ RunTime:0.000977s ]
SQL: SHOW COLUMNS FROM `archives` [ RunTime:0.0029s ]
SQL: select id,title,from_unixtime(pubdate,'%Y-%m-%d') as pubdate from archives where typeid='78' limit 0,20 [ RunTime:0.0029s ]
INFO: [ view_parse ] --START--
INFO: [ template_filter ] --START--
INFO: Run Behavior\ContentReplaceBehavior [ RunTime:0.000000s ]
INFO: [ template_filter ] --END-- [ RunTime:0.000000s ]
INFO: Run Behavior\ParseTemplateBehavior [ RunTime:0.008788s ]
INFO: [ view_parse ] --END-- [ RunTime:0.008788s ]
INFO: [ view_filter ] --START--
INFO: Run Behavior\WriteHtmlCacheBehavior [ RunTime:0.000000s ]
INFO: [ view_filter ] --END-- [ RunTime:0.000000s ]
INFO: [ app_end ] --START--
INFO: Run Behavior\ShowPageTraceBehavior [ RunTime:0.000976s ]
INFO: [ app_end ] --END-- [ RunTime:0.000976s ]

[ 2015-06-25T15:18:24+08:00 ] 121.204.210.31 /mobile/app/b2b/index.php/News/Index/index.html
INFO: [ app_init ] --START--
INFO: Run Behavior\BuildLiteBehavior [ RunTime:0.000000s ]
INFO: [ app_init ] --END-- [ RunTime:0.000977s ]
INFO: [ app_begin ] --START--
INFO: Run Behavior\ReadHtmlCacheBehavior [ RunTime:0.000977s ]
INFO: [ app_begin ] --END-- [ RunTime:0.000977s ]
INFO: [ view_parse ] --START--
INFO: [ template_filter ] --START--
INFO: Run Behavior\ContentReplaceBehavior [ RunTime:0.000000s ]
INFO: [ template_filter ] --END-- [ RunTime:0.000000s ]
INFO: Run Behavior\ParseTemplateBehavior [ RunTime:0.013671s ]
INFO: [ view_parse ] --END-- [ RunTime:0.013671s ]
INFO: [ view_filter ] --START--
INFO: Run Behavior\WriteHtmlCacheBehavior [ RunTime:0.000000s ]
INFO: [ view_filter ] --END-- [ RunTime:0.000000s ]
INFO: [ app_end ] --START--
INFO: Run Behavior\ShowPageTraceBehavior [ RunTime:0.000977s ]
INFO: [ app_end ] --END-- [ RunTime:0.000977s ]

[ 2015-06-25T15:18:42+08:00 ] 121.204.210.31 /mobile/app/b2b/index.php/News/Index/yinxiang/typeid/79
INFO: [ app_init ] --START--
INFO: Run Behavior\BuildLiteBehavior [ RunTime:0.000000s ]
INFO: [ app_init ] --END-- [ RunTime:0.000000s ]
INFO: [ app_begin ] --START--
INFO: Run Behavior\ReadHtmlCacheBehavior [ RunTime:0.000000s ]
INFO: [ app_begin ] --END-- [ RunTime:0.000976s ]
SQL: SHOW COLUMNS FROM `archives` [ RunTime:0.0020s ]
SQL: select id,title,from_unixtime(pubdate,'%Y-%m-%d') as pubdate from archives where typeid='79' limit 0,20 [ RunTime:0.0029s ]
INFO: [ view_parse ] --START--
INFO: [ template_filter ] --START--
INFO: Run Behavior\ContentReplaceBehavior [ RunTime:0.000000s ]
INFO: [ template_filter ] --END-- [ RunTime:0.000000s ]
INFO: Run Behavior\ParseTemplateBehavior [ RunTime:0.009765s ]
INFO: [ view_parse ] --END-- [ RunTime:0.009765s ]
INFO: [ view_filter ] --START--
INFO: Run Behavior\WriteHtmlCacheBehavior [ RunTime:0.000977s ]
INFO: [ view_filter ] --END-- [ RunTime:0.000977s ]
INFO: [ app_end ] --START--
INFO: Run Behavior\ShowPageTraceBehavior [ RunTime:0.000000s ]
INFO: [ app_end ] --END-- [ RunTime:0.000000s ]

[ 2015-06-25T15:18:59+08:00 ] 121.204.210.31 /mobile/app/b2b/index.php/News/Index/detail/aid/5687
INFO: [ app_init ] --START--
INFO: Run Behavior\BuildLiteBehavior [ RunTime:0.000000s ]
INFO: [ app_init ] --END-- [ RunTime:0.000976s ]
INFO: [ app_begin ] --START--
INFO: Run Behavior\ReadHtmlCacheBehavior [ RunTime:0.000977s ]
INFO: [ app_begin ] --END-- [ RunTime:0.000977s ]
SQL: SHOW COLUMNS FROM `hill_img` [ RunTime:0.0029s ]
SQL: SELECT `cyte`,`body`,`zuobiao`,`pics`,`mobile_img` FROM `hill_img` WHERE ( aid='5687' ) LIMIT 1   [ RunTime:0.0000s ]
SQL: SHOW COLUMNS FROM `archives` [ RunTime:0.0029s ]
SQL: select a.id,from_unixtime(a.pubdate,'%Y-%m-%d') as pubdate,a.goodpost,a.title,a.writer,ad.body from archives a left join addonarticle ad on a.id=ad.aid where id=5687 [ RunTime:0.0146s ]
INFO: [ view_parse ] --START--
INFO: [ template_filter ] --START--
INFO: Run Behavior\ContentReplaceBehavior [ RunTime:0.000976s ]
INFO: [ template_filter ] --END-- [ RunTime:0.000976s ]
NOTIC: [8] Undefined index: pics C:\xampp\htdocs\mall\mobile\app\b2b\Application\Runtime\Cache\News\5b220d8fd5c0c22511b53a047888c968.php 第 38 行.
NOTIC: [8] Undefined variable: host C:\xampp\htdocs\mall\mobile\app\b2b\Application\Runtime\Cache\News\5b220d8fd5c0c22511b53a047888c968.php 第 39 行.
INFO: Run Behavior\ParseTemplateBehavior [ RunTime:0.008789s ]
INFO: [ view_parse ] --END-- [ RunTime:0.008789s ]
INFO: [ view_filter ] --START--
INFO: Run Behavior\WriteHtmlCacheBehavior [ RunTime:0.000976s ]
INFO: [ view_filter ] --END-- [ RunTime:0.000976s ]
INFO: [ app_end ] --START--
INFO: Run Behavior\ShowPageTraceBehavior [ RunTime:0.000977s ]
INFO: [ app_end ] --END-- [ RunTime:0.000977s ]

[ 2015-06-25T16:21:00+08:00 ] 123.125.71.25 /mobile/app/b2b/index.php/News/Index/index
INFO: [ app_init ] --START--
INFO: Run Behavior\BuildLiteBehavior [ RunTime:0.000000s ]
INFO: [ app_init ] --END-- [ RunTime:0.000977s ]
INFO: [ app_begin ] --START--
INFO: Run Behavior\ReadHtmlCacheBehavior [ RunTime:0.000000s ]
INFO: [ app_begin ] --END-- [ RunTime:0.000000s ]
INFO: [ view_parse ] --START--
INFO: [ template_filter ] --START--
INFO: Run Behavior\ContentReplaceBehavior [ RunTime:0.000000s ]
INFO: [ template_filter ] --END-- [ RunTime:0.000000s ]
INFO: Run Behavior\ParseTemplateBehavior [ RunTime:0.011719s ]
INFO: [ view_parse ] --END-- [ RunTime:0.011719s ]
INFO: [ view_filter ] --START--
INFO: Run Behavior\WriteHtmlCacheBehavior [ RunTime:0.000000s ]
INFO: [ view_filter ] --END-- [ RunTime:0.000000s ]
INFO: [ app_end ] --START--
INFO: Run Behavior\ShowPageTraceBehavior [ RunTime:0.000976s ]
INFO: [ app_end ] --END-- [ RunTime:0.000976s ]

[ 2015-06-25T16:56:53+08:00 ] 220.181.108.85 /mobile/app/b2b/index.php/News/Index/index
INFO: [ app_init ] --START--
INFO: Run Behavior\BuildLiteBehavior [ RunTime:0.000000s ]
INFO: [ app_init ] --END-- [ RunTime:0.000977s ]
INFO: [ app_begin ] --START--
INFO: Run Behavior\ReadHtmlCacheBehavior [ RunTime:0.000977s ]
INFO: [ app_begin ] --END-- [ RunTime:0.000977s ]
INFO: [ view_parse ] --START--
INFO: [ template_filter ] --START--
INFO: Run Behavior\ContentReplaceBehavior [ RunTime:0.000976s ]
INFO: [ template_filter ] --END-- [ RunTime:0.000976s ]
INFO: Run Behavior\ParseTemplateBehavior [ RunTime:0.013673s ]
INFO: [ view_parse ] --END-- [ RunTime:0.013673s ]
INFO: [ view_filter ] --START--
INFO: Run Behavior\WriteHtmlCacheBehavior [ RunTime:0.000000s ]
INFO: [ view_filter ] --END-- [ RunTime:0.000000s ]
INFO: [ app_end ] --START--
INFO: Run Behavior\ShowPageTraceBehavior [ RunTime:0.000000s ]
INFO: [ app_end ] --END-- [ RunTime:0.000000s ]

[ 2015-06-25T17:33:01+08:00 ] 220.181.108.91 /mobile/app/b2b/index.php/News/Index/index
INFO: [ app_init ] --START--
INFO: Run Behavior\BuildLiteBehavior [ RunTime:0.000000s ]
INFO: [ app_init ] --END-- [ RunTime:0.000000s ]
INFO: [ app_begin ] --START--
INFO: Run Behavior\ReadHtmlCacheBehavior [ RunTime:0.000977s ]
INFO: [ app_begin ] --END-- [ RunTime:0.000977s ]
INFO: [ view_parse ] --START--
INFO: [ template_filter ] --START--
INFO: Run Behavior\ContentReplaceBehavior [ RunTime:0.000000s ]
INFO: [ template_filter ] --END-- [ RunTime:0.000000s ]
INFO: Run Behavior\ParseTemplateBehavior [ RunTime:0.013671s ]
INFO: [ view_parse ] --END-- [ RunTime:0.013671s ]
INFO: [ view_filter ] --START--
INFO: Run Behavior\WriteHtmlCacheBehavior [ RunTime:0.000000s ]
INFO: [ view_filter ] --END-- [ RunTime:0.000000s ]
INFO: [ app_end ] --START--
INFO: Run Behavior\ShowPageTraceBehavior [ RunTime:0.000976s ]
INFO: [ app_end ] --END-- [ RunTime:0.000976s ]

[ 2015-06-25T17:49:24+08:00 ] 121.42.0.16 /mobile/app/b2b/index.php/News/Index/bbx/yanfang/index.php?q=%7B%24%7Bprint%28md5%28233333%29%29%7D%7D
INFO: [ app_init ] --START--
INFO: Run Behavior\BuildLiteBehavior [ RunTime:0.000000s ]
INFO: [ app_init ] --END-- [ RunTime:0.000977s ]
INFO: [ app_begin ] --START--
INFO: Run Behavior\ReadHtmlCacheBehavior [ RunTime:0.000976s ]
INFO: [ app_begin ] --END-- [ RunTime:0.000976s ]
ERR: 非法操作:bbx

[ 2015-06-25T17:49:37+08:00 ] 121.42.0.16 /mobile/app/b2b/index.php/News/Index/tools/life/yanfang/index.php?q=%7B%24%7Bprint%28md5%28233333%29%29%7D%7D
INFO: [ app_init ] --START--
INFO: Run Behavior\BuildLiteBehavior [ RunTime:0.000000s ]
INFO: [ app_init ] --END-- [ RunTime:0.000000s ]
INFO: [ app_begin ] --START--
INFO: Run Behavior\ReadHtmlCacheBehavior [ RunTime:0.000000s ]
INFO: [ app_begin ] --END-- [ RunTime:0.000977s ]
ERR: 非法操作:tools

[ 2015-06-25T17:49:39+08:00 ] 121.42.0.16 /mobile/app/b2b/index.php/News/Index/yanfang/index.php?q=%7B%24%7Bprint%28md5%28233333%29%29%7D%7D
INFO: [ app_init ] --START--
INFO: Run Behavior\BuildLiteBehavior [ RunTime:0.000000s ]
INFO: [ app_init ] --END-- [ RunTime:0.000000s ]
INFO: [ app_begin ] --START--
INFO: Run Behavior\ReadHtmlCacheBehavior [ RunTime:0.000977s ]
INFO: [ app_begin ] --END-- [ RunTime:0.000977s ]
ERR: 非法操作:yanfang

[ 2015-06-25T17:49:41+08:00 ] 121.42.0.16 /mobile/app/b2b/index.php/News/Index//feed-proxy.php?feed=http/../feed-proxy.php
INFO: [ app_init ] --START--
INFO: Run Behavior\BuildLiteBehavior [ RunTime:0.000000s ]
INFO: [ app_init ] --END-- [ RunTime:0.000000s ]
INFO: [ app_begin ] --START--
INFO: Run Behavior\ReadHtmlCacheBehavior [ RunTime:0.000977s ]
INFO: [ app_begin ] --END-- [ RunTime:0.000977s ]
ERR: 非法操作:feed-proxy.php

[ 2015-06-25T17:49:54+08:00 ] 121.42.0.16 /mobile/app/b2b/index.php/News/Index//shopadmin/index.php?ctl=passport&act=login&sess_id=1%27+and%28select+1+from%28select+count%28*%29%2Cconcat%28%28select+%28select+%28select+concat%28userpass%2C0x7e%2Cusername%2C0x7e%2Cop_id%29+from+sdb_operators+order+by+username+limit+0%2C1%29+%29+from+%60information_schema%60.tables+limit+0%2C1%29%2Cfloor%28rand%280%29*2%29%29x+from+%60information_schema%60.tables+group+by+x%29a%29+and+%271%27%3D%271
INFO: [ app_init ] --START--
INFO: Run Behavior\BuildLiteBehavior [ RunTime:0.000000s ]
INFO: [ app_init ] --END-- [ RunTime:0.000000s ]
INFO: [ app_begin ] --START--
INFO: Run Behavior\ReadHtmlCacheBehavior [ RunTime:0.000977s ]
INFO: [ app_begin ] --END-- [ RunTime:0.000977s ]
ERR: 非法操作:shopadmin

[ 2015-06-25T18:09:42+08:00 ] 123.125.71.55 /mobile/app/b2b/index.php/News/Index/index
INFO: [ app_init ] --START--
INFO: Run Behavior\BuildLiteBehavior [ RunTime:0.000000s ]
INFO: [ app_init ] --END-- [ RunTime:0.000000s ]
INFO: [ app_begin ] --START--
INFO: Run Behavior\ReadHtmlCacheBehavior [ RunTime:0.000977s ]
INFO: [ app_begin ] --END-- [ RunTime:0.000977s ]
INFO: [ view_parse ] --START--
INFO: [ template_filter ] --START--
INFO: Run Behavior\ContentReplaceBehavior [ RunTime:0.000976s ]
INFO: [ template_filter ] --END-- [ RunTime:0.000976s ]
INFO: Run Behavior\ParseTemplateBehavior [ RunTime:0.013672s ]
INFO: [ view_parse ] --END-- [ RunTime:0.013672s ]
INFO: [ view_filter ] --START--
INFO: Run Behavior\WriteHtmlCacheBehavior [ RunTime:0.000977s ]
INFO: [ view_filter ] --END-- [ RunTime:0.000977s ]
INFO: [ app_end ] --START--
INFO: Run Behavior\ShowPageTraceBehavior [ RunTime:0.000976s ]
INFO: [ app_end ] --END-- [ RunTime:0.000976s ]

[ 2015-06-25T18:48:25+08:00 ] 123.125.71.49 /mobile/app/b2b/index.php/News/Index/index
INFO: [ app_init ] --START--
INFO: Run Behavior\BuildLiteBehavior [ RunTime:0.000000s ]
INFO: [ app_init ] --END-- [ RunTime:0.000000s ]
INFO: [ app_begin ] --START--
INFO: Run Behavior\ReadHtmlCacheBehavior [ RunTime:0.000000s ]
INFO: [ app_begin ] --END-- [ RunTime:0.000977s ]
INFO: [ view_parse ] --START--
INFO: [ template_filter ] --START--
INFO: Run Behavior\ContentReplaceBehavior [ RunTime:0.000000s ]
INFO: [ template_filter ] --END-- [ RunTime:0.000000s ]
INFO: Run Behavior\ParseTemplateBehavior [ RunTime:0.013673s ]
INFO: [ view_parse ] --END-- [ RunTime:0.013673s ]
INFO: [ view_filter ] --START--
INFO: Run Behavior\WriteHtmlCacheBehavior [ RunTime:0.000000s ]
INFO: [ view_filter ] --END-- [ RunTime:0.000000s ]
INFO: [ app_end ] --START--
INFO: Run Behavior\ShowPageTraceBehavior [ RunTime:0.000000s ]
INFO: [ app_end ] --END-- [ RunTime:0.000000s ]

[ 2015-06-25T19:27:23+08:00 ] 123.125.71.52 /mobile/app/b2b/index.php/News/Index/index
INFO: [ app_init ] --START--
INFO: Run Behavior\BuildLiteBehavior [ RunTime:0.000000s ]
INFO: [ app_init ] --END-- [ RunTime:0.000000s ]
INFO: [ app_begin ] --START--
INFO: Run Behavior\ReadHtmlCacheBehavior [ RunTime:0.000000s ]
INFO: [ app_begin ] --END-- [ RunTime:0.000000s ]
INFO: [ view_parse ] --START--
INFO: [ template_filter ] --START--
INFO: Run Behavior\ContentReplaceBehavior [ RunTime:0.000000s ]
INFO: [ template_filter ] --END-- [ RunTime:0.000000s ]
INFO: Run Behavior\ParseTemplateBehavior [ RunTime:0.013673s ]
INFO: [ view_parse ] --END-- [ RunTime:0.013673s ]
INFO: [ view_filter ] --START--
INFO: Run Behavior\WriteHtmlCacheBehavior [ RunTime:0.000976s ]
INFO: [ view_filter ] --END-- [ RunTime:0.000976s ]
INFO: [ app_end ] --START--
INFO: Run Behavior\ShowPageTraceBehavior [ RunTime:0.000000s ]
INFO: [ app_end ] --END-- [ RunTime:0.000000s ]

[ 2015-06-25T19:36:02+08:00 ] 119.98.219.115 /mobile/app/b2b/index.php/News/Index/index
INFO: [ app_init ] --START--
INFO: Run Behavior\BuildLiteBehavior [ RunTime:0.000976s ]
INFO: [ app_init ] --END-- [ RunTime:0.000976s ]
INFO: [ app_begin ] --START--
INFO: Run Behavior\ReadHtmlCacheBehavior [ RunTime:0.000000s ]
INFO: [ app_begin ] --END-- [ RunTime:0.000977s ]
INFO: [ view_parse ] --START--
INFO: [ template_filter ] --START--
INFO: Run Behavior\ContentReplaceBehavior [ RunTime:0.000000s ]
INFO: [ template_filter ] --END-- [ RunTime:0.000000s ]
INFO: Run Behavior\ParseTemplateBehavior [ RunTime:0.013673s ]
INFO: [ view_parse ] --END-- [ RunTime:0.013673s ]
INFO: [ view_filter ] --START--
INFO: Run Behavior\WriteHtmlCacheBehavior [ RunTime:0.000976s ]
INFO: [ view_filter ] --END-- [ RunTime:0.000976s ]
INFO: [ app_end ] --START--
INFO: Run Behavior\ShowPageTraceBehavior [ RunTime:0.000000s ]
INFO: [ app_end ] --END-- [ RunTime:0.000977s ]

[ 2015-06-25T19:36:14+08:00 ] 119.98.219.115 /mobile/app/b2b/index.php/News/Index/detail/aid/2909
INFO: [ app_init ] --START--
INFO: Run Behavior\BuildLiteBehavior [ RunTime:0.000000s ]
INFO: [ app_init ] --END-- [ RunTime:0.000976s ]
INFO: [ app_begin ] --START--
INFO: Run Behavior\ReadHtmlCacheBehavior [ RunTime:0.000000s ]
INFO: [ app_begin ] --END-- [ RunTime:0.000000s ]
SQL: SHOW COLUMNS FROM `hill_img` [ RunTime:0.0029s ]
SQL: SELECT `cyte`,`body`,`zuobiao`,`pics`,`mobile_img` FROM `hill_img` WHERE ( aid='2909' ) LIMIT 1   [ RunTime:0.0000s ]
SQL: SHOW COLUMNS FROM `archives` [ RunTime:0.0020s ]
SQL: SELECT `title` FROM `archives` WHERE ( id=2909 ) LIMIT 1   [ RunTime:0.0000s ]
SQL: select id,title from archives where title like '%老班章%' limit 0,10 [ RunTime:0.0029s ]
INFO: [ view_parse ] --START--
INFO: [ template_filter ] --START--
INFO: Run Behavior\ContentReplaceBehavior [ RunTime:0.000000s ]
INFO: [ template_filter ] --END-- [ RunTime:0.000000s ]
INFO: Run Behavior\ParseTemplateBehavior [ RunTime:0.007813s ]
INFO: [ view_parse ] --END-- [ RunTime:0.007813s ]
INFO: [ view_filter ] --START--
INFO: Run Behavior\WriteHtmlCacheBehavior [ RunTime:0.000976s ]
INFO: [ view_filter ] --END-- [ RunTime:0.000976s ]
INFO: [ app_end ] --START--
INFO: Run Behavior\ShowPageTraceBehavior [ RunTime:0.000977s ]
INFO: [ app_end ] --END-- [ RunTime:0.000977s ]

[ 2015-06-25T19:36:15+08:00 ] 119.98.219.115 /mobile/app/b2b/index.php/News/Index/map
INFO: [ app_init ] --START--
INFO: Run Behavior\BuildLiteBehavior [ RunTime:0.000000s ]
INFO: [ app_init ] --END-- [ RunTime:0.000000s ]
INFO: [ app_begin ] --START--
INFO: Run Behavior\ReadHtmlCacheBehavior [ RunTime:0.000977s ]
INFO: [ app_begin ] --END-- [ RunTime:0.000977s ]
INFO: [ view_parse ] --START--
INFO: [ template_filter ] --START--
INFO: Run Behavior\ContentReplaceBehavior [ RunTime:0.000000s ]
INFO: [ template_filter ] --END-- [ RunTime:0.000000s ]
INFO: Run Behavior\ParseTemplateBehavior [ RunTime:0.004883s ]
INFO: [ view_parse ] --END-- [ RunTime:0.005860s ]
INFO: [ view_filter ] --START--
INFO: Run Behavior\WriteHtmlCacheBehavior [ RunTime:0.000000s ]
INFO: [ view_filter ] --END-- [ RunTime:0.000000s ]
INFO: [ app_end ] --START--
INFO: Run Behavior\ShowPageTraceBehavior [ RunTime:0.000976s ]
INFO: [ app_end ] --END-- [ RunTime:0.000976s ]

[ 2015-06-25T19:37:08+08:00 ] 119.98.219.115 /mobile/app/b2b/index.php/News/Index/detail/aid/2918
INFO: [ app_init ] --START--
INFO: Run Behavior\BuildLiteBehavior [ RunTime:0.000000s ]
INFO: [ app_init ] --END-- [ RunTime:0.000977s ]
INFO: [ app_begin ] --START--
INFO: Run Behavior\ReadHtmlCacheBehavior [ RunTime:0.000000s ]
INFO: [ app_begin ] --END-- [ RunTime:0.000000s ]
SQL: SHOW COLUMNS FROM `hill_img` [ RunTime:0.0029s ]
SQL: SELECT `cyte`,`body`,`zuobiao`,`pics`,`mobile_img` FROM `hill_img` WHERE ( aid='2918' ) LIMIT 1   [ RunTime:0.0186s ]
SQL: SHOW COLUMNS FROM `archives` [ RunTime:0.0029s ]
SQL: SELECT `title` FROM `archives` WHERE ( id=2918 ) LIMIT 1   [ RunTime:0.0000s ]
SQL: select id,title from archives where title like '%曼弄老寨%' limit 0,10 [ RunTime:0.0020s ]
INFO: [ view_parse ] --START--
INFO: [ template_filter ] --START--
INFO: Run Behavior\ContentReplaceBehavior [ RunTime:0.000000s ]
INFO: [ template_filter ] --END-- [ RunTime:0.000000s ]
INFO: Run Behavior\ParseTemplateBehavior [ RunTime:0.007813s ]
INFO: [ view_parse ] --END-- [ RunTime:0.007813s ]
INFO: [ view_filter ] --START--
INFO: Run Behavior\WriteHtmlCacheBehavior [ RunTime:0.000000s ]
INFO: [ view_filter ] --END-- [ RunTime:0.000000s ]
INFO: [ app_end ] --START--
INFO: Run Behavior\ShowPageTraceBehavior [ RunTime:0.000977s ]
INFO: [ app_end ] --END-- [ RunTime:0.000977s ]

[ 2015-06-25T19:37:09+08:00 ] 119.98.219.115 /mobile/app/b2b/index.php/News/Index/map
INFO: [ app_init ] --START--
INFO: Run Behavior\BuildLiteBehavior [ RunTime:0.000000s ]
INFO: [ app_init ] --END-- [ RunTime:0.000000s ]
INFO: [ app_begin ] --START--
INFO: Run Behavior\ReadHtmlCacheBehavior [ RunTime:0.000976s ]
INFO: [ app_begin ] --END-- [ RunTime:0.000976s ]
INFO: [ view_parse ] --START--
INFO: [ template_filter ] --START--
INFO: Run Behavior\ContentReplaceBehavior [ RunTime:0.000000s ]
INFO: [ template_filter ] --END-- [ RunTime:0.000000s ]
INFO: Run Behavior\ParseTemplateBehavior [ RunTime:0.004883s ]
INFO: [ view_parse ] --END-- [ RunTime:0.004883s ]
INFO: [ view_filter ] --START--
INFO: Run Behavior\WriteHtmlCacheBehavior [ RunTime:0.000000s ]
INFO: [ view_filter ] --END-- [ RunTime:0.000976s ]
INFO: [ app_end ] --START--
INFO: Run Behavior\ShowPageTraceBehavior [ RunTime:0.000000s ]
INFO: [ app_end ] --END-- [ RunTime:0.000000s ]

[ 2015-06-25T19:37:16+08:00 ] 119.98.219.115 /mobile/app/b2b/index.php/News/Index/index
INFO: [ app_init ] --START--
INFO: Run Behavior\BuildLiteBehavior [ RunTime:0.000000s ]
INFO: [ app_init ] --END-- [ RunTime:0.000000s ]
INFO: [ app_begin ] --START--
INFO: Run Behavior\ReadHtmlCacheBehavior [ RunTime:0.000977s ]
INFO: [ app_begin ] --END-- [ RunTime:0.000977s ]
INFO: [ view_parse ] --START--
INFO: [ template_filter ] --START--
INFO: Run Behavior\ContentReplaceBehavior [ RunTime:0.000976s ]
INFO: [ template_filter ] --END-- [ RunTime:0.000976s ]
INFO: Run Behavior\ParseTemplateBehavior [ RunTime:0.013673s ]
INFO: [ view_parse ] --END-- [ RunTime:0.013673s ]
INFO: [ view_filter ] --START--
INFO: Run Behavior\WriteHtmlCacheBehavior [ RunTime:0.000976s ]
INFO: [ view_filter ] --END-- [ RunTime:0.000976s ]
INFO: [ app_end ] --START--
INFO: Run Behavior\ShowPageTraceBehavior [ RunTime:0.000000s ]
INFO: [ app_end ] --END-- [ RunTime:0.000000s ]

[ 2015-06-25T19:37:26+08:00 ] 119.98.219.115 /mobile/app/b2b/index.php/News/Index/detail/aid/5897
INFO: [ app_init ] --START--
INFO: Run Behavior\BuildLiteBehavior [ RunTime:0.000000s ]
INFO: [ app_init ] --END-- [ RunTime:0.000000s ]
INFO: [ app_begin ] --START--
INFO: Run Behavior\ReadHtmlCacheBehavior [ RunTime:0.000977s ]
INFO: [ app_begin ] --END-- [ RunTime:0.000977s ]
SQL: SHOW COLUMNS FROM `hill_img` [ RunTime:0.0029s ]
SQL: SELECT `cyte`,`body`,`zuobiao`,`pics`,`mobile_img` FROM `hill_img` WHERE ( aid='5897' ) LIMIT 1   [ RunTime:0.0107s ]
SQL: SHOW COLUMNS FROM `archives` [ RunTime:0.0020s ]
SQL: SELECT `title` FROM `archives` WHERE ( id=5897 ) LIMIT 1   [ RunTime:0.0010s ]
SQL: select id,title from archives where title like '%福鼎白茶%' limit 0,10 [ RunTime:0.0029s ]
INFO: [ view_parse ] --START--
INFO: [ template_filter ] --START--
INFO: Run Behavior\ContentReplaceBehavior [ RunTime:0.000000s ]
INFO: [ template_filter ] --END-- [ RunTime:0.000000s ]
INFO: Run Behavior\ParseTemplateBehavior [ RunTime:0.007812s ]
INFO: [ view_parse ] --END-- [ RunTime:0.007812s ]
INFO: [ view_filter ] --START--
INFO: Run Behavior\WriteHtmlCacheBehavior [ RunTime:0.000000s ]
INFO: [ view_filter ] --END-- [ RunTime:0.000000s ]
INFO: [ app_end ] --START--
INFO: Run Behavior\ShowPageTraceBehavior [ RunTime:0.000000s ]
INFO: [ app_end ] --END-- [ RunTime:0.000000s ]

[ 2015-06-25T19:37:26+08:00 ] 119.98.219.115 /mobile/app/b2b/index.php/News/Index/map
INFO: [ app_init ] --START--
INFO: Run Behavior\BuildLiteBehavior [ RunTime:0.000000s ]
INFO: [ app_init ] --END-- [ RunTime:0.000976s ]
INFO: [ app_begin ] --START--
INFO: Run Behavior\ReadHtmlCacheBehavior [ RunTime:0.000000s ]
INFO: [ app_begin ] --END-- [ RunTime:0.000977s ]
INFO: [ view_parse ] --START--
INFO: [ template_filter ] --START--
INFO: Run Behavior\ContentReplaceBehavior [ RunTime:0.000000s ]
INFO: [ template_filter ] --END-- [ RunTime:0.000000s ]
INFO: Run Behavior\ParseTemplateBehavior [ RunTime:0.005860s ]
INFO: [ view_parse ] --END-- [ RunTime:0.005860s ]
INFO: [ view_filter ] --START--
INFO: Run Behavior\WriteHtmlCacheBehavior [ RunTime:0.000000s ]
INFO: [ view_filter ] --END-- [ RunTime:0.000000s ]
INFO: [ app_end ] --START--
INFO: Run Behavior\ShowPageTraceBehavior [ RunTime:0.000976s ]
INFO: [ app_end ] --END-- [ RunTime:0.000976s ]

[ 2015-06-25T19:37:44+08:00 ] 119.98.219.115 /mobile/app/b2b/index.php/News/Index/detail/aid/5885
INFO: [ app_init ] --START--
INFO: Run Behavior\BuildLiteBehavior [ RunTime:0.000000s ]
INFO: [ app_init ] --END-- [ RunTime:0.000977s ]
INFO: [ app_begin ] --START--
INFO: Run Behavior\ReadHtmlCacheBehavior [ RunTime:0.000000s ]
INFO: [ app_begin ] --END-- [ RunTime:0.000976s ]
SQL: SHOW COLUMNS FROM `hill_img` [ RunTime:0.0029s ]
SQL: SELECT `cyte`,`body`,`zuobiao`,`pics`,`mobile_img` FROM `hill_img` WHERE ( aid='5885' ) LIMIT 1   [ RunTime:0.0049s ]
SQL: SHOW COLUMNS FROM `archives` [ RunTime:0.0029s ]
SQL: SELECT `title` FROM `archives` WHERE ( id=5885 ) LIMIT 1   [ RunTime:0.0000s ]
SQL: select id,title from archives where title like '%安化黑茶%' limit 0,10 [ RunTime:0.0029s ]
INFO: [ view_parse ] --START--
INFO: [ template_filter ] --START--
INFO: Run Behavior\ContentReplaceBehavior [ RunTime:0.000000s ]
INFO: [ template_filter ] --END-- [ RunTime:0.000000s ]
INFO: Run Behavior\ParseTemplateBehavior [ RunTime:0.006836s ]
INFO: [ view_parse ] --END-- [ RunTime:0.007813s ]
INFO: [ view_filter ] --START--
INFO: Run Behavior\WriteHtmlCacheBehavior [ RunTime:0.000000s ]
INFO: [ view_filter ] --END-- [ RunTime:0.000000s ]
INFO: [ app_end ] --START--
INFO: Run Behavior\ShowPageTraceBehavior [ RunTime:0.000976s ]
INFO: [ app_end ] --END-- [ RunTime:0.000976s ]

[ 2015-06-25T19:37:44+08:00 ] 119.98.219.115 /mobile/app/b2b/index.php/News/Index/map
INFO: [ app_init ] --START--
INFO: Run Behavior\BuildLiteBehavior [ RunTime:0.000000s ]
INFO: [ app_init ] --END-- [ RunTime:0.000000s ]
INFO: [ app_begin ] --START--
INFO: Run Behavior\ReadHtmlCacheBehavior [ RunTime:0.000976s ]
INFO: [ app_begin ] --END-- [ RunTime:0.000976s ]
INFO: [ view_parse ] --START--
INFO: [ template_filter ] --START--
INFO: Run Behavior\ContentReplaceBehavior [ RunTime:0.000000s ]
INFO: [ template_filter ] --END-- [ RunTime:0.000000s ]
INFO: Run Behavior\ParseTemplateBehavior [ RunTime:0.004883s ]
INFO: [ view_parse ] --END-- [ RunTime:0.004883s ]
INFO: [ view_filter ] --START--
INFO: Run Behavior\WriteHtmlCacheBehavior [ RunTime:0.000977s ]
INFO: [ view_filter ] --END-- [ RunTime:0.000977s ]
INFO: [ app_end ] --START--
INFO: Run Behavior\ShowPageTraceBehavior [ RunTime:0.000976s ]
INFO: [ app_end ] --END-- [ RunTime:0.000976s ]

[ 2015-06-25T19:38:20+08:00 ] 119.98.219.115 /mobile/app/b2b/index.php/News/Index/detail/aid/5849
INFO: [ app_init ] --START--
INFO: Run Behavior\BuildLiteBehavior [ RunTime:0.000000s ]
INFO: [ app_init ] --END-- [ RunTime:0.000000s ]
INFO: [ app_begin ] --START--
INFO: Run Behavior\ReadHtmlCacheBehavior [ RunTime:0.000000s ]
INFO: [ app_begin ] --END-- [ RunTime:0.000000s ]
SQL: SHOW COLUMNS FROM `hill_img` [ RunTime:0.0020s ]
SQL: SELECT `cyte`,`body`,`zuobiao`,`pics`,`mobile_img` FROM `hill_img` WHERE ( aid='5849' ) LIMIT 1   [ RunTime:0.0068s ]
SQL: SHOW COLUMNS FROM `archives` [ RunTime:0.0020s ]
SQL: SELECT `title` FROM `archives` WHERE ( id=5849 ) LIMIT 1   [ RunTime:0.0000s ]
SQL: select id,title from archives where title like '%祥华铁观音%' limit 0,10 [ RunTime:0.0029s ]
INFO: [ view_parse ] --START--
INFO: [ template_filter ] --START--
INFO: Run Behavior\ContentReplaceBehavior [ RunTime:0.000000s ]
INFO: [ template_filter ] --END-- [ RunTime:0.000000s ]
INFO: Run Behavior\ParseTemplateBehavior [ RunTime:0.007813s ]
INFO: [ view_parse ] --END-- [ RunTime:0.007813s ]
INFO: [ view_filter ] --START--
INFO: Run Behavior\WriteHtmlCacheBehavior [ RunTime:0.000000s ]
INFO: [ view_filter ] --END-- [ RunTime:0.000000s ]
INFO: [ app_end ] --START--
INFO: Run Behavior\ShowPageTraceBehavior [ RunTime:0.000977s ]
INFO: [ app_end ] --END-- [ RunTime:0.000977s ]

[ 2015-06-25T19:38:20+08:00 ] 119.98.219.115 /mobile/app/b2b/index.php/News/Index/map
INFO: [ app_init ] --START--
INFO: Run Behavior\BuildLiteBehavior [ RunTime:0.000000s ]
INFO: [ app_init ] --END-- [ RunTime:0.000977s ]
INFO: [ app_begin ] --START--
INFO: Run Behavior\ReadHtmlCacheBehavior [ RunTime:0.000000s ]
INFO: [ app_begin ] --END-- [ RunTime:0.000000s ]
INFO: [ view_parse ] --START--
INFO: [ template_filter ] --START--
INFO: Run Behavior\ContentReplaceBehavior [ RunTime:0.000000s ]
INFO: [ template_filter ] --END-- [ RunTime:0.000000s ]
INFO: Run Behavior\ParseTemplateBehavior [ RunTime:0.004883s ]
INFO: [ view_parse ] --END-- [ RunTime:0.005859s ]
INFO: [ view_filter ] --START--
INFO: Run Behavior\WriteHtmlCacheBehavior [ RunTime:0.000000s ]
INFO: [ view_filter ] --END-- [ RunTime:0.000977s ]
INFO: [ app_end ] --START--
INFO: Run Behavior\ShowPageTraceBehavior [ RunTime:0.000000s ]
INFO: [ app_end ] --END-- [ RunTime:0.000000s ]

[ 2015-06-25T19:38:33+08:00 ] 119.98.219.115 /mobile/app/b2b/index.php/News/news
INFO: [ app_init ] --START--
INFO: Run Behavior\BuildLiteBehavior [ RunTime:0.000000s ]
INFO: [ app_init ] --END-- [ RunTime:0.000977s ]
INFO: [ app_begin ] --START--
INFO: Run Behavior\ReadHtmlCacheBehavior [ RunTime:0.000000s ]
INFO: [ app_begin ] --END-- [ RunTime:0.000000s ]
NOTIC: [8] Undefined index: typeid C:\xampp\htdocs\mall\mobile\app\b2b\Application\News\Controller\NewsController.class.php 第 28 行.
SQL: SHOW COLUMNS FROM `archives` [ RunTime:0.0029s ]
SQL: select a.id,a.litpic,from_unixtime(a.pubdate,'%Y-%m-%d') as pubdate,left(a.description,30) as description,a.typeid,a.title,a.writer,t.typename from archives a left join arctype t on a.typeid=t.id where arcrank=0 and typeid in (88,89,90,91,92) order by a.pubdate desc limit 0,5 [ RunTime:0.0020s ]
INFO: [ view_parse ] --START--
INFO: [ template_filter ] --START--
INFO: Run Behavior\ContentReplaceBehavior [ RunTime:0.000000s ]
INFO: [ template_filter ] --END-- [ RunTime:0.000000s ]
NOTIC: [8] Use of undefined constant id - assumed 'id' C:\xampp\htdocs\mall\mobile\app\b2b\Application\Runtime\Cache\News\7523b64d4b63fdcf7f8b65c00c7b9965.php 第 93 行.
NOTIC: [8] Use of undefined constant id - assumed 'id' C:\xampp\htdocs\mall\mobile\app\b2b\Application\Runtime\Cache\News\7523b64d4b63fdcf7f8b65c00c7b9965.php 第 95 行.
NOTIC: [8] Use of undefined constant id - assumed 'id' C:\xampp\htdocs\mall\mobile\app\b2b\Application\Runtime\Cache\News\7523b64d4b63fdcf7f8b65c00c7b9965.php 第 96 行.
NOTIC: [8] Use of undefined constant id - assumed 'id' C:\xampp\htdocs\mall\mobile\app\b2b\Application\Runtime\Cache\News\7523b64d4b63fdcf7f8b65c00c7b9965.php 第 93 行.
NOTIC: [8] Use of undefined constant id - assumed 'id' C:\xampp\htdocs\mall\mobile\app\b2b\Application\Runtime\Cache\News\7523b64d4b63fdcf7f8b65c00c7b9965.php 第 95 行.
NOTIC: [8] Use of undefined constant id - assumed 'id' C:\xampp\htdocs\mall\mobile\app\b2b\Application\Runtime\Cache\News\7523b64d4b63fdcf7f8b65c00c7b9965.php 第 96 行.
NOTIC: [8] Use of undefined constant id - assumed 'id' C:\xampp\htdocs\mall\mobile\app\b2b\Application\Runtime\Cache\News\7523b64d4b63fdcf7f8b65c00c7b9965.php 第 93 行.
NOTIC: [8] Use of undefined constant id - assumed 'id' C:\xampp\htdocs\mall\mobile\app\b2b\Application\Runtime\Cache\News\7523b64d4b63fdcf7f8b65c00c7b9965.php 第 95 行.
NOTIC: [8] Use of undefined constant id - assumed 'id' C:\xampp\htdocs\mall\mobile\app\b2b\Application\Runtime\Cache\News\7523b64d4b63fdcf7f8b65c00c7b9965.php 第 96 行.
NOTIC: [8] Use of undefined constant id - assumed 'id' C:\xampp\htdocs\mall\mobile\app\b2b\Application\Runtime\Cache\News\7523b64d4b63fdcf7f8b65c00c7b9965.php 第 93 行.
NOTIC: [8] Use of undefined constant id - assumed 'id' C:\xampp\htdocs\mall\mobile\app\b2b\Application\Runtime\Cache\News\7523b64d4b63fdcf7f8b65c00c7b9965.php 第 95 行.
NOTIC: [8] Use of undefined constant id - assumed 'id' C:\xampp\htdocs\mall\mobile\app\b2b\Application\Runtime\Cache\News\7523b64d4b63fdcf7f8b65c00c7b9965.php 第 96 行.
NOTIC: [8] Use of undefined constant id - assumed 'id' C:\xampp\htdocs\mall\mobile\app\b2b\Application\Runtime\Cache\News\7523b64d4b63fdcf7f8b65c00c7b9965.php 第 93 行.
NOTIC: [8] Use of undefined constant id - assumed 'id' C:\xampp\htdocs\mall\mobile\app\b2b\Application\Runtime\Cache\News\7523b64d4b63fdcf7f8b65c00c7b9965.php 第 95 行.
NOTIC: [8] Use of undefined constant id - assumed 'id' C:\xampp\htdocs\mall\mobile\app\b2b\Application\Runtime\Cache\News\7523b64d4b63fdcf7f8b65c00c7b9965.php 第 96 行.
INFO: Run Behavior\ParseTemplateBehavior [ RunTime:0.009766s ]
INFO: [ view_parse ] --END-- [ RunTime:0.009766s ]
INFO: [ view_filter ] --START--
INFO: Run Behavior\WriteHtmlCacheBehavior [ RunTime:0.000976s ]
INFO: [ view_filter ] --END-- [ RunTime:0.000976s ]
INFO: [ app_end ] --START--
INFO: Run Behavior\ShowPageTraceBehavior [ RunTime:0.000000s ]
INFO: [ app_end ] --END-- [ RunTime:0.000000s ]

[ 2015-06-25T19:38:37+08:00 ] 119.98.219.115 /mobile/app/b2b/index.php/News/News/getColumnArticles.html
INFO: [ app_init ] --START--
INFO: Run Behavior\BuildLiteBehavior [ RunTime:0.000000s ]
INFO: [ app_init ] --END-- [ RunTime:0.000000s ]
INFO: [ app_begin ] --START--
INFO: Run Behavior\ReadHtmlCacheBehavior [ RunTime:0.000977s ]
INFO: [ app_begin ] --END-- [ RunTime:0.000977s ]
SQL: SHOW COLUMNS FROM `archives` [ RunTime:0.0029s ]
SQL: select a.id,a.litpic,from_unixtime(a.pubdate,'%Y-%m-%d') as pubdate,left(a.description,30) as description,a.typeid,a.title,a.writer,t.typename from archives a left join arctype t on a.typeid=t.id where arcrank=0 and typeid in (88,89,90,91,92) order by a.pubdate desc limit 5,5 [ RunTime:0.0010s ]
INFO: [ view_parse ] --START--
INFO: [ template_filter ] --START--
INFO: Run Behavior\ContentReplaceBehavior [ RunTime:0.000000s ]
INFO: [ template_filter ] --END-- [ RunTime:0.000000s ]
NOTIC: [8] Use of undefined constant id - assumed 'id' C:\xampp\htdocs\mall\mobile\app\b2b\Application\Runtime\Cache\News\dfb1f5ab8d2ad817db7cf1c91f367627.php 第 3 行.
NOTIC: [8] Use of undefined constant id - assumed 'id' C:\xampp\htdocs\mall\mobile\app\b2b\Application\Runtime\Cache\News\dfb1f5ab8d2ad817db7cf1c91f367627.php 第 5 行.
NOTIC: [8] Use of undefined constant id - assumed 'id' C:\xampp\htdocs\mall\mobile\app\b2b\Application\Runtime\Cache\News\dfb1f5ab8d2ad817db7cf1c91f367627.php 第 6 行.
NOTIC: [8] Use of undefined constant id - assumed 'id' C:\xampp\htdocs\mall\mobile\app\b2b\Application\Runtime\Cache\News\dfb1f5ab8d2ad817db7cf1c91f367627.php 第 3 行.
NOTIC: [8] Use of undefined constant id - assumed 'id' C:\xampp\htdocs\mall\mobile\app\b2b\Application\Runtime\Cache\News\dfb1f5ab8d2ad817db7cf1c91f367627.php 第 5 行.
NOTIC: [8] Use of undefined constant id - assumed 'id' C:\xampp\htdocs\mall\mobile\app\b2b\Application\Runtime\Cache\News\dfb1f5ab8d2ad817db7cf1c91f367627.php 第 6 行.
NOTIC: [8] Use of undefined constant id - assumed 'id' C:\xampp\htdocs\mall\mobile\app\b2b\Application\Runtime\Cache\News\dfb1f5ab8d2ad817db7cf1c91f367627.php 第 3 行.
NOTIC: [8] Use of undefined constant id - assumed 'id' C:\xampp\htdocs\mall\mobile\app\b2b\Application\Runtime\Cache\News\dfb1f5ab8d2ad817db7cf1c91f367627.php 第 5 行.
NOTIC: [8] Use of undefined constant id - assumed 'id' C:\xampp\htdocs\mall\mobile\app\b2b\Application\Runtime\Cache\News\dfb1f5ab8d2ad817db7cf1c91f367627.php 第 6 行.
NOTIC: [8] Use of undefined constant id - assumed 'id' C:\xampp\htdocs\mall\mobile\app\b2b\Application\Runtime\Cache\News\dfb1f5ab8d2ad817db7cf1c91f367627.php 第 3 行.
NOTIC: [8] Use of undefined constant id - assumed 'id' C:\xampp\htdocs\mall\mobile\app\b2b\Application\Runtime\Cache\News\dfb1f5ab8d2ad817db7cf1c91f367627.php 第 5 行.
NOTIC: [8] Use of undefined constant id - assumed 'id' C:\xampp\htdocs\mall\mobile\app\b2b\Application\Runtime\Cache\News\dfb1f5ab8d2ad817db7cf1c91f367627.php 第 6 行.
NOTIC: [8] Use of undefined constant id - assumed 'id' C:\xampp\htdocs\mall\mobile\app\b2b\Application\Runtime\Cache\News\dfb1f5ab8d2ad817db7cf1c91f367627.php 第 3 行.
NOTIC: [8] Use of undefined constant id - assumed 'id' C:\xampp\htdocs\mall\mobile\app\b2b\Application\Runtime\Cache\News\dfb1f5ab8d2ad817db7cf1c91f367627.php 第 5 行.
NOTIC: [8] Use of undefined constant id - assumed 'id' C:\xampp\htdocs\mall\mobile\app\b2b\Application\Runtime\Cache\News\dfb1f5ab8d2ad817db7cf1c91f367627.php 第 6 行.
INFO: Run Behavior\ParseTemplateBehavior [ RunTime:0.007813s ]
INFO: [ view_parse ] --END-- [ RunTime:0.007813s ]
INFO: [ view_filter ] --START--
INFO: Run Behavior\WriteHtmlCacheBehavior [ RunTime:0.000977s ]
INFO: [ view_filter ] --END-- [ RunTime:0.000977s ]
INFO: [ app_end ] --START--
INFO: Run Behavior\ShowPageTraceBehavior [ RunTime:0.000000s ]
INFO: [ app_end ] --END-- [ RunTime:0.000000s ]

[ 2015-06-25T20:07:47+08:00 ] 123.125.71.112 /mobile/app/b2b/index.php/News/Index/index
INFO: [ app_init ] --START--
INFO: Run Behavior\BuildLiteBehavior [ RunTime:0.000000s ]
INFO: [ app_init ] --END-- [ RunTime:0.000976s ]
INFO: [ app_begin ] --START--
INFO: Run Behavior\ReadHtmlCacheBehavior [ RunTime:0.000977s ]
INFO: [ app_begin ] --END-- [ RunTime:0.000977s ]
INFO: [ view_parse ] --START--
INFO: [ template_filter ] --START--
INFO: Run Behavior\ContentReplaceBehavior [ RunTime:0.000000s ]
INFO: [ template_filter ] --END-- [ RunTime:0.000000s ]
INFO: Run Behavior\ParseTemplateBehavior [ RunTime:0.012696s ]
INFO: [ view_parse ] --END-- [ RunTime:0.012696s ]
INFO: [ view_filter ] --START--
INFO: Run Behavior\WriteHtmlCacheBehavior [ RunTime:0.000000s ]
INFO: [ view_filter ] --END-- [ RunTime:0.000000s ]
INFO: [ app_end ] --START--
INFO: Run Behavior\ShowPageTraceBehavior [ RunTime:0.000976s ]
INFO: [ app_end ] --END-- [ RunTime:0.000976s ]

[ 2015-06-25T20:43:55+08:00 ] 220.181.108.139 /mobile/app/b2b/index.php/News/Index/index
INFO: [ app_init ] --START--
INFO: Run Behavior\BuildLiteBehavior [ RunTime:0.000000s ]
INFO: [ app_init ] --END-- [ RunTime:0.000000s ]
INFO: [ app_begin ] --START--
INFO: Run Behavior\ReadHtmlCacheBehavior [ RunTime:0.000977s ]
INFO: [ app_begin ] --END-- [ RunTime:0.000977s ]
INFO: [ view_parse ] --START--
INFO: [ template_filter ] --START--
INFO: Run Behavior\ContentReplaceBehavior [ RunTime:0.000976s ]
INFO: [ template_filter ] --END-- [ RunTime:0.000976s ]
INFO: Run Behavior\ParseTemplateBehavior [ RunTime:0.013671s ]
INFO: [ view_parse ] --END-- [ RunTime:0.013671s ]
INFO: [ view_filter ] --START--
INFO: Run Behavior\WriteHtmlCacheBehavior [ RunTime:0.000000s ]
INFO: [ view_filter ] --END-- [ RunTime:0.000000s ]
INFO: [ app_end ] --START--
INFO: Run Behavior\ShowPageTraceBehavior [ RunTime:0.000000s ]
INFO: [ app_end ] --END-- [ RunTime:0.000000s ]

[ 2015-06-25T21:22:56+08:00 ] 220.181.108.109 /mobile/app/b2b/index.php/News/Index/index
INFO: [ app_init ] --START--
INFO: Run Behavior\BuildLiteBehavior [ RunTime:0.000000s ]
INFO: [ app_init ] --END-- [ RunTime:0.000977s ]
INFO: [ app_begin ] --START--
INFO: Run Behavior\ReadHtmlCacheBehavior [ RunTime:0.000977s ]
INFO: [ app_begin ] --END-- [ RunTime:0.000977s ]
INFO: [ view_parse ] --START--
INFO: [ template_filter ] --START--
INFO: Run Behavior\ContentReplaceBehavior [ RunTime:0.000000s ]
INFO: [ template_filter ] --END-- [ RunTime:0.000000s ]
INFO: Run Behavior\ParseTemplateBehavior [ RunTime:0.012696s ]
INFO: [ view_parse ] --END-- [ RunTime:0.012696s ]
INFO: [ view_filter ] --START--
INFO: Run Behavior\WriteHtmlCacheBehavior [ RunTime:0.000976s ]
INFO: [ view_filter ] --END-- [ RunTime:0.000976s ]
INFO: [ app_end ] --START--
INFO: Run Behavior\ShowPageTraceBehavior [ RunTime:0.000977s ]
INFO: [ app_end ] --END-- [ RunTime:0.000977s ]

[ 2015-06-25T22:14:51+08:00 ] 123.125.71.85 /mobile/app/b2b/index.php/News/Index/index
INFO: [ app_init ] --START--
INFO: Run Behavior\BuildLiteBehavior [ RunTime:0.000000s ]
INFO: [ app_init ] --END-- [ RunTime:0.000976s ]
INFO: [ app_begin ] --START--
INFO: Run Behavior\ReadHtmlCacheBehavior [ RunTime:0.000977s ]
INFO: [ app_begin ] --END-- [ RunTime:0.000977s ]
INFO: [ view_parse ] --START--
INFO: [ template_filter ] --START--
INFO: Run Behavior\ContentReplaceBehavior [ RunTime:0.000000s ]
INFO: [ template_filter ] --END-- [ RunTime:0.000000s ]
INFO: Run Behavior\ParseTemplateBehavior [ RunTime:0.014649s ]
INFO: [ view_parse ] --END-- [ RunTime:0.014649s ]
INFO: [ view_filter ] --START--
INFO: Run Behavior\WriteHtmlCacheBehavior [ RunTime:0.000000s ]
INFO: [ view_filter ] --END-- [ RunTime:0.000000s ]
INFO: [ app_end ] --START--
INFO: Run Behavior\ShowPageTraceBehavior [ RunTime:0.000000s ]
INFO: [ app_end ] --END-- [ RunTime:0.000000s ]

[ 2015-06-25T23:26:24+08:00 ] 123.125.71.21 /mobile/app/b2b/index.php/News/Index/index
INFO: [ app_init ] --START--
INFO: Run Behavior\BuildLiteBehavior [ RunTime:0.000000s ]
INFO: [ app_init ] --END-- [ RunTime:0.000976s ]
INFO: [ app_begin ] --START--
INFO: Run Behavior\ReadHtmlCacheBehavior [ RunTime:0.000976s ]
INFO: [ app_begin ] --END-- [ RunTime:0.000976s ]
INFO: [ view_parse ] --START--
INFO: [ template_filter ] --START--
INFO: Run Behavior\ContentReplaceBehavior [ RunTime:0.000000s ]
INFO: [ template_filter ] --END-- [ RunTime:0.000976s ]
INFO: Run Behavior\ParseTemplateBehavior [ RunTime:0.013672s ]
INFO: [ view_parse ] --END-- [ RunTime:0.013672s ]
INFO: [ view_filter ] --START--
INFO: Run Behavior\WriteHtmlCacheBehavior [ RunTime:0.000977s ]
INFO: [ view_filter ] --END-- [ RunTime:0.000977s ]
INFO: [ app_end ] --START--
INFO: Run Behavior\ShowPageTraceBehavior [ RunTime:0.000000s ]
INFO: [ app_end ] --END-- [ RunTime:0.000000s ]

[ 2015-06-25T23:59:13+08:00 ] 220.181.108.111 /mobile/app/b2b/index.php/News/Index/detail/aid/5876
INFO: [ app_init ] --START--
INFO: Run Behavior\BuildLiteBehavior [ RunTime:0.000000s ]
INFO: [ app_init ] --END-- [ RunTime:0.000000s ]
INFO: [ app_begin ] --START--
INFO: Run Behavior\ReadHtmlCacheBehavior [ RunTime:0.000976s ]
INFO: [ app_begin ] --END-- [ RunTime:0.000976s ]
SQL: SHOW COLUMNS FROM `hill_img` [ RunTime:0.0029s ]
SQL: SELECT `cyte`,`body`,`zuobiao`,`pics`,`mobile_img` FROM `hill_img` WHERE ( aid='5876' ) LIMIT 1   [ RunTime:0.0205s ]
SQL: SHOW COLUMNS FROM `archives` [ RunTime:0.0020s ]
SQL: SELECT `title` FROM `archives` WHERE ( id=5876 ) LIMIT 1   [ RunTime:0.0000s ]
SQL: select id,title from archives where title like '%川红工夫%' limit 0,10 [ RunTime:0.0020s ]
INFO: [ view_parse ] --START--
INFO: [ template_filter ] --START--
INFO: Run Behavior\ContentReplaceBehavior [ RunTime:0.000000s ]
INFO: [ template_filter ] --END-- [ RunTime:0.000000s ]
INFO: Run Behavior\ParseTemplateBehavior [ RunTime:0.007813s ]
INFO: [ view_parse ] --END-- [ RunTime:0.007813s ]
INFO: [ view_filter ] --START--
INFO: Run Behavior\WriteHtmlCacheBehavior [ RunTime:0.000000s ]
INFO: [ view_filter ] --END-- [ RunTime:0.000000s ]
INFO: [ app_end ] --START--
INFO: Run Behavior\ShowPageTraceBehavior [ RunTime:0.000976s ]
INFO: [ app_end ] --END-- [ RunTime:0.000976s ]

