[ 2015-03-10T23:30:59+08:00 ] ::1 /donate/index.php/donate_list.html
INFO: [ app_init ] --START--
INFO: Run Behavior\BuildLiteBehavior [ RunTime:0.000019s ]
INFO: [ app_init ] --END-- [ RunTime:0.000580s ]
ERR: 无法加载模块:Donate_list

[ 2015-03-10T23:48:52+08:00 ] ::1 /donate/index.php/Public/upload/giftImg/15-03-10/54ff07c360968.jpg,
INFO: [ app_init ] --START--
INFO: Run Behavior\BuildLiteBehavior [ RunTime:0.000016s ]
INFO: [ app_init ] --END-- [ RunTime:0.000366s ]
ERR: 无法加载模块:Public

[ 2015-03-10T23:48:52+08:00 ] ::1 /donate/index.php/Public/upload/giftImg/15-03-10/54ff070871aea.jpg,
INFO: [ app_init ] --START--
INFO: Run Behavior\BuildLiteBehavior [ RunTime:0.000018s ]
INFO: [ app_init ] --END-- [ RunTime:0.000719s ]
ERR: 无法加载模块:Public

[ 2015-03-10T23:48:52+08:00 ] ::1 /donate/index.php/Public/upload/giftImg/15-03-10/54ff08b30eec1.jpg,./Public/upload/giftImg/15-03-10/54ff08b30f1a2.jpg,
INFO: [ app_init ] --START--
INFO: Run Behavior\BuildLiteBehavior [ RunTime:0.000020s ]
INFO: [ app_init ] --END-- [ RunTime:0.000695s ]
ERR: 无法加载模块:Public

[ 2015-03-10T23:48:52+08:00 ] ::1 /donate/index.php/Public/upload/giftImg/15-03-10/54ff087ede464.jpg,
INFO: [ app_init ] --START--
INFO: Run Behavior\BuildLiteBehavior [ RunTime:0.000026s ]
INFO: [ app_init ] --END-- [ RunTime:0.000427s ]
ERR: 无法加载模块:Public

[ 2015-03-10T23:48:52+08:00 ] ::1 /donate/index.php/Public/upload/giftImg/15-03-10/54ff0898328b4.jpg,
INFO: [ app_init ] --START--
INFO: Run Behavior\BuildLiteBehavior [ RunTime:0.000016s ]
INFO: [ app_init ] --END-- [ RunTime:0.000372s ]
ERR: 无法加载模块:Public

[ 2015-03-10T23:48:52+08:00 ] ::1 /donate/index.php/Public/upload/giftImg/15-03-10/54ff087296008.jpg,
INFO: [ app_init ] --START--
INFO: Run Behavior\BuildLiteBehavior [ RunTime:0.000018s ]
INFO: [ app_init ] --END-- [ RunTime:0.000375s ]
ERR: 无法加载模块:Public

[ 2015-03-10T23:48:52+08:00 ] ::1 /donate/index.php/Public/upload/giftImg/15-03-10/54ff08c0a598c.jpg,
INFO: [ app_init ] --START--
INFO: Run Behavior\BuildLiteBehavior [ RunTime:0.000019s ]
INFO: [ app_init ] --END-- [ RunTime:0.000628s ]
ERR: 无法加载模块:Public

[ 2015-03-10T23:48:52+08:00 ] ::1 /donate/index.php/Public/upload/giftImg/15-03-10/54ff08ca4356a.jpg,
INFO: [ app_init ] --START--
INFO: Run Behavior\BuildLiteBehavior [ RunTime:0.000018s ]
INFO: [ app_init ] --END-- [ RunTime:0.000409s ]
ERR: 无法加载模块:Public

[ 2015-03-10T23:48:52+08:00 ] ::1 /donate/index.php/Public/upload/giftImg/15-03-10/54ff070871aea.jpg,
INFO: [ app_init ] --START--
INFO: Run Behavior\BuildLiteBehavior [ RunTime:0.000017s ]
INFO: [ app_init ] --END-- [ RunTime:0.000348s ]
ERR: 无法加载模块:Public

[ 2015-03-10T23:48:52+08:00 ] ::1 /donate/index.php/Public/upload/giftImg/15-03-10/54ff087296008.jpg,
INFO: [ app_init ] --START--
INFO: Run Behavior\BuildLiteBehavior [ RunTime:0.000017s ]
INFO: [ app_init ] --END-- [ RunTime:0.000359s ]
ERR: 无法加载模块:Public

[ 2015-03-10T23:48:52+08:00 ] ::1 /donate/index.php/Public/upload/giftImg/15-03-10/54ff07c360968.jpg,
INFO: [ app_init ] --START--
INFO: Run Behavior\BuildLiteBehavior [ RunTime:0.000015s ]
INFO: [ app_init ] --END-- [ RunTime:0.000343s ]
ERR: 无法加载模块:Public

[ 2015-03-10T23:48:52+08:00 ] ::1 /donate/index.php/Public/upload/giftImg/15-03-10/54ff087ede464.jpg,
INFO: [ app_init ] --START--
INFO: Run Behavior\BuildLiteBehavior [ RunTime:0.000016s ]
INFO: [ app_init ] --END-- [ RunTime:0.000346s ]
ERR: 无法加载模块:Public

[ 2015-03-10T23:48:52+08:00 ] ::1 /donate/index.php/Public/upload/giftImg/15-03-10/54ff08b30eec1.jpg,./Public/upload/giftImg/15-03-10/54ff08b30f1a2.jpg,
INFO: [ app_init ] --START--
INFO: Run Behavior\BuildLiteBehavior [ RunTime:0.000017s ]
INFO: [ app_init ] --END-- [ RunTime:0.000357s ]
ERR: 无法加载模块:Public

[ 2015-03-10T23:48:52+08:00 ] ::1 /donate/index.php/Public/upload/giftImg/15-03-10/54ff0898328b4.jpg,
INFO: [ app_init ] --START--
INFO: Run Behavior\BuildLiteBehavior [ RunTime:0.000025s ]
INFO: [ app_init ] --END-- [ RunTime:0.000406s ]
ERR: 无法加载模块:Public

[ 2015-03-10T23:48:53+08:00 ] ::1 /donate/index.php/Public/upload/giftImg/15-03-10/54ff087296008.jpg,
INFO: [ app_init ] --START--
INFO: Run Behavior\BuildLiteBehavior [ RunTime:0.000018s ]
INFO: [ app_init ] --END-- [ RunTime:0.000369s ]
ERR: 无法加载模块:Public

[ 2015-03-10T23:48:53+08:00 ] ::1 /donate/index.php/Public/upload/giftImg/15-03-10/54ff07c360968.jpg,
INFO: [ app_init ] --START--
INFO: Run Behavior\BuildLiteBehavior [ RunTime:0.000016s ]
INFO: [ app_init ] --END-- [ RunTime:0.000357s ]
ERR: 无法加载模块:Public

[ 2015-03-10T23:48:53+08:00 ] ::1 /donate/index.php/Public/upload/giftImg/15-03-10/54ff087ede464.jpg,
INFO: [ app_init ] --START--
INFO: Run Behavior\BuildLiteBehavior [ RunTime:0.000016s ]
INFO: [ app_init ] --END-- [ RunTime:0.000390s ]
ERR: 无法加载模块:Public

[ 2015-03-10T23:48:53+08:00 ] ::1 /donate/index.php/Public/upload/giftImg/15-03-10/54ff08b30eec1.jpg,./Public/upload/giftImg/15-03-10/54ff08b30f1a2.jpg,
INFO: [ app_init ] --START--
INFO: Run Behavior\BuildLiteBehavior [ RunTime:0.000016s ]
INFO: [ app_init ] --END-- [ RunTime:0.000486s ]
ERR: 无法加载模块:Public

[ 2015-03-10T23:48:53+08:00 ] ::1 /donate/index.php/Public/upload/giftImg/15-03-10/54ff0898328b4.jpg,
INFO: [ app_init ] --START--
INFO: Run Behavior\BuildLiteBehavior [ RunTime:0.000015s ]
INFO: [ app_init ] --END-- [ RunTime:0.000347s ]
ERR: 无法加载模块:Public

[ 2015-03-10T23:48:53+08:00 ] ::1 /donate/index.php/Public/upload/giftImg/15-03-10/54ff070871aea.jpg,
INFO: [ app_init ] --START--
INFO: Run Behavior\BuildLiteBehavior [ RunTime:0.000014s ]
INFO: [ app_init ] --END-- [ RunTime:0.000422s ]
ERR: 无法加载模块:Public

[ 2015-03-10T23:48:53+08:00 ] ::1 /donate/index.php/Public/upload/giftImg/15-03-10/54ff08c0a598c.jpg,
INFO: [ app_init ] --START--
INFO: Run Behavior\BuildLiteBehavior [ RunTime:0.000015s ]
INFO: [ app_init ] --END-- [ RunTime:0.000363s ]
ERR: 无法加载模块:Public

[ 2015-03-10T23:48:53+08:00 ] ::1 /donate/index.php/Public/upload/giftImg/15-03-10/54ff08ca4356a.jpg,
INFO: [ app_init ] --START--
INFO: Run Behavior\BuildLiteBehavior [ RunTime:0.000015s ]
INFO: [ app_init ] --END-- [ RunTime:0.000654s ]
ERR: 无法加载模块:Public

[ 2015-03-10T23:48:53+08:00 ] ::1 /donate/index.php/Public/upload/giftImg/15-03-10/54ff070871aea.jpg,
INFO: [ app_init ] --START--
INFO: Run Behavior\BuildLiteBehavior [ RunTime:0.000016s ]
INFO: [ app_init ] --END-- [ RunTime:0.000355s ]
ERR: 无法加载模块:Public

[ 2015-03-10T23:48:53+08:00 ] ::1 /donate/index.php/Public/upload/giftImg/15-03-10/54ff07c360968.jpg,
INFO: [ app_init ] --START--
INFO: Run Behavior\BuildLiteBehavior [ RunTime:0.000015s ]
INFO: [ app_init ] --END-- [ RunTime:0.000342s ]
ERR: 无法加载模块:Public

[ 2015-03-10T23:48:53+08:00 ] ::1 /donate/index.php/Public/upload/giftImg/15-03-10/54ff087296008.jpg,
INFO: [ app_init ] --START--
INFO: Run Behavior\BuildLiteBehavior [ RunTime:0.000017s ]
INFO: [ app_init ] --END-- [ RunTime:0.000361s ]
ERR: 无法加载模块:Public

[ 2015-03-10T23:48:53+08:00 ] ::1 /donate/index.php/Public/upload/giftImg/15-03-10/54ff087ede464.jpg,
INFO: [ app_init ] --START--
INFO: Run Behavior\BuildLiteBehavior [ RunTime:0.000017s ]
INFO: [ app_init ] --END-- [ RunTime:0.000379s ]
ERR: 无法加载模块:Public

[ 2015-03-10T23:48:53+08:00 ] ::1 /donate/index.php/Public/upload/giftImg/15-03-10/54ff0898328b4.jpg,
INFO: [ app_init ] --START--
INFO: Run Behavior\BuildLiteBehavior [ RunTime:0.000018s ]
INFO: [ app_init ] --END-- [ RunTime:0.000379s ]
ERR: 无法加载模块:Public

[ 2015-03-10T23:48:53+08:00 ] ::1 /donate/index.php/Public/upload/giftImg/15-03-10/54ff08b30eec1.jpg,./Public/upload/giftImg/15-03-10/54ff08b30f1a2.jpg,
INFO: [ app_init ] --START--
INFO: Run Behavior\BuildLiteBehavior [ RunTime:0.000016s ]
INFO: [ app_init ] --END-- [ RunTime:0.000353s ]
ERR: 无法加载模块:Public

[ 2015-03-10T23:49:18+08:00 ] ::1 /donate/index.php/Public/upload/giftImg/15-03-10/54ff070871aea.jpg,
INFO: [ app_init ] --START--
INFO: Run Behavior\BuildLiteBehavior [ RunTime:0.000015s ]
INFO: [ app_init ] --END-- [ RunTime:0.000348s ]
ERR: 无法加载模块:Public

[ 2015-03-10T23:49:18+08:00 ] ::1 /donate/index.php/Public/upload/giftImg/15-03-10/54ff07c360968.jpg,
INFO: [ app_init ] --START--
INFO: Run Behavior\BuildLiteBehavior [ RunTime:0.000017s ]
INFO: [ app_init ] --END-- [ RunTime:0.000381s ]
ERR: 无法加载模块:Public

[ 2015-03-10T23:49:18+08:00 ] ::1 /donate/index.php/Public/upload/giftImg/15-03-10/54ff087296008.jpg,
INFO: [ app_init ] --START--
INFO: Run Behavior\BuildLiteBehavior [ RunTime:0.000024s ]
INFO: [ app_init ] --END-- [ RunTime:0.000374s ]
ERR: 无法加载模块:Public

[ 2015-03-10T23:49:18+08:00 ] ::1 /donate/index.php/Public/upload/giftImg/15-03-10/54ff0898328b4.jpg,
INFO: [ app_init ] --START--
INFO: Run Behavior\BuildLiteBehavior [ RunTime:0.000015s ]
INFO: [ app_init ] --END-- [ RunTime:0.000350s ]
ERR: 无法加载模块:Public

[ 2015-03-10T23:49:18+08:00 ] ::1 /donate/index.php/Public/upload/giftImg/15-03-10/54ff087ede464.jpg,
INFO: [ app_init ] --START--
INFO: Run Behavior\BuildLiteBehavior [ RunTime:0.000042s ]
INFO: [ app_init ] --END-- [ RunTime:0.000772s ]
ERR: 无法加载模块:Public

[ 2015-03-10T23:49:18+08:00 ] ::1 /donate/index.php/Public/upload/giftImg/15-03-10/54ff08ca4356a.jpg,
INFO: [ app_init ] --START--
INFO: Run Behavior\BuildLiteBehavior [ RunTime:0.000015s ]
INFO: [ app_init ] --END-- [ RunTime:0.000346s ]
ERR: 无法加载模块:Public

[ 2015-03-10T23:49:18+08:00 ] ::1 /donate/index.php/Public/upload/giftImg/15-03-10/54ff08b30eec1.jpg,./Public/upload/giftImg/15-03-10/54ff08b30f1a2.jpg,
INFO: [ app_init ] --START--
INFO: Run Behavior\BuildLiteBehavior [ RunTime:0.000035s ]
INFO: [ app_init ] --END-- [ RunTime:0.000598s ]
ERR: 无法加载模块:Public

[ 2015-03-10T23:49:18+08:00 ] ::1 /donate/index.php/Public/upload/giftImg/15-03-10/54ff08c0a598c.jpg,
INFO: [ app_init ] --START--
INFO: Run Behavior\BuildLiteBehavior [ RunTime:0.000014s ]
INFO: [ app_init ] --END-- [ RunTime:0.000359s ]
ERR: 无法加载模块:Public

[ 2015-03-10T23:49:18+08:00 ] ::1 /donate/index.php/Public/upload/giftImg/15-03-10/54ff070871aea.jpg,
INFO: [ app_init ] --START--
INFO: Run Behavior\BuildLiteBehavior [ RunTime:0.000018s ]
INFO: [ app_init ] --END-- [ RunTime:0.000370s ]
ERR: 无法加载模块:Public

[ 2015-03-10T23:49:18+08:00 ] ::1 /donate/index.php/Public/upload/giftImg/15-03-10/54ff07c360968.jpg,
INFO: [ app_init ] --START--
INFO: Run Behavior\BuildLiteBehavior [ RunTime:0.000017s ]
INFO: [ app_init ] --END-- [ RunTime:0.000391s ]
ERR: 无法加载模块:Public

[ 2015-03-10T23:49:18+08:00 ] ::1 /donate/index.php/Public/upload/giftImg/15-03-10/54ff087296008.jpg,
INFO: [ app_init ] --START--
INFO: Run Behavior\BuildLiteBehavior [ RunTime:0.000015s ]
INFO: [ app_init ] --END-- [ RunTime:0.000344s ]
ERR: 无法加载模块:Public

[ 2015-03-10T23:49:18+08:00 ] ::1 /donate/index.php/Public/upload/giftImg/15-03-10/54ff087ede464.jpg,
INFO: [ app_init ] --START--
INFO: Run Behavior\BuildLiteBehavior [ RunTime:0.000017s ]
INFO: [ app_init ] --END-- [ RunTime:0.000368s ]
ERR: 无法加载模块:Public

[ 2015-03-10T23:49:18+08:00 ] ::1 /donate/index.php/Public/upload/giftImg/15-03-10/54ff08b30eec1.jpg,./Public/upload/giftImg/15-03-10/54ff08b30f1a2.jpg,
INFO: [ app_init ] --START--
INFO: Run Behavior\BuildLiteBehavior [ RunTime:0.000016s ]
INFO: [ app_init ] --END-- [ RunTime:0.000360s ]
ERR: 无法加载模块:Public

[ 2015-03-10T23:49:18+08:00 ] ::1 /donate/index.php/Public/upload/giftImg/15-03-10/54ff0898328b4.jpg,
INFO: [ app_init ] --START--
INFO: Run Behavior\BuildLiteBehavior [ RunTime:0.000015s ]
INFO: [ app_init ] --END-- [ RunTime:0.000347s ]
ERR: 无法加载模块:Public

[ 2015-03-10T23:49:18+08:00 ] ::1 /donate/index.php/Public/upload/giftImg/15-03-10/54ff08c0a598c.jpg,
INFO: [ app_init ] --START--
INFO: Run Behavior\BuildLiteBehavior [ RunTime:0.000017s ]
INFO: [ app_init ] --END-- [ RunTime:0.000360s ]
ERR: 无法加载模块:Public

[ 2015-03-10T23:49:18+08:00 ] ::1 /donate/index.php/Public/upload/giftImg/15-03-10/54ff08ca4356a.jpg,
INFO: [ app_init ] --START--
INFO: Run Behavior\BuildLiteBehavior [ RunTime:0.000012s ]
INFO: [ app_init ] --END-- [ RunTime:0.000271s ]
ERR: 无法加载模块:Public

[ 2015-03-10T23:49:20+08:00 ] ::1 /donate/index.php/Public/upload/giftImg/15-03-10/54ff070871aea.jpg,
INFO: [ app_init ] --START--
INFO: Run Behavior\BuildLiteBehavior [ RunTime:0.000016s ]
INFO: [ app_init ] --END-- [ RunTime:0.000358s ]
ERR: 无法加载模块:Public

[ 2015-03-10T23:49:20+08:00 ] ::1 /donate/index.php/Public/upload/giftImg/15-03-10/54ff087296008.jpg,
INFO: [ app_init ] --START--
INFO: Run Behavior\BuildLiteBehavior [ RunTime:0.000015s ]
INFO: [ app_init ] --END-- [ RunTime:0.000338s ]
ERR: 无法加载模块:Public

[ 2015-03-10T23:49:20+08:00 ] ::1 /donate/index.php/Public/upload/giftImg/15-03-10/54ff07c360968.jpg,
INFO: [ app_init ] --START--
INFO: Run Behavior\BuildLiteBehavior [ RunTime:0.000016s ]
INFO: [ app_init ] --END-- [ RunTime:0.000356s ]
ERR: 无法加载模块:Public

[ 2015-03-10T23:49:20+08:00 ] ::1 /donate/index.php/Public/upload/giftImg/15-03-10/54ff087ede464.jpg,
INFO: [ app_init ] --START--
INFO: Run Behavior\BuildLiteBehavior [ RunTime:0.000017s ]
INFO: [ app_init ] --END-- [ RunTime:0.000361s ]
ERR: 无法加载模块:Public

[ 2015-03-10T23:49:20+08:00 ] ::1 /donate/index.php/Public/upload/giftImg/15-03-10/54ff0898328b4.jpg,
INFO: [ app_init ] --START--
INFO: Run Behavior\BuildLiteBehavior [ RunTime:0.000018s ]
INFO: [ app_init ] --END-- [ RunTime:0.000381s ]
ERR: 无法加载模块:Public

[ 2015-03-10T23:49:20+08:00 ] ::1 /donate/index.php/Public/upload/giftImg/15-03-10/54ff08b30eec1.jpg,./Public/upload/giftImg/15-03-10/54ff08b30f1a2.jpg,
INFO: [ app_init ] --START--
INFO: Run Behavior\BuildLiteBehavior [ RunTime:0.000018s ]
INFO: [ app_init ] --END-- [ RunTime:0.000774s ]
ERR: 无法加载模块:Public

[ 2015-03-10T23:49:20+08:00 ] ::1 /donate/index.php/Public/upload/giftImg/15-03-10/54ff08ca4356a.jpg,
INFO: [ app_init ] --START--
INFO: Run Behavior\BuildLiteBehavior [ RunTime:0.000015s ]
INFO: [ app_init ] --END-- [ RunTime:0.000320s ]
ERR: 无法加载模块:Public

[ 2015-03-10T23:49:20+08:00 ] ::1 /donate/index.php/Public/upload/giftImg/15-03-10/54ff08c0a598c.jpg,
INFO: [ app_init ] --START--
INFO: Run Behavior\BuildLiteBehavior [ RunTime:0.000017s ]
INFO: [ app_init ] --END-- [ RunTime:0.000393s ]
ERR: 无法加载模块:Public

[ 2015-03-10T23:49:20+08:00 ] ::1 /donate/index.php/Public/upload/giftImg/15-03-10/54ff070871aea.jpg,
INFO: [ app_init ] --START--
INFO: Run Behavior\BuildLiteBehavior [ RunTime:0.000016s ]
INFO: [ app_init ] --END-- [ RunTime:0.000351s ]
ERR: 无法加载模块:Public

[ 2015-03-10T23:49:20+08:00 ] ::1 /donate/index.php/Public/upload/giftImg/15-03-10/54ff07c360968.jpg,
INFO: [ app_init ] --START--
INFO: Run Behavior\BuildLiteBehavior [ RunTime:0.000016s ]
INFO: [ app_init ] --END-- [ RunTime:0.000354s ]
ERR: 无法加载模块:Public

[ 2015-03-10T23:49:20+08:00 ] ::1 /donate/index.php/Public/upload/giftImg/15-03-10/54ff087296008.jpg,
INFO: [ app_init ] --START--
INFO: Run Behavior\BuildLiteBehavior [ RunTime:0.000017s ]
INFO: [ app_init ] --END-- [ RunTime:0.000365s ]
ERR: 无法加载模块:Public

[ 2015-03-10T23:49:20+08:00 ] ::1 /donate/index.php/Public/upload/giftImg/15-03-10/54ff087ede464.jpg,
INFO: [ app_init ] --START--
INFO: Run Behavior\BuildLiteBehavior [ RunTime:0.000013s ]
INFO: [ app_init ] --END-- [ RunTime:0.000324s ]
ERR: 无法加载模块:Public

[ 2015-03-10T23:49:20+08:00 ] ::1 /donate/index.php/Public/upload/giftImg/15-03-10/54ff0898328b4.jpg,
INFO: [ app_init ] --START--
INFO: Run Behavior\BuildLiteBehavior [ RunTime:0.000017s ]
INFO: [ app_init ] --END-- [ RunTime:0.000360s ]
ERR: 无法加载模块:Public

[ 2015-03-10T23:49:20+08:00 ] ::1 /donate/index.php/Public/upload/giftImg/15-03-10/54ff08b30eec1.jpg,./Public/upload/giftImg/15-03-10/54ff08b30f1a2.jpg,
INFO: [ app_init ] --START--
INFO: Run Behavior\BuildLiteBehavior [ RunTime:0.000017s ]
INFO: [ app_init ] --END-- [ RunTime:0.000377s ]
ERR: 无法加载模块:Public

[ 2015-03-10T23:52:42+08:00 ] ::1 /donate/index.php/Public/upload/giftImg/15-03-10/54ff07c360968.jpg,
INFO: [ app_init ] --START--
INFO: Run Behavior\BuildLiteBehavior [ RunTime:0.000016s ]
INFO: [ app_init ] --END-- [ RunTime:0.000368s ]
ERR: 无法加载模块:Public

[ 2015-03-10T23:52:42+08:00 ] ::1 /donate/index.php/Public/upload/giftImg/15-03-10/54ff070871aea.jpg,
INFO: [ app_init ] --START--
INFO: Run Behavior\BuildLiteBehavior [ RunTime:0.000018s ]
INFO: [ app_init ] --END-- [ RunTime:0.000379s ]
ERR: 无法加载模块:Public

[ 2015-03-10T23:52:42+08:00 ] ::1 /donate/index.php/Public/upload/giftImg/15-03-10/54ff087ede464.jpg,
INFO: [ app_init ] --START--
INFO: Run Behavior\BuildLiteBehavior [ RunTime:0.000016s ]
INFO: [ app_init ] --END-- [ RunTime:0.000354s ]
ERR: 无法加载模块:Public

[ 2015-03-10T23:52:42+08:00 ] ::1 /donate/index.php/Public/upload/giftImg/15-03-10/54ff0898328b4.jpg,
INFO: [ app_init ] --START--
INFO: Run Behavior\BuildLiteBehavior [ RunTime:0.000015s ]
INFO: [ app_init ] --END-- [ RunTime:0.000352s ]
ERR: 无法加载模块:Public

[ 2015-03-10T23:52:42+08:00 ] ::1 /donate/index.php/Public/upload/giftImg/15-03-10/54fe48693d1dc.jpg,./Public/upload/giftImg/15-03-10/54fe48693e8fe.jpg,./Public/upload/giftImg/15-03-10/54fe48693eee2.jpg,
INFO: [ app_init ] --START--
INFO: Run Behavior\BuildLiteBehavior [ RunTime:0.000015s ]
INFO: [ app_init ] --END-- [ RunTime:0.000340s ]
ERR: 无法加载模块:Public

[ 2015-03-10T23:52:42+08:00 ] ::1 /donate/index.php/Public/upload/giftImg/15-03-10/54ff087296008.jpg,
INFO: [ app_init ] --START--
INFO: Run Behavior\BuildLiteBehavior [ RunTime:0.000028s ]
INFO: [ app_init ] --END-- [ RunTime:0.000550s ]
ERR: 无法加载模块:Public

[ 2015-03-10T23:52:42+08:00 ] ::1 /donate/index.php/Public/upload/giftImg/15-03-10/54ff08b30eec1.jpg,./Public/upload/giftImg/15-03-10/54ff08b30f1a2.jpg,
INFO: [ app_init ] --START--
INFO: Run Behavior\BuildLiteBehavior [ RunTime:0.000043s ]
INFO: [ app_init ] --END-- [ RunTime:0.000635s ]
ERR: 无法加载模块:Public

[ 2015-03-10T23:52:42+08:00 ] ::1 /donate/index.php/Public/upload/giftImg/15-03-10/54ff08c0a598c.jpg,
INFO: [ app_init ] --START--
INFO: Run Behavior\BuildLiteBehavior [ RunTime:0.000018s ]
INFO: [ app_init ] --END-- [ RunTime:0.000411s ]
ERR: 无法加载模块:Public

[ 2015-03-10T23:52:42+08:00 ] ::1 /donate/index.php/Public/upload/giftImg/15-03-10/54ff08ca4356a.jpg,
INFO: [ app_init ] --START--
INFO: Run Behavior\BuildLiteBehavior [ RunTime:0.000018s ]
INFO: [ app_init ] --END-- [ RunTime:0.000430s ]
ERR: 无法加载模块:Public

[ 2015-03-10T23:52:42+08:00 ] ::1 /donate/index.php/Public/upload/giftImg/15-03-10/54ff070871aea.jpg,
INFO: [ app_init ] --START--
INFO: Run Behavior\BuildLiteBehavior [ RunTime:0.000017s ]
INFO: [ app_init ] --END-- [ RunTime:0.000359s ]
ERR: 无法加载模块:Public

[ 2015-03-10T23:52:42+08:00 ] ::1 /donate/index.php/Public/upload/giftImg/15-03-10/54fe48693d1dc.jpg,./Public/upload/giftImg/15-03-10/54fe48693e8fe.jpg,./Public/upload/giftImg/15-03-10/54fe48693eee2.jpg,
INFO: [ app_init ] --START--
INFO: Run Behavior\BuildLiteBehavior [ RunTime:0.000016s ]
INFO: [ app_init ] --END-- [ RunTime:0.000363s ]
ERR: 无法加载模块:Public

[ 2015-03-10T23:52:42+08:00 ] ::1 /donate/index.php/Public/upload/giftImg/15-03-10/54ff07c360968.jpg,
INFO: [ app_init ] --START--
INFO: Run Behavior\BuildLiteBehavior [ RunTime:0.000014s ]
INFO: [ app_init ] --END-- [ RunTime:0.000340s ]
ERR: 无法加载模块:Public

[ 2015-03-10T23:52:42+08:00 ] ::1 /donate/index.php/Public/upload/giftImg/15-03-10/54ff087296008.jpg,
INFO: [ app_init ] --START--
INFO: Run Behavior\BuildLiteBehavior [ RunTime:0.000017s ]
INFO: [ app_init ] --END-- [ RunTime:0.000357s ]
ERR: 无法加载模块:Public

[ 2015-03-10T23:52:42+08:00 ] ::1 /donate/index.php/Public/upload/giftImg/15-03-10/54ff0898328b4.jpg,
INFO: [ app_init ] --START--
INFO: Run Behavior\BuildLiteBehavior [ RunTime:0.000016s ]
INFO: [ app_init ] --END-- [ RunTime:0.000340s ]
ERR: 无法加载模块:Public

[ 2015-03-10T23:52:42+08:00 ] ::1 /donate/index.php/Public/upload/giftImg/15-03-10/54ff087ede464.jpg,
INFO: [ app_init ] --START--
INFO: Run Behavior\BuildLiteBehavior [ RunTime:0.000015s ]
INFO: [ app_init ] --END-- [ RunTime:0.000339s ]
ERR: 无法加载模块:Public

[ 2015-03-10T23:52:42+08:00 ] ::1 /donate/index.php/Public/upload/giftImg/15-03-10/54ff08b30eec1.jpg,./Public/upload/giftImg/15-03-10/54ff08b30f1a2.jpg,
INFO: [ app_init ] --START--
INFO: Run Behavior\BuildLiteBehavior [ RunTime:0.000018s ]
INFO: [ app_init ] --END-- [ RunTime:0.000345s ]
ERR: 无法加载模块:Public

[ 2015-03-10T23:52:42+08:00 ] ::1 /donate/index.php/Public/upload/giftImg/15-03-10/54ff08c0a598c.jpg,
INFO: [ app_init ] --START--
INFO: Run Behavior\BuildLiteBehavior [ RunTime:0.000016s ]
INFO: [ app_init ] --END-- [ RunTime:0.000389s ]
ERR: 无法加载模块:Public

[ 2015-03-10T23:52:43+08:00 ] ::1 /donate/index.php/Public/upload/giftImg/15-03-10/54fe48693d1dc.jpg,./Public/upload/giftImg/15-03-10/54fe48693e8fe.jpg,./Public/upload/giftImg/15-03-10/54fe48693eee2.jpg,
INFO: [ app_init ] --START--
INFO: Run Behavior\BuildLiteBehavior [ RunTime:0.000016s ]
INFO: [ app_init ] --END-- [ RunTime:0.000384s ]
ERR: 无法加载模块:Public

[ 2015-03-10T23:52:43+08:00 ] ::1 /donate/index.php/Public/upload/giftImg/15-03-10/54ff07c360968.jpg,
INFO: [ app_init ] --START--
INFO: Run Behavior\BuildLiteBehavior [ RunTime:0.000015s ]
INFO: [ app_init ] --END-- [ RunTime:0.000357s ]
ERR: 无法加载模块:Public

[ 2015-03-10T23:52:43+08:00 ] ::1 /donate/index.php/Public/upload/giftImg/15-03-10/54ff070871aea.jpg,
INFO: [ app_init ] --START--
INFO: Run Behavior\BuildLiteBehavior [ RunTime:0.000014s ]
INFO: [ app_init ] --END-- [ RunTime:0.000338s ]
ERR: 无法加载模块:Public

[ 2015-03-10T23:52:43+08:00 ] ::1 /donate/index.php/Public/upload/giftImg/15-03-10/54ff087296008.jpg,
INFO: [ app_init ] --START--
INFO: Run Behavior\BuildLiteBehavior [ RunTime:0.000016s ]
INFO: [ app_init ] --END-- [ RunTime:0.000359s ]
ERR: 无法加载模块:Public

[ 2015-03-10T23:52:43+08:00 ] ::1 /donate/index.php/Public/upload/giftImg/15-03-10/54ff087ede464.jpg,
INFO: [ app_init ] --START--
INFO: Run Behavior\BuildLiteBehavior [ RunTime:0.000016s ]
INFO: [ app_init ] --END-- [ RunTime:0.000355s ]
ERR: 无法加载模块:Public

[ 2015-03-10T23:52:43+08:00 ] ::1 /donate/index.php/Public/upload/giftImg/15-03-10/54ff0898328b4.jpg,
INFO: [ app_init ] --START--
INFO: Run Behavior\BuildLiteBehavior [ RunTime:0.000017s ]
INFO: [ app_init ] --END-- [ RunTime:0.000352s ]
ERR: 无法加载模块:Public

[ 2015-03-10T23:52:43+08:00 ] ::1 /donate/index.php/Public/upload/giftImg/15-03-10/54ff08ca4356a.jpg,
INFO: [ app_init ] --START--
INFO: Run Behavior\BuildLiteBehavior [ RunTime:0.000017s ]
INFO: [ app_init ] --END-- [ RunTime:0.000372s ]
ERR: 无法加载模块:Public

[ 2015-03-10T23:52:43+08:00 ] ::1 /donate/index.php/Public/upload/giftImg/15-03-10/54ff08b30eec1.jpg,./Public/upload/giftImg/15-03-10/54ff08b30f1a2.jpg,
INFO: [ app_init ] --START--
INFO: Run Behavior\BuildLiteBehavior [ RunTime:0.000042s ]
INFO: [ app_init ] --END-- [ RunTime:0.000676s ]
ERR: 无法加载模块:Public

[ 2015-03-10T23:52:43+08:00 ] ::1 /donate/index.php/Public/upload/giftImg/15-03-10/54ff08c0a598c.jpg,
INFO: [ app_init ] --START--
INFO: Run Behavior\BuildLiteBehavior [ RunTime:0.000023s ]
INFO: [ app_init ] --END-- [ RunTime:0.000732s ]
ERR: 无法加载模块:Public

[ 2015-03-10T23:52:44+08:00 ] ::1 /donate/index.php/Public/upload/giftImg/15-03-10/54fe48693d1dc.jpg,./Public/upload/giftImg/15-03-10/54fe48693e8fe.jpg,./Public/upload/giftImg/15-03-10/54fe48693eee2.jpg,
INFO: [ app_init ] --START--
INFO: Run Behavior\BuildLiteBehavior [ RunTime:0.000017s ]
INFO: [ app_init ] --END-- [ RunTime:0.000354s ]
ERR: 无法加载模块:Public

[ 2015-03-10T23:52:44+08:00 ] ::1 /donate/index.php/Public/upload/giftImg/15-03-10/54ff070871aea.jpg,
INFO: [ app_init ] --START--
INFO: Run Behavior\BuildLiteBehavior [ RunTime:0.000049s ]
INFO: [ app_init ] --END-- [ RunTime:0.000469s ]
ERR: 无法加载模块:Public

[ 2015-03-10T23:52:44+08:00 ] ::1 /donate/index.php/Public/upload/giftImg/15-03-10/54ff087296008.jpg,
INFO: [ app_init ] --START--
INFO: Run Behavior\BuildLiteBehavior [ RunTime:0.000016s ]
INFO: [ app_init ] --END-- [ RunTime:0.000358s ]
ERR: 无法加载模块:Public

[ 2015-03-10T23:52:44+08:00 ] ::1 /donate/index.php/Public/upload/giftImg/15-03-10/54ff07c360968.jpg,
INFO: [ app_init ] --START--
INFO: Run Behavior\BuildLiteBehavior [ RunTime:0.000013s ]
INFO: [ app_init ] --END-- [ RunTime:0.000331s ]
ERR: 无法加载模块:Public

[ 2015-03-10T23:52:44+08:00 ] ::1 /donate/index.php/Public/upload/giftImg/15-03-10/54ff0898328b4.jpg,
INFO: [ app_init ] --START--
INFO: Run Behavior\BuildLiteBehavior [ RunTime:0.000017s ]
INFO: [ app_init ] --END-- [ RunTime:0.000384s ]
ERR: 无法加载模块:Public

[ 2015-03-10T23:52:44+08:00 ] ::1 /donate/index.php/Public/upload/giftImg/15-03-10/54ff08ca4356a.jpg,
INFO: [ app_init ] --START--
INFO: Run Behavior\BuildLiteBehavior [ RunTime:0.000017s ]
INFO: [ app_init ] --END-- [ RunTime:0.000326s ]
ERR: 无法加载模块:Public

[ 2015-03-10T23:52:44+08:00 ] ::1 /donate/index.php/Public/upload/giftImg/15-03-10/54ff087ede464.jpg,
INFO: [ app_init ] --START--
INFO: Run Behavior\BuildLiteBehavior [ RunTime:0.000014s ]
INFO: [ app_init ] --END-- [ RunTime:0.000424s ]
ERR: 无法加载模块:Public

[ 2015-03-10T23:55:25+08:00 ] ::1 /donate/index.php//donate/Public/upload/giftImg/15-03-10/54ff08ca4356a.jpg
INFO: [ app_init ] --START--
INFO: Run Behavior\BuildLiteBehavior [ RunTime:0.000014s ]
INFO: [ app_init ] --END-- [ RunTime:0.000587s ]
ERR: 无法加载模块:Donate

[ 2015-03-10T23:57:39+08:00 ] ::1 /donate/index.php/Public/upload/giftImg/15-03-10/54ff07c360968.jpg,
INFO: [ app_init ] --START--
INFO: Run Behavior\BuildLiteBehavior [ RunTime:0.000018s ]
INFO: [ app_init ] --END-- [ RunTime:0.000375s ]
ERR: 无法加载模块:Public

[ 2015-03-10T23:57:39+08:00 ] ::1 /donate/index.php/Public/upload/giftImg/15-03-10/54fe48693d1dc.jpg,./Public/upload/giftImg/15-03-10/54fe48693e8fe.jpg,./Public/upload/giftImg/15-03-10/54fe48693eee2.jpg,
INFO: [ app_init ] --START--
INFO: Run Behavior\BuildLiteBehavior [ RunTime:0.000016s ]
INFO: [ app_init ] --END-- [ RunTime:0.000354s ]
ERR: 无法加载模块:Public

[ 2015-03-10T23:57:39+08:00 ] ::1 /donate/index.php/Public/upload/giftImg/15-03-10/54ff070871aea.jpg,
INFO: [ app_init ] --START--
INFO: Run Behavior\BuildLiteBehavior [ RunTime:0.000015s ]
INFO: [ app_init ] --END-- [ RunTime:0.000354s ]
ERR: 无法加载模块:Public

[ 2015-03-10T23:57:39+08:00 ] ::1 /donate/index.php/Public/upload/giftImg/15-03-10/54ff087296008.jpg,
INFO: [ app_init ] --START--
INFO: Run Behavior\BuildLiteBehavior [ RunTime:0.000018s ]
INFO: [ app_init ] --END-- [ RunTime:0.000533s ]
ERR: 无法加载模块:Public

[ 2015-03-10T23:57:39+08:00 ] ::1 /donate/index.php/Public/upload/giftImg/15-03-10/54ff087ede464.jpg,
INFO: [ app_init ] --START--
INFO: Run Behavior\BuildLiteBehavior [ RunTime:0.000015s ]
INFO: [ app_init ] --END-- [ RunTime:0.000360s ]
ERR: 无法加载模块:Public

[ 2015-03-10T23:57:39+08:00 ] ::1 /donate/index.php/Public/upload/giftImg/15-03-10/54ff08c0a598c.jpg,
INFO: [ app_init ] --START--
INFO: Run Behavior\BuildLiteBehavior [ RunTime:0.000017s ]
INFO: [ app_init ] --END-- [ RunTime:0.000363s ]
ERR: 无法加载模块:Public

[ 2015-03-10T23:57:39+08:00 ] ::1 /donate/index.php/Public/upload/giftImg/15-03-10/54ff08b30eec1.jpg,./Public/upload/giftImg/15-03-10/54ff08b30f1a2.jpg,
INFO: [ app_init ] --START--
INFO: Run Behavior\BuildLiteBehavior [ RunTime:0.000014s ]
INFO: [ app_init ] --END-- [ RunTime:0.000319s ]
ERR: 无法加载模块:Public

[ 2015-03-10T23:57:39+08:00 ] ::1 /donate/index.php/Public/upload/giftImg/15-03-10/54ff0898328b4.jpg,
INFO: [ app_init ] --START--
INFO: Run Behavior\BuildLiteBehavior [ RunTime:0.000022s ]
INFO: [ app_init ] --END-- [ RunTime:0.001716s ]
ERR: 无法加载模块:Public

[ 2015-03-10T23:57:39+08:00 ] ::1 /donate/index.php/Public/upload/giftImg/15-03-10/54ff08ca4356a.jpg,
INFO: [ app_init ] --START--
INFO: Run Behavior\BuildLiteBehavior [ RunTime:0.000020s ]
INFO: [ app_init ] --END-- [ RunTime:0.000591s ]
ERR: 无法加载模块:Public

[ 2015-03-10T23:57:39+08:00 ] ::1 /donate/index.php/Public/upload/giftImg/15-03-10/54fe48693d1dc.jpg,./Public/upload/giftImg/15-03-10/54fe48693e8fe.jpg,./Public/upload/giftImg/15-03-10/54fe48693eee2.jpg,
INFO: [ app_init ] --START--
INFO: Run Behavior\BuildLiteBehavior [ RunTime:0.000017s ]
INFO: [ app_init ] --END-- [ RunTime:0.000367s ]
ERR: 无法加载模块:Public

[ 2015-03-10T23:57:39+08:00 ] ::1 /donate/index.php/Public/upload/giftImg/15-03-10/54ff070871aea.jpg,
INFO: [ app_init ] --START--
INFO: Run Behavior\BuildLiteBehavior [ RunTime:0.000014s ]
INFO: [ app_init ] --END-- [ RunTime:0.000338s ]
ERR: 无法加载模块:Public

[ 2015-03-10T23:57:39+08:00 ] ::1 /donate/index.php/Public/upload/giftImg/15-03-10/54ff07c360968.jpg,
INFO: [ app_init ] --START--
INFO: Run Behavior\BuildLiteBehavior [ RunTime:0.000019s ]
INFO: [ app_init ] --END-- [ RunTime:0.000406s ]
ERR: 无法加载模块:Public

[ 2015-03-10T23:57:39+08:00 ] ::1 /donate/index.php/Public/upload/giftImg/15-03-10/54ff087296008.jpg,
INFO: [ app_init ] --START--
INFO: Run Behavior\BuildLiteBehavior [ RunTime:0.000017s ]
INFO: [ app_init ] --END-- [ RunTime:0.000366s ]
ERR: 无法加载模块:Public

[ 2015-03-10T23:57:39+08:00 ] ::1 /donate/index.php/Public/upload/giftImg/15-03-10/54ff087ede464.jpg,
INFO: [ app_init ] --START--
INFO: Run Behavior\BuildLiteBehavior [ RunTime:0.000017s ]
INFO: [ app_init ] --END-- [ RunTime:0.000373s ]
ERR: 无法加载模块:Public

[ 2015-03-10T23:57:39+08:00 ] ::1 /donate/index.php/Public/upload/giftImg/15-03-10/54ff0898328b4.jpg,
INFO: [ app_init ] --START--
INFO: Run Behavior\BuildLiteBehavior [ RunTime:0.000018s ]
INFO: [ app_init ] --END-- [ RunTime:0.000372s ]
ERR: 无法加载模块:Public

[ 2015-03-10T23:57:39+08:00 ] ::1 /donate/index.php/Public/upload/giftImg/15-03-10/54ff08b30eec1.jpg,./Public/upload/giftImg/15-03-10/54ff08b30f1a2.jpg,
INFO: [ app_init ] --START--
INFO: Run Behavior\BuildLiteBehavior [ RunTime:0.000016s ]
INFO: [ app_init ] --END-- [ RunTime:0.000368s ]
ERR: 无法加载模块:Public

[ 2015-03-10T23:57:39+08:00 ] ::1 /donate/index.php/Public/upload/giftImg/15-03-10/54ff08c0a598c.jpg,
INFO: [ app_init ] --START--
INFO: Run Behavior\BuildLiteBehavior [ RunTime:0.000035s ]
INFO: [ app_init ] --END-- [ RunTime:0.000785s ]
ERR: 无法加载模块:Public

[ 2015-03-10T23:57:39+08:00 ] ::1 /donate/index.php/Public/upload/giftImg/15-03-10/54ff07c360968.jpg,
INFO: [ app_init ] --START--
INFO: Run Behavior\BuildLiteBehavior [ RunTime:0.000016s ]
INFO: [ app_init ] --END-- [ RunTime:0.000359s ]
ERR: 无法加载模块:Public

[ 2015-03-10T23:57:39+08:00 ] ::1 /donate/index.php/Public/upload/giftImg/15-03-10/54ff070871aea.jpg,
INFO: [ app_init ] --START--
INFO: Run Behavior\BuildLiteBehavior [ RunTime:0.000017s ]
INFO: [ app_init ] --END-- [ RunTime:0.000359s ]
ERR: 无法加载模块:Public

[ 2015-03-10T23:57:39+08:00 ] ::1 /donate/index.php/Public/upload/giftImg/15-03-10/54fe48693d1dc.jpg,./Public/upload/giftImg/15-03-10/54fe48693e8fe.jpg,./Public/upload/giftImg/15-03-10/54fe48693eee2.jpg,
INFO: [ app_init ] --START--
INFO: Run Behavior\BuildLiteBehavior [ RunTime:0.000018s ]
INFO: [ app_init ] --END-- [ RunTime:0.000361s ]
ERR: 无法加载模块:Public

[ 2015-03-10T23:57:39+08:00 ] ::1 /donate/index.php/Public/upload/giftImg/15-03-10/54ff087ede464.jpg,
INFO: [ app_init ] --START--
INFO: Run Behavior\BuildLiteBehavior [ RunTime:0.000018s ]
INFO: [ app_init ] --END-- [ RunTime:0.000390s ]
ERR: 无法加载模块:Public

[ 2015-03-10T23:57:39+08:00 ] ::1 /donate/index.php/Public/upload/giftImg/15-03-10/54ff087296008.jpg,
INFO: [ app_init ] --START--
INFO: Run Behavior\BuildLiteBehavior [ RunTime:0.000020s ]
INFO: [ app_init ] --END-- [ RunTime:0.002772s ]
ERR: 无法加载模块:Public

[ 2015-03-10T23:57:39+08:00 ] ::1 /donate/index.php/Public/upload/giftImg/15-03-10/54ff08b30eec1.jpg,./Public/upload/giftImg/15-03-10/54ff08b30f1a2.jpg,
INFO: [ app_init ] --START--
INFO: Run Behavior\BuildLiteBehavior [ RunTime:0.000017s ]
INFO: [ app_init ] --END-- [ RunTime:0.000376s ]
ERR: 无法加载模块:Public

[ 2015-03-10T23:57:39+08:00 ] ::1 /donate/index.php/Public/upload/giftImg/15-03-10/54ff0898328b4.jpg,
INFO: [ app_init ] --START--
INFO: Run Behavior\BuildLiteBehavior [ RunTime:0.000016s ]
INFO: [ app_init ] --END-- [ RunTime:0.000356s ]
ERR: 无法加载模块:Public

[ 2015-03-10T23:57:39+08:00 ] ::1 /donate/index.php/Public/upload/giftImg/15-03-10/54ff08c0a598c.jpg,
INFO: [ app_init ] --START--
INFO: Run Behavior\BuildLiteBehavior [ RunTime:0.000017s ]
INFO: [ app_init ] --END-- [ RunTime:0.000359s ]
ERR: 无法加载模块:Public

[ 2015-03-10T23:57:39+08:00 ] ::1 /donate/index.php/Public/upload/giftImg/15-03-10/54ff08ca4356a.jpg,
INFO: [ app_init ] --START--
INFO: Run Behavior\BuildLiteBehavior [ RunTime:0.000014s ]
INFO: [ app_init ] --END-- [ RunTime:0.000336s ]
ERR: 无法加载模块:Public

[ 2015-03-10T23:57:39+08:00 ] ::1 /donate/index.php/Public/upload/giftImg/15-03-10/54ff07c360968.jpg,
INFO: [ app_init ] --START--
INFO: Run Behavior\BuildLiteBehavior [ RunTime:0.000014s ]
INFO: [ app_init ] --END-- [ RunTime:0.000348s ]
ERR: 无法加载模块:Public

[ 2015-03-10T23:57:39+08:00 ] ::1 /donate/index.php/Public/upload/giftImg/15-03-10/54fe48693d1dc.jpg,./Public/upload/giftImg/15-03-10/54fe48693e8fe.jpg,./Public/upload/giftImg/15-03-10/54fe48693eee2.jpg,
INFO: [ app_init ] --START--
INFO: Run Behavior\BuildLiteBehavior [ RunTime:0.000017s ]
INFO: [ app_init ] --END-- [ RunTime:0.000351s ]
ERR: 无法加载模块:Public

[ 2015-03-10T23:57:39+08:00 ] ::1 /donate/index.php/Public/upload/giftImg/15-03-10/54ff070871aea.jpg,
INFO: [ app_init ] --START--
INFO: Run Behavior\BuildLiteBehavior [ RunTime:0.000014s ]
INFO: [ app_init ] --END-- [ RunTime:0.000342s ]
ERR: 无法加载模块:Public

[ 2015-03-10T23:57:39+08:00 ] ::1 /donate/index.php/Public/upload/giftImg/15-03-10/54ff087296008.jpg,
INFO: [ app_init ] --START--
INFO: Run Behavior\BuildLiteBehavior [ RunTime:0.000015s ]
INFO: [ app_init ] --END-- [ RunTime:0.000350s ]
ERR: 无法加载模块:Public

[ 2015-03-10T23:57:39+08:00 ] ::1 /donate/index.php/Public/upload/giftImg/15-03-10/54ff087ede464.jpg,
INFO: [ app_init ] --START--
INFO: Run Behavior\BuildLiteBehavior [ RunTime:0.000014s ]
INFO: [ app_init ] --END-- [ RunTime:0.000343s ]
ERR: 无法加载模块:Public

[ 2015-03-10T23:57:39+08:00 ] ::1 /donate/index.php/Public/upload/giftImg/15-03-10/54ff0898328b4.jpg,
INFO: [ app_init ] --START--
INFO: Run Behavior\BuildLiteBehavior [ RunTime:0.000014s ]
INFO: [ app_init ] --END-- [ RunTime:0.000340s ]
ERR: 无法加载模块:Public

[ 2015-03-10T23:57:39+08:00 ] ::1 /donate/index.php/Public/upload/giftImg/15-03-10/54ff08b30eec1.jpg,./Public/upload/giftImg/15-03-10/54ff08b30f1a2.jpg,
INFO: [ app_init ] --START--
INFO: Run Behavior\BuildLiteBehavior [ RunTime:0.000018s ]
INFO: [ app_init ] --END-- [ RunTime:0.000368s ]
ERR: 无法加载模块:Public

[ 2015-03-10T23:57:39+08:00 ] ::1 /donate/index.php/Public/upload/giftImg/15-03-10/54ff08c0a598c.jpg,
INFO: [ app_init ] --START--
INFO: Run Behavior\BuildLiteBehavior [ RunTime:0.000018s ]
INFO: [ app_init ] --END-- [ RunTime:0.000434s ]
ERR: 无法加载模块:Public

[ 2015-03-10T23:57:39+08:00 ] ::1 /donate/index.php/Public/upload/giftImg/15-03-10/54ff08ca4356a.jpg,
INFO: [ app_init ] --START--
INFO: Run Behavior\BuildLiteBehavior [ RunTime:0.000014s ]
INFO: [ app_init ] --END-- [ RunTime:0.000340s ]
ERR: 无法加载模块:Public

[ 2015-03-10T23:57:51+08:00 ] ::1 /donate/index.php/Public/upload/giftImg/15-03-10/54fe48693d1dc.jpg,./Public/upload/giftImg/15-03-10/54fe48693e8fe.jpg,./Public/upload/giftImg/15-03-10/54fe48693eee2.jpg,
INFO: [ app_init ] --START--
INFO: Run Behavior\BuildLiteBehavior [ RunTime:0.000017s ]
INFO: [ app_init ] --END-- [ RunTime:0.000366s ]
ERR: 无法加载模块:Public

[ 2015-03-10T23:57:51+08:00 ] ::1 /donate/index.php/Public/upload/giftImg/15-03-10/54ff070871aea.jpg,
INFO: [ app_init ] --START--
INFO: Run Behavior\BuildLiteBehavior [ RunTime:0.000017s ]
INFO: [ app_init ] --END-- [ RunTime:0.000374s ]
ERR: 无法加载模块:Public

[ 2015-03-10T23:57:51+08:00 ] ::1 /donate/index.php/Public/upload/giftImg/15-03-10/54ff07c360968.jpg,
INFO: [ app_init ] --START--
INFO: Run Behavior\BuildLiteBehavior [ RunTime:0.000018s ]
INFO: [ app_init ] --END-- [ RunTime:0.000370s ]
ERR: 无法加载模块:Public

[ 2015-03-10T23:57:51+08:00 ] ::1 /donate/index.php/Public/upload/giftImg/15-03-10/54ff087ede464.jpg,
INFO: [ app_init ] --START--
INFO: Run Behavior\BuildLiteBehavior [ RunTime:0.000017s ]
INFO: [ app_init ] --END-- [ RunTime:0.000363s ]
ERR: 无法加载模块:Public

[ 2015-03-10T23:57:51+08:00 ] ::1 /donate/index.php/Public/upload/giftImg/15-03-10/54ff0898328b4.jpg,
INFO: [ app_init ] --START--
INFO: Run Behavior\BuildLiteBehavior [ RunTime:0.000018s ]
INFO: [ app_init ] --END-- [ RunTime:0.000666s ]
ERR: 无法加载模块:Public

[ 2015-03-10T23:57:51+08:00 ] ::1 /donate/index.php/Public/upload/giftImg/15-03-10/54ff087296008.jpg,
INFO: [ app_init ] --START--
INFO: Run Behavior\BuildLiteBehavior [ RunTime:0.000028s ]
INFO: [ app_init ] --END-- [ RunTime:0.000497s ]
ERR: 无法加载模块:Public

[ 2015-03-10T23:57:51+08:00 ] ::1 /donate/index.php/Public/upload/giftImg/15-03-10/54ff08b30eec1.jpg,./Public/upload/giftImg/15-03-10/54ff08b30f1a2.jpg,
INFO: [ app_init ] --START--
INFO: Run Behavior\BuildLiteBehavior [ RunTime:0.000017s ]
INFO: [ app_init ] --END-- [ RunTime:0.000369s ]
ERR: 无法加载模块:Public

[ 2015-03-10T23:57:51+08:00 ] ::1 /donate/index.php/Public/upload/giftImg/15-03-10/54ff08c0a598c.jpg,
INFO: [ app_init ] --START--
INFO: Run Behavior\BuildLiteBehavior [ RunTime:0.000017s ]
INFO: [ app_init ] --END-- [ RunTime:0.000371s ]
ERR: 无法加载模块:Public

[ 2015-03-10T23:57:51+08:00 ] ::1 /donate/index.php/Public/upload/giftImg/15-03-10/54ff08ca4356a.jpg,
INFO: [ app_init ] --START--
INFO: Run Behavior\BuildLiteBehavior [ RunTime:0.000018s ]
INFO: [ app_init ] --END-- [ RunTime:0.000538s ]
ERR: 无法加载模块:Public

[ 2015-03-10T23:57:51+08:00 ] ::1 /donate/index.php/Public/upload/giftImg/15-03-10/54fe48693d1dc.jpg,./Public/upload/giftImg/15-03-10/54fe48693e8fe.jpg,./Public/upload/giftImg/15-03-10/54fe48693eee2.jpg,
INFO: [ app_init ] --START--
INFO: Run Behavior\BuildLiteBehavior [ RunTime:0.000015s ]
INFO: [ app_init ] --END-- [ RunTime:0.000343s ]
ERR: 无法加载模块:Public

[ 2015-03-10T23:57:51+08:00 ] ::1 /donate/index.php/Public/upload/giftImg/15-03-10/54ff070871aea.jpg,
INFO: [ app_init ] --START--
INFO: Run Behavior\BuildLiteBehavior [ RunTime:0.000017s ]
INFO: [ app_init ] --END-- [ RunTime:0.000366s ]
ERR: 无法加载模块:Public

[ 2015-03-10T23:57:51+08:00 ] ::1 /donate/index.php/Public/upload/giftImg/15-03-10/54ff087296008.jpg,
INFO: [ app_init ] --START--
INFO: Run Behavior\BuildLiteBehavior [ RunTime:0.000016s ]
INFO: [ app_init ] --END-- [ RunTime:0.000352s ]
ERR: 无法加载模块:Public

[ 2015-03-10T23:57:51+08:00 ] ::1 /donate/index.php/Public/upload/giftImg/15-03-10/54ff07c360968.jpg,
INFO: [ app_init ] --START--
INFO: Run Behavior\BuildLiteBehavior [ RunTime:0.000016s ]
INFO: [ app_init ] --END-- [ RunTime:0.000434s ]
ERR: 无法加载模块:Public

[ 2015-03-10T23:57:51+08:00 ] ::1 /donate/index.php/Public/upload/giftImg/15-03-10/54ff0898328b4.jpg,
INFO: [ app_init ] --START--
INFO: Run Behavior\BuildLiteBehavior [ RunTime:0.000016s ]
INFO: [ app_init ] --END-- [ RunTime:0.000356s ]
ERR: 无法加载模块:Public

[ 2015-03-10T23:57:51+08:00 ] ::1 /donate/index.php/Public/upload/giftImg/15-03-10/54ff087ede464.jpg,
INFO: [ app_init ] --START--
INFO: Run Behavior\BuildLiteBehavior [ RunTime:0.000016s ]
INFO: [ app_init ] --END-- [ RunTime:0.000369s ]
ERR: 无法加载模块:Public

[ 2015-03-10T23:57:51+08:00 ] ::1 /donate/index.php/Public/upload/giftImg/15-03-10/54ff08b30eec1.jpg,./Public/upload/giftImg/15-03-10/54ff08b30f1a2.jpg,
INFO: [ app_init ] --START--
INFO: Run Behavior\BuildLiteBehavior [ RunTime:0.000014s ]
INFO: [ app_init ] --END-- [ RunTime:0.000341s ]
ERR: 无法加载模块:Public

[ 2015-03-10T23:57:52+08:00 ] ::1 /donate/index.php/Public/upload/giftImg/15-03-10/54ff070871aea.jpg,
INFO: [ app_init ] --START--
INFO: Run Behavior\BuildLiteBehavior [ RunTime:0.000016s ]
INFO: [ app_init ] --END-- [ RunTime:0.000345s ]
ERR: 无法加载模块:Public

[ 2015-03-10T23:57:52+08:00 ] ::1 /donate/index.php/Public/upload/giftImg/15-03-10/54ff087296008.jpg,
INFO: [ app_init ] --START--
INFO: Run Behavior\BuildLiteBehavior [ RunTime:0.000017s ]
INFO: [ app_init ] --END-- [ RunTime:0.000571s ]
ERR: 无法加载模块:Public

[ 2015-03-10T23:57:52+08:00 ] ::1 /donate/index.php/Public/upload/giftImg/15-03-10/54ff087ede464.jpg,
INFO: [ app_init ] --START--
INFO: Run Behavior\BuildLiteBehavior [ RunTime:0.000016s ]
INFO: [ app_init ] --END-- [ RunTime:0.000363s ]
ERR: 无法加载模块:Public

[ 2015-03-10T23:57:52+08:00 ] ::1 /donate/index.php/Public/upload/giftImg/15-03-10/54ff0898328b4.jpg,
INFO: [ app_init ] --START--
INFO: Run Behavior\BuildLiteBehavior [ RunTime:0.000018s ]
INFO: [ app_init ] --END-- [ RunTime:0.000369s ]
ERR: 无法加载模块:Public

[ 2015-03-10T23:57:52+08:00 ] ::1 /donate/index.php/Public/upload/giftImg/15-03-10/54ff07c360968.jpg,
INFO: [ app_init ] --START--
INFO: Run Behavior\BuildLiteBehavior [ RunTime:0.000017s ]
INFO: [ app_init ] --END-- [ RunTime:0.000381s ]
ERR: 无法加载模块:Public

[ 2015-03-10T23:57:52+08:00 ] ::1 /donate/index.php/Public/upload/giftImg/15-03-10/54fe48693d1dc.jpg,./Public/upload/giftImg/15-03-10/54fe48693e8fe.jpg,./Public/upload/giftImg/15-03-10/54fe48693eee2.jpg,
INFO: [ app_init ] --START--
INFO: Run Behavior\BuildLiteBehavior [ RunTime:0.000015s ]
INFO: [ app_init ] --END-- [ RunTime:0.001511s ]
ERR: 无法加载模块:Public

[ 2015-03-10T23:57:52+08:00 ] ::1 /donate/index.php/Public/upload/giftImg/15-03-10/54ff08c0a598c.jpg,
INFO: [ app_init ] --START--
INFO: Run Behavior\BuildLiteBehavior [ RunTime:0.000017s ]
INFO: [ app_init ] --END-- [ RunTime:0.000354s ]
ERR: 无法加载模块:Public

[ 2015-03-10T23:57:52+08:00 ] ::1 /donate/index.php/Public/upload/giftImg/15-03-10/54ff08ca4356a.jpg,
INFO: [ app_init ] --START--
INFO: Run Behavior\BuildLiteBehavior [ RunTime:0.000017s ]
INFO: [ app_init ] --END-- [ RunTime:0.000409s ]
ERR: 无法加载模块:Public

[ 2015-03-10T23:57:52+08:00 ] ::1 /donate/index.php/Public/upload/giftImg/15-03-10/54ff08b30eec1.jpg,./Public/upload/giftImg/15-03-10/54ff08b30f1a2.jpg,
INFO: [ app_init ] --START--
INFO: Run Behavior\BuildLiteBehavior [ RunTime:0.000017s ]
INFO: [ app_init ] --END-- [ RunTime:0.000380s ]
ERR: 无法加载模块:Public

[ 2015-03-10T23:57:52+08:00 ] ::1 /donate/index.php/Public/upload/giftImg/15-03-10/54ff070871aea.jpg,
INFO: [ app_init ] --START--
INFO: Run Behavior\BuildLiteBehavior [ RunTime:0.000015s ]
INFO: [ app_init ] --END-- [ RunTime:0.000360s ]
ERR: 无法加载模块:Public

[ 2015-03-10T23:57:52+08:00 ] ::1 /donate/index.php/Public/upload/giftImg/15-03-10/54ff07c360968.jpg,
INFO: [ app_init ] --START--
INFO: Run Behavior\BuildLiteBehavior [ RunTime:0.000014s ]
INFO: [ app_init ] --END-- [ RunTime:0.000336s ]
ERR: 无法加载模块:Public

[ 2015-03-10T23:57:52+08:00 ] ::1 /donate/index.php/Public/upload/giftImg/15-03-10/54fe48693d1dc.jpg,./Public/upload/giftImg/15-03-10/54fe48693e8fe.jpg,./Public/upload/giftImg/15-03-10/54fe48693eee2.jpg,
INFO: [ app_init ] --START--
INFO: Run Behavior\BuildLiteBehavior [ RunTime:0.000016s ]
INFO: [ app_init ] --END-- [ RunTime:0.000339s ]
ERR: 无法加载模块:Public

[ 2015-03-10T23:57:52+08:00 ] ::1 /donate/index.php/Public/upload/giftImg/15-03-10/54ff087296008.jpg,
INFO: [ app_init ] --START--
INFO: Run Behavior\BuildLiteBehavior [ RunTime:0.000018s ]
INFO: [ app_init ] --END-- [ RunTime:0.000370s ]
ERR: 无法加载模块:Public

[ 2015-03-10T23:57:52+08:00 ] ::1 /donate/index.php/Public/upload/giftImg/15-03-10/54ff087ede464.jpg,
INFO: [ app_init ] --START--
INFO: Run Behavior\BuildLiteBehavior [ RunTime:0.000017s ]
INFO: [ app_init ] --END-- [ RunTime:0.000445s ]
ERR: 无法加载模块:Public

[ 2015-03-10T23:57:52+08:00 ] ::1 /donate/index.php/Public/upload/giftImg/15-03-10/54ff0898328b4.jpg,
INFO: [ app_init ] --START--
INFO: Run Behavior\BuildLiteBehavior [ RunTime:0.000014s ]
INFO: [ app_init ] --END-- [ RunTime:0.000347s ]
ERR: 无法加载模块:Public

[ 2015-03-10T23:57:52+08:00 ] ::1 /donate/index.php/Public/upload/giftImg/15-03-10/54ff070871aea.jpg,
INFO: [ app_init ] --START--
INFO: Run Behavior\BuildLiteBehavior [ RunTime:0.000016s ]
INFO: [ app_init ] --END-- [ RunTime:0.000350s ]
ERR: 无法加载模块:Public

[ 2015-03-10T23:57:52+08:00 ] ::1 /donate/index.php/Public/upload/giftImg/15-03-10/54fe48693d1dc.jpg,./Public/upload/giftImg/15-03-10/54fe48693e8fe.jpg,./Public/upload/giftImg/15-03-10/54fe48693eee2.jpg,
INFO: [ app_init ] --START--
INFO: Run Behavior\BuildLiteBehavior [ RunTime:0.000015s ]
INFO: [ app_init ] --END-- [ RunTime:0.000381s ]
ERR: 无法加载模块:Public

[ 2015-03-10T23:57:52+08:00 ] ::1 /donate/index.php/Public/upload/giftImg/15-03-10/54ff07c360968.jpg,
INFO: [ app_init ] --START--
INFO: Run Behavior\BuildLiteBehavior [ RunTime:0.000015s ]
INFO: [ app_init ] --END-- [ RunTime:0.000347s ]
ERR: 无法加载模块:Public

[ 2015-03-10T23:57:52+08:00 ] ::1 /donate/index.php/Public/upload/giftImg/15-03-10/54ff087296008.jpg,
INFO: [ app_init ] --START--
INFO: Run Behavior\BuildLiteBehavior [ RunTime:0.000015s ]
INFO: [ app_init ] --END-- [ RunTime:0.000349s ]
ERR: 无法加载模块:Public

[ 2015-03-10T23:57:52+08:00 ] ::1 /donate/index.php/Public/upload/giftImg/15-03-10/54ff087ede464.jpg,
INFO: [ app_init ] --START--
INFO: Run Behavior\BuildLiteBehavior [ RunTime:0.000017s ]
INFO: [ app_init ] --END-- [ RunTime:0.000349s ]
ERR: 无法加载模块:Public

[ 2015-03-10T23:57:52+08:00 ] ::1 /donate/index.php/Public/upload/giftImg/15-03-10/54ff0898328b4.jpg,
INFO: [ app_init ] --START--
INFO: Run Behavior\BuildLiteBehavior [ RunTime:0.000018s ]
INFO: [ app_init ] --END-- [ RunTime:0.000512s ]
ERR: 无法加载模块:Public

[ 2015-03-10T23:57:52+08:00 ] ::1 /donate/index.php/Public/upload/giftImg/15-03-10/54ff08c0a598c.jpg,
INFO: [ app_init ] --START--
INFO: Run Behavior\BuildLiteBehavior [ RunTime:0.000015s ]
INFO: [ app_init ] --END-- [ RunTime:0.000342s ]
ERR: 无法加载模块:Public

[ 2015-03-10T23:57:52+08:00 ] ::1 /donate/index.php/Public/upload/giftImg/15-03-10/54ff08b30eec1.jpg,./Public/upload/giftImg/15-03-10/54ff08b30f1a2.jpg,
INFO: [ app_init ] --START--
INFO: Run Behavior\BuildLiteBehavior [ RunTime:0.000016s ]
INFO: [ app_init ] --END-- [ RunTime:0.000344s ]
ERR: 无法加载模块:Public

[ 2015-03-10T23:57:52+08:00 ] ::1 /donate/index.php/Public/upload/giftImg/15-03-10/54ff08ca4356a.jpg,
INFO: [ app_init ] --START--
INFO: Run Behavior\BuildLiteBehavior [ RunTime:0.000017s ]
INFO: [ app_init ] --END-- [ RunTime:0.000367s ]
ERR: 无法加载模块:Public

[ 2015-03-10T23:57:52+08:00 ] ::1 /donate/index.php/Public/upload/giftImg/15-03-10/54ff070871aea.jpg,
INFO: [ app_init ] --START--
INFO: Run Behavior\BuildLiteBehavior [ RunTime:0.000016s ]
INFO: [ app_init ] --END-- [ RunTime:0.000354s ]
ERR: 无法加载模块:Public

[ 2015-03-10T23:57:52+08:00 ] ::1 /donate/index.php/Public/upload/giftImg/15-03-10/54ff07c360968.jpg,
INFO: [ app_init ] --START--
INFO: Run Behavior\BuildLiteBehavior [ RunTime:0.000015s ]
INFO: [ app_init ] --END-- [ RunTime:0.000360s ]
ERR: 无法加载模块:Public

[ 2015-03-10T23:57:52+08:00 ] ::1 /donate/index.php/Public/upload/giftImg/15-03-10/54fe48693d1dc.jpg,./Public/upload/giftImg/15-03-10/54fe48693e8fe.jpg,./Public/upload/giftImg/15-03-10/54fe48693eee2.jpg,
INFO: [ app_init ] --START--
INFO: Run Behavior\BuildLiteBehavior [ RunTime:0.000014s ]
INFO: [ app_init ] --END-- [ RunTime:0.000529s ]
ERR: 无法加载模块:Public

[ 2015-03-10T23:57:52+08:00 ] ::1 /donate/index.php/Public/upload/giftImg/15-03-10/54ff087296008.jpg,
INFO: [ app_init ] --START--
INFO: Run Behavior\BuildLiteBehavior [ RunTime:0.000017s ]
INFO: [ app_init ] --END-- [ RunTime:0.000355s ]
ERR: 无法加载模块:Public

[ 2015-03-10T23:57:52+08:00 ] ::1 /donate/index.php/Public/upload/giftImg/15-03-10/54ff087ede464.jpg,
INFO: [ app_init ] --START--
INFO: Run Behavior\BuildLiteBehavior [ RunTime:0.000016s ]
INFO: [ app_init ] --END-- [ RunTime:0.000352s ]
ERR: 无法加载模块:Public

[ 2015-03-10T23:57:52+08:00 ] ::1 /donate/index.php/Public/upload/giftImg/15-03-10/54ff0898328b4.jpg,
INFO: [ app_init ] --START--
INFO: Run Behavior\BuildLiteBehavior [ RunTime:0.000017s ]
INFO: [ app_init ] --END-- [ RunTime:0.000360s ]
ERR: 无法加载模块:Public

[ 2015-03-10T23:57:52+08:00 ] ::1 /donate/index.php/Public/upload/giftImg/15-03-10/54ff08b30eec1.jpg,./Public/upload/giftImg/15-03-10/54ff08b30f1a2.jpg,
INFO: [ app_init ] --START--
INFO: Run Behavior\BuildLiteBehavior [ RunTime:0.000017s ]
INFO: [ app_init ] --END-- [ RunTime:0.000626s ]
ERR: 无法加载模块:Public

[ 2015-03-10T23:57:52+08:00 ] ::1 /donate/index.php/Public/upload/giftImg/15-03-10/54ff08c0a598c.jpg,
INFO: [ app_init ] --START--
INFO: Run Behavior\BuildLiteBehavior [ RunTime:0.000015s ]
INFO: [ app_init ] --END-- [ RunTime:0.000350s ]
ERR: 无法加载模块:Public

[ 2015-03-10T23:57:52+08:00 ] ::1 /donate/index.php/Public/upload/giftImg/15-03-10/54ff08ca4356a.jpg,
INFO: [ app_init ] --START--
INFO: Run Behavior\BuildLiteBehavior [ RunTime:0.000017s ]
INFO: [ app_init ] --END-- [ RunTime:0.000356s ]
ERR: 无法加载模块:Public

