[ 2015-03-09T17:30:03+08:00 ] ::1 /donate/index.php/gift/query/36.html
INFO: [ app_init ] --START--
INFO: Run Behavior\BuildLiteBehavior [ RunTime:0.000009s ]
INFO: [ app_init ] --END-- [ RunTime:0.000204s ]
ERR: 无法加载模块:Gift

[ 2015-03-09T17:34:54+08:00 ] ::1 /donate/index.php/gift/query/gift_id37.html
INFO: [ app_init ] --START--
INFO: Run Behavior\BuildLiteBehavior [ RunTime:0.000014s ]
INFO: [ app_init ] --END-- [ RunTime:0.000324s ]
ERR: 无法加载模块:Gift

[ 2015-03-09T17:35:13+08:00 ] ::1 /donate/index.php/gift/query/gift_id/38.html
INFO: [ app_init ] --START--
INFO: Run Behavior\BuildLiteBehavior [ RunTime:0.000010s ]
INFO: [ app_init ] --END-- [ RunTime:0.000209s ]
ERR: 无法加载模块:Gift

[ 2015-03-09T17:37:04+08:00 ] ::1 /donate/index.php/gift/query/gift_id/39.html
INFO: [ app_init ] --START--
INFO: Run Behavior\BuildLiteBehavior [ RunTime:0.000018s ]
INFO: [ app_init ] --END-- [ RunTime:0.000398s ]
ERR: 无法加载模块:Gift

[ 2015-03-09T17:39:42+08:00 ] ::1 /donate/index.php/gift/query/gift_id/40.html
INFO: [ app_init ] --START--
INFO: Run Behavior\BuildLiteBehavior [ RunTime:0.000015s ]
INFO: [ app_init ] --END-- [ RunTime:0.000311s ]
ERR: 无法加载模块:Gift

[ 2015-03-09T22:31:02+08:00 ] ::1 /donate/index.php/Public/upload/giftImg/15-03-09/54fda69763dbd.jpg
INFO: [ app_init ] --START--
INFO: Run Behavior\BuildLiteBehavior [ RunTime:0.000010s ]
INFO: [ app_init ] --END-- [ RunTime:0.000235s ]
ERR: 无法加载模块:Public

