[ 2015-06-14T02:41:35+08:00 ] 66.249.65.119 /mobile/app/b2b/index.php/News/Index/detail/aid/3005
INFO: [ app_init ] --START--
INFO: Run Behavior\BuildLiteBehavior [ RunTime:0.000000s ]
INFO: [ app_init ] --END-- [ RunTime:0.000977s ]
INFO: [ app_begin ] --START--
INFO: Run Behavior\ReadHtmlCacheBehavior [ RunTime:0.000976s ]
INFO: [ app_begin ] --END-- [ RunTime:0.000976s ]
SQL: SHOW COLUMNS FROM `hill_img` [ RunTime:0.0029s ]
SQL: SELECT `cyte`,`body`,`zuobiao`,`pics`,`mobile_img` FROM `hill_img` WHERE ( aid='3005' ) LIMIT 1   [ RunTime:0.0000s ]
SQL: SHOW COLUMNS FROM `archives` [ RunTime:0.0029s ]
SQL: SELECT `title` FROM `archives` WHERE ( id=3005 ) LIMIT 1   [ RunTime:0.0000s ]
SQL: select id,title from archives where title like '%大户寨%' limit 0,10 [ RunTime:0.0029s ]
INFO: [ view_parse ] --START--
INFO: [ template_filter ] --START--
INFO: Run Behavior\ContentReplaceBehavior [ RunTime:0.000000s ]
INFO: [ template_filter ] --END-- [ RunTime:0.000000s ]
INFO: Run Behavior\ParseTemplateBehavior [ RunTime:0.006836s ]
INFO: [ view_parse ] --END-- [ RunTime:0.006836s ]
INFO: [ view_filter ] --START--
INFO: Run Behavior\WriteHtmlCacheBehavior [ RunTime:0.000977s ]
INFO: [ view_filter ] --END-- [ RunTime:0.000977s ]
INFO: [ app_end ] --START--
INFO: Run Behavior\ShowPageTraceBehavior [ RunTime:0.000977s ]
INFO: [ app_end ] --END-- [ RunTime:0.000977s ]

[ 2015-06-14T07:03:45+08:00 ] 220.181.108.78 /mobile/app/b2b/index.php/News/Index/detail/aid/2928
INFO: [ app_init ] --START--
INFO: Run Behavior\BuildLiteBehavior [ RunTime:0.000000s ]
INFO: [ app_init ] --END-- [ RunTime:0.000977s ]
INFO: [ app_begin ] --START--
INFO: Run Behavior\ReadHtmlCacheBehavior [ RunTime:0.000977s ]
INFO: [ app_begin ] --END-- [ RunTime:0.000977s ]
SQL: SHOW COLUMNS FROM `hill_img` [ RunTime:0.0020s ]
SQL: SELECT `cyte`,`body`,`zuobiao`,`pics`,`mobile_img` FROM `hill_img` WHERE ( aid='2928' ) LIMIT 1   [ RunTime:0.0010s ]
SQL: SHOW COLUMNS FROM `archives` [ RunTime:0.0020s ]
SQL: SELECT `title` FROM `archives` WHERE ( id=2928 ) LIMIT 1   [ RunTime:0.0010s ]
SQL: select id,title from archives where title like '%%' limit 0,10 [ RunTime:0.0000s ]
INFO: [ view_parse ] --START--
INFO: [ template_filter ] --START--
INFO: Run Behavior\ContentReplaceBehavior [ RunTime:0.000000s ]
INFO: [ template_filter ] --END-- [ RunTime:0.000000s ]
INFO: Run Behavior\ParseTemplateBehavior [ RunTime:0.007813s ]
INFO: [ view_parse ] --END-- [ RunTime:0.007813s ]
INFO: [ view_filter ] --START--
INFO: Run Behavior\WriteHtmlCacheBehavior [ RunTime:0.000976s ]
INFO: [ view_filter ] --END-- [ RunTime:0.000976s ]
INFO: [ app_end ] --START--
INFO: Run Behavior\ShowPageTraceBehavior [ RunTime:0.000000s ]
INFO: [ app_end ] --END-- [ RunTime:0.000000s ]

[ 2015-06-14T07:21:43+08:00 ] 42.62.74.33 /mobile/app/b2b/index.php/News/Index/detail/aid/5861.html
INFO: [ app_init ] --START--
INFO: Run Behavior\BuildLiteBehavior [ RunTime:0.000000s ]
INFO: [ app_init ] --END-- [ RunTime:0.000976s ]
INFO: [ app_begin ] --START--
INFO: Run Behavior\ReadHtmlCacheBehavior [ RunTime:0.000976s ]
INFO: [ app_begin ] --END-- [ RunTime:0.000976s ]
SQL: SHOW COLUMNS FROM `hill_img` [ RunTime:0.0020s ]
SQL: SELECT `cyte`,`body`,`zuobiao`,`pics`,`mobile_img` FROM `hill_img` WHERE ( aid='5861' ) LIMIT 1   [ RunTime:0.0000s ]
SQL: SHOW COLUMNS FROM `archives` [ RunTime:0.0020s ]
SQL: select a.id,from_unixtime(a.pubdate,'%Y-%m-%d') as pubdate,a.goodpost,a.title,a.writer,ad.body from archives a left join addonarticle ad on a.id=ad.aid where id=5861 [ RunTime:0.0234s ]
INFO: [ view_parse ] --START--
INFO: [ template_filter ] --START--
INFO: Run Behavior\ContentReplaceBehavior [ RunTime:0.000000s ]
INFO: [ template_filter ] --END-- [ RunTime:0.000000s ]
NOTIC: [8] Undefined index: pics C:\xampp\htdocs\mall\mobile\app\b2b\Application\Runtime\Cache\News\5b220d8fd5c0c22511b53a047888c968.php 第 38 行.
NOTIC: [8] Undefined variable: host C:\xampp\htdocs\mall\mobile\app\b2b\Application\Runtime\Cache\News\5b220d8fd5c0c22511b53a047888c968.php 第 39 行.
INFO: Run Behavior\ParseTemplateBehavior [ RunTime:0.006836s ]
INFO: [ view_parse ] --END-- [ RunTime:0.006836s ]
INFO: [ view_filter ] --START--
INFO: Run Behavior\WriteHtmlCacheBehavior [ RunTime:0.000000s ]
INFO: [ view_filter ] --END-- [ RunTime:0.000000s ]
INFO: [ app_end ] --START--
INFO: Run Behavior\ShowPageTraceBehavior [ RunTime:0.000000s ]
INFO: [ app_end ] --END-- [ RunTime:0.000000s ]

[ 2015-06-14T09:57:11+08:00 ] 14.150.152.199 /mobile/app/b2b/index.php/News/news
INFO: [ app_init ] --START--
INFO: Run Behavior\BuildLiteBehavior [ RunTime:0.000000s ]
INFO: [ app_init ] --END-- [ RunTime:0.000976s ]
INFO: [ app_begin ] --START--
INFO: Run Behavior\ReadHtmlCacheBehavior [ RunTime:0.000977s ]
INFO: [ app_begin ] --END-- [ RunTime:0.000977s ]
NOTIC: [8] Undefined index: typeid C:\xampp\htdocs\mall\mobile\app\b2b\Application\News\Controller\NewsController.class.php 第 28 行.
SQL: SHOW COLUMNS FROM `archives` [ RunTime:0.0029s ]
SQL: select a.id,a.litpic,from_unixtime(a.pubdate,'%Y-%m-%d') as pubdate,left(a.description,30) as description,a.typeid,a.title,a.writer,t.typename from archives a left join arctype t on a.typeid=t.id where arcrank=0 and typeid in (88,89,90,91,92) order by a.pubdate desc limit 0,5 [ RunTime:0.0010s ]
INFO: [ view_parse ] --START--
INFO: [ template_filter ] --START--
INFO: Run Behavior\ContentReplaceBehavior [ RunTime:0.000000s ]
INFO: [ template_filter ] --END-- [ RunTime:0.000000s ]
NOTIC: [8] Use of undefined constant id - assumed 'id' C:\xampp\htdocs\mall\mobile\app\b2b\Application\Runtime\Cache\News\7523b64d4b63fdcf7f8b65c00c7b9965.php 第 93 行.
NOTIC: [8] Use of undefined constant id - assumed 'id' C:\xampp\htdocs\mall\mobile\app\b2b\Application\Runtime\Cache\News\7523b64d4b63fdcf7f8b65c00c7b9965.php 第 95 行.
NOTIC: [8] Use of undefined constant id - assumed 'id' C:\xampp\htdocs\mall\mobile\app\b2b\Application\Runtime\Cache\News\7523b64d4b63fdcf7f8b65c00c7b9965.php 第 96 行.
NOTIC: [8] Use of undefined constant id - assumed 'id' C:\xampp\htdocs\mall\mobile\app\b2b\Application\Runtime\Cache\News\7523b64d4b63fdcf7f8b65c00c7b9965.php 第 93 行.
NOTIC: [8] Use of undefined constant id - assumed 'id' C:\xampp\htdocs\mall\mobile\app\b2b\Application\Runtime\Cache\News\7523b64d4b63fdcf7f8b65c00c7b9965.php 第 95 行.
NOTIC: [8] Use of undefined constant id - assumed 'id' C:\xampp\htdocs\mall\mobile\app\b2b\Application\Runtime\Cache\News\7523b64d4b63fdcf7f8b65c00c7b9965.php 第 96 行.
NOTIC: [8] Use of undefined constant id - assumed 'id' C:\xampp\htdocs\mall\mobile\app\b2b\Application\Runtime\Cache\News\7523b64d4b63fdcf7f8b65c00c7b9965.php 第 93 行.
NOTIC: [8] Use of undefined constant id - assumed 'id' C:\xampp\htdocs\mall\mobile\app\b2b\Application\Runtime\Cache\News\7523b64d4b63fdcf7f8b65c00c7b9965.php 第 95 行.
NOTIC: [8] Use of undefined constant id - assumed 'id' C:\xampp\htdocs\mall\mobile\app\b2b\Application\Runtime\Cache\News\7523b64d4b63fdcf7f8b65c00c7b9965.php 第 96 行.
NOTIC: [8] Use of undefined constant id - assumed 'id' C:\xampp\htdocs\mall\mobile\app\b2b\Application\Runtime\Cache\News\7523b64d4b63fdcf7f8b65c00c7b9965.php 第 93 行.
NOTIC: [8] Use of undefined constant id - assumed 'id' C:\xampp\htdocs\mall\mobile\app\b2b\Application\Runtime\Cache\News\7523b64d4b63fdcf7f8b65c00c7b9965.php 第 95 行.
NOTIC: [8] Use of undefined constant id - assumed 'id' C:\xampp\htdocs\mall\mobile\app\b2b\Application\Runtime\Cache\News\7523b64d4b63fdcf7f8b65c00c7b9965.php 第 96 行.
NOTIC: [8] Use of undefined constant id - assumed 'id' C:\xampp\htdocs\mall\mobile\app\b2b\Application\Runtime\Cache\News\7523b64d4b63fdcf7f8b65c00c7b9965.php 第 93 行.
NOTIC: [8] Use of undefined constant id - assumed 'id' C:\xampp\htdocs\mall\mobile\app\b2b\Application\Runtime\Cache\News\7523b64d4b63fdcf7f8b65c00c7b9965.php 第 95 行.
NOTIC: [8] Use of undefined constant id - assumed 'id' C:\xampp\htdocs\mall\mobile\app\b2b\Application\Runtime\Cache\News\7523b64d4b63fdcf7f8b65c00c7b9965.php 第 96 行.
INFO: Run Behavior\ParseTemplateBehavior [ RunTime:0.022462s ]
INFO: [ view_parse ] --END-- [ RunTime:0.022462s ]
INFO: [ view_filter ] --START--
INFO: Run Behavior\WriteHtmlCacheBehavior [ RunTime:0.000977s ]
INFO: [ view_filter ] --END-- [ RunTime:0.000977s ]
INFO: [ app_end ] --START--
INFO: Run Behavior\ShowPageTraceBehavior [ RunTime:0.000976s ]
INFO: [ app_end ] --END-- [ RunTime:0.000976s ]

[ 2015-06-14T09:57:15+08:00 ] 14.150.152.199 /mobile/app/b2b/index.php/News/News/getColumnArticles.html
INFO: [ app_init ] --START--
INFO: Run Behavior\BuildLiteBehavior [ RunTime:0.000000s ]
INFO: [ app_init ] --END-- [ RunTime:0.000000s ]
INFO: [ app_begin ] --START--
INFO: Run Behavior\ReadHtmlCacheBehavior [ RunTime:0.000976s ]
INFO: [ app_begin ] --END-- [ RunTime:0.000976s ]
SQL: SHOW COLUMNS FROM `archives` [ RunTime:0.0020s ]
SQL: select a.id,a.litpic,from_unixtime(a.pubdate,'%Y-%m-%d') as pubdate,left(a.description,30) as description,a.typeid,a.title,a.writer,t.typename from archives a left join arctype t on a.typeid=t.id where arcrank=0 and typeid in (88,89,90,91,92) order by a.pubdate desc limit 5,5 [ RunTime:0.0010s ]
INFO: [ view_parse ] --START--
INFO: [ template_filter ] --START--
INFO: Run Behavior\ContentReplaceBehavior [ RunTime:0.000000s ]
INFO: [ template_filter ] --END-- [ RunTime:0.000000s ]
NOTIC: [8] Use of undefined constant id - assumed 'id' C:\xampp\htdocs\mall\mobile\app\b2b\Application\Runtime\Cache\News\dfb1f5ab8d2ad817db7cf1c91f367627.php 第 3 行.
NOTIC: [8] Use of undefined constant id - assumed 'id' C:\xampp\htdocs\mall\mobile\app\b2b\Application\Runtime\Cache\News\dfb1f5ab8d2ad817db7cf1c91f367627.php 第 5 行.
NOTIC: [8] Use of undefined constant id - assumed 'id' C:\xampp\htdocs\mall\mobile\app\b2b\Application\Runtime\Cache\News\dfb1f5ab8d2ad817db7cf1c91f367627.php 第 6 行.
NOTIC: [8] Use of undefined constant id - assumed 'id' C:\xampp\htdocs\mall\mobile\app\b2b\Application\Runtime\Cache\News\dfb1f5ab8d2ad817db7cf1c91f367627.php 第 3 行.
NOTIC: [8] Use of undefined constant id - assumed 'id' C:\xampp\htdocs\mall\mobile\app\b2b\Application\Runtime\Cache\News\dfb1f5ab8d2ad817db7cf1c91f367627.php 第 5 行.
NOTIC: [8] Use of undefined constant id - assumed 'id' C:\xampp\htdocs\mall\mobile\app\b2b\Application\Runtime\Cache\News\dfb1f5ab8d2ad817db7cf1c91f367627.php 第 6 行.
NOTIC: [8] Use of undefined constant id - assumed 'id' C:\xampp\htdocs\mall\mobile\app\b2b\Application\Runtime\Cache\News\dfb1f5ab8d2ad817db7cf1c91f367627.php 第 3 行.
NOTIC: [8] Use of undefined constant id - assumed 'id' C:\xampp\htdocs\mall\mobile\app\b2b\Application\Runtime\Cache\News\dfb1f5ab8d2ad817db7cf1c91f367627.php 第 5 行.
NOTIC: [8] Use of undefined constant id - assumed 'id' C:\xampp\htdocs\mall\mobile\app\b2b\Application\Runtime\Cache\News\dfb1f5ab8d2ad817db7cf1c91f367627.php 第 6 行.
NOTIC: [8] Use of undefined constant id - assumed 'id' C:\xampp\htdocs\mall\mobile\app\b2b\Application\Runtime\Cache\News\dfb1f5ab8d2ad817db7cf1c91f367627.php 第 3 行.
NOTIC: [8] Use of undefined constant id - assumed 'id' C:\xampp\htdocs\mall\mobile\app\b2b\Application\Runtime\Cache\News\dfb1f5ab8d2ad817db7cf1c91f367627.php 第 5 行.
NOTIC: [8] Use of undefined constant id - assumed 'id' C:\xampp\htdocs\mall\mobile\app\b2b\Application\Runtime\Cache\News\dfb1f5ab8d2ad817db7cf1c91f367627.php 第 6 行.
NOTIC: [8] Use of undefined constant id - assumed 'id' C:\xampp\htdocs\mall\mobile\app\b2b\Application\Runtime\Cache\News\dfb1f5ab8d2ad817db7cf1c91f367627.php 第 3 行.
NOTIC: [8] Use of undefined constant id - assumed 'id' C:\xampp\htdocs\mall\mobile\app\b2b\Application\Runtime\Cache\News\dfb1f5ab8d2ad817db7cf1c91f367627.php 第 5 行.
NOTIC: [8] Use of undefined constant id - assumed 'id' C:\xampp\htdocs\mall\mobile\app\b2b\Application\Runtime\Cache\News\dfb1f5ab8d2ad817db7cf1c91f367627.php 第 6 行.
INFO: Run Behavior\ParseTemplateBehavior [ RunTime:0.037111s ]
INFO: [ view_parse ] --END-- [ RunTime:0.037111s ]
INFO: [ view_filter ] --START--
INFO: Run Behavior\WriteHtmlCacheBehavior [ RunTime:0.000977s ]
INFO: [ view_filter ] --END-- [ RunTime:0.000977s ]
INFO: [ app_end ] --START--
INFO: Run Behavior\ShowPageTraceBehavior [ RunTime:0.000000s ]
INFO: [ app_end ] --END-- [ RunTime:0.000000s ]

[ 2015-06-14T09:57:19+08:00 ] 14.150.152.199 /mobile/app/b2b/index.php/News/News/getColumnArticles.html
INFO: [ app_init ] --START--
INFO: Run Behavior\BuildLiteBehavior [ RunTime:0.000000s ]
INFO: [ app_init ] --END-- [ RunTime:0.000976s ]
INFO: [ app_begin ] --START--
INFO: Run Behavior\ReadHtmlCacheBehavior [ RunTime:0.000977s ]
INFO: [ app_begin ] --END-- [ RunTime:0.000977s ]
SQL: SHOW COLUMNS FROM `archives` [ RunTime:0.0029s ]
SQL: select a.id,a.litpic,from_unixtime(a.pubdate,'%Y-%m-%d') as pubdate,left(a.description,30) as description,a.typeid,a.title,a.writer,t.typename from archives a left join arctype t on a.typeid=t.id where arcrank=0 and typeid in (88,89,90,91,92) order by a.pubdate desc limit 10,5 [ RunTime:0.0010s ]
INFO: [ view_parse ] --START--
INFO: [ template_filter ] --START--
INFO: Run Behavior\ContentReplaceBehavior [ RunTime:0.000000s ]
INFO: [ template_filter ] --END-- [ RunTime:0.000000s ]
NOTIC: [8] Use of undefined constant id - assumed 'id' C:\xampp\htdocs\mall\mobile\app\b2b\Application\Runtime\Cache\News\dfb1f5ab8d2ad817db7cf1c91f367627.php 第 3 行.
NOTIC: [8] Use of undefined constant id - assumed 'id' C:\xampp\htdocs\mall\mobile\app\b2b\Application\Runtime\Cache\News\dfb1f5ab8d2ad817db7cf1c91f367627.php 第 5 行.
NOTIC: [8] Use of undefined constant id - assumed 'id' C:\xampp\htdocs\mall\mobile\app\b2b\Application\Runtime\Cache\News\dfb1f5ab8d2ad817db7cf1c91f367627.php 第 6 行.
NOTIC: [8] Use of undefined constant id - assumed 'id' C:\xampp\htdocs\mall\mobile\app\b2b\Application\Runtime\Cache\News\dfb1f5ab8d2ad817db7cf1c91f367627.php 第 3 行.
NOTIC: [8] Use of undefined constant id - assumed 'id' C:\xampp\htdocs\mall\mobile\app\b2b\Application\Runtime\Cache\News\dfb1f5ab8d2ad817db7cf1c91f367627.php 第 5 行.
NOTIC: [8] Use of undefined constant id - assumed 'id' C:\xampp\htdocs\mall\mobile\app\b2b\Application\Runtime\Cache\News\dfb1f5ab8d2ad817db7cf1c91f367627.php 第 6 行.
NOTIC: [8] Use of undefined constant id - assumed 'id' C:\xampp\htdocs\mall\mobile\app\b2b\Application\Runtime\Cache\News\dfb1f5ab8d2ad817db7cf1c91f367627.php 第 3 行.
NOTIC: [8] Use of undefined constant id - assumed 'id' C:\xampp\htdocs\mall\mobile\app\b2b\Application\Runtime\Cache\News\dfb1f5ab8d2ad817db7cf1c91f367627.php 第 5 行.
NOTIC: [8] Use of undefined constant id - assumed 'id' C:\xampp\htdocs\mall\mobile\app\b2b\Application\Runtime\Cache\News\dfb1f5ab8d2ad817db7cf1c91f367627.php 第 6 行.
NOTIC: [8] Use of undefined constant id - assumed 'id' C:\xampp\htdocs\mall\mobile\app\b2b\Application\Runtime\Cache\News\dfb1f5ab8d2ad817db7cf1c91f367627.php 第 3 行.
NOTIC: [8] Use of undefined constant id - assumed 'id' C:\xampp\htdocs\mall\mobile\app\b2b\Application\Runtime\Cache\News\dfb1f5ab8d2ad817db7cf1c91f367627.php 第 5 行.
NOTIC: [8] Use of undefined constant id - assumed 'id' C:\xampp\htdocs\mall\mobile\app\b2b\Application\Runtime\Cache\News\dfb1f5ab8d2ad817db7cf1c91f367627.php 第 6 行.
NOTIC: [8] Use of undefined constant id - assumed 'id' C:\xampp\htdocs\mall\mobile\app\b2b\Application\Runtime\Cache\News\dfb1f5ab8d2ad817db7cf1c91f367627.php 第 3 行.
NOTIC: [8] Use of undefined constant id - assumed 'id' C:\xampp\htdocs\mall\mobile\app\b2b\Application\Runtime\Cache\News\dfb1f5ab8d2ad817db7cf1c91f367627.php 第 5 行.
NOTIC: [8] Use of undefined constant id - assumed 'id' C:\xampp\htdocs\mall\mobile\app\b2b\Application\Runtime\Cache\News\dfb1f5ab8d2ad817db7cf1c91f367627.php 第 6 行.
INFO: Run Behavior\ParseTemplateBehavior [ RunTime:0.007813s ]
INFO: [ view_parse ] --END-- [ RunTime:0.008789s ]
INFO: [ view_filter ] --START--
INFO: Run Behavior\WriteHtmlCacheBehavior [ RunTime:0.000000s ]
INFO: [ view_filter ] --END-- [ RunTime:0.000000s ]
INFO: [ app_end ] --START--
INFO: Run Behavior\ShowPageTraceBehavior [ RunTime:0.000977s ]
INFO: [ app_end ] --END-- [ RunTime:0.000977s ]

[ 2015-06-14T09:57:21+08:00 ] 14.150.152.199 /mobile/app/b2b/index.php/News/Index/detail/aid/5921.html
INFO: [ app_init ] --START--
INFO: Run Behavior\BuildLiteBehavior [ RunTime:0.000000s ]
INFO: [ app_init ] --END-- [ RunTime:0.000000s ]
INFO: [ app_begin ] --START--
INFO: Run Behavior\ReadHtmlCacheBehavior [ RunTime:0.000976s ]
INFO: [ app_begin ] --END-- [ RunTime:0.000976s ]
SQL: SHOW COLUMNS FROM `hill_img` [ RunTime:0.0020s ]
SQL: SELECT `cyte`,`body`,`zuobiao`,`pics`,`mobile_img` FROM `hill_img` WHERE ( aid='5921' ) LIMIT 1   [ RunTime:0.0000s ]
SQL: SHOW COLUMNS FROM `archives` [ RunTime:0.0029s ]
SQL: select a.id,from_unixtime(a.pubdate,'%Y-%m-%d') as pubdate,a.goodpost,a.title,a.writer,ad.body from archives a left join addonarticle ad on a.id=ad.aid where id=5921 [ RunTime:0.0000s ]
INFO: [ view_parse ] --START--
INFO: [ template_filter ] --START--
INFO: Run Behavior\ContentReplaceBehavior [ RunTime:0.000000s ]
INFO: [ template_filter ] --END-- [ RunTime:0.000976s ]
NOTIC: [8] Undefined index: pics C:\xampp\htdocs\mall\mobile\app\b2b\Application\Runtime\Cache\News\5b220d8fd5c0c22511b53a047888c968.php 第 38 行.
NOTIC: [8] Undefined variable: host C:\xampp\htdocs\mall\mobile\app\b2b\Application\Runtime\Cache\News\5b220d8fd5c0c22511b53a047888c968.php 第 39 行.
INFO: Run Behavior\ParseTemplateBehavior [ RunTime:0.006836s ]
INFO: [ view_parse ] --END-- [ RunTime:0.006836s ]
INFO: [ view_filter ] --START--
INFO: Run Behavior\WriteHtmlCacheBehavior [ RunTime:0.000000s ]
INFO: [ view_filter ] --END-- [ RunTime:0.000000s ]
INFO: [ app_end ] --START--
INFO: Run Behavior\ShowPageTraceBehavior [ RunTime:0.000977s ]
INFO: [ app_end ] --END-- [ RunTime:0.000977s ]

[ 2015-06-14T09:57:21+08:00 ] 14.150.152.199 /mobile/app/b2b/index.php/News/Index/detail/aid/5921.html
INFO: [ app_init ] --START--
INFO: Run Behavior\BuildLiteBehavior [ RunTime:0.000000s ]
INFO: [ app_init ] --END-- [ RunTime:0.000000s ]
INFO: [ app_begin ] --START--
INFO: Run Behavior\ReadHtmlCacheBehavior [ RunTime:0.007812s ]
INFO: [ app_begin ] --END-- [ RunTime:0.007812s ]
SQL: SHOW COLUMNS FROM `hill_img` [ RunTime:0.0020s ]
SQL: SELECT `cyte`,`body`,`zuobiao`,`pics`,`mobile_img` FROM `hill_img` WHERE ( aid='5921' ) LIMIT 1   [ RunTime:0.0000s ]
SQL: SHOW COLUMNS FROM `archives` [ RunTime:0.0029s ]
SQL: select a.id,from_unixtime(a.pubdate,'%Y-%m-%d') as pubdate,a.goodpost,a.title,a.writer,ad.body from archives a left join addonarticle ad on a.id=ad.aid where id=5921 [ RunTime:0.0000s ]
INFO: [ view_parse ] --START--
INFO: [ template_filter ] --START--
INFO: Run Behavior\ContentReplaceBehavior [ RunTime:0.000000s ]
INFO: [ template_filter ] --END-- [ RunTime:0.000000s ]
NOTIC: [8] Undefined index: pics C:\xampp\htdocs\mall\mobile\app\b2b\Application\Runtime\Cache\News\5b220d8fd5c0c22511b53a047888c968.php 第 38 行.
NOTIC: [8] Undefined variable: host C:\xampp\htdocs\mall\mobile\app\b2b\Application\Runtime\Cache\News\5b220d8fd5c0c22511b53a047888c968.php 第 39 行.
INFO: Run Behavior\ParseTemplateBehavior [ RunTime:0.006836s ]
INFO: [ view_parse ] --END-- [ RunTime:0.006836s ]
INFO: [ view_filter ] --START--
INFO: Run Behavior\WriteHtmlCacheBehavior [ RunTime:0.000000s ]
INFO: [ view_filter ] --END-- [ RunTime:0.000000s ]
INFO: [ app_end ] --START--
INFO: Run Behavior\ShowPageTraceBehavior [ RunTime:0.000976s ]
INFO: [ app_end ] --END-- [ RunTime:0.000976s ]

[ 2015-06-14T13:24:05+08:00 ] 14.150.152.199 /mobile/app/b2b/index.php/News/Index/index
INFO: [ app_init ] --START--
INFO: Run Behavior\BuildLiteBehavior [ RunTime:0.000000s ]
INFO: [ app_init ] --END-- [ RunTime:0.000000s ]
INFO: [ app_begin ] --START--
INFO: Run Behavior\ReadHtmlCacheBehavior [ RunTime:0.000976s ]
INFO: [ app_begin ] --END-- [ RunTime:0.000976s ]
INFO: [ view_parse ] --START--
INFO: [ template_filter ] --START--
INFO: Run Behavior\ContentReplaceBehavior [ RunTime:0.000976s ]
INFO: [ template_filter ] --END-- [ RunTime:0.000976s ]
INFO: Run Behavior\ParseTemplateBehavior [ RunTime:0.039064s ]
INFO: [ view_parse ] --END-- [ RunTime:0.039064s ]
INFO: [ view_filter ] --START--
INFO: Run Behavior\WriteHtmlCacheBehavior [ RunTime:0.000977s ]
INFO: [ view_filter ] --END-- [ RunTime:0.000977s ]
INFO: [ app_end ] --START--
INFO: Run Behavior\ShowPageTraceBehavior [ RunTime:0.000976s ]
INFO: [ app_end ] --END-- [ RunTime:0.000976s ]

[ 2015-06-14T13:24:08+08:00 ] 14.150.152.199 /mobile/app/b2b/index.php/News/news
INFO: [ app_init ] --START--
INFO: Run Behavior\BuildLiteBehavior [ RunTime:0.000000s ]
INFO: [ app_init ] --END-- [ RunTime:0.000000s ]
INFO: [ app_begin ] --START--
INFO: Run Behavior\ReadHtmlCacheBehavior [ RunTime:0.000977s ]
INFO: [ app_begin ] --END-- [ RunTime:0.000977s ]
NOTIC: [8] Undefined index: typeid C:\xampp\htdocs\mall\mobile\app\b2b\Application\News\Controller\NewsController.class.php 第 28 行.
SQL: SHOW COLUMNS FROM `archives` [ RunTime:0.0029s ]
SQL: select a.id,a.litpic,from_unixtime(a.pubdate,'%Y-%m-%d') as pubdate,left(a.description,30) as description,a.typeid,a.title,a.writer,t.typename from archives a left join arctype t on a.typeid=t.id where arcrank=0 and typeid in (88,89,90,91,92) order by a.pubdate desc limit 0,5 [ RunTime:0.0010s ]
INFO: [ view_parse ] --START--
INFO: [ template_filter ] --START--
INFO: Run Behavior\ContentReplaceBehavior [ RunTime:0.000000s ]
INFO: [ template_filter ] --END-- [ RunTime:0.000000s ]
NOTIC: [8] Use of undefined constant id - assumed 'id' C:\xampp\htdocs\mall\mobile\app\b2b\Application\Runtime\Cache\News\7523b64d4b63fdcf7f8b65c00c7b9965.php 第 93 行.
NOTIC: [8] Use of undefined constant id - assumed 'id' C:\xampp\htdocs\mall\mobile\app\b2b\Application\Runtime\Cache\News\7523b64d4b63fdcf7f8b65c00c7b9965.php 第 95 行.
NOTIC: [8] Use of undefined constant id - assumed 'id' C:\xampp\htdocs\mall\mobile\app\b2b\Application\Runtime\Cache\News\7523b64d4b63fdcf7f8b65c00c7b9965.php 第 96 行.
NOTIC: [8] Use of undefined constant id - assumed 'id' C:\xampp\htdocs\mall\mobile\app\b2b\Application\Runtime\Cache\News\7523b64d4b63fdcf7f8b65c00c7b9965.php 第 93 行.
NOTIC: [8] Use of undefined constant id - assumed 'id' C:\xampp\htdocs\mall\mobile\app\b2b\Application\Runtime\Cache\News\7523b64d4b63fdcf7f8b65c00c7b9965.php 第 95 行.
NOTIC: [8] Use of undefined constant id - assumed 'id' C:\xampp\htdocs\mall\mobile\app\b2b\Application\Runtime\Cache\News\7523b64d4b63fdcf7f8b65c00c7b9965.php 第 96 行.
NOTIC: [8] Use of undefined constant id - assumed 'id' C:\xampp\htdocs\mall\mobile\app\b2b\Application\Runtime\Cache\News\7523b64d4b63fdcf7f8b65c00c7b9965.php 第 93 行.
NOTIC: [8] Use of undefined constant id - assumed 'id' C:\xampp\htdocs\mall\mobile\app\b2b\Application\Runtime\Cache\News\7523b64d4b63fdcf7f8b65c00c7b9965.php 第 95 行.
NOTIC: [8] Use of undefined constant id - assumed 'id' C:\xampp\htdocs\mall\mobile\app\b2b\Application\Runtime\Cache\News\7523b64d4b63fdcf7f8b65c00c7b9965.php 第 96 行.
NOTIC: [8] Use of undefined constant id - assumed 'id' C:\xampp\htdocs\mall\mobile\app\b2b\Application\Runtime\Cache\News\7523b64d4b63fdcf7f8b65c00c7b9965.php 第 93 行.
NOTIC: [8] Use of undefined constant id - assumed 'id' C:\xampp\htdocs\mall\mobile\app\b2b\Application\Runtime\Cache\News\7523b64d4b63fdcf7f8b65c00c7b9965.php 第 95 行.
NOTIC: [8] Use of undefined constant id - assumed 'id' C:\xampp\htdocs\mall\mobile\app\b2b\Application\Runtime\Cache\News\7523b64d4b63fdcf7f8b65c00c7b9965.php 第 96 行.
NOTIC: [8] Use of undefined constant id - assumed 'id' C:\xampp\htdocs\mall\mobile\app\b2b\Application\Runtime\Cache\News\7523b64d4b63fdcf7f8b65c00c7b9965.php 第 93 行.
NOTIC: [8] Use of undefined constant id - assumed 'id' C:\xampp\htdocs\mall\mobile\app\b2b\Application\Runtime\Cache\News\7523b64d4b63fdcf7f8b65c00c7b9965.php 第 95 行.
NOTIC: [8] Use of undefined constant id - assumed 'id' C:\xampp\htdocs\mall\mobile\app\b2b\Application\Runtime\Cache\News\7523b64d4b63fdcf7f8b65c00c7b9965.php 第 96 行.
INFO: Run Behavior\ParseTemplateBehavior [ RunTime:0.008789s ]
INFO: [ view_parse ] --END-- [ RunTime:0.008789s ]
INFO: [ view_filter ] --START--
INFO: Run Behavior\WriteHtmlCacheBehavior [ RunTime:0.000977s ]
INFO: [ view_filter ] --END-- [ RunTime:0.000977s ]
INFO: [ app_end ] --START--
INFO: Run Behavior\ShowPageTraceBehavior [ RunTime:0.000976s ]
INFO: [ app_end ] --END-- [ RunTime:0.000976s ]

[ 2015-06-14T13:24:17+08:00 ] 14.150.152.199 /mobile/app/b2b/index.php/News/News/getColumnArticles.html
INFO: [ app_init ] --START--
INFO: Run Behavior\BuildLiteBehavior [ RunTime:0.000000s ]
INFO: [ app_init ] --END-- [ RunTime:0.000000s ]
INFO: [ app_begin ] --START--
INFO: Run Behavior\ReadHtmlCacheBehavior [ RunTime:0.000976s ]
INFO: [ app_begin ] --END-- [ RunTime:0.000976s ]
SQL: SHOW COLUMNS FROM `archives` [ RunTime:0.0029s ]
SQL: select a.id,a.litpic,from_unixtime(a.pubdate,'%Y-%m-%d') as pubdate,left(a.description,30) as description,a.typeid,a.title,a.writer,t.typename from archives a left join arctype t on a.typeid=t.id where arcrank=0 and typeid in (88,89,90,91,92) order by a.pubdate desc limit 5,5 [ RunTime:0.0010s ]
INFO: [ view_parse ] --START--
INFO: [ template_filter ] --START--
INFO: Run Behavior\ContentReplaceBehavior [ RunTime:0.000000s ]
INFO: [ template_filter ] --END-- [ RunTime:0.000000s ]
NOTIC: [8] Use of undefined constant id - assumed 'id' C:\xampp\htdocs\mall\mobile\app\b2b\Application\Runtime\Cache\News\dfb1f5ab8d2ad817db7cf1c91f367627.php 第 3 行.
NOTIC: [8] Use of undefined constant id - assumed 'id' C:\xampp\htdocs\mall\mobile\app\b2b\Application\Runtime\Cache\News\dfb1f5ab8d2ad817db7cf1c91f367627.php 第 5 行.
NOTIC: [8] Use of undefined constant id - assumed 'id' C:\xampp\htdocs\mall\mobile\app\b2b\Application\Runtime\Cache\News\dfb1f5ab8d2ad817db7cf1c91f367627.php 第 6 行.
NOTIC: [8] Use of undefined constant id - assumed 'id' C:\xampp\htdocs\mall\mobile\app\b2b\Application\Runtime\Cache\News\dfb1f5ab8d2ad817db7cf1c91f367627.php 第 3 行.
NOTIC: [8] Use of undefined constant id - assumed 'id' C:\xampp\htdocs\mall\mobile\app\b2b\Application\Runtime\Cache\News\dfb1f5ab8d2ad817db7cf1c91f367627.php 第 5 行.
NOTIC: [8] Use of undefined constant id - assumed 'id' C:\xampp\htdocs\mall\mobile\app\b2b\Application\Runtime\Cache\News\dfb1f5ab8d2ad817db7cf1c91f367627.php 第 6 行.
NOTIC: [8] Use of undefined constant id - assumed 'id' C:\xampp\htdocs\mall\mobile\app\b2b\Application\Runtime\Cache\News\dfb1f5ab8d2ad817db7cf1c91f367627.php 第 3 行.
NOTIC: [8] Use of undefined constant id - assumed 'id' C:\xampp\htdocs\mall\mobile\app\b2b\Application\Runtime\Cache\News\dfb1f5ab8d2ad817db7cf1c91f367627.php 第 5 行.
NOTIC: [8] Use of undefined constant id - assumed 'id' C:\xampp\htdocs\mall\mobile\app\b2b\Application\Runtime\Cache\News\dfb1f5ab8d2ad817db7cf1c91f367627.php 第 6 行.
NOTIC: [8] Use of undefined constant id - assumed 'id' C:\xampp\htdocs\mall\mobile\app\b2b\Application\Runtime\Cache\News\dfb1f5ab8d2ad817db7cf1c91f367627.php 第 3 行.
NOTIC: [8] Use of undefined constant id - assumed 'id' C:\xampp\htdocs\mall\mobile\app\b2b\Application\Runtime\Cache\News\dfb1f5ab8d2ad817db7cf1c91f367627.php 第 5 行.
NOTIC: [8] Use of undefined constant id - assumed 'id' C:\xampp\htdocs\mall\mobile\app\b2b\Application\Runtime\Cache\News\dfb1f5ab8d2ad817db7cf1c91f367627.php 第 6 行.
NOTIC: [8] Use of undefined constant id - assumed 'id' C:\xampp\htdocs\mall\mobile\app\b2b\Application\Runtime\Cache\News\dfb1f5ab8d2ad817db7cf1c91f367627.php 第 3 行.
NOTIC: [8] Use of undefined constant id - assumed 'id' C:\xampp\htdocs\mall\mobile\app\b2b\Application\Runtime\Cache\News\dfb1f5ab8d2ad817db7cf1c91f367627.php 第 5 行.
NOTIC: [8] Use of undefined constant id - assumed 'id' C:\xampp\htdocs\mall\mobile\app\b2b\Application\Runtime\Cache\News\dfb1f5ab8d2ad817db7cf1c91f367627.php 第 6 行.
INFO: Run Behavior\ParseTemplateBehavior [ RunTime:0.007812s ]
INFO: [ view_parse ] --END-- [ RunTime:0.007812s ]
INFO: [ view_filter ] --START--
INFO: Run Behavior\WriteHtmlCacheBehavior [ RunTime:0.000000s ]
INFO: [ view_filter ] --END-- [ RunTime:0.000000s ]
INFO: [ app_end ] --START--
INFO: Run Behavior\ShowPageTraceBehavior [ RunTime:0.000977s ]
INFO: [ app_end ] --END-- [ RunTime:0.000977s ]

[ 2015-06-14T13:24:19+08:00 ] 14.150.152.199 /mobile/app/b2b/index.php/News/News/getColumnArticles.html
INFO: [ app_init ] --START--
INFO: Run Behavior\BuildLiteBehavior [ RunTime:0.000000s ]
INFO: [ app_init ] --END-- [ RunTime:0.000000s ]
INFO: [ app_begin ] --START--
INFO: Run Behavior\ReadHtmlCacheBehavior [ RunTime:0.000976s ]
INFO: [ app_begin ] --END-- [ RunTime:0.000976s ]
SQL: SHOW COLUMNS FROM `archives` [ RunTime:0.0020s ]
SQL: select a.id,a.litpic,from_unixtime(a.pubdate,'%Y-%m-%d') as pubdate,left(a.description,30) as description,a.typeid,a.title,a.writer,t.typename from archives a left join arctype t on a.typeid=t.id where arcrank=0 and typeid in (88,89,90,91,92) order by a.pubdate desc limit 10,5 [ RunTime:0.0010s ]
INFO: [ view_parse ] --START--
INFO: [ template_filter ] --START--
INFO: Run Behavior\ContentReplaceBehavior [ RunTime:0.000000s ]
INFO: [ template_filter ] --END-- [ RunTime:0.000000s ]
NOTIC: [8] Use of undefined constant id - assumed 'id' C:\xampp\htdocs\mall\mobile\app\b2b\Application\Runtime\Cache\News\dfb1f5ab8d2ad817db7cf1c91f367627.php 第 3 行.
NOTIC: [8] Use of undefined constant id - assumed 'id' C:\xampp\htdocs\mall\mobile\app\b2b\Application\Runtime\Cache\News\dfb1f5ab8d2ad817db7cf1c91f367627.php 第 5 行.
NOTIC: [8] Use of undefined constant id - assumed 'id' C:\xampp\htdocs\mall\mobile\app\b2b\Application\Runtime\Cache\News\dfb1f5ab8d2ad817db7cf1c91f367627.php 第 6 行.
NOTIC: [8] Use of undefined constant id - assumed 'id' C:\xampp\htdocs\mall\mobile\app\b2b\Application\Runtime\Cache\News\dfb1f5ab8d2ad817db7cf1c91f367627.php 第 3 行.
NOTIC: [8] Use of undefined constant id - assumed 'id' C:\xampp\htdocs\mall\mobile\app\b2b\Application\Runtime\Cache\News\dfb1f5ab8d2ad817db7cf1c91f367627.php 第 5 行.
NOTIC: [8] Use of undefined constant id - assumed 'id' C:\xampp\htdocs\mall\mobile\app\b2b\Application\Runtime\Cache\News\dfb1f5ab8d2ad817db7cf1c91f367627.php 第 6 行.
NOTIC: [8] Use of undefined constant id - assumed 'id' C:\xampp\htdocs\mall\mobile\app\b2b\Application\Runtime\Cache\News\dfb1f5ab8d2ad817db7cf1c91f367627.php 第 3 行.
NOTIC: [8] Use of undefined constant id - assumed 'id' C:\xampp\htdocs\mall\mobile\app\b2b\Application\Runtime\Cache\News\dfb1f5ab8d2ad817db7cf1c91f367627.php 第 5 行.
NOTIC: [8] Use of undefined constant id - assumed 'id' C:\xampp\htdocs\mall\mobile\app\b2b\Application\Runtime\Cache\News\dfb1f5ab8d2ad817db7cf1c91f367627.php 第 6 行.
NOTIC: [8] Use of undefined constant id - assumed 'id' C:\xampp\htdocs\mall\mobile\app\b2b\Application\Runtime\Cache\News\dfb1f5ab8d2ad817db7cf1c91f367627.php 第 3 行.
NOTIC: [8] Use of undefined constant id - assumed 'id' C:\xampp\htdocs\mall\mobile\app\b2b\Application\Runtime\Cache\News\dfb1f5ab8d2ad817db7cf1c91f367627.php 第 5 行.
NOTIC: [8] Use of undefined constant id - assumed 'id' C:\xampp\htdocs\mall\mobile\app\b2b\Application\Runtime\Cache\News\dfb1f5ab8d2ad817db7cf1c91f367627.php 第 6 行.
NOTIC: [8] Use of undefined constant id - assumed 'id' C:\xampp\htdocs\mall\mobile\app\b2b\Application\Runtime\Cache\News\dfb1f5ab8d2ad817db7cf1c91f367627.php 第 3 行.
NOTIC: [8] Use of undefined constant id - assumed 'id' C:\xampp\htdocs\mall\mobile\app\b2b\Application\Runtime\Cache\News\dfb1f5ab8d2ad817db7cf1c91f367627.php 第 5 行.
NOTIC: [8] Use of undefined constant id - assumed 'id' C:\xampp\htdocs\mall\mobile\app\b2b\Application\Runtime\Cache\News\dfb1f5ab8d2ad817db7cf1c91f367627.php 第 6 行.
INFO: Run Behavior\ParseTemplateBehavior [ RunTime:0.008789s ]
INFO: [ view_parse ] --END-- [ RunTime:0.008789s ]
INFO: [ view_filter ] --START--
INFO: Run Behavior\WriteHtmlCacheBehavior [ RunTime:0.000000s ]
INFO: [ view_filter ] --END-- [ RunTime:0.000000s ]
INFO: [ app_end ] --START--
INFO: Run Behavior\ShowPageTraceBehavior [ RunTime:0.000977s ]
INFO: [ app_end ] --END-- [ RunTime:0.000977s ]

[ 2015-06-14T13:24:24+08:00 ] 14.150.152.199 /mobile/app/b2b/index.php/News/News/getColumnArticles.html
INFO: [ app_init ] --START--
INFO: Run Behavior\BuildLiteBehavior [ RunTime:0.000000s ]
INFO: [ app_init ] --END-- [ RunTime:0.000000s ]
INFO: [ app_begin ] --START--
INFO: Run Behavior\ReadHtmlCacheBehavior [ RunTime:0.000977s ]
INFO: [ app_begin ] --END-- [ RunTime:0.000977s ]
SQL: SHOW COLUMNS FROM `archives` [ RunTime:0.0029s ]
SQL: select a.id,a.litpic,from_unixtime(a.pubdate,'%Y-%m-%d') as pubdate,left(a.description,30) as description,a.typeid,a.title,a.writer,t.typename from archives a left join arctype t on a.typeid=t.id where arcrank=0 and typeid in (88,89,90,91,92) order by a.pubdate desc limit 15,5 [ RunTime:0.0010s ]
INFO: [ view_parse ] --START--
INFO: [ template_filter ] --START--
INFO: Run Behavior\ContentReplaceBehavior [ RunTime:0.000000s ]
INFO: [ template_filter ] --END-- [ RunTime:0.000000s ]
NOTIC: [8] Use of undefined constant id - assumed 'id' C:\xampp\htdocs\mall\mobile\app\b2b\Application\Runtime\Cache\News\dfb1f5ab8d2ad817db7cf1c91f367627.php 第 3 行.
NOTIC: [8] Use of undefined constant id - assumed 'id' C:\xampp\htdocs\mall\mobile\app\b2b\Application\Runtime\Cache\News\dfb1f5ab8d2ad817db7cf1c91f367627.php 第 5 行.
NOTIC: [8] Use of undefined constant id - assumed 'id' C:\xampp\htdocs\mall\mobile\app\b2b\Application\Runtime\Cache\News\dfb1f5ab8d2ad817db7cf1c91f367627.php 第 6 行.
NOTIC: [8] Use of undefined constant id - assumed 'id' C:\xampp\htdocs\mall\mobile\app\b2b\Application\Runtime\Cache\News\dfb1f5ab8d2ad817db7cf1c91f367627.php 第 3 行.
NOTIC: [8] Use of undefined constant id - assumed 'id' C:\xampp\htdocs\mall\mobile\app\b2b\Application\Runtime\Cache\News\dfb1f5ab8d2ad817db7cf1c91f367627.php 第 5 行.
NOTIC: [8] Use of undefined constant id - assumed 'id' C:\xampp\htdocs\mall\mobile\app\b2b\Application\Runtime\Cache\News\dfb1f5ab8d2ad817db7cf1c91f367627.php 第 6 行.
NOTIC: [8] Use of undefined constant id - assumed 'id' C:\xampp\htdocs\mall\mobile\app\b2b\Application\Runtime\Cache\News\dfb1f5ab8d2ad817db7cf1c91f367627.php 第 3 行.
NOTIC: [8] Use of undefined constant id - assumed 'id' C:\xampp\htdocs\mall\mobile\app\b2b\Application\Runtime\Cache\News\dfb1f5ab8d2ad817db7cf1c91f367627.php 第 5 行.
NOTIC: [8] Use of undefined constant id - assumed 'id' C:\xampp\htdocs\mall\mobile\app\b2b\Application\Runtime\Cache\News\dfb1f5ab8d2ad817db7cf1c91f367627.php 第 6 行.
NOTIC: [8] Use of undefined constant id - assumed 'id' C:\xampp\htdocs\mall\mobile\app\b2b\Application\Runtime\Cache\News\dfb1f5ab8d2ad817db7cf1c91f367627.php 第 3 行.
NOTIC: [8] Use of undefined constant id - assumed 'id' C:\xampp\htdocs\mall\mobile\app\b2b\Application\Runtime\Cache\News\dfb1f5ab8d2ad817db7cf1c91f367627.php 第 5 行.
NOTIC: [8] Use of undefined constant id - assumed 'id' C:\xampp\htdocs\mall\mobile\app\b2b\Application\Runtime\Cache\News\dfb1f5ab8d2ad817db7cf1c91f367627.php 第 6 行.
NOTIC: [8] Use of undefined constant id - assumed 'id' C:\xampp\htdocs\mall\mobile\app\b2b\Application\Runtime\Cache\News\dfb1f5ab8d2ad817db7cf1c91f367627.php 第 3 行.
NOTIC: [8] Use of undefined constant id - assumed 'id' C:\xampp\htdocs\mall\mobile\app\b2b\Application\Runtime\Cache\News\dfb1f5ab8d2ad817db7cf1c91f367627.php 第 5 行.
NOTIC: [8] Use of undefined constant id - assumed 'id' C:\xampp\htdocs\mall\mobile\app\b2b\Application\Runtime\Cache\News\dfb1f5ab8d2ad817db7cf1c91f367627.php 第 6 行.
INFO: Run Behavior\ParseTemplateBehavior [ RunTime:0.007813s ]
INFO: [ view_parse ] --END-- [ RunTime:0.007813s ]
INFO: [ view_filter ] --START--
INFO: Run Behavior\WriteHtmlCacheBehavior [ RunTime:0.000000s ]
INFO: [ view_filter ] --END-- [ RunTime:0.000000s ]
INFO: [ app_end ] --START--
INFO: Run Behavior\ShowPageTraceBehavior [ RunTime:0.000977s ]
INFO: [ app_end ] --END-- [ RunTime:0.000977s ]

[ 2015-06-14T13:24:27+08:00 ] 14.150.152.199 /mobile/app/b2b/index.php/News/News/getColumnArticles.html
INFO: [ app_init ] --START--
INFO: Run Behavior\BuildLiteBehavior [ RunTime:0.000000s ]
INFO: [ app_init ] --END-- [ RunTime:0.000000s ]
INFO: [ app_begin ] --START--
INFO: Run Behavior\ReadHtmlCacheBehavior [ RunTime:0.000976s ]
INFO: [ app_begin ] --END-- [ RunTime:0.000976s ]
SQL: SHOW COLUMNS FROM `archives` [ RunTime:0.0029s ]
SQL: select a.id,a.litpic,from_unixtime(a.pubdate,'%Y-%m-%d') as pubdate,left(a.description,30) as description,a.typeid,a.title,a.writer,t.typename from archives a left join arctype t on a.typeid=t.id where arcrank=0 and typeid in (88,89,90,91,92) order by a.pubdate desc limit 20,5 [ RunTime:0.0010s ]
INFO: [ view_parse ] --START--
INFO: [ template_filter ] --START--
INFO: Run Behavior\ContentReplaceBehavior [ RunTime:0.000000s ]
INFO: [ template_filter ] --END-- [ RunTime:0.000976s ]
NOTIC: [8] Use of undefined constant id - assumed 'id' C:\xampp\htdocs\mall\mobile\app\b2b\Application\Runtime\Cache\News\dfb1f5ab8d2ad817db7cf1c91f367627.php 第 3 行.
NOTIC: [8] Use of undefined constant id - assumed 'id' C:\xampp\htdocs\mall\mobile\app\b2b\Application\Runtime\Cache\News\dfb1f5ab8d2ad817db7cf1c91f367627.php 第 5 行.
NOTIC: [8] Use of undefined constant id - assumed 'id' C:\xampp\htdocs\mall\mobile\app\b2b\Application\Runtime\Cache\News\dfb1f5ab8d2ad817db7cf1c91f367627.php 第 6 行.
NOTIC: [8] Use of undefined constant id - assumed 'id' C:\xampp\htdocs\mall\mobile\app\b2b\Application\Runtime\Cache\News\dfb1f5ab8d2ad817db7cf1c91f367627.php 第 3 行.
NOTIC: [8] Use of undefined constant id - assumed 'id' C:\xampp\htdocs\mall\mobile\app\b2b\Application\Runtime\Cache\News\dfb1f5ab8d2ad817db7cf1c91f367627.php 第 5 行.
NOTIC: [8] Use of undefined constant id - assumed 'id' C:\xampp\htdocs\mall\mobile\app\b2b\Application\Runtime\Cache\News\dfb1f5ab8d2ad817db7cf1c91f367627.php 第 6 行.
NOTIC: [8] Use of undefined constant id - assumed 'id' C:\xampp\htdocs\mall\mobile\app\b2b\Application\Runtime\Cache\News\dfb1f5ab8d2ad817db7cf1c91f367627.php 第 3 行.
NOTIC: [8] Use of undefined constant id - assumed 'id' C:\xampp\htdocs\mall\mobile\app\b2b\Application\Runtime\Cache\News\dfb1f5ab8d2ad817db7cf1c91f367627.php 第 5 行.
NOTIC: [8] Use of undefined constant id - assumed 'id' C:\xampp\htdocs\mall\mobile\app\b2b\Application\Runtime\Cache\News\dfb1f5ab8d2ad817db7cf1c91f367627.php 第 6 行.
NOTIC: [8] Use of undefined constant id - assumed 'id' C:\xampp\htdocs\mall\mobile\app\b2b\Application\Runtime\Cache\News\dfb1f5ab8d2ad817db7cf1c91f367627.php 第 3 行.
NOTIC: [8] Use of undefined constant id - assumed 'id' C:\xampp\htdocs\mall\mobile\app\b2b\Application\Runtime\Cache\News\dfb1f5ab8d2ad817db7cf1c91f367627.php 第 5 行.
NOTIC: [8] Use of undefined constant id - assumed 'id' C:\xampp\htdocs\mall\mobile\app\b2b\Application\Runtime\Cache\News\dfb1f5ab8d2ad817db7cf1c91f367627.php 第 6 行.
NOTIC: [8] Use of undefined constant id - assumed 'id' C:\xampp\htdocs\mall\mobile\app\b2b\Application\Runtime\Cache\News\dfb1f5ab8d2ad817db7cf1c91f367627.php 第 3 行.
NOTIC: [8] Use of undefined constant id - assumed 'id' C:\xampp\htdocs\mall\mobile\app\b2b\Application\Runtime\Cache\News\dfb1f5ab8d2ad817db7cf1c91f367627.php 第 5 行.
NOTIC: [8] Use of undefined constant id - assumed 'id' C:\xampp\htdocs\mall\mobile\app\b2b\Application\Runtime\Cache\News\dfb1f5ab8d2ad817db7cf1c91f367627.php 第 6 行.
INFO: Run Behavior\ParseTemplateBehavior [ RunTime:0.006836s ]
INFO: [ view_parse ] --END-- [ RunTime:0.006836s ]
INFO: [ view_filter ] --START--
INFO: Run Behavior\WriteHtmlCacheBehavior [ RunTime:0.000976s ]
INFO: [ view_filter ] --END-- [ RunTime:0.000976s ]
INFO: [ app_end ] --START--
INFO: Run Behavior\ShowPageTraceBehavior [ RunTime:0.000977s ]
INFO: [ app_end ] --END-- [ RunTime:0.000977s ]

[ 2015-06-14T13:24:28+08:00 ] 14.150.152.199 /mobile/app/b2b/index.php/News/News/getColumnArticles.html
INFO: [ app_init ] --START--
INFO: Run Behavior\BuildLiteBehavior [ RunTime:0.000000s ]
INFO: [ app_init ] --END-- [ RunTime:0.000976s ]
INFO: [ app_begin ] --START--
INFO: Run Behavior\ReadHtmlCacheBehavior [ RunTime:0.000000s ]
INFO: [ app_begin ] --END-- [ RunTime:0.000000s ]
SQL: SHOW COLUMNS FROM `archives` [ RunTime:0.0020s ]
SQL: select a.id,a.litpic,from_unixtime(a.pubdate,'%Y-%m-%d') as pubdate,left(a.description,30) as description,a.typeid,a.title,a.writer,t.typename from archives a left join arctype t on a.typeid=t.id where arcrank=0 and typeid in (88,89,90,91,92) order by a.pubdate desc limit 25,5 [ RunTime:0.0020s ]
INFO: [ view_parse ] --START--
INFO: [ template_filter ] --START--
INFO: Run Behavior\ContentReplaceBehavior [ RunTime:0.000000s ]
INFO: [ template_filter ] --END-- [ RunTime:0.000000s ]
NOTIC: [8] Use of undefined constant id - assumed 'id' C:\xampp\htdocs\mall\mobile\app\b2b\Application\Runtime\Cache\News\dfb1f5ab8d2ad817db7cf1c91f367627.php 第 3 行.
NOTIC: [8] Use of undefined constant id - assumed 'id' C:\xampp\htdocs\mall\mobile\app\b2b\Application\Runtime\Cache\News\dfb1f5ab8d2ad817db7cf1c91f367627.php 第 5 行.
NOTIC: [8] Use of undefined constant id - assumed 'id' C:\xampp\htdocs\mall\mobile\app\b2b\Application\Runtime\Cache\News\dfb1f5ab8d2ad817db7cf1c91f367627.php 第 6 行.
NOTIC: [8] Use of undefined constant id - assumed 'id' C:\xampp\htdocs\mall\mobile\app\b2b\Application\Runtime\Cache\News\dfb1f5ab8d2ad817db7cf1c91f367627.php 第 3 行.
NOTIC: [8] Use of undefined constant id - assumed 'id' C:\xampp\htdocs\mall\mobile\app\b2b\Application\Runtime\Cache\News\dfb1f5ab8d2ad817db7cf1c91f367627.php 第 5 行.
NOTIC: [8] Use of undefined constant id - assumed 'id' C:\xampp\htdocs\mall\mobile\app\b2b\Application\Runtime\Cache\News\dfb1f5ab8d2ad817db7cf1c91f367627.php 第 6 行.
NOTIC: [8] Use of undefined constant id - assumed 'id' C:\xampp\htdocs\mall\mobile\app\b2b\Application\Runtime\Cache\News\dfb1f5ab8d2ad817db7cf1c91f367627.php 第 3 行.
NOTIC: [8] Use of undefined constant id - assumed 'id' C:\xampp\htdocs\mall\mobile\app\b2b\Application\Runtime\Cache\News\dfb1f5ab8d2ad817db7cf1c91f367627.php 第 5 行.
NOTIC: [8] Use of undefined constant id - assumed 'id' C:\xampp\htdocs\mall\mobile\app\b2b\Application\Runtime\Cache\News\dfb1f5ab8d2ad817db7cf1c91f367627.php 第 6 行.
NOTIC: [8] Use of undefined constant id - assumed 'id' C:\xampp\htdocs\mall\mobile\app\b2b\Application\Runtime\Cache\News\dfb1f5ab8d2ad817db7cf1c91f367627.php 第 3 行.
NOTIC: [8] Use of undefined constant id - assumed 'id' C:\xampp\htdocs\mall\mobile\app\b2b\Application\Runtime\Cache\News\dfb1f5ab8d2ad817db7cf1c91f367627.php 第 5 行.
NOTIC: [8] Use of undefined constant id - assumed 'id' C:\xampp\htdocs\mall\mobile\app\b2b\Application\Runtime\Cache\News\dfb1f5ab8d2ad817db7cf1c91f367627.php 第 6 行.
NOTIC: [8] Use of undefined constant id - assumed 'id' C:\xampp\htdocs\mall\mobile\app\b2b\Application\Runtime\Cache\News\dfb1f5ab8d2ad817db7cf1c91f367627.php 第 3 行.
NOTIC: [8] Use of undefined constant id - assumed 'id' C:\xampp\htdocs\mall\mobile\app\b2b\Application\Runtime\Cache\News\dfb1f5ab8d2ad817db7cf1c91f367627.php 第 5 行.
NOTIC: [8] Use of undefined constant id - assumed 'id' C:\xampp\htdocs\mall\mobile\app\b2b\Application\Runtime\Cache\News\dfb1f5ab8d2ad817db7cf1c91f367627.php 第 6 行.
INFO: Run Behavior\ParseTemplateBehavior [ RunTime:0.007812s ]
INFO: [ view_parse ] --END-- [ RunTime:0.007812s ]
INFO: [ view_filter ] --START--
INFO: Run Behavior\WriteHtmlCacheBehavior [ RunTime:0.000000s ]
INFO: [ view_filter ] --END-- [ RunTime:0.000000s ]
INFO: [ app_end ] --START--
INFO: Run Behavior\ShowPageTraceBehavior [ RunTime:0.000000s ]
INFO: [ app_end ] --END-- [ RunTime:0.000000s ]

[ 2015-06-14T13:24:29+08:00 ] 14.150.152.199 /mobile/app/b2b/index.php/News/News/getColumnArticles.html
INFO: [ app_init ] --START--
INFO: Run Behavior\BuildLiteBehavior [ RunTime:0.000000s ]
INFO: [ app_init ] --END-- [ RunTime:0.000000s ]
INFO: [ app_begin ] --START--
INFO: Run Behavior\ReadHtmlCacheBehavior [ RunTime:0.000976s ]
INFO: [ app_begin ] --END-- [ RunTime:0.000976s ]
SQL: SHOW COLUMNS FROM `archives` [ RunTime:0.0029s ]
SQL: select a.id,a.litpic,from_unixtime(a.pubdate,'%Y-%m-%d') as pubdate,left(a.description,30) as description,a.typeid,a.title,a.writer,t.typename from archives a left join arctype t on a.typeid=t.id where arcrank=0 and typeid in (88,89,90,91,92) order by a.pubdate desc limit 30,5 [ RunTime:0.0010s ]
INFO: [ view_parse ] --START--
INFO: [ template_filter ] --START--
INFO: Run Behavior\ContentReplaceBehavior [ RunTime:0.000000s ]
INFO: [ template_filter ] --END-- [ RunTime:0.000000s ]
NOTIC: [8] Use of undefined constant id - assumed 'id' C:\xampp\htdocs\mall\mobile\app\b2b\Application\Runtime\Cache\News\dfb1f5ab8d2ad817db7cf1c91f367627.php 第 3 行.
NOTIC: [8] Use of undefined constant id - assumed 'id' C:\xampp\htdocs\mall\mobile\app\b2b\Application\Runtime\Cache\News\dfb1f5ab8d2ad817db7cf1c91f367627.php 第 5 行.
NOTIC: [8] Use of undefined constant id - assumed 'id' C:\xampp\htdocs\mall\mobile\app\b2b\Application\Runtime\Cache\News\dfb1f5ab8d2ad817db7cf1c91f367627.php 第 6 行.
NOTIC: [8] Use of undefined constant id - assumed 'id' C:\xampp\htdocs\mall\mobile\app\b2b\Application\Runtime\Cache\News\dfb1f5ab8d2ad817db7cf1c91f367627.php 第 3 行.
NOTIC: [8] Use of undefined constant id - assumed 'id' C:\xampp\htdocs\mall\mobile\app\b2b\Application\Runtime\Cache\News\dfb1f5ab8d2ad817db7cf1c91f367627.php 第 5 行.
NOTIC: [8] Use of undefined constant id - assumed 'id' C:\xampp\htdocs\mall\mobile\app\b2b\Application\Runtime\Cache\News\dfb1f5ab8d2ad817db7cf1c91f367627.php 第 6 行.
NOTIC: [8] Use of undefined constant id - assumed 'id' C:\xampp\htdocs\mall\mobile\app\b2b\Application\Runtime\Cache\News\dfb1f5ab8d2ad817db7cf1c91f367627.php 第 3 行.
NOTIC: [8] Use of undefined constant id - assumed 'id' C:\xampp\htdocs\mall\mobile\app\b2b\Application\Runtime\Cache\News\dfb1f5ab8d2ad817db7cf1c91f367627.php 第 5 行.
NOTIC: [8] Use of undefined constant id - assumed 'id' C:\xampp\htdocs\mall\mobile\app\b2b\Application\Runtime\Cache\News\dfb1f5ab8d2ad817db7cf1c91f367627.php 第 6 行.
NOTIC: [8] Use of undefined constant id - assumed 'id' C:\xampp\htdocs\mall\mobile\app\b2b\Application\Runtime\Cache\News\dfb1f5ab8d2ad817db7cf1c91f367627.php 第 3 行.
NOTIC: [8] Use of undefined constant id - assumed 'id' C:\xampp\htdocs\mall\mobile\app\b2b\Application\Runtime\Cache\News\dfb1f5ab8d2ad817db7cf1c91f367627.php 第 5 行.
NOTIC: [8] Use of undefined constant id - assumed 'id' C:\xampp\htdocs\mall\mobile\app\b2b\Application\Runtime\Cache\News\dfb1f5ab8d2ad817db7cf1c91f367627.php 第 6 行.
NOTIC: [8] Use of undefined constant id - assumed 'id' C:\xampp\htdocs\mall\mobile\app\b2b\Application\Runtime\Cache\News\dfb1f5ab8d2ad817db7cf1c91f367627.php 第 3 行.
NOTIC: [8] Use of undefined constant id - assumed 'id' C:\xampp\htdocs\mall\mobile\app\b2b\Application\Runtime\Cache\News\dfb1f5ab8d2ad817db7cf1c91f367627.php 第 5 行.
NOTIC: [8] Use of undefined constant id - assumed 'id' C:\xampp\htdocs\mall\mobile\app\b2b\Application\Runtime\Cache\News\dfb1f5ab8d2ad817db7cf1c91f367627.php 第 6 行.
INFO: Run Behavior\ParseTemplateBehavior [ RunTime:0.006836s ]
INFO: [ view_parse ] --END-- [ RunTime:0.007813s ]
INFO: [ view_filter ] --START--
INFO: Run Behavior\WriteHtmlCacheBehavior [ RunTime:0.000000s ]
INFO: [ view_filter ] --END-- [ RunTime:0.000000s ]
INFO: [ app_end ] --START--
INFO: Run Behavior\ShowPageTraceBehavior [ RunTime:0.000976s ]
INFO: [ app_end ] --END-- [ RunTime:0.000976s ]

[ 2015-06-14T13:24:31+08:00 ] 14.150.152.199 /mobile/app/b2b/index.php/News/News/getColumnArticles.html
INFO: [ app_init ] --START--
INFO: Run Behavior\BuildLiteBehavior [ RunTime:0.000000s ]
INFO: [ app_init ] --END-- [ RunTime:0.000000s ]
INFO: [ app_begin ] --START--
INFO: Run Behavior\ReadHtmlCacheBehavior [ RunTime:0.000977s ]
INFO: [ app_begin ] --END-- [ RunTime:0.000977s ]
SQL: SHOW COLUMNS FROM `archives` [ RunTime:0.0029s ]
SQL: select a.id,a.litpic,from_unixtime(a.pubdate,'%Y-%m-%d') as pubdate,left(a.description,30) as description,a.typeid,a.title,a.writer,t.typename from archives a left join arctype t on a.typeid=t.id where arcrank=0 and typeid in (88,89,90,91,92) order by a.pubdate desc limit 35,5 [ RunTime:0.0010s ]
INFO: [ view_parse ] --START--
INFO: [ template_filter ] --START--
INFO: Run Behavior\ContentReplaceBehavior [ RunTime:0.000000s ]
INFO: [ template_filter ] --END-- [ RunTime:0.000000s ]
NOTIC: [8] Use of undefined constant id - assumed 'id' C:\xampp\htdocs\mall\mobile\app\b2b\Application\Runtime\Cache\News\dfb1f5ab8d2ad817db7cf1c91f367627.php 第 3 行.
NOTIC: [8] Use of undefined constant id - assumed 'id' C:\xampp\htdocs\mall\mobile\app\b2b\Application\Runtime\Cache\News\dfb1f5ab8d2ad817db7cf1c91f367627.php 第 5 行.
NOTIC: [8] Use of undefined constant id - assumed 'id' C:\xampp\htdocs\mall\mobile\app\b2b\Application\Runtime\Cache\News\dfb1f5ab8d2ad817db7cf1c91f367627.php 第 6 行.
NOTIC: [8] Use of undefined constant id - assumed 'id' C:\xampp\htdocs\mall\mobile\app\b2b\Application\Runtime\Cache\News\dfb1f5ab8d2ad817db7cf1c91f367627.php 第 3 行.
NOTIC: [8] Use of undefined constant id - assumed 'id' C:\xampp\htdocs\mall\mobile\app\b2b\Application\Runtime\Cache\News\dfb1f5ab8d2ad817db7cf1c91f367627.php 第 5 行.
NOTIC: [8] Use of undefined constant id - assumed 'id' C:\xampp\htdocs\mall\mobile\app\b2b\Application\Runtime\Cache\News\dfb1f5ab8d2ad817db7cf1c91f367627.php 第 6 行.
NOTIC: [8] Use of undefined constant id - assumed 'id' C:\xampp\htdocs\mall\mobile\app\b2b\Application\Runtime\Cache\News\dfb1f5ab8d2ad817db7cf1c91f367627.php 第 3 行.
NOTIC: [8] Use of undefined constant id - assumed 'id' C:\xampp\htdocs\mall\mobile\app\b2b\Application\Runtime\Cache\News\dfb1f5ab8d2ad817db7cf1c91f367627.php 第 5 行.
NOTIC: [8] Use of undefined constant id - assumed 'id' C:\xampp\htdocs\mall\mobile\app\b2b\Application\Runtime\Cache\News\dfb1f5ab8d2ad817db7cf1c91f367627.php 第 6 行.
NOTIC: [8] Use of undefined constant id - assumed 'id' C:\xampp\htdocs\mall\mobile\app\b2b\Application\Runtime\Cache\News\dfb1f5ab8d2ad817db7cf1c91f367627.php 第 3 行.
NOTIC: [8] Use of undefined constant id - assumed 'id' C:\xampp\htdocs\mall\mobile\app\b2b\Application\Runtime\Cache\News\dfb1f5ab8d2ad817db7cf1c91f367627.php 第 5 行.
NOTIC: [8] Use of undefined constant id - assumed 'id' C:\xampp\htdocs\mall\mobile\app\b2b\Application\Runtime\Cache\News\dfb1f5ab8d2ad817db7cf1c91f367627.php 第 6 行.
NOTIC: [8] Use of undefined constant id - assumed 'id' C:\xampp\htdocs\mall\mobile\app\b2b\Application\Runtime\Cache\News\dfb1f5ab8d2ad817db7cf1c91f367627.php 第 3 行.
NOTIC: [8] Use of undefined constant id - assumed 'id' C:\xampp\htdocs\mall\mobile\app\b2b\Application\Runtime\Cache\News\dfb1f5ab8d2ad817db7cf1c91f367627.php 第 5 行.
NOTIC: [8] Use of undefined constant id - assumed 'id' C:\xampp\htdocs\mall\mobile\app\b2b\Application\Runtime\Cache\News\dfb1f5ab8d2ad817db7cf1c91f367627.php 第 6 行.
INFO: Run Behavior\ParseTemplateBehavior [ RunTime:0.007813s ]
INFO: [ view_parse ] --END-- [ RunTime:0.007813s ]
INFO: [ view_filter ] --START--
INFO: Run Behavior\WriteHtmlCacheBehavior [ RunTime:0.000976s ]
INFO: [ view_filter ] --END-- [ RunTime:0.000976s ]
INFO: [ app_end ] --START--
INFO: Run Behavior\ShowPageTraceBehavior [ RunTime:0.000977s ]
INFO: [ app_end ] --END-- [ RunTime:0.000977s ]

[ 2015-06-14T13:24:33+08:00 ] 14.150.152.199 /mobile/app/b2b/index.php/News/News/getColumnArticles.html
INFO: [ app_init ] --START--
INFO: Run Behavior\BuildLiteBehavior [ RunTime:0.000000s ]
INFO: [ app_init ] --END-- [ RunTime:0.000000s ]
INFO: [ app_begin ] --START--
INFO: Run Behavior\ReadHtmlCacheBehavior [ RunTime:0.000977s ]
INFO: [ app_begin ] --END-- [ RunTime:0.000977s ]
SQL: SHOW COLUMNS FROM `archives` [ RunTime:0.0020s ]
SQL: select a.id,a.litpic,from_unixtime(a.pubdate,'%Y-%m-%d') as pubdate,left(a.description,30) as description,a.typeid,a.title,a.writer,t.typename from archives a left join arctype t on a.typeid=t.id where arcrank=0 and typeid in (88,89,90,91,92) order by a.pubdate desc limit 40,5 [ RunTime:0.0010s ]
INFO: [ view_parse ] --START--
INFO: [ template_filter ] --START--
INFO: Run Behavior\ContentReplaceBehavior [ RunTime:0.000000s ]
INFO: [ template_filter ] --END-- [ RunTime:0.000000s ]
NOTIC: [8] Use of undefined constant id - assumed 'id' C:\xampp\htdocs\mall\mobile\app\b2b\Application\Runtime\Cache\News\dfb1f5ab8d2ad817db7cf1c91f367627.php 第 3 行.
NOTIC: [8] Use of undefined constant id - assumed 'id' C:\xampp\htdocs\mall\mobile\app\b2b\Application\Runtime\Cache\News\dfb1f5ab8d2ad817db7cf1c91f367627.php 第 5 行.
NOTIC: [8] Use of undefined constant id - assumed 'id' C:\xampp\htdocs\mall\mobile\app\b2b\Application\Runtime\Cache\News\dfb1f5ab8d2ad817db7cf1c91f367627.php 第 6 行.
NOTIC: [8] Use of undefined constant id - assumed 'id' C:\xampp\htdocs\mall\mobile\app\b2b\Application\Runtime\Cache\News\dfb1f5ab8d2ad817db7cf1c91f367627.php 第 3 行.
NOTIC: [8] Use of undefined constant id - assumed 'id' C:\xampp\htdocs\mall\mobile\app\b2b\Application\Runtime\Cache\News\dfb1f5ab8d2ad817db7cf1c91f367627.php 第 5 行.
NOTIC: [8] Use of undefined constant id - assumed 'id' C:\xampp\htdocs\mall\mobile\app\b2b\Application\Runtime\Cache\News\dfb1f5ab8d2ad817db7cf1c91f367627.php 第 6 行.
NOTIC: [8] Use of undefined constant id - assumed 'id' C:\xampp\htdocs\mall\mobile\app\b2b\Application\Runtime\Cache\News\dfb1f5ab8d2ad817db7cf1c91f367627.php 第 3 行.
NOTIC: [8] Use of undefined constant id - assumed 'id' C:\xampp\htdocs\mall\mobile\app\b2b\Application\Runtime\Cache\News\dfb1f5ab8d2ad817db7cf1c91f367627.php 第 5 行.
NOTIC: [8] Use of undefined constant id - assumed 'id' C:\xampp\htdocs\mall\mobile\app\b2b\Application\Runtime\Cache\News\dfb1f5ab8d2ad817db7cf1c91f367627.php 第 6 行.
NOTIC: [8] Use of undefined constant id - assumed 'id' C:\xampp\htdocs\mall\mobile\app\b2b\Application\Runtime\Cache\News\dfb1f5ab8d2ad817db7cf1c91f367627.php 第 3 行.
NOTIC: [8] Use of undefined constant id - assumed 'id' C:\xampp\htdocs\mall\mobile\app\b2b\Application\Runtime\Cache\News\dfb1f5ab8d2ad817db7cf1c91f367627.php 第 5 行.
NOTIC: [8] Use of undefined constant id - assumed 'id' C:\xampp\htdocs\mall\mobile\app\b2b\Application\Runtime\Cache\News\dfb1f5ab8d2ad817db7cf1c91f367627.php 第 6 行.
NOTIC: [8] Use of undefined constant id - assumed 'id' C:\xampp\htdocs\mall\mobile\app\b2b\Application\Runtime\Cache\News\dfb1f5ab8d2ad817db7cf1c91f367627.php 第 3 行.
NOTIC: [8] Use of undefined constant id - assumed 'id' C:\xampp\htdocs\mall\mobile\app\b2b\Application\Runtime\Cache\News\dfb1f5ab8d2ad817db7cf1c91f367627.php 第 5 行.
NOTIC: [8] Use of undefined constant id - assumed 'id' C:\xampp\htdocs\mall\mobile\app\b2b\Application\Runtime\Cache\News\dfb1f5ab8d2ad817db7cf1c91f367627.php 第 6 行.
INFO: Run Behavior\ParseTemplateBehavior [ RunTime:0.007812s ]
INFO: [ view_parse ] --END-- [ RunTime:0.007812s ]
INFO: [ view_filter ] --START--
INFO: Run Behavior\WriteHtmlCacheBehavior [ RunTime:0.000977s ]
INFO: [ view_filter ] --END-- [ RunTime:0.000977s ]
INFO: [ app_end ] --START--
INFO: Run Behavior\ShowPageTraceBehavior [ RunTime:0.000000s ]
INFO: [ app_end ] --END-- [ RunTime:0.000000s ]

[ 2015-06-14T14:11:22+08:00 ] 220.181.108.81 /mobile/app/b2b/index.php/News/Index/detail/aid/5931.html
INFO: [ app_init ] --START--
INFO: Run Behavior\BuildLiteBehavior [ RunTime:0.000000s ]
INFO: [ app_init ] --END-- [ RunTime:0.000977s ]
INFO: [ app_begin ] --START--
INFO: Run Behavior\ReadHtmlCacheBehavior [ RunTime:0.000977s ]
INFO: [ app_begin ] --END-- [ RunTime:0.000977s ]
SQL: SHOW COLUMNS FROM `hill_img` [ RunTime:0.0029s ]
SQL: SELECT `cyte`,`body`,`zuobiao`,`pics`,`mobile_img` FROM `hill_img` WHERE ( aid='5931' ) LIMIT 1   [ RunTime:0.0000s ]
SQL: SHOW COLUMNS FROM `archives` [ RunTime:0.0020s ]
SQL: select a.id,from_unixtime(a.pubdate,'%Y-%m-%d') as pubdate,a.goodpost,a.title,a.writer,ad.body from archives a left join addonarticle ad on a.id=ad.aid where id=5931 [ RunTime:0.0000s ]
INFO: [ view_parse ] --START--
INFO: [ template_filter ] --START--
INFO: Run Behavior\ContentReplaceBehavior [ RunTime:0.000000s ]
INFO: [ template_filter ] --END-- [ RunTime:0.000000s ]
NOTIC: [8] Undefined index: pics C:\xampp\htdocs\mall\mobile\app\b2b\Application\Runtime\Cache\News\5b220d8fd5c0c22511b53a047888c968.php 第 38 行.
NOTIC: [8] Undefined variable: host C:\xampp\htdocs\mall\mobile\app\b2b\Application\Runtime\Cache\News\5b220d8fd5c0c22511b53a047888c968.php 第 39 行.
INFO: Run Behavior\ParseTemplateBehavior [ RunTime:0.005859s ]
INFO: [ view_parse ] --END-- [ RunTime:0.006836s ]
INFO: [ view_filter ] --START--
INFO: Run Behavior\WriteHtmlCacheBehavior [ RunTime:0.000977s ]
INFO: [ view_filter ] --END-- [ RunTime:0.000977s ]
INFO: [ app_end ] --START--
INFO: Run Behavior\ShowPageTraceBehavior [ RunTime:0.000976s ]
INFO: [ app_end ] --END-- [ RunTime:0.000976s ]

[ 2015-06-14T17:11:53+08:00 ] 123.125.71.30 /mobile/app/b2b/index.php/News/Index/index
INFO: [ app_init ] --START--
INFO: Run Behavior\BuildLiteBehavior [ RunTime:0.000000s ]
INFO: [ app_init ] --END-- [ RunTime:0.000000s ]
INFO: [ app_begin ] --START--
INFO: Run Behavior\ReadHtmlCacheBehavior [ RunTime:0.000000s ]
INFO: [ app_begin ] --END-- [ RunTime:0.000000s ]
INFO: [ view_parse ] --START--
INFO: [ template_filter ] --START--
INFO: Run Behavior\ContentReplaceBehavior [ RunTime:0.000000s ]
INFO: [ template_filter ] --END-- [ RunTime:0.000000s ]
INFO: Run Behavior\ParseTemplateBehavior [ RunTime:0.013671s ]
INFO: [ view_parse ] --END-- [ RunTime:0.013671s ]
INFO: [ view_filter ] --START--
INFO: Run Behavior\WriteHtmlCacheBehavior [ RunTime:0.000000s ]
INFO: [ view_filter ] --END-- [ RunTime:0.000000s ]
INFO: [ app_end ] --START--
INFO: Run Behavior\ShowPageTraceBehavior [ RunTime:0.000977s ]
INFO: [ app_end ] --END-- [ RunTime:0.000977s ]

[ 2015-06-14T18:16:22+08:00 ] 123.125.71.92 /mobile/app/b2b/index.php/News/Index/detail/aid/5861.html
INFO: [ app_init ] --START--
INFO: Run Behavior\BuildLiteBehavior [ RunTime:0.000000s ]
INFO: [ app_init ] --END-- [ RunTime:0.000000s ]
INFO: [ app_begin ] --START--
INFO: Run Behavior\ReadHtmlCacheBehavior [ RunTime:0.000000s ]
INFO: [ app_begin ] --END-- [ RunTime:0.000977s ]
SQL: SHOW COLUMNS FROM `hill_img` [ RunTime:0.0029s ]
SQL: SELECT `cyte`,`body`,`zuobiao`,`pics`,`mobile_img` FROM `hill_img` WHERE ( aid='5861' ) LIMIT 1   [ RunTime:0.0000s ]
SQL: SHOW COLUMNS FROM `archives` [ RunTime:0.0029s ]
SQL: select a.id,from_unixtime(a.pubdate,'%Y-%m-%d') as pubdate,a.goodpost,a.title,a.writer,ad.body from archives a left join addonarticle ad on a.id=ad.aid where id=5861 [ RunTime:0.0010s ]
INFO: [ view_parse ] --START--
INFO: [ template_filter ] --START--
INFO: Run Behavior\ContentReplaceBehavior [ RunTime:0.000000s ]
INFO: [ template_filter ] --END-- [ RunTime:0.000000s ]
NOTIC: [8] Undefined index: pics C:\xampp\htdocs\mall\mobile\app\b2b\Application\Runtime\Cache\News\5b220d8fd5c0c22511b53a047888c968.php 第 38 行.
NOTIC: [8] Undefined variable: host C:\xampp\htdocs\mall\mobile\app\b2b\Application\Runtime\Cache\News\5b220d8fd5c0c22511b53a047888c968.php 第 39 行.
INFO: Run Behavior\ParseTemplateBehavior [ RunTime:0.005860s ]
INFO: [ view_parse ] --END-- [ RunTime:0.006837s ]
INFO: [ view_filter ] --START--
INFO: Run Behavior\WriteHtmlCacheBehavior [ RunTime:0.000000s ]
INFO: [ view_filter ] --END-- [ RunTime:0.000000s ]
INFO: [ app_end ] --START--
INFO: Run Behavior\ShowPageTraceBehavior [ RunTime:0.000976s ]
INFO: [ app_end ] --END-- [ RunTime:0.000976s ]

[ 2015-06-14T18:29:17+08:00 ] 223.104.1.102 /mobile/app/b2b/index.php/News/Index/index
INFO: [ app_init ] --START--
INFO: Run Behavior\BuildLiteBehavior [ RunTime:0.000000s ]
INFO: [ app_init ] --END-- [ RunTime:0.000000s ]
INFO: [ app_begin ] --START--
INFO: Run Behavior\ReadHtmlCacheBehavior [ RunTime:0.000977s ]
INFO: [ app_begin ] --END-- [ RunTime:0.000977s ]
INFO: [ view_parse ] --START--
INFO: [ template_filter ] --START--
INFO: Run Behavior\ContentReplaceBehavior [ RunTime:0.000976s ]
INFO: [ template_filter ] --END-- [ RunTime:0.000976s ]
INFO: Run Behavior\ParseTemplateBehavior [ RunTime:0.012696s ]
INFO: [ view_parse ] --END-- [ RunTime:0.012696s ]
INFO: [ view_filter ] --START--
INFO: Run Behavior\WriteHtmlCacheBehavior [ RunTime:0.000977s ]
INFO: [ view_filter ] --END-- [ RunTime:0.000977s ]
INFO: [ app_end ] --START--
INFO: Run Behavior\ShowPageTraceBehavior [ RunTime:0.000000s ]
INFO: [ app_end ] --END-- [ RunTime:0.000000s ]

[ 2015-06-14T23:59:25+08:00 ] 211.97.129.200 /mobile/app/b2b/index.php/News/Index/index
INFO: [ app_init ] --START--
INFO: Run Behavior\BuildLiteBehavior [ RunTime:0.000000s ]
INFO: [ app_init ] --END-- [ RunTime:0.000977s ]
INFO: [ app_begin ] --START--
INFO: Run Behavior\ReadHtmlCacheBehavior [ RunTime:0.000000s ]
INFO: [ app_begin ] --END-- [ RunTime:0.000000s ]
INFO: [ view_parse ] --START--
INFO: [ template_filter ] --START--
INFO: Run Behavior\ContentReplaceBehavior [ RunTime:0.000000s ]
INFO: [ template_filter ] --END-- [ RunTime:0.000000s ]
INFO: Run Behavior\ParseTemplateBehavior [ RunTime:0.013672s ]
INFO: [ view_parse ] --END-- [ RunTime:0.013672s ]
INFO: [ view_filter ] --START--
INFO: Run Behavior\WriteHtmlCacheBehavior [ RunTime:0.000000s ]
INFO: [ view_filter ] --END-- [ RunTime:0.000000s ]
INFO: [ app_end ] --START--
INFO: Run Behavior\ShowPageTraceBehavior [ RunTime:0.000977s ]
INFO: [ app_end ] --END-- [ RunTime:0.000977s ]

[ 2015-06-14T23:59:35+08:00 ] 211.97.129.200 /mobile/app/b2b/index.php/News/Index/detail/aid/2983
INFO: [ app_init ] --START--
INFO: Run Behavior\BuildLiteBehavior [ RunTime:0.000000s ]
INFO: [ app_init ] --END-- [ RunTime:0.000000s ]
INFO: [ app_begin ] --START--
INFO: Run Behavior\ReadHtmlCacheBehavior [ RunTime:0.000000s ]
INFO: [ app_begin ] --END-- [ RunTime:0.000976s ]
SQL: SHOW COLUMNS FROM `hill_img` [ RunTime:0.0029s ]
SQL: SELECT `cyte`,`body`,`zuobiao`,`pics`,`mobile_img` FROM `hill_img` WHERE ( aid='2983' ) LIMIT 1   [ RunTime:0.0000s ]
SQL: SHOW COLUMNS FROM `archives` [ RunTime:0.0020s ]
SQL: SELECT `title` FROM `archives` WHERE ( id=2983 ) LIMIT 1   [ RunTime:0.0000s ]
SQL: select id,title from archives where title like '%勐海茶区%' limit 0,10 [ RunTime:0.0029s ]
INFO: [ view_parse ] --START--
INFO: [ template_filter ] --START--
INFO: Run Behavior\ContentReplaceBehavior [ RunTime:0.000000s ]
INFO: [ template_filter ] --END-- [ RunTime:0.000000s ]
INFO: Run Behavior\ParseTemplateBehavior [ RunTime:0.006836s ]
INFO: [ view_parse ] --END-- [ RunTime:0.006836s ]
INFO: [ view_filter ] --START--
INFO: Run Behavior\WriteHtmlCacheBehavior [ RunTime:0.000977s ]
INFO: [ view_filter ] --END-- [ RunTime:0.000977s ]
INFO: [ app_end ] --START--
INFO: Run Behavior\ShowPageTraceBehavior [ RunTime:0.000977s ]
INFO: [ app_end ] --END-- [ RunTime:0.000977s ]

[ 2015-06-14T23:59:36+08:00 ] 211.97.129.200 /mobile/app/b2b/index.php/News/Index/map
INFO: [ app_init ] --START--
INFO: Run Behavior\BuildLiteBehavior [ RunTime:0.000000s ]
INFO: [ app_init ] --END-- [ RunTime:0.000000s ]
INFO: [ app_begin ] --START--
INFO: Run Behavior\ReadHtmlCacheBehavior [ RunTime:0.000976s ]
INFO: [ app_begin ] --END-- [ RunTime:0.000976s ]
INFO: [ view_parse ] --START--
INFO: [ template_filter ] --START--
INFO: Run Behavior\ContentReplaceBehavior [ RunTime:0.000977s ]
INFO: [ template_filter ] --END-- [ RunTime:0.000977s ]
INFO: Run Behavior\ParseTemplateBehavior [ RunTime:0.019532s ]
INFO: [ view_parse ] --END-- [ RunTime:0.019532s ]
INFO: [ view_filter ] --START--
INFO: Run Behavior\WriteHtmlCacheBehavior [ RunTime:0.000976s ]
INFO: [ view_filter ] --END-- [ RunTime:0.000976s ]
INFO: [ app_end ] --START--
INFO: Run Behavior\ShowPageTraceBehavior [ RunTime:0.000977s ]
INFO: [ app_end ] --END-- [ RunTime:0.000977s ]

