[ 2015-05-19T10:12:56+08:00 ] ::1 /ecshop/mobile/app/b2b/index.php/public/upload/%7Bget_img%7C$v.id%7D
INFO: [ app_init ] --START--
INFO: Run Behavior\BuildLiteBehavior [ RunTime:0.000116s ]
INFO: [ app_init ] --END-- [ RunTime:0.001756s ]
ERR: 无法加载模块:Public

[ 2015-05-19T10:14:55+08:00 ] ::1 /ecshop/mobile/app/b2b/index.php/public/upload/%7Bget_img=$v.id%7D
INFO: [ app_init ] --START--
INFO: Run Behavior\BuildLiteBehavior [ RunTime:0.000106s ]
INFO: [ app_init ] --END-- [ RunTime:0.001651s ]
ERR: 无法加载模块:Public

[ 2015-05-19T10:17:27+08:00 ] ::1 /ecshop/mobile/app/b2b/index.php/public/upload/%3C!DOCTYPE%20html%20PUBLIC
INFO: [ app_init ] --START--
INFO: Run Behavior\BuildLiteBehavior [ RunTime:0.000118s ]
INFO: [ app_init ] --END-- [ RunTime:0.002128s ]
ERR: 无法加载模块:Public

[ 2015-05-19T10:18:43+08:00 ] ::1 /ecshop/mobile/app/b2b/index.php/public/upload/%3C!DOCTYPE%20html%20PUBLIC
INFO: [ app_init ] --START--
INFO: Run Behavior\BuildLiteBehavior [ RunTime:0.000074s ]
INFO: [ app_init ] --END-- [ RunTime:0.001174s ]
ERR: 无法加载模块:Public

[ 2015-05-19T10:19:11+08:00 ] ::1 /ecshop/mobile/app/b2b/index.php/public/upload/%3C!DOCTYPE%20html%20PUBLIC
INFO: [ app_init ] --START--
INFO: Run Behavior\BuildLiteBehavior [ RunTime:0.000106s ]
INFO: [ app_init ] --END-- [ RunTime:0.001604s ]
ERR: 无法加载模块:Public

[ 2015-05-19T10:21:23+08:00 ] ::1 /ecshop/mobile/app/b2b/index.php/public/upload/%3C!DOCTYPE%20html%20PUBLIC
INFO: [ app_init ] --START--
INFO: Run Behavior\BuildLiteBehavior [ RunTime:0.000074s ]
INFO: [ app_init ] --END-- [ RunTime:0.001164s ]
ERR: 无法加载模块:Public

[ 2015-05-19T10:21:28+08:00 ] ::1 /ecshop/mobile/app/b2b/index.php/public/upload/%3C!DOCTYPE%20html%20PUBLIC
INFO: [ app_init ] --START--
INFO: Run Behavior\BuildLiteBehavior [ RunTime:0.000113s ]
INFO: [ app_init ] --END-- [ RunTime:0.001525s ]
ERR: 无法加载模块:Public

[ 2015-05-19T10:22:08+08:00 ] ::1 /ecshop/mobile/app/b2b/index.php/public/upload/
INFO: [ app_init ] --START--
INFO: Run Behavior\BuildLiteBehavior [ RunTime:0.000109s ]
INFO: [ app_init ] --END-- [ RunTime:0.001709s ]
ERR: 无法加载模块:Public

[ 2015-05-19T10:23:43+08:00 ] ::1 /ecshop/mobile/app/b2b/index.php/public/upload/
INFO: [ app_init ] --START--
INFO: Run Behavior\BuildLiteBehavior [ RunTime:0.000128s ]
INFO: [ app_init ] --END-- [ RunTime:0.001599s ]
ERR: 无法加载模块:Public

[ 2015-05-19T10:28:39+08:00 ] ::1 /ecshop/mobile/app/b2b/index.php/public/upload/
INFO: [ app_init ] --START--
INFO: Run Behavior\BuildLiteBehavior [ RunTime:0.000103s ]
INFO: [ app_init ] --END-- [ RunTime:0.001648s ]
ERR: 无法加载模块:Public

[ 2015-05-19T10:29:15+08:00 ] ::1 /ecshop/mobile/app/b2b/index.php/public/upload/
INFO: [ app_init ] --START--
INFO: Run Behavior\BuildLiteBehavior [ RunTime:0.000109s ]
INFO: [ app_init ] --END-- [ RunTime:0.001762s ]
ERR: 无法加载模块:Public

[ 2015-05-19T10:29:56+08:00 ] ::1 /ecshop/mobile/app/b2b/index.php/public/upload/
INFO: [ app_init ] --START--
INFO: Run Behavior\BuildLiteBehavior [ RunTime:0.000118s ]
INFO: [ app_init ] --END-- [ RunTime:0.001694s ]
ERR: 无法加载模块:Public

[ 2015-05-19T10:30:18+08:00 ] ::1 /ecshop/mobile/app/b2b/index.php/public/upload/1431936761_1.jpg
INFO: [ app_init ] --START--
INFO: Run Behavior\BuildLiteBehavior [ RunTime:0.000153s ]
INFO: [ app_init ] --END-- [ RunTime:0.001731s ]
ERR: 无法加载模块:Public

[ 2015-05-19T10:30:18+08:00 ] ::1 /ecshop/mobile/app/b2b/index.php/public/upload/
INFO: [ app_init ] --START--
INFO: Run Behavior\BuildLiteBehavior [ RunTime:0.000107s ]
INFO: [ app_init ] --END-- [ RunTime:0.001811s ]
ERR: 无法加载模块:Public

