[ 2016-03-05T01:09:38+08:00 ] 51.255.65.37 /mobile/app/b2b/index.php/News/Index/detail/aid/819
INFO: [ app_init ] --START--
INFO: Run Behavior\BuildLiteBehavior [ RunTime:0.000012s ]
INFO: [ app_init ] --END-- [ RunTime:0.000083s ]
INFO: [ app_begin ] --START--
INFO: Run Behavior\ReadHtmlCacheBehavior [ RunTime:0.000038s ]
INFO: [ app_begin ] --END-- [ RunTime:0.000072s ]
NOTIC: [8] A session had already been started - ignoring session_start() /home/wwwroot/default/shopnc/mobile/app/b2b/ThinkPHP/Common/functions.php 第 1261 行.
SQL: SHOW COLUMNS FROM `hill_img` [ RunTime:0.0010s ]
SQL: SELECT `cyte`,`body`,`zuobiao`,`pics`,`mobile_img` FROM `hill_img` WHERE ( aid='819' ) LIMIT 1   [ RunTime:0.0002s ]
SQL: SHOW COLUMNS FROM `archives` [ RunTime:0.0006s ]
ERR: SQLSTATE[42S02]: Base table or view not found: 1146 Table 'shopncb2b2c.addonarticle' doesn't exist

[ 2016-03-05T02:22:54+08:00 ] 157.55.39.144 /mobile/app/b2b/index.php/News/Index/Home
INFO: [ app_init ] --START--
INFO: Run Behavior\BuildLiteBehavior [ RunTime:0.000013s ]
INFO: [ app_init ] --END-- [ RunTime:0.000075s ]
INFO: [ app_begin ] --START--
INFO: Run Behavior\ReadHtmlCacheBehavior [ RunTime:0.000035s ]
INFO: [ app_begin ] --END-- [ RunTime:0.000074s ]
NOTIC: [8] A session had already been started - ignoring session_start() /home/wwwroot/default/shopnc/mobile/app/b2b/ThinkPHP/Common/functions.php 第 1261 行.
INFO: [ view_parse ] --START--
INFO: [ template_filter ] --START--
INFO: Run Behavior\ContentReplaceBehavior [ RunTime:0.000075s ]
INFO: [ template_filter ] --END-- [ RunTime:0.000121s ]
INFO: Run Behavior\ParseTemplateBehavior [ RunTime:0.006054s ]
INFO: [ view_parse ] --END-- [ RunTime:0.006090s ]
INFO: [ view_filter ] --START--
INFO: Run Behavior\WriteHtmlCacheBehavior [ RunTime:0.000034s ]
INFO: [ view_filter ] --END-- [ RunTime:0.000079s ]
INFO: [ app_end ] --START--
INFO: Run Behavior\ShowPageTraceBehavior [ RunTime:0.000033s ]
INFO: [ app_end ] --END-- [ RunTime:0.000069s ]

[ 2016-03-05T10:15:17+08:00 ] 101.226.166.219 /mobile/app/b2b/index.php/News/Index/detail/aid/2943
INFO: [ app_init ] --START--
INFO: Run Behavior\BuildLiteBehavior [ RunTime:0.000011s ]
INFO: [ app_init ] --END-- [ RunTime:0.000076s ]
INFO: [ app_begin ] --START--
INFO: Run Behavior\ReadHtmlCacheBehavior [ RunTime:0.000033s ]
INFO: [ app_begin ] --END-- [ RunTime:0.000066s ]
NOTIC: [8] A session had already been started - ignoring session_start() /home/wwwroot/default/shopnc/mobile/app/b2b/ThinkPHP/Common/functions.php 第 1261 行.
SQL: SHOW COLUMNS FROM `hill_img` [ RunTime:0.0010s ]
SQL: SELECT `cyte`,`body`,`zuobiao`,`pics`,`mobile_img` FROM `hill_img` WHERE ( aid='2943' ) LIMIT 1   [ RunTime:0.0002s ]
SQL: SHOW COLUMNS FROM `archives` [ RunTime:0.0006s ]
SQL: SELECT `title` FROM `archives` WHERE ( id=2943 ) LIMIT 1   [ RunTime:0.0001s ]
SQL: select id,title from archives where title like '%%' limit 0,10 [ RunTime:0.0003s ]
INFO: [ view_parse ] --START--
INFO: [ template_filter ] --START--
INFO: Run Behavior\ContentReplaceBehavior [ RunTime:0.000055s ]
INFO: [ template_filter ] --END-- [ RunTime:0.000109s ]
INFO: Run Behavior\ParseTemplateBehavior [ RunTime:0.002651s ]
INFO: [ view_parse ] --END-- [ RunTime:0.002700s ]
INFO: [ view_filter ] --START--
INFO: Run Behavior\WriteHtmlCacheBehavior [ RunTime:0.000040s ]
INFO: [ view_filter ] --END-- [ RunTime:0.000068s ]
INFO: [ app_end ] --START--
INFO: Run Behavior\ShowPageTraceBehavior [ RunTime:0.000038s ]
INFO: [ app_end ] --END-- [ RunTime:0.000067s ]

[ 2016-03-05T10:16:36+08:00 ] 182.118.21.215 /mobile/app/b2b/index.php/News/Index/detail/aid/2962
INFO: [ app_init ] --START--
INFO: Run Behavior\BuildLiteBehavior [ RunTime:0.000012s ]
INFO: [ app_init ] --END-- [ RunTime:0.000080s ]
INFO: [ app_begin ] --START--
INFO: Run Behavior\ReadHtmlCacheBehavior [ RunTime:0.000038s ]
INFO: [ app_begin ] --END-- [ RunTime:0.000070s ]
NOTIC: [8] A session had already been started - ignoring session_start() /home/wwwroot/default/shopnc/mobile/app/b2b/ThinkPHP/Common/functions.php 第 1261 行.
SQL: SHOW COLUMNS FROM `hill_img` [ RunTime:0.0011s ]
SQL: SELECT `cyte`,`body`,`zuobiao`,`pics`,`mobile_img` FROM `hill_img` WHERE ( aid='2962' ) LIMIT 1   [ RunTime:0.0003s ]
SQL: SHOW COLUMNS FROM `archives` [ RunTime:0.0007s ]
SQL: SELECT `title` FROM `archives` WHERE ( id=2962 ) LIMIT 1   [ RunTime:0.0001s ]
SQL: select id,title from archives where title like '%%' limit 0,10 [ RunTime:0.0004s ]
INFO: [ view_parse ] --START--
INFO: [ template_filter ] --START--
INFO: Run Behavior\ContentReplaceBehavior [ RunTime:0.000060s ]
INFO: [ template_filter ] --END-- [ RunTime:0.000113s ]
INFO: Run Behavior\ParseTemplateBehavior [ RunTime:0.002748s ]
INFO: [ view_parse ] --END-- [ RunTime:0.002788s ]
INFO: [ view_filter ] --START--
INFO: Run Behavior\WriteHtmlCacheBehavior [ RunTime:0.000038s ]
INFO: [ view_filter ] --END-- [ RunTime:0.000066s ]
INFO: [ app_end ] --START--
INFO: Run Behavior\ShowPageTraceBehavior [ RunTime:0.000035s ]
INFO: [ app_end ] --END-- [ RunTime:0.000064s ]

[ 2016-03-05T10:16:49+08:00 ] 182.118.22.207 /mobile/app/b2b/index.php/News/Index/detail/aid/2992
INFO: [ app_init ] --START--
INFO: Run Behavior\BuildLiteBehavior [ RunTime:0.000012s ]
INFO: [ app_init ] --END-- [ RunTime:0.000075s ]
INFO: [ app_begin ] --START--
INFO: Run Behavior\ReadHtmlCacheBehavior [ RunTime:0.000056s ]
INFO: [ app_begin ] --END-- [ RunTime:0.000111s ]
NOTIC: [8] A session had already been started - ignoring session_start() /home/wwwroot/default/shopnc/mobile/app/b2b/ThinkPHP/Common/functions.php 第 1261 行.
SQL: SHOW COLUMNS FROM `hill_img` [ RunTime:0.0011s ]
SQL: SELECT `cyte`,`body`,`zuobiao`,`pics`,`mobile_img` FROM `hill_img` WHERE ( aid='2992' ) LIMIT 1   [ RunTime:0.0002s ]
SQL: SHOW COLUMNS FROM `archives` [ RunTime:0.0006s ]
SQL: SELECT `title` FROM `archives` WHERE ( id=2992 ) LIMIT 1   [ RunTime:0.0002s ]
SQL: select id,title from archives where title like '%%' limit 0,10 [ RunTime:0.0002s ]
INFO: [ view_parse ] --START--
INFO: [ template_filter ] --START--
INFO: Run Behavior\ContentReplaceBehavior [ RunTime:0.000078s ]
INFO: [ template_filter ] --END-- [ RunTime:0.000116s ]
INFO: Run Behavior\ParseTemplateBehavior [ RunTime:0.003126s ]
INFO: [ view_parse ] --END-- [ RunTime:0.003163s ]
INFO: [ view_filter ] --START--
INFO: Run Behavior\WriteHtmlCacheBehavior [ RunTime:0.000033s ]
INFO: [ view_filter ] --END-- [ RunTime:0.000060s ]
INFO: [ app_end ] --START--
INFO: Run Behavior\ShowPageTraceBehavior [ RunTime:0.000031s ]
INFO: [ app_end ] --END-- [ RunTime:0.000059s ]

[ 2016-03-05T10:26:01+08:00 ] 182.118.25.231 /mobile/app/b2b/index.php/News/Index/detail/aid/3020
INFO: [ app_init ] --START--
INFO: Run Behavior\BuildLiteBehavior [ RunTime:0.000013s ]
INFO: [ app_init ] --END-- [ RunTime:0.000086s ]
INFO: [ app_begin ] --START--
INFO: Run Behavior\ReadHtmlCacheBehavior [ RunTime:0.000038s ]
INFO: [ app_begin ] --END-- [ RunTime:0.000073s ]
NOTIC: [8] A session had already been started - ignoring session_start() /home/wwwroot/default/shopnc/mobile/app/b2b/ThinkPHP/Common/functions.php 第 1261 行.
SQL: SHOW COLUMNS FROM `hill_img` [ RunTime:0.0010s ]
SQL: SELECT `cyte`,`body`,`zuobiao`,`pics`,`mobile_img` FROM `hill_img` WHERE ( aid='3020' ) LIMIT 1   [ RunTime:0.0002s ]
SQL: SHOW COLUMNS FROM `archives` [ RunTime:0.0007s ]
SQL: SELECT `title` FROM `archives` WHERE ( id=3020 ) LIMIT 1   [ RunTime:0.0002s ]
SQL: select id,title from archives where title like '%%' limit 0,10 [ RunTime:0.0003s ]
INFO: [ view_parse ] --START--
INFO: [ template_filter ] --START--
INFO: Run Behavior\ContentReplaceBehavior [ RunTime:0.000059s ]
INFO: [ template_filter ] --END-- [ RunTime:0.000095s ]
INFO: Run Behavior\ParseTemplateBehavior [ RunTime:0.002785s ]
INFO: [ view_parse ] --END-- [ RunTime:0.002824s ]
INFO: [ view_filter ] --START--
INFO: Run Behavior\WriteHtmlCacheBehavior [ RunTime:0.000038s ]
INFO: [ view_filter ] --END-- [ RunTime:0.000065s ]
INFO: [ app_end ] --START--
INFO: Run Behavior\ShowPageTraceBehavior [ RunTime:0.000036s ]
INFO: [ app_end ] --END-- [ RunTime:0.000065s ]

[ 2016-03-05T10:39:29+08:00 ] 220.202.152.65 /mobile/app/b2b/index.php/News/Index/Home
INFO: [ app_init ] --START--
INFO: Run Behavior\BuildLiteBehavior [ RunTime:0.000012s ]
INFO: [ app_init ] --END-- [ RunTime:0.000075s ]
INFO: [ app_begin ] --START--
INFO: Run Behavior\ReadHtmlCacheBehavior [ RunTime:0.000034s ]
INFO: [ app_begin ] --END-- [ RunTime:0.000068s ]
NOTIC: [8] A session had already been started - ignoring session_start() /home/wwwroot/default/shopnc/mobile/app/b2b/ThinkPHP/Common/functions.php 第 1261 行.
INFO: [ view_parse ] --START--
INFO: [ template_filter ] --START--
INFO: Run Behavior\ContentReplaceBehavior [ RunTime:0.000070s ]
INFO: [ template_filter ] --END-- [ RunTime:0.000108s ]
INFO: Run Behavior\ParseTemplateBehavior [ RunTime:0.006003s ]
INFO: [ view_parse ] --END-- [ RunTime:0.006039s ]
INFO: [ view_filter ] --START--
INFO: Run Behavior\WriteHtmlCacheBehavior [ RunTime:0.000038s ]
INFO: [ view_filter ] --END-- [ RunTime:0.000066s ]
INFO: [ app_end ] --START--
INFO: Run Behavior\ShowPageTraceBehavior [ RunTime:0.000034s ]
INFO: [ app_end ] --END-- [ RunTime:0.000068s ]

[ 2016-03-05T10:39:40+08:00 ] 220.202.152.65 /mobile/app/b2b/index.php/News/Index/detail/aid/5897
INFO: [ app_init ] --START--
INFO: Run Behavior\BuildLiteBehavior [ RunTime:0.000013s ]
INFO: [ app_init ] --END-- [ RunTime:0.000092s ]
INFO: [ app_begin ] --START--
INFO: Run Behavior\ReadHtmlCacheBehavior [ RunTime:0.000032s ]
INFO: [ app_begin ] --END-- [ RunTime:0.000065s ]
NOTIC: [8] A session had already been started - ignoring session_start() /home/wwwroot/default/shopnc/mobile/app/b2b/ThinkPHP/Common/functions.php 第 1261 行.
SQL: SHOW COLUMNS FROM `hill_img` [ RunTime:0.0010s ]
SQL: SELECT `cyte`,`body`,`zuobiao`,`pics`,`mobile_img` FROM `hill_img` WHERE ( aid='5897' ) LIMIT 1   [ RunTime:0.0002s ]
SQL: SHOW COLUMNS FROM `archives` [ RunTime:0.0006s ]
SQL: SELECT `title` FROM `archives` WHERE ( id=5897 ) LIMIT 1   [ RunTime:0.0002s ]
SQL: select id,title from archives where title like '%福鼎白茶%' limit 0,10 [ RunTime:0.0029s ]
INFO: [ view_parse ] --START--
INFO: [ template_filter ] --START--
INFO: Run Behavior\ContentReplaceBehavior [ RunTime:0.000056s ]
INFO: [ template_filter ] --END-- [ RunTime:0.000093s ]
INFO: Run Behavior\ParseTemplateBehavior [ RunTime:0.002654s ]
INFO: [ view_parse ] --END-- [ RunTime:0.002693s ]
INFO: [ view_filter ] --START--
INFO: Run Behavior\WriteHtmlCacheBehavior [ RunTime:0.000032s ]
INFO: [ view_filter ] --END-- [ RunTime:0.000059s ]
INFO: [ app_end ] --START--
INFO: Run Behavior\ShowPageTraceBehavior [ RunTime:0.000030s ]
INFO: [ app_end ] --END-- [ RunTime:0.000058s ]

[ 2016-03-05T10:39:43+08:00 ] 220.202.152.65 /mobile/app/b2b/index.php/News/Index/map
INFO: [ app_init ] --START--
INFO: Run Behavior\BuildLiteBehavior [ RunTime:0.000028s ]
INFO: [ app_init ] --END-- [ RunTime:0.000106s ]
INFO: [ app_begin ] --START--
INFO: Run Behavior\ReadHtmlCacheBehavior [ RunTime:0.000040s ]
INFO: [ app_begin ] --END-- [ RunTime:0.000073s ]
NOTIC: [8] A session had already been started - ignoring session_start() /home/wwwroot/default/shopnc/mobile/app/b2b/ThinkPHP/Common/functions.php 第 1261 行.
INFO: [ view_parse ] --START--
INFO: [ template_filter ] --START--
INFO: Run Behavior\ContentReplaceBehavior [ RunTime:0.000029s ]
INFO: [ template_filter ] --END-- [ RunTime:0.000065s ]
INFO: Run Behavior\ParseTemplateBehavior [ RunTime:0.001228s ]
INFO: [ view_parse ] --END-- [ RunTime:0.001264s ]
INFO: [ view_filter ] --START--
INFO: Run Behavior\WriteHtmlCacheBehavior [ RunTime:0.000029s ]
INFO: [ view_filter ] --END-- [ RunTime:0.000056s ]
INFO: [ app_end ] --START--
INFO: Run Behavior\ShowPageTraceBehavior [ RunTime:0.000036s ]
INFO: [ app_end ] --END-- [ RunTime:0.000066s ]

[ 2016-03-05T10:41:51+08:00 ] 182.118.20.250 /mobile/app/b2b/index.php/News/Index/detail/aid/2236
INFO: [ app_init ] --START--
INFO: Run Behavior\BuildLiteBehavior [ RunTime:0.000012s ]
INFO: [ app_init ] --END-- [ RunTime:0.000079s ]
INFO: [ app_begin ] --START--
INFO: Run Behavior\ReadHtmlCacheBehavior [ RunTime:0.000037s ]
INFO: [ app_begin ] --END-- [ RunTime:0.000083s ]
NOTIC: [8] A session had already been started - ignoring session_start() /home/wwwroot/default/shopnc/mobile/app/b2b/ThinkPHP/Common/functions.php 第 1261 行.
SQL: SHOW COLUMNS FROM `hill_img` [ RunTime:0.0011s ]
SQL: SELECT `cyte`,`body`,`zuobiao`,`pics`,`mobile_img` FROM `hill_img` WHERE ( aid='2236' ) LIMIT 1   [ RunTime:0.0002s ]
SQL: SHOW COLUMNS FROM `archives` [ RunTime:0.0006s ]
ERR: SQLSTATE[42S02]: Base table or view not found: 1146 Table 'shopncb2b2c.addonarticle' doesn't exist

[ 2016-03-05T10:42:59+08:00 ] 101.226.166.252 /mobile/app/b2b/index.php/News/Index/detail/aid/5595
INFO: [ app_init ] --START--
INFO: Run Behavior\BuildLiteBehavior [ RunTime:0.000013s ]
INFO: [ app_init ] --END-- [ RunTime:0.000099s ]
INFO: [ app_begin ] --START--
INFO: Run Behavior\ReadHtmlCacheBehavior [ RunTime:0.000049s ]
INFO: [ app_begin ] --END-- [ RunTime:0.000095s ]
NOTIC: [8] A session had already been started - ignoring session_start() /home/wwwroot/default/shopnc/mobile/app/b2b/ThinkPHP/Common/functions.php 第 1261 行.
SQL: SHOW COLUMNS FROM `hill_img` [ RunTime:0.0012s ]
SQL: SELECT `cyte`,`body`,`zuobiao`,`pics`,`mobile_img` FROM `hill_img` WHERE ( aid='5595' ) LIMIT 1   [ RunTime:0.0002s ]
SQL: SHOW COLUMNS FROM `archives` [ RunTime:0.0008s ]
ERR: SQLSTATE[42S02]: Base table or view not found: 1146 Table 'shopncb2b2c.addonarticle' doesn't exist

[ 2016-03-05T10:56:24+08:00 ] 101.226.167.247 /mobile/app/b2b/index.php/News/Index/detail/aid/3010
INFO: [ app_init ] --START--
INFO: Run Behavior\BuildLiteBehavior [ RunTime:0.000012s ]
INFO: [ app_init ] --END-- [ RunTime:0.000075s ]
INFO: [ app_begin ] --START--
INFO: Run Behavior\ReadHtmlCacheBehavior [ RunTime:0.000032s ]
INFO: [ app_begin ] --END-- [ RunTime:0.000066s ]
NOTIC: [8] A session had already been started - ignoring session_start() /home/wwwroot/default/shopnc/mobile/app/b2b/ThinkPHP/Common/functions.php 第 1261 行.
SQL: SHOW COLUMNS FROM `hill_img` [ RunTime:0.0010s ]
SQL: SELECT `cyte`,`body`,`zuobiao`,`pics`,`mobile_img` FROM `hill_img` WHERE ( aid='3010' ) LIMIT 1   [ RunTime:0.0003s ]
SQL: SHOW COLUMNS FROM `archives` [ RunTime:0.0006s ]
SQL: SELECT `title` FROM `archives` WHERE ( id=3010 ) LIMIT 1   [ RunTime:0.0002s ]
SQL: select id,title from archives where title like '%懂过山%' limit 0,10 [ RunTime:0.0030s ]
INFO: [ view_parse ] --START--
INFO: [ template_filter ] --START--
INFO: Run Behavior\ContentReplaceBehavior [ RunTime:0.000055s ]
INFO: [ template_filter ] --END-- [ RunTime:0.000090s ]
INFO: Run Behavior\ParseTemplateBehavior [ RunTime:0.002626s ]
INFO: [ view_parse ] --END-- [ RunTime:0.002665s ]
INFO: [ view_filter ] --START--
INFO: Run Behavior\WriteHtmlCacheBehavior [ RunTime:0.000040s ]
INFO: [ view_filter ] --END-- [ RunTime:0.000067s ]
INFO: [ app_end ] --START--
INFO: Run Behavior\ShowPageTraceBehavior [ RunTime:0.000029s ]
INFO: [ app_end ] --END-- [ RunTime:0.000057s ]

[ 2016-03-05T12:33:14+08:00 ] 66.249.74.108 /mobile/app/b2b/index.php/News/Index/detail/aid/2288
INFO: [ app_init ] --START--
INFO: Run Behavior\BuildLiteBehavior [ RunTime:0.000017s ]
INFO: [ app_init ] --END-- [ RunTime:0.000093s ]
INFO: [ app_begin ] --START--
INFO: Run Behavior\ReadHtmlCacheBehavior [ RunTime:0.000039s ]
INFO: [ app_begin ] --END-- [ RunTime:0.000073s ]
NOTIC: [8] A session had already been started - ignoring session_start() /home/wwwroot/default/shopnc/mobile/app/b2b/ThinkPHP/Common/functions.php 第 1261 行.
SQL: SHOW COLUMNS FROM `hill_img` [ RunTime:0.0010s ]
SQL: SELECT `cyte`,`body`,`zuobiao`,`pics`,`mobile_img` FROM `hill_img` WHERE ( aid='2288' ) LIMIT 1   [ RunTime:0.0002s ]
SQL: SHOW COLUMNS FROM `archives` [ RunTime:0.0006s ]
ERR: SQLSTATE[42S02]: Base table or view not found: 1146 Table 'shopncb2b2c.addonarticle' doesn't exist

[ 2016-03-05T13:40:15+08:00 ] 51.255.65.77 /mobile/app/b2b/index.php/News/Index/detail/aid/2939
INFO: [ app_init ] --START--
INFO: Run Behavior\BuildLiteBehavior [ RunTime:0.000013s ]
INFO: [ app_init ] --END-- [ RunTime:0.000094s ]
INFO: [ app_begin ] --START--
INFO: Run Behavior\ReadHtmlCacheBehavior [ RunTime:0.000066s ]
INFO: [ app_begin ] --END-- [ RunTime:0.000128s ]
NOTIC: [8] A session had already been started - ignoring session_start() /home/wwwroot/default/shopnc/mobile/app/b2b/ThinkPHP/Common/functions.php 第 1261 行.
SQL: SHOW COLUMNS FROM `hill_img` [ RunTime:0.0010s ]
SQL: SELECT `cyte`,`body`,`zuobiao`,`pics`,`mobile_img` FROM `hill_img` WHERE ( aid='2939' ) LIMIT 1   [ RunTime:0.0002s ]
SQL: SHOW COLUMNS FROM `archives` [ RunTime:0.0006s ]
SQL: SELECT `title` FROM `archives` WHERE ( id=2939 ) LIMIT 1   [ RunTime:0.0002s ]
SQL: select id,title from archives where title like '%曼糯%' limit 0,10 [ RunTime:0.0029s ]
INFO: [ view_parse ] --START--
INFO: [ template_filter ] --START--
INFO: Run Behavior\ContentReplaceBehavior [ RunTime:0.000057s ]
INFO: [ template_filter ] --END-- [ RunTime:0.000093s ]
INFO: Run Behavior\ParseTemplateBehavior [ RunTime:0.002696s ]
INFO: [ view_parse ] --END-- [ RunTime:0.002734s ]
INFO: [ view_filter ] --START--
INFO: Run Behavior\WriteHtmlCacheBehavior [ RunTime:0.000038s ]
INFO: [ view_filter ] --END-- [ RunTime:0.000068s ]
INFO: [ app_end ] --START--
INFO: Run Behavior\ShowPageTraceBehavior [ RunTime:0.000037s ]
INFO: [ app_end ] --END-- [ RunTime:0.000067s ]

[ 2016-03-05T13:58:00+08:00 ] 51.255.207.27 /mobile/app/b2b/index.php/News/Index/detail/aid/5810
INFO: [ app_init ] --START--
INFO: Run Behavior\BuildLiteBehavior [ RunTime:0.000012s ]
INFO: [ app_init ] --END-- [ RunTime:0.000083s ]
INFO: [ app_begin ] --START--
INFO: Run Behavior\ReadHtmlCacheBehavior [ RunTime:0.000039s ]
INFO: [ app_begin ] --END-- [ RunTime:0.000073s ]
NOTIC: [8] A session had already been started - ignoring session_start() /home/wwwroot/default/shopnc/mobile/app/b2b/ThinkPHP/Common/functions.php 第 1261 行.
SQL: SHOW COLUMNS FROM `hill_img` [ RunTime:0.0010s ]
SQL: SELECT `cyte`,`body`,`zuobiao`,`pics`,`mobile_img` FROM `hill_img` WHERE ( aid='5810' ) LIMIT 1   [ RunTime:0.0002s ]
SQL: SHOW COLUMNS FROM `archives` [ RunTime:0.0006s ]
SQL: SELECT `title` FROM `archives` WHERE ( id=5810 ) LIMIT 1   [ RunTime:0.0002s ]
SQL: select id,title from archives where title like '%狮峰龙井%' limit 0,10 [ RunTime:0.0030s ]
INFO: [ view_parse ] --START--
INFO: [ template_filter ] --START--
INFO: Run Behavior\ContentReplaceBehavior [ RunTime:0.000055s ]
INFO: [ template_filter ] --END-- [ RunTime:0.000090s ]
INFO: Run Behavior\ParseTemplateBehavior [ RunTime:0.002696s ]
INFO: [ view_parse ] --END-- [ RunTime:0.002735s ]
INFO: [ view_filter ] --START--
INFO: Run Behavior\WriteHtmlCacheBehavior [ RunTime:0.000036s ]
INFO: [ view_filter ] --END-- [ RunTime:0.000064s ]
INFO: [ app_end ] --START--
INFO: Run Behavior\ShowPageTraceBehavior [ RunTime:0.000035s ]
INFO: [ app_end ] --END-- [ RunTime:0.000064s ]

[ 2016-03-05T13:58:02+08:00 ] 51.255.207.27 /mobile/app/b2b/index.php/News/Index/detail/aid/5850
INFO: [ app_init ] --START--
INFO: Run Behavior\BuildLiteBehavior [ RunTime:0.000012s ]
INFO: [ app_init ] --END-- [ RunTime:0.000078s ]
INFO: [ app_begin ] --START--
INFO: Run Behavior\ReadHtmlCacheBehavior [ RunTime:0.000036s ]
INFO: [ app_begin ] --END-- [ RunTime:0.000070s ]
NOTIC: [8] A session had already been started - ignoring session_start() /home/wwwroot/default/shopnc/mobile/app/b2b/ThinkPHP/Common/functions.php 第 1261 行.
SQL: SHOW COLUMNS FROM `hill_img` [ RunTime:0.0010s ]
SQL: SELECT `cyte`,`body`,`zuobiao`,`pics`,`mobile_img` FROM `hill_img` WHERE ( aid='5850' ) LIMIT 1   [ RunTime:0.0002s ]
SQL: SHOW COLUMNS FROM `archives` [ RunTime:0.0006s ]
SQL: SELECT `title` FROM `archives` WHERE ( id=5850 ) LIMIT 1   [ RunTime:0.0002s ]
SQL: select id,title from archives where title like '%感德铁观音%' limit 0,10 [ RunTime:0.0029s ]
INFO: [ view_parse ] --START--
INFO: [ template_filter ] --START--
INFO: Run Behavior\ContentReplaceBehavior [ RunTime:0.000055s ]
INFO: [ template_filter ] --END-- [ RunTime:0.000090s ]
INFO: Run Behavior\ParseTemplateBehavior [ RunTime:0.002607s ]
INFO: [ view_parse ] --END-- [ RunTime:0.002644s ]
INFO: [ view_filter ] --START--
INFO: Run Behavior\WriteHtmlCacheBehavior [ RunTime:0.000032s ]
INFO: [ view_filter ] --END-- [ RunTime:0.000059s ]
INFO: [ app_end ] --START--
INFO: Run Behavior\ShowPageTraceBehavior [ RunTime:0.000030s ]
INFO: [ app_end ] --END-- [ RunTime:0.000058s ]

[ 2016-03-05T13:58:04+08:00 ] 51.255.207.27 /mobile/app/b2b/index.php/News/Index/detail/aid/5851
INFO: [ app_init ] --START--
INFO: Run Behavior\BuildLiteBehavior [ RunTime:0.000012s ]
INFO: [ app_init ] --END-- [ RunTime:0.000079s ]
INFO: [ app_begin ] --START--
INFO: Run Behavior\ReadHtmlCacheBehavior [ RunTime:0.000035s ]
INFO: [ app_begin ] --END-- [ RunTime:0.000084s ]
NOTIC: [8] A session had already been started - ignoring session_start() /home/wwwroot/default/shopnc/mobile/app/b2b/ThinkPHP/Common/functions.php 第 1261 行.
SQL: SHOW COLUMNS FROM `hill_img` [ RunTime:0.0012s ]
SQL: SELECT `cyte`,`body`,`zuobiao`,`pics`,`mobile_img` FROM `hill_img` WHERE ( aid='5851' ) LIMIT 1   [ RunTime:0.0003s ]
SQL: SHOW COLUMNS FROM `archives` [ RunTime:0.0008s ]
SQL: SELECT `title` FROM `archives` WHERE ( id=5851 ) LIMIT 1   [ RunTime:0.0002s ]
SQL: select id,title from archives where title like '%西坪铁观音%' limit 0,10 [ RunTime:0.0033s ]
INFO: [ view_parse ] --START--
INFO: [ template_filter ] --START--
INFO: Run Behavior\ContentReplaceBehavior [ RunTime:0.000056s ]
INFO: [ template_filter ] --END-- [ RunTime:0.000100s ]
INFO: Run Behavior\ParseTemplateBehavior [ RunTime:0.002901s ]
INFO: [ view_parse ] --END-- [ RunTime:0.002941s ]
INFO: [ view_filter ] --START--
INFO: Run Behavior\WriteHtmlCacheBehavior [ RunTime:0.000032s ]
INFO: [ view_filter ] --END-- [ RunTime:0.000058s ]
INFO: [ app_end ] --START--
INFO: Run Behavior\ShowPageTraceBehavior [ RunTime:0.000029s ]
INFO: [ app_end ] --END-- [ RunTime:0.000061s ]

[ 2016-03-05T16:04:05+08:00 ] 113.243.99.72 /mobile/app/b2b/index.php/News/Index/Home
INFO: [ app_init ] --START--
INFO: Run Behavior\BuildLiteBehavior [ RunTime:0.000012s ]
INFO: [ app_init ] --END-- [ RunTime:0.000105s ]
INFO: [ app_begin ] --START--
INFO: Run Behavior\ReadHtmlCacheBehavior [ RunTime:0.000048s ]
INFO: [ app_begin ] --END-- [ RunTime:0.000091s ]
NOTIC: [8] A session had already been started - ignoring session_start() /home/wwwroot/default/shopnc/mobile/app/b2b/ThinkPHP/Common/functions.php 第 1261 行.
INFO: [ view_parse ] --START--
INFO: [ template_filter ] --START--
INFO: Run Behavior\ContentReplaceBehavior [ RunTime:0.000065s ]
INFO: [ template_filter ] --END-- [ RunTime:0.000103s ]
INFO: Run Behavior\ParseTemplateBehavior [ RunTime:0.006396s ]
INFO: [ view_parse ] --END-- [ RunTime:0.006442s ]
INFO: [ view_filter ] --START--
INFO: Run Behavior\WriteHtmlCacheBehavior [ RunTime:0.000038s ]
INFO: [ view_filter ] --END-- [ RunTime:0.000066s ]
INFO: [ app_end ] --START--
INFO: Run Behavior\ShowPageTraceBehavior [ RunTime:0.000041s ]
INFO: [ app_end ] --END-- [ RunTime:0.000076s ]

[ 2016-03-05T16:53:17+08:00 ] 223.104.4.60 /mobile/app/b2b/index.php/News/Index/Home
INFO: [ app_init ] --START--
INFO: Run Behavior\BuildLiteBehavior [ RunTime:0.000013s ]
INFO: [ app_init ] --END-- [ RunTime:0.000100s ]
INFO: [ app_begin ] --START--
INFO: Run Behavior\ReadHtmlCacheBehavior [ RunTime:0.000033s ]
INFO: [ app_begin ] --END-- [ RunTime:0.000074s ]
NOTIC: [8] A session had already been started - ignoring session_start() /home/wwwroot/default/shopnc/mobile/app/b2b/ThinkPHP/Common/functions.php 第 1261 行.
INFO: [ view_parse ] --START--
INFO: [ template_filter ] --START--
INFO: Run Behavior\ContentReplaceBehavior [ RunTime:0.000070s ]
INFO: [ template_filter ] --END-- [ RunTime:0.000110s ]
INFO: Run Behavior\ParseTemplateBehavior [ RunTime:0.006136s ]
INFO: [ view_parse ] --END-- [ RunTime:0.006173s ]
INFO: [ view_filter ] --START--
INFO: Run Behavior\WriteHtmlCacheBehavior [ RunTime:0.000039s ]
INFO: [ view_filter ] --END-- [ RunTime:0.000066s ]
INFO: [ app_end ] --START--
INFO: Run Behavior\ShowPageTraceBehavior [ RunTime:0.000034s ]
INFO: [ app_end ] --END-- [ RunTime:0.000072s ]

[ 2016-03-05T17:57:27+08:00 ] 59.34.201.15 /mobile/app/b2b/index.php/News/Index/Home
INFO: [ app_init ] --START--
INFO: Run Behavior\BuildLiteBehavior [ RunTime:0.000013s ]
INFO: [ app_init ] --END-- [ RunTime:0.000090s ]
INFO: [ app_begin ] --START--
INFO: Run Behavior\ReadHtmlCacheBehavior [ RunTime:0.000039s ]
INFO: [ app_begin ] --END-- [ RunTime:0.000077s ]
NOTIC: [8] A session had already been started - ignoring session_start() /home/wwwroot/default/shopnc/mobile/app/b2b/ThinkPHP/Common/functions.php 第 1261 行.
INFO: [ view_parse ] --START--
INFO: [ template_filter ] --START--
INFO: Run Behavior\ContentReplaceBehavior [ RunTime:0.000088s ]
INFO: [ template_filter ] --END-- [ RunTime:0.000128s ]
INFO: Run Behavior\ParseTemplateBehavior [ RunTime:0.009214s ]
INFO: [ view_parse ] --END-- [ RunTime:0.009252s ]
INFO: [ view_filter ] --START--
INFO: Run Behavior\WriteHtmlCacheBehavior [ RunTime:0.000038s ]
INFO: [ view_filter ] --END-- [ RunTime:0.000066s ]
INFO: [ app_end ] --START--
INFO: Run Behavior\ShowPageTraceBehavior [ RunTime:0.000040s ]
INFO: [ app_end ] --END-- [ RunTime:0.000074s ]

[ 2016-03-05T17:57:42+08:00 ] 59.34.201.15 /mobile/app/b2b/index.php/News/Index/detail/aid/6250
INFO: [ app_init ] --START--
INFO: Run Behavior\BuildLiteBehavior [ RunTime:0.000012s ]
INFO: [ app_init ] --END-- [ RunTime:0.000082s ]
INFO: [ app_begin ] --START--
INFO: Run Behavior\ReadHtmlCacheBehavior [ RunTime:0.000033s ]
INFO: [ app_begin ] --END-- [ RunTime:0.000064s ]
NOTIC: [8] A session had already been started - ignoring session_start() /home/wwwroot/default/shopnc/mobile/app/b2b/ThinkPHP/Common/functions.php 第 1261 行.
SQL: SHOW COLUMNS FROM `hill_img` [ RunTime:0.0012s ]
SQL: SELECT `cyte`,`body`,`zuobiao`,`pics`,`mobile_img` FROM `hill_img` WHERE ( aid='6250' ) LIMIT 1   [ RunTime:0.0002s ]
SQL: SHOW COLUMNS FROM `archives` [ RunTime:0.0007s ]
SQL: SELECT `title` FROM `archives` WHERE ( id=6250 ) LIMIT 1   [ RunTime:0.0002s ]
SQL: select id,title from archives where title like '%红茶茶珍%' limit 0,10 [ RunTime:0.0029s ]
INFO: [ view_parse ] --START--
INFO: [ template_filter ] --START--
INFO: Run Behavior\ContentReplaceBehavior [ RunTime:0.000058s ]
INFO: [ template_filter ] --END-- [ RunTime:0.000094s ]
INFO: Run Behavior\ParseTemplateBehavior [ RunTime:0.002761s ]
INFO: [ view_parse ] --END-- [ RunTime:0.002799s ]
INFO: [ view_filter ] --START--
INFO: Run Behavior\WriteHtmlCacheBehavior [ RunTime:0.000033s ]
INFO: [ view_filter ] --END-- [ RunTime:0.000059s ]
INFO: [ app_end ] --START--
INFO: Run Behavior\ShowPageTraceBehavior [ RunTime:0.000030s ]
INFO: [ app_end ] --END-- [ RunTime:0.000058s ]

[ 2016-03-05T17:57:42+08:00 ] 59.34.201.15 /mobile/app/b2b/index.php/News/Index/map
INFO: [ app_init ] --START--
INFO: Run Behavior\BuildLiteBehavior [ RunTime:0.000011s ]
INFO: [ app_init ] --END-- [ RunTime:0.000080s ]
INFO: [ app_begin ] --START--
INFO: Run Behavior\ReadHtmlCacheBehavior [ RunTime:0.000050s ]
INFO: [ app_begin ] --END-- [ RunTime:0.000094s ]
NOTIC: [8] A session had already been started - ignoring session_start() /home/wwwroot/default/shopnc/mobile/app/b2b/ThinkPHP/Common/functions.php 第 1261 行.
INFO: [ view_parse ] --START--
INFO: [ template_filter ] --START--
INFO: Run Behavior\ContentReplaceBehavior [ RunTime:0.000030s ]
INFO: [ template_filter ] --END-- [ RunTime:0.000072s ]
INFO: Run Behavior\ParseTemplateBehavior [ RunTime:0.001217s ]
INFO: [ view_parse ] --END-- [ RunTime:0.001264s ]
INFO: [ view_filter ] --START--
INFO: Run Behavior\WriteHtmlCacheBehavior [ RunTime:0.000032s ]
INFO: [ view_filter ] --END-- [ RunTime:0.000059s ]
INFO: [ app_end ] --START--
INFO: Run Behavior\ShowPageTraceBehavior [ RunTime:0.000028s ]
INFO: [ app_end ] --END-- [ RunTime:0.000055s ]

[ 2016-03-05T17:58:39+08:00 ] 59.34.201.15 /mobile/app/b2b/index.php/News/Index/detail/aid/5839
INFO: [ app_init ] --START--
INFO: Run Behavior\BuildLiteBehavior [ RunTime:0.000011s ]
INFO: [ app_init ] --END-- [ RunTime:0.000089s ]
INFO: [ app_begin ] --START--
INFO: Run Behavior\ReadHtmlCacheBehavior [ RunTime:0.000041s ]
INFO: [ app_begin ] --END-- [ RunTime:0.000073s ]
NOTIC: [8] A session had already been started - ignoring session_start() /home/wwwroot/default/shopnc/mobile/app/b2b/ThinkPHP/Common/functions.php 第 1261 行.
SQL: SHOW COLUMNS FROM `hill_img` [ RunTime:0.0010s ]
SQL: SELECT `cyte`,`body`,`zuobiao`,`pics`,`mobile_img` FROM `hill_img` WHERE ( aid='5839' ) LIMIT 1   [ RunTime:0.0004s ]
SQL: SHOW COLUMNS FROM `archives` [ RunTime:0.0007s ]
SQL: SELECT `title` FROM `archives` WHERE ( id=5839 ) LIMIT 1   [ RunTime:0.0002s ]
SQL: select id,title from archives where title like '%金骏眉%' limit 0,10 [ RunTime:0.0030s ]
INFO: [ view_parse ] --START--
INFO: [ template_filter ] --START--
INFO: Run Behavior\ContentReplaceBehavior [ RunTime:0.000061s ]
INFO: [ template_filter ] --END-- [ RunTime:0.000114s ]
INFO: Run Behavior\ParseTemplateBehavior [ RunTime:0.003039s ]
INFO: [ view_parse ] --END-- [ RunTime:0.003077s ]
INFO: [ view_filter ] --START--
INFO: Run Behavior\WriteHtmlCacheBehavior [ RunTime:0.000039s ]
INFO: [ view_filter ] --END-- [ RunTime:0.000067s ]
INFO: [ app_end ] --START--
INFO: Run Behavior\ShowPageTraceBehavior [ RunTime:0.000037s ]
INFO: [ app_end ] --END-- [ RunTime:0.000065s ]

[ 2016-03-05T17:58:39+08:00 ] 59.34.201.15 /mobile/app/b2b/index.php/News/Index/map
INFO: [ app_init ] --START--
INFO: Run Behavior\BuildLiteBehavior [ RunTime:0.000011s ]
INFO: [ app_init ] --END-- [ RunTime:0.000083s ]
INFO: [ app_begin ] --START--
INFO: Run Behavior\ReadHtmlCacheBehavior [ RunTime:0.000034s ]
INFO: [ app_begin ] --END-- [ RunTime:0.000069s ]
NOTIC: [8] A session had already been started - ignoring session_start() /home/wwwroot/default/shopnc/mobile/app/b2b/ThinkPHP/Common/functions.php 第 1261 行.
INFO: [ view_parse ] --START--
INFO: [ template_filter ] --START--
INFO: Run Behavior\ContentReplaceBehavior [ RunTime:0.000037s ]
INFO: [ template_filter ] --END-- [ RunTime:0.000073s ]
INFO: Run Behavior\ParseTemplateBehavior [ RunTime:0.001246s ]
INFO: [ view_parse ] --END-- [ RunTime:0.001281s ]
INFO: [ view_filter ] --START--
INFO: Run Behavior\WriteHtmlCacheBehavior [ RunTime:0.000031s ]
INFO: [ view_filter ] --END-- [ RunTime:0.000057s ]
INFO: [ app_end ] --START--
INFO: Run Behavior\ShowPageTraceBehavior [ RunTime:0.000029s ]
INFO: [ app_end ] --END-- [ RunTime:0.000057s ]

[ 2016-03-05T18:00:57+08:00 ] 59.34.201.15 /mobile/app/b2b/index.php/News/Index/detail/aid/6258
INFO: [ app_init ] --START--
INFO: Run Behavior\BuildLiteBehavior [ RunTime:0.000013s ]
INFO: [ app_init ] --END-- [ RunTime:0.000111s ]
INFO: [ app_begin ] --START--
INFO: Run Behavior\ReadHtmlCacheBehavior [ RunTime:0.000038s ]
INFO: [ app_begin ] --END-- [ RunTime:0.000072s ]
NOTIC: [8] A session had already been started - ignoring session_start() /home/wwwroot/default/shopnc/mobile/app/b2b/ThinkPHP/Common/functions.php 第 1261 行.
SQL: SHOW COLUMNS FROM `hill_img` [ RunTime:0.0011s ]
SQL: SELECT `cyte`,`body`,`zuobiao`,`pics`,`mobile_img` FROM `hill_img` WHERE ( aid='6258' ) LIMIT 1   [ RunTime:0.0002s ]
SQL: SHOW COLUMNS FROM `archives` [ RunTime:0.0006s ]
SQL: SELECT `title` FROM `archives` WHERE ( id=6258 ) LIMIT 1   [ RunTime:0.0002s ]
SQL: select id,title from archives where title like '%外山小种%' limit 0,10 [ RunTime:0.0029s ]
INFO: [ view_parse ] --START--
INFO: [ template_filter ] --START--
INFO: Run Behavior\ContentReplaceBehavior [ RunTime:0.000057s ]
INFO: [ template_filter ] --END-- [ RunTime:0.000095s ]
INFO: Run Behavior\ParseTemplateBehavior [ RunTime:0.002707s ]
INFO: [ view_parse ] --END-- [ RunTime:0.002745s ]
INFO: [ view_filter ] --START--
INFO: Run Behavior\WriteHtmlCacheBehavior [ RunTime:0.000039s ]
INFO: [ view_filter ] --END-- [ RunTime:0.000084s ]
INFO: [ app_end ] --START--
INFO: Run Behavior\ShowPageTraceBehavior [ RunTime:0.000038s ]
INFO: [ app_end ] --END-- [ RunTime:0.000067s ]

[ 2016-03-05T18:00:57+08:00 ] 59.34.201.15 /mobile/app/b2b/index.php/News/Index/map
INFO: [ app_init ] --START--
INFO: Run Behavior\BuildLiteBehavior [ RunTime:0.000012s ]
INFO: [ app_init ] --END-- [ RunTime:0.000083s ]
INFO: [ app_begin ] --START--
INFO: Run Behavior\ReadHtmlCacheBehavior [ RunTime:0.000032s ]
INFO: [ app_begin ] --END-- [ RunTime:0.000065s ]
NOTIC: [8] A session had already been started - ignoring session_start() /home/wwwroot/default/shopnc/mobile/app/b2b/ThinkPHP/Common/functions.php 第 1261 行.
INFO: [ view_parse ] --START--
INFO: [ template_filter ] --START--
INFO: Run Behavior\ContentReplaceBehavior [ RunTime:0.000029s ]
INFO: [ template_filter ] --END-- [ RunTime:0.000063s ]
INFO: Run Behavior\ParseTemplateBehavior [ RunTime:0.001262s ]
INFO: [ view_parse ] --END-- [ RunTime:0.001310s ]
INFO: [ view_filter ] --START--
INFO: Run Behavior\WriteHtmlCacheBehavior [ RunTime:0.000031s ]
INFO: [ view_filter ] --END-- [ RunTime:0.000059s ]
INFO: [ app_end ] --START--
INFO: Run Behavior\ShowPageTraceBehavior [ RunTime:0.000031s ]
INFO: [ app_end ] --END-- [ RunTime:0.000077s ]

[ 2016-03-05T18:01:46+08:00 ] 59.34.201.15 /mobile/app/b2b/index.php/News/Index/detail/aid/5840
INFO: [ app_init ] --START--
INFO: Run Behavior\BuildLiteBehavior [ RunTime:0.000015s ]
INFO: [ app_init ] --END-- [ RunTime:0.000104s ]
INFO: [ app_begin ] --START--
INFO: Run Behavior\ReadHtmlCacheBehavior [ RunTime:0.000036s ]
INFO: [ app_begin ] --END-- [ RunTime:0.000083s ]
NOTIC: [8] A session had already been started - ignoring session_start() /home/wwwroot/default/shopnc/mobile/app/b2b/ThinkPHP/Common/functions.php 第 1261 行.
SQL: SHOW COLUMNS FROM `hill_img` [ RunTime:0.0011s ]
SQL: SELECT `cyte`,`body`,`zuobiao`,`pics`,`mobile_img` FROM `hill_img` WHERE ( aid='5840' ) LIMIT 1   [ RunTime:0.0002s ]
SQL: SHOW COLUMNS FROM `archives` [ RunTime:0.0007s ]
SQL: SELECT `title` FROM `archives` WHERE ( id=5840 ) LIMIT 1   [ RunTime:0.0002s ]
SQL: select id,title from archives where title like '%正山小种%' limit 0,10 [ RunTime:0.0029s ]
INFO: [ view_parse ] --START--
INFO: [ template_filter ] --START--
INFO: Run Behavior\ContentReplaceBehavior [ RunTime:0.000052s ]
INFO: [ template_filter ] --END-- [ RunTime:0.000090s ]
INFO: Run Behavior\ParseTemplateBehavior [ RunTime:0.002681s ]
INFO: [ view_parse ] --END-- [ RunTime:0.002719s ]
INFO: [ view_filter ] --START--
INFO: Run Behavior\WriteHtmlCacheBehavior [ RunTime:0.000031s ]
INFO: [ view_filter ] --END-- [ RunTime:0.000058s ]
INFO: [ app_end ] --START--
INFO: Run Behavior\ShowPageTraceBehavior [ RunTime:0.000030s ]
INFO: [ app_end ] --END-- [ RunTime:0.000057s ]

[ 2016-03-05T18:01:46+08:00 ] 59.34.201.15 /mobile/app/b2b/index.php/News/Index/map
INFO: [ app_init ] --START--
INFO: Run Behavior\BuildLiteBehavior [ RunTime:0.000013s ]
INFO: [ app_init ] --END-- [ RunTime:0.000083s ]
INFO: [ app_begin ] --START--
INFO: Run Behavior\ReadHtmlCacheBehavior [ RunTime:0.000033s ]
INFO: [ app_begin ] --END-- [ RunTime:0.000068s ]
NOTIC: [8] A session had already been started - ignoring session_start() /home/wwwroot/default/shopnc/mobile/app/b2b/ThinkPHP/Common/functions.php 第 1261 行.
INFO: [ view_parse ] --START--
INFO: [ template_filter ] --START--
INFO: Run Behavior\ContentReplaceBehavior [ RunTime:0.000048s ]
INFO: [ template_filter ] --END-- [ RunTime:0.000084s ]
INFO: Run Behavior\ParseTemplateBehavior [ RunTime:0.001248s ]
INFO: [ view_parse ] --END-- [ RunTime:0.001283s ]
INFO: [ view_filter ] --START--
INFO: Run Behavior\WriteHtmlCacheBehavior [ RunTime:0.000031s ]
INFO: [ view_filter ] --END-- [ RunTime:0.000056s ]
INFO: [ app_end ] --START--
INFO: Run Behavior\ShowPageTraceBehavior [ RunTime:0.000028s ]
INFO: [ app_end ] --END-- [ RunTime:0.000056s ]

[ 2016-03-05T18:02:37+08:00 ] 59.34.201.15 /mobile/app/b2b/index.php/News/Index/detail/aid/5898
INFO: [ app_init ] --START--
INFO: Run Behavior\BuildLiteBehavior [ RunTime:0.000013s ]
INFO: [ app_init ] --END-- [ RunTime:0.000089s ]
INFO: [ app_begin ] --START--
INFO: Run Behavior\ReadHtmlCacheBehavior [ RunTime:0.000055s ]
INFO: [ app_begin ] --END-- [ RunTime:0.000089s ]
NOTIC: [8] A session had already been started - ignoring session_start() /home/wwwroot/default/shopnc/mobile/app/b2b/ThinkPHP/Common/functions.php 第 1261 行.
SQL: SHOW COLUMNS FROM `hill_img` [ RunTime:0.0011s ]
SQL: SELECT `cyte`,`body`,`zuobiao`,`pics`,`mobile_img` FROM `hill_img` WHERE ( aid='5898' ) LIMIT 1   [ RunTime:0.0002s ]
SQL: SHOW COLUMNS FROM `archives` [ RunTime:0.0007s ]
SQL: SELECT `title` FROM `archives` WHERE ( id=5898 ) LIMIT 1   [ RunTime:0.0002s ]
SQL: select id,title from archives where title like '%政和白茶%' limit 0,10 [ RunTime:0.0030s ]
INFO: [ view_parse ] --START--
INFO: [ template_filter ] --START--
INFO: Run Behavior\ContentReplaceBehavior [ RunTime:0.000085s ]
INFO: [ template_filter ] --END-- [ RunTime:0.000122s ]
INFO: Run Behavior\ParseTemplateBehavior [ RunTime:0.002680s ]
INFO: [ view_parse ] --END-- [ RunTime:0.002720s ]
INFO: [ view_filter ] --START--
INFO: Run Behavior\WriteHtmlCacheBehavior [ RunTime:0.000039s ]
INFO: [ view_filter ] --END-- [ RunTime:0.000067s ]
INFO: [ app_end ] --START--
INFO: Run Behavior\ShowPageTraceBehavior [ RunTime:0.000057s ]
INFO: [ app_end ] --END-- [ RunTime:0.000096s ]

[ 2016-03-05T18:02:37+08:00 ] 59.34.201.15 /mobile/app/b2b/index.php/News/Index/map
INFO: [ app_init ] --START--
INFO: Run Behavior\BuildLiteBehavior [ RunTime:0.000012s ]
INFO: [ app_init ] --END-- [ RunTime:0.000082s ]
INFO: [ app_begin ] --START--
INFO: Run Behavior\ReadHtmlCacheBehavior [ RunTime:0.000033s ]
INFO: [ app_begin ] --END-- [ RunTime:0.000094s ]
NOTIC: [8] A session had already been started - ignoring session_start() /home/wwwroot/default/shopnc/mobile/app/b2b/ThinkPHP/Common/functions.php 第 1261 行.
INFO: [ view_parse ] --START--
INFO: [ template_filter ] --START--
INFO: Run Behavior\ContentReplaceBehavior [ RunTime:0.000029s ]
INFO: [ template_filter ] --END-- [ RunTime:0.000069s ]
INFO: Run Behavior\ParseTemplateBehavior [ RunTime:0.001218s ]
INFO: [ view_parse ] --END-- [ RunTime:0.001255s ]
INFO: [ view_filter ] --START--
INFO: Run Behavior\WriteHtmlCacheBehavior [ RunTime:0.000032s ]
INFO: [ view_filter ] --END-- [ RunTime:0.000059s ]
INFO: [ app_end ] --START--
INFO: Run Behavior\ShowPageTraceBehavior [ RunTime:0.000028s ]
INFO: [ app_end ] --END-- [ RunTime:0.000055s ]

[ 2016-03-05T18:02:44+08:00 ] 59.34.201.15 /mobile/app/b2b/index.php/News/Index/detail/aid/5839
INFO: [ app_init ] --START--
INFO: Run Behavior\BuildLiteBehavior [ RunTime:0.000013s ]
INFO: [ app_init ] --END-- [ RunTime:0.000092s ]
INFO: [ app_begin ] --START--
INFO: Run Behavior\ReadHtmlCacheBehavior [ RunTime:0.000033s ]
INFO: [ app_begin ] --END-- [ RunTime:0.000067s ]
NOTIC: [8] A session had already been started - ignoring session_start() /home/wwwroot/default/shopnc/mobile/app/b2b/ThinkPHP/Common/functions.php 第 1261 行.
SQL: SHOW COLUMNS FROM `hill_img` [ RunTime:0.0010s ]
SQL: SELECT `cyte`,`body`,`zuobiao`,`pics`,`mobile_img` FROM `hill_img` WHERE ( aid='5839' ) LIMIT 1   [ RunTime:0.0002s ]
SQL: SHOW COLUMNS FROM `archives` [ RunTime:0.0006s ]
SQL: SELECT `title` FROM `archives` WHERE ( id=5839 ) LIMIT 1   [ RunTime:0.0002s ]
SQL: select id,title from archives where title like '%金骏眉%' limit 0,10 [ RunTime:0.0030s ]
INFO: [ view_parse ] --START--
INFO: [ template_filter ] --START--
INFO: Run Behavior\ContentReplaceBehavior [ RunTime:0.000055s ]
INFO: [ template_filter ] --END-- [ RunTime:0.000092s ]
INFO: Run Behavior\ParseTemplateBehavior [ RunTime:0.002640s ]
INFO: [ view_parse ] --END-- [ RunTime:0.002677s ]
INFO: [ view_filter ] --START--
INFO: Run Behavior\WriteHtmlCacheBehavior [ RunTime:0.000031s ]
INFO: [ view_filter ] --END-- [ RunTime:0.000058s ]
INFO: [ app_end ] --START--
INFO: Run Behavior\ShowPageTraceBehavior [ RunTime:0.000030s ]
INFO: [ app_end ] --END-- [ RunTime:0.000076s ]

[ 2016-03-05T18:02:44+08:00 ] 59.34.201.15 /mobile/app/b2b/index.php/News/Index/map
INFO: [ app_init ] --START--
INFO: Run Behavior\BuildLiteBehavior [ RunTime:0.000012s ]
INFO: [ app_init ] --END-- [ RunTime:0.000081s ]
INFO: [ app_begin ] --START--
INFO: Run Behavior\ReadHtmlCacheBehavior [ RunTime:0.000045s ]
INFO: [ app_begin ] --END-- [ RunTime:0.000079s ]
NOTIC: [8] A session had already been started - ignoring session_start() /home/wwwroot/default/shopnc/mobile/app/b2b/ThinkPHP/Common/functions.php 第 1261 行.
INFO: [ view_parse ] --START--
INFO: [ template_filter ] --START--
INFO: Run Behavior\ContentReplaceBehavior [ RunTime:0.000029s ]
INFO: [ template_filter ] --END-- [ RunTime:0.000063s ]
INFO: Run Behavior\ParseTemplateBehavior [ RunTime:0.001228s ]
INFO: [ view_parse ] --END-- [ RunTime:0.001263s ]
INFO: [ view_filter ] --START--
INFO: Run Behavior\WriteHtmlCacheBehavior [ RunTime:0.000031s ]
INFO: [ view_filter ] --END-- [ RunTime:0.000056s ]
INFO: [ app_end ] --START--
INFO: Run Behavior\ShowPageTraceBehavior [ RunTime:0.000028s ]
INFO: [ app_end ] --END-- [ RunTime:0.000056s ]

[ 2016-03-05T18:02:59+08:00 ] 59.34.201.15 /mobile/app/b2b/index.php/News/Index/detail/aid/5830
INFO: [ app_init ] --START--
INFO: Run Behavior\BuildLiteBehavior [ RunTime:0.000013s ]
INFO: [ app_init ] --END-- [ RunTime:0.000084s ]
INFO: [ app_begin ] --START--
INFO: Run Behavior\ReadHtmlCacheBehavior [ RunTime:0.000034s ]
INFO: [ app_begin ] --END-- [ RunTime:0.000067s ]
NOTIC: [8] A session had already been started - ignoring session_start() /home/wwwroot/default/shopnc/mobile/app/b2b/ThinkPHP/Common/functions.php 第 1261 行.
SQL: SHOW COLUMNS FROM `hill_img` [ RunTime:0.0011s ]
SQL: SELECT `cyte`,`body`,`zuobiao`,`pics`,`mobile_img` FROM `hill_img` WHERE ( aid='5830' ) LIMIT 1   [ RunTime:0.0003s ]
SQL: SHOW COLUMNS FROM `archives` [ RunTime:0.0006s ]
SQL: SELECT `title` FROM `archives` WHERE ( id=5830 ) LIMIT 1   [ RunTime:0.0002s ]
SQL: select id,title from archives where title like '%六安瓜片%' limit 0,10 [ RunTime:0.0033s ]
INFO: [ view_parse ] --START--
INFO: [ template_filter ] --START--
INFO: Run Behavior\ContentReplaceBehavior [ RunTime:0.000057s ]
INFO: [ template_filter ] --END-- [ RunTime:0.000111s ]
INFO: Run Behavior\ParseTemplateBehavior [ RunTime:0.002839s ]
INFO: [ view_parse ] --END-- [ RunTime:0.002880s ]
INFO: [ view_filter ] --START--
INFO: Run Behavior\WriteHtmlCacheBehavior [ RunTime:0.000039s ]
INFO: [ view_filter ] --END-- [ RunTime:0.000074s ]
INFO: [ app_end ] --START--
INFO: Run Behavior\ShowPageTraceBehavior [ RunTime:0.000040s ]
INFO: [ app_end ] --END-- [ RunTime:0.000078s ]

[ 2016-03-05T18:02:59+08:00 ] 59.34.201.15 /mobile/app/b2b/index.php/News/Index/map
INFO: [ app_init ] --START--
INFO: Run Behavior\BuildLiteBehavior [ RunTime:0.000012s ]
INFO: [ app_init ] --END-- [ RunTime:0.000081s ]
INFO: [ app_begin ] --START--
INFO: Run Behavior\ReadHtmlCacheBehavior [ RunTime:0.000033s ]
INFO: [ app_begin ] --END-- [ RunTime:0.000067s ]
NOTIC: [8] A session had already been started - ignoring session_start() /home/wwwroot/default/shopnc/mobile/app/b2b/ThinkPHP/Common/functions.php 第 1261 行.
INFO: [ view_parse ] --START--
INFO: [ template_filter ] --START--
INFO: Run Behavior\ContentReplaceBehavior [ RunTime:0.000029s ]
INFO: [ template_filter ] --END-- [ RunTime:0.000063s ]
INFO: Run Behavior\ParseTemplateBehavior [ RunTime:0.001226s ]
INFO: [ view_parse ] --END-- [ RunTime:0.001262s ]
INFO: [ view_filter ] --START--
INFO: Run Behavior\WriteHtmlCacheBehavior [ RunTime:0.000033s ]
INFO: [ view_filter ] --END-- [ RunTime:0.000062s ]
INFO: [ app_end ] --START--
INFO: Run Behavior\ShowPageTraceBehavior [ RunTime:0.000028s ]
INFO: [ app_end ] --END-- [ RunTime:0.000056s ]

[ 2016-03-05T19:43:37+08:00 ] 42.120.161.106 /mobile/app/b2b/index.php/News/Index/detail/aid/2957
INFO: [ app_init ] --START--
INFO: Run Behavior\BuildLiteBehavior [ RunTime:0.000012s ]
INFO: [ app_init ] --END-- [ RunTime:0.000076s ]
INFO: [ app_begin ] --START--
INFO: Run Behavior\ReadHtmlCacheBehavior [ RunTime:0.000035s ]
INFO: [ app_begin ] --END-- [ RunTime:0.000068s ]
NOTIC: [8] A session had already been started - ignoring session_start() /home/wwwroot/default/shopnc/mobile/app/b2b/ThinkPHP/Common/functions.php 第 1261 行.
SQL: SHOW COLUMNS FROM `hill_img` [ RunTime:0.0010s ]
SQL: SELECT `cyte`,`body`,`zuobiao`,`pics`,`mobile_img` FROM `hill_img` WHERE ( aid='2957' ) LIMIT 1   [ RunTime:0.0003s ]
SQL: SHOW COLUMNS FROM `archives` [ RunTime:0.0007s ]
SQL: SELECT `title` FROM `archives` WHERE ( id=2957 ) LIMIT 1   [ RunTime:0.0002s ]
SQL: select id,title from archives where title like '%%' limit 0,10 [ RunTime:0.0003s ]
INFO: [ view_parse ] --START--
INFO: [ template_filter ] --START--
INFO: Run Behavior\ContentReplaceBehavior [ RunTime:0.000054s ]
INFO: [ template_filter ] --END-- [ RunTime:0.000090s ]
INFO: Run Behavior\ParseTemplateBehavior [ RunTime:0.002674s ]
INFO: [ view_parse ] --END-- [ RunTime:0.002711s ]
INFO: [ view_filter ] --START--
INFO: Run Behavior\WriteHtmlCacheBehavior [ RunTime:0.000031s ]
INFO: [ view_filter ] --END-- [ RunTime:0.000058s ]
INFO: [ app_end ] --START--
INFO: Run Behavior\ShowPageTraceBehavior [ RunTime:0.000031s ]
INFO: [ app_end ] --END-- [ RunTime:0.000075s ]

[ 2016-03-05T19:43:39+08:00 ] 42.156.137.106 /mobile/app/b2b/index.php/News/Index/detail/aid/2985
INFO: [ app_init ] --START--
INFO: Run Behavior\BuildLiteBehavior [ RunTime:0.000012s ]
INFO: [ app_init ] --END-- [ RunTime:0.000076s ]
INFO: [ app_begin ] --START--
INFO: Run Behavior\ReadHtmlCacheBehavior [ RunTime:0.000033s ]
INFO: [ app_begin ] --END-- [ RunTime:0.000066s ]
NOTIC: [8] A session had already been started - ignoring session_start() /home/wwwroot/default/shopnc/mobile/app/b2b/ThinkPHP/Common/functions.php 第 1261 行.
SQL: SHOW COLUMNS FROM `hill_img` [ RunTime:0.0010s ]
SQL: SELECT `cyte`,`body`,`zuobiao`,`pics`,`mobile_img` FROM `hill_img` WHERE ( aid='2985' ) LIMIT 1   [ RunTime:0.0004s ]
SQL: SHOW COLUMNS FROM `archives` [ RunTime:0.0009s ]
SQL: SELECT `title` FROM `archives` WHERE ( id=2985 ) LIMIT 1   [ RunTime:0.0002s ]
SQL: select id,title from archives where title like '%%' limit 0,10 [ RunTime:0.0003s ]
INFO: [ view_parse ] --START--
INFO: [ template_filter ] --START--
INFO: Run Behavior\ContentReplaceBehavior [ RunTime:0.000057s ]
INFO: [ template_filter ] --END-- [ RunTime:0.000094s ]
INFO: Run Behavior\ParseTemplateBehavior [ RunTime:0.002742s ]
INFO: [ view_parse ] --END-- [ RunTime:0.002781s ]
INFO: [ view_filter ] --START--
INFO: Run Behavior\WriteHtmlCacheBehavior [ RunTime:0.000033s ]
INFO: [ view_filter ] --END-- [ RunTime:0.000059s ]
INFO: [ app_end ] --START--
INFO: Run Behavior\ShowPageTraceBehavior [ RunTime:0.000029s ]
INFO: [ app_end ] --END-- [ RunTime:0.000057s ]

[ 2016-03-05T20:04:43+08:00 ] 110.103.128.113 /mobile/app/b2b/index.php/News/Index/Home
INFO: [ app_init ] --START--
INFO: Run Behavior\BuildLiteBehavior [ RunTime:0.000012s ]
INFO: [ app_init ] --END-- [ RunTime:0.000075s ]
INFO: [ app_begin ] --START--
INFO: Run Behavior\ReadHtmlCacheBehavior [ RunTime:0.000037s ]
INFO: [ app_begin ] --END-- [ RunTime:0.000075s ]
NOTIC: [8] A session had already been started - ignoring session_start() /home/wwwroot/default/shopnc/mobile/app/b2b/ThinkPHP/Common/functions.php 第 1261 行.
INFO: [ view_parse ] --START--
INFO: [ template_filter ] --START--
INFO: Run Behavior\ContentReplaceBehavior [ RunTime:0.000070s ]
INFO: [ template_filter ] --END-- [ RunTime:0.000109s ]
INFO: Run Behavior\ParseTemplateBehavior [ RunTime:0.005987s ]
INFO: [ view_parse ] --END-- [ RunTime:0.006024s ]
INFO: [ view_filter ] --START--
INFO: Run Behavior\WriteHtmlCacheBehavior [ RunTime:0.000039s ]
INFO: [ view_filter ] --END-- [ RunTime:0.000066s ]
INFO: [ app_end ] --START--
INFO: Run Behavior\ShowPageTraceBehavior [ RunTime:0.000035s ]
INFO: [ app_end ] --END-- [ RunTime:0.000067s ]

[ 2016-03-05T21:59:28+08:00 ] 51.255.65.73 /mobile/app/b2b/index.php/News/Index/detail/aid/2947
INFO: [ app_init ] --START--
INFO: Run Behavior\BuildLiteBehavior [ RunTime:0.000018s ]
INFO: [ app_init ] --END-- [ RunTime:0.000089s ]
INFO: [ app_begin ] --START--
INFO: Run Behavior\ReadHtmlCacheBehavior [ RunTime:0.000034s ]
INFO: [ app_begin ] --END-- [ RunTime:0.000066s ]
NOTIC: [8] A session had already been started - ignoring session_start() /home/wwwroot/default/shopnc/mobile/app/b2b/ThinkPHP/Common/functions.php 第 1261 行.
SQL: SHOW COLUMNS FROM `hill_img` [ RunTime:0.0012s ]
SQL: SELECT `cyte`,`body`,`zuobiao`,`pics`,`mobile_img` FROM `hill_img` WHERE ( aid='2947' ) LIMIT 1   [ RunTime:0.0003s ]
SQL: SHOW COLUMNS FROM `archives` [ RunTime:0.0010s ]
SQL: SELECT `title` FROM `archives` WHERE ( id=2947 ) LIMIT 1   [ RunTime:0.0002s ]
SQL: select id,title from archives where title like '%曼帕%' limit 0,10 [ RunTime:0.0030s ]
INFO: [ view_parse ] --START--
INFO: [ template_filter ] --START--
INFO: Run Behavior\ContentReplaceBehavior [ RunTime:0.000059s ]
INFO: [ template_filter ] --END-- [ RunTime:0.000095s ]
INFO: Run Behavior\ParseTemplateBehavior [ RunTime:0.002620s ]
INFO: [ view_parse ] --END-- [ RunTime:0.002659s ]
INFO: [ view_filter ] --START--
INFO: Run Behavior\WriteHtmlCacheBehavior [ RunTime:0.000032s ]
INFO: [ view_filter ] --END-- [ RunTime:0.000059s ]
INFO: [ app_end ] --START--
INFO: Run Behavior\ShowPageTraceBehavior [ RunTime:0.000036s ]
INFO: [ app_end ] --END-- [ RunTime:0.000064s ]

[ 2016-03-05T22:18:14+08:00 ] 51.255.65.62 /mobile/app/b2b/index.php/News/Index/detail/aid/2940
INFO: [ app_init ] --START--
INFO: Run Behavior\BuildLiteBehavior [ RunTime:0.000012s ]
INFO: [ app_init ] --END-- [ RunTime:0.000084s ]
INFO: [ app_begin ] --START--
INFO: Run Behavior\ReadHtmlCacheBehavior [ RunTime:0.000040s ]
INFO: [ app_begin ] --END-- [ RunTime:0.000074s ]
NOTIC: [8] A session had already been started - ignoring session_start() /home/wwwroot/default/shopnc/mobile/app/b2b/ThinkPHP/Common/functions.php 第 1261 行.
SQL: SHOW COLUMNS FROM `hill_img` [ RunTime:0.0010s ]
SQL: SELECT `cyte`,`body`,`zuobiao`,`pics`,`mobile_img` FROM `hill_img` WHERE ( aid='2940' ) LIMIT 1   [ RunTime:0.0003s ]
SQL: SHOW COLUMNS FROM `archives` [ RunTime:0.0007s ]
SQL: SELECT `title` FROM `archives` WHERE ( id=2940 ) LIMIT 1   [ RunTime:0.0002s ]
SQL: select id,title from archives where title like '%勐宋%' limit 0,10 [ RunTime:0.0031s ]
INFO: [ view_parse ] --START--
INFO: [ template_filter ] --START--
INFO: Run Behavior\ContentReplaceBehavior [ RunTime:0.000056s ]
INFO: [ template_filter ] --END-- [ RunTime:0.000094s ]
INFO: Run Behavior\ParseTemplateBehavior [ RunTime:0.002988s ]
INFO: [ view_parse ] --END-- [ RunTime:0.003026s ]
INFO: [ view_filter ] --START--
INFO: Run Behavior\WriteHtmlCacheBehavior [ RunTime:0.000037s ]
INFO: [ view_filter ] --END-- [ RunTime:0.000066s ]
INFO: [ app_end ] --START--
INFO: Run Behavior\ShowPageTraceBehavior [ RunTime:0.000040s ]
INFO: [ app_end ] --END-- [ RunTime:0.000074s ]

