[ 2016-05-16T08:04:56+08:00 ] 175.9.136.195 /mobile/app/b2b/index.php/News/Index/Home
INFO: [ app_init ] --START--
INFO: Run Behavior\BuildLiteBehavior [ RunTime:0.000012s ]
INFO: [ app_init ] --END-- [ RunTime:0.000078s ]
INFO: [ app_begin ] --START--
INFO: Run Behavior\ReadHtmlCacheBehavior [ RunTime:0.000033s ]
INFO: [ app_begin ] --END-- [ RunTime:0.000068s ]
NOTIC: [8] A session had already been started - ignoring session_start() /home/wwwroot/default/shopnc/mobile/app/b2b/ThinkPHP/Common/functions.php 第 1261 行.
INFO: [ view_parse ] --START--
INFO: [ template_filter ] --START--
INFO: Run Behavior\ContentReplaceBehavior [ RunTime:0.000079s ]
INFO: [ template_filter ] --END-- [ RunTime:0.000132s ]
INFO: Run Behavior\ParseTemplateBehavior [ RunTime:0.006062s ]
INFO: [ view_parse ] --END-- [ RunTime:0.006100s ]
INFO: [ view_filter ] --START--
INFO: Run Behavior\WriteHtmlCacheBehavior [ RunTime:0.000043s ]
INFO: [ view_filter ] --END-- [ RunTime:0.000072s ]
INFO: [ app_end ] --START--
INFO: Run Behavior\ShowPageTraceBehavior [ RunTime:0.000036s ]
INFO: [ app_end ] --END-- [ RunTime:0.000071s ]

[ 2016-05-16T08:05:07+08:00 ] 175.9.136.195 /mobile/app/b2b/index.php/News/Index/detail/aid/5885
INFO: [ app_init ] --START--
INFO: Run Behavior\BuildLiteBehavior [ RunTime:0.000012s ]
INFO: [ app_init ] --END-- [ RunTime:0.000084s ]
INFO: [ app_begin ] --START--
INFO: Run Behavior\ReadHtmlCacheBehavior [ RunTime:0.000033s ]
INFO: [ app_begin ] --END-- [ RunTime:0.000067s ]
NOTIC: [8] A session had already been started - ignoring session_start() /home/wwwroot/default/shopnc/mobile/app/b2b/ThinkPHP/Common/functions.php 第 1261 行.
SQL: SHOW COLUMNS FROM `hill_img` [ RunTime:0.0013s ]
SQL: SELECT `cyte`,`body`,`zuobiao`,`pics`,`mobile_img` FROM `hill_img` WHERE ( aid='5885' ) LIMIT 1   [ RunTime:0.0003s ]
SQL: SHOW COLUMNS FROM `archives` [ RunTime:0.0007s ]
SQL: SELECT `title` FROM `archives` WHERE ( id=5885 ) LIMIT 1   [ RunTime:0.0002s ]
SQL: select id,title from archives where title like '%安化黑茶%' limit 0,10 [ RunTime:0.0029s ]
INFO: [ view_parse ] --START--
INFO: [ template_filter ] --START--
INFO: Run Behavior\ContentReplaceBehavior [ RunTime:0.000058s ]
INFO: [ template_filter ] --END-- [ RunTime:0.000094s ]
INFO: Run Behavior\ParseTemplateBehavior [ RunTime:0.002681s ]
INFO: [ view_parse ] --END-- [ RunTime:0.002721s ]
INFO: [ view_filter ] --START--
INFO: Run Behavior\WriteHtmlCacheBehavior [ RunTime:0.000033s ]
INFO: [ view_filter ] --END-- [ RunTime:0.000061s ]
INFO: [ app_end ] --START--
INFO: Run Behavior\ShowPageTraceBehavior [ RunTime:0.000031s ]
INFO: [ app_end ] --END-- [ RunTime:0.000059s ]

[ 2016-05-16T08:05:07+08:00 ] 175.9.136.195 /mobile/app/b2b/index.php/News/Index/map
INFO: [ app_init ] --START--
INFO: Run Behavior\BuildLiteBehavior [ RunTime:0.000012s ]
INFO: [ app_init ] --END-- [ RunTime:0.000078s ]
INFO: [ app_begin ] --START--
INFO: Run Behavior\ReadHtmlCacheBehavior [ RunTime:0.000035s ]
INFO: [ app_begin ] --END-- [ RunTime:0.000087s ]
NOTIC: [8] A session had already been started - ignoring session_start() /home/wwwroot/default/shopnc/mobile/app/b2b/ThinkPHP/Common/functions.php 第 1261 行.
INFO: [ view_parse ] --START--
INFO: [ template_filter ] --START--
INFO: Run Behavior\ContentReplaceBehavior [ RunTime:0.000029s ]
INFO: [ template_filter ] --END-- [ RunTime:0.000066s ]
INFO: Run Behavior\ParseTemplateBehavior [ RunTime:0.001355s ]
INFO: [ view_parse ] --END-- [ RunTime:0.001407s ]
INFO: [ view_filter ] --START--
INFO: Run Behavior\WriteHtmlCacheBehavior [ RunTime:0.000037s ]
INFO: [ view_filter ] --END-- [ RunTime:0.000085s ]
INFO: [ app_end ] --START--
INFO: Run Behavior\ShowPageTraceBehavior [ RunTime:0.000032s ]
INFO: [ app_end ] --END-- [ RunTime:0.000060s ]

[ 2016-05-16T18:02:44+08:00 ] 117.136.84.49 /mobile/app/b2b/index.php/News/Index/Home
INFO: [ app_init ] --START--
INFO: Run Behavior\BuildLiteBehavior [ RunTime:0.000012s ]
INFO: [ app_init ] --END-- [ RunTime:0.000081s ]
INFO: [ app_begin ] --START--
INFO: Run Behavior\ReadHtmlCacheBehavior [ RunTime:0.000037s ]
INFO: [ app_begin ] --END-- [ RunTime:0.000113s ]
NOTIC: [8] A session had already been started - ignoring session_start() /home/wwwroot/default/shopnc/mobile/app/b2b/ThinkPHP/Common/functions.php 第 1261 行.
INFO: [ view_parse ] --START--
INFO: [ template_filter ] --START--
INFO: Run Behavior\ContentReplaceBehavior [ RunTime:0.000069s ]
INFO: [ template_filter ] --END-- [ RunTime:0.000107s ]
INFO: Run Behavior\ParseTemplateBehavior [ RunTime:0.006055s ]
INFO: [ view_parse ] --END-- [ RunTime:0.006092s ]
INFO: [ view_filter ] --START--
INFO: Run Behavior\WriteHtmlCacheBehavior [ RunTime:0.000041s ]
INFO: [ view_filter ] --END-- [ RunTime:0.000069s ]
INFO: [ app_end ] --START--
INFO: Run Behavior\ShowPageTraceBehavior [ RunTime:0.000032s ]
INFO: [ app_end ] --END-- [ RunTime:0.000064s ]

[ 2016-05-16T18:50:33+08:00 ] 42.156.138.77 /mobile/app/b2b/index.php/News/Index/detail/aid/3000
INFO: [ app_init ] --START--
INFO: Run Behavior\BuildLiteBehavior [ RunTime:0.000012s ]
INFO: [ app_init ] --END-- [ RunTime:0.000080s ]
INFO: [ app_begin ] --START--
INFO: Run Behavior\ReadHtmlCacheBehavior [ RunTime:0.000034s ]
INFO: [ app_begin ] --END-- [ RunTime:0.000068s ]
NOTIC: [8] A session had already been started - ignoring session_start() /home/wwwroot/default/shopnc/mobile/app/b2b/ThinkPHP/Common/functions.php 第 1261 行.
SQL: SHOW COLUMNS FROM `hill_img` [ RunTime:0.0011s ]
SQL: SELECT `cyte`,`body`,`zuobiao`,`pics`,`mobile_img` FROM `hill_img` WHERE ( aid='3000' ) LIMIT 1   [ RunTime:0.0004s ]
SQL: SHOW COLUMNS FROM `archives` [ RunTime:0.0010s ]
SQL: SELECT `title` FROM `archives` WHERE ( id=3000 ) LIMIT 1   [ RunTime:0.0002s ]
SQL: select id,title from archives where title like '%%' limit 0,10 [ RunTime:0.0004s ]
INFO: [ view_parse ] --START--
INFO: [ template_filter ] --START--
INFO: Run Behavior\ContentReplaceBehavior [ RunTime:0.000058s ]
INFO: [ template_filter ] --END-- [ RunTime:0.000095s ]
INFO: Run Behavior\ParseTemplateBehavior [ RunTime:0.002654s ]
INFO: [ view_parse ] --END-- [ RunTime:0.002694s ]
INFO: [ view_filter ] --START--
INFO: Run Behavior\WriteHtmlCacheBehavior [ RunTime:0.000042s ]
INFO: [ view_filter ] --END-- [ RunTime:0.000070s ]
INFO: [ app_end ] --START--
INFO: Run Behavior\ShowPageTraceBehavior [ RunTime:0.000031s ]
INFO: [ app_end ] --END-- [ RunTime:0.000059s ]

[ 2016-05-16T18:50:36+08:00 ] 42.156.136.77 /mobile/app/b2b/index.php/News/Index/detail/aid/5892
INFO: [ app_init ] --START--
INFO: Run Behavior\BuildLiteBehavior [ RunTime:0.000011s ]
INFO: [ app_init ] --END-- [ RunTime:0.000077s ]
INFO: [ app_begin ] --START--
INFO: Run Behavior\ReadHtmlCacheBehavior [ RunTime:0.000033s ]
INFO: [ app_begin ] --END-- [ RunTime:0.000067s ]
NOTIC: [8] A session had already been started - ignoring session_start() /home/wwwroot/default/shopnc/mobile/app/b2b/ThinkPHP/Common/functions.php 第 1261 行.
SQL: SHOW COLUMNS FROM `hill_img` [ RunTime:0.0011s ]
SQL: SELECT `cyte`,`body`,`zuobiao`,`pics`,`mobile_img` FROM `hill_img` WHERE ( aid='5892' ) LIMIT 1   [ RunTime:0.0002s ]
SQL: SHOW COLUMNS FROM `archives` [ RunTime:0.0006s ]
SQL: SELECT `title` FROM `archives` WHERE ( id=5892 ) LIMIT 1   [ RunTime:0.0002s ]
SQL: select id,title from archives where title like '%南路边茶%' limit 0,10 [ RunTime:0.0030s ]
INFO: [ view_parse ] --START--
INFO: [ template_filter ] --START--
INFO: Run Behavior\ContentReplaceBehavior [ RunTime:0.000058s ]
INFO: [ template_filter ] --END-- [ RunTime:0.000095s ]
INFO: Run Behavior\ParseTemplateBehavior [ RunTime:0.002686s ]
INFO: [ view_parse ] --END-- [ RunTime:0.002726s ]
INFO: [ view_filter ] --START--
INFO: Run Behavior\WriteHtmlCacheBehavior [ RunTime:0.000032s ]
INFO: [ view_filter ] --END-- [ RunTime:0.000059s ]
INFO: [ app_end ] --START--
INFO: Run Behavior\ShowPageTraceBehavior [ RunTime:0.000031s ]
INFO: [ app_end ] --END-- [ RunTime:0.000059s ]

[ 2016-05-16T18:50:40+08:00 ] 42.156.137.77 /mobile/app/b2b/index.php/News/Index/detail/aid/2931
INFO: [ app_init ] --START--
INFO: Run Behavior\BuildLiteBehavior [ RunTime:0.000013s ]
INFO: [ app_init ] --END-- [ RunTime:0.000081s ]
INFO: [ app_begin ] --START--
INFO: Run Behavior\ReadHtmlCacheBehavior [ RunTime:0.000033s ]
INFO: [ app_begin ] --END-- [ RunTime:0.000067s ]
NOTIC: [8] A session had already been started - ignoring session_start() /home/wwwroot/default/shopnc/mobile/app/b2b/ThinkPHP/Common/functions.php 第 1261 行.
SQL: SHOW COLUMNS FROM `hill_img` [ RunTime:0.0026s ]
SQL: SELECT `cyte`,`body`,`zuobiao`,`pics`,`mobile_img` FROM `hill_img` WHERE ( aid='2931' ) LIMIT 1   [ RunTime:0.0004s ]
SQL: SHOW COLUMNS FROM `archives` [ RunTime:0.0008s ]
SQL: SELECT `title` FROM `archives` WHERE ( id=2931 ) LIMIT 1   [ RunTime:0.0003s ]
SQL: select id,title from archives where title like '%%' limit 0,10 [ RunTime:0.0002s ]
INFO: [ view_parse ] --START--
INFO: [ template_filter ] --START--
INFO: Run Behavior\ContentReplaceBehavior [ RunTime:0.000055s ]
INFO: [ template_filter ] --END-- [ RunTime:0.000091s ]
INFO: Run Behavior\ParseTemplateBehavior [ RunTime:0.002628s ]
INFO: [ view_parse ] --END-- [ RunTime:0.002678s ]
INFO: [ view_filter ] --START--
INFO: Run Behavior\WriteHtmlCacheBehavior [ RunTime:0.000034s ]
INFO: [ view_filter ] --END-- [ RunTime:0.000081s ]
INFO: [ app_end ] --START--
INFO: Run Behavior\ShowPageTraceBehavior [ RunTime:0.000040s ]
INFO: [ app_end ] --END-- [ RunTime:0.000088s ]

[ 2016-05-16T18:50:41+08:00 ] 42.156.139.77 /mobile/app/b2b/index.php/News/Index/detail/aid/5846
INFO: [ app_init ] --START--
INFO: Run Behavior\BuildLiteBehavior [ RunTime:0.000014s ]
INFO: [ app_init ] --END-- [ RunTime:0.000105s ]
INFO: [ app_begin ] --START--
INFO: Run Behavior\ReadHtmlCacheBehavior [ RunTime:0.000054s ]
INFO: [ app_begin ] --END-- [ RunTime:0.000105s ]
NOTIC: [8] A session had already been started - ignoring session_start() /home/wwwroot/default/shopnc/mobile/app/b2b/ThinkPHP/Common/functions.php 第 1261 行.
SQL: SHOW COLUMNS FROM `hill_img` [ RunTime:0.0009s ]
SQL: SELECT `cyte`,`body`,`zuobiao`,`pics`,`mobile_img` FROM `hill_img` WHERE ( aid='5846' ) LIMIT 1   [ RunTime:0.0004s ]
SQL: SHOW COLUMNS FROM `archives` [ RunTime:0.0008s ]
SQL: SELECT `title` FROM `archives` WHERE ( id=5846 ) LIMIT 1   [ RunTime:0.0003s ]
SQL: select id,title from archives where title like '%闽北水仙%' limit 0,10 [ RunTime:0.0030s ]
INFO: [ view_parse ] --START--
INFO: [ template_filter ] --START--
INFO: Run Behavior\ContentReplaceBehavior [ RunTime:0.000066s ]
INFO: [ template_filter ] --END-- [ RunTime:0.000123s ]
INFO: Run Behavior\ParseTemplateBehavior [ RunTime:0.003544s ]
INFO: [ view_parse ] --END-- [ RunTime:0.003585s ]
INFO: [ view_filter ] --START--
INFO: Run Behavior\WriteHtmlCacheBehavior [ RunTime:0.000034s ]
INFO: [ view_filter ] --END-- [ RunTime:0.000062s ]
INFO: [ app_end ] --START--
INFO: Run Behavior\ShowPageTraceBehavior [ RunTime:0.000038s ]
INFO: [ app_end ] --END-- [ RunTime:0.000067s ]

[ 2016-05-16T18:50:43+08:00 ] 42.120.161.77 /mobile/app/b2b/index.php/News/Index/detail/aid/2928
INFO: [ app_init ] --START--
INFO: Run Behavior\BuildLiteBehavior [ RunTime:0.000012s ]
INFO: [ app_init ] --END-- [ RunTime:0.000078s ]
INFO: [ app_begin ] --START--
INFO: Run Behavior\ReadHtmlCacheBehavior [ RunTime:0.000034s ]
INFO: [ app_begin ] --END-- [ RunTime:0.000066s ]
NOTIC: [8] A session had already been started - ignoring session_start() /home/wwwroot/default/shopnc/mobile/app/b2b/ThinkPHP/Common/functions.php 第 1261 行.
SQL: SHOW COLUMNS FROM `hill_img` [ RunTime:0.0012s ]
SQL: SELECT `cyte`,`body`,`zuobiao`,`pics`,`mobile_img` FROM `hill_img` WHERE ( aid='2928' ) LIMIT 1   [ RunTime:0.0002s ]
SQL: SHOW COLUMNS FROM `archives` [ RunTime:0.0006s ]
SQL: SELECT `title` FROM `archives` WHERE ( id=2928 ) LIMIT 1   [ RunTime:0.0002s ]
SQL: select id,title from archives where title like '%%' limit 0,10 [ RunTime:0.0002s ]
INFO: [ view_parse ] --START--
INFO: [ template_filter ] --START--
INFO: Run Behavior\ContentReplaceBehavior [ RunTime:0.000057s ]
INFO: [ template_filter ] --END-- [ RunTime:0.000094s ]
INFO: Run Behavior\ParseTemplateBehavior [ RunTime:0.002757s ]
INFO: [ view_parse ] --END-- [ RunTime:0.002800s ]
INFO: [ view_filter ] --START--
INFO: Run Behavior\WriteHtmlCacheBehavior [ RunTime:0.000035s ]
INFO: [ view_filter ] --END-- [ RunTime:0.000064s ]
INFO: [ app_end ] --START--
INFO: Run Behavior\ShowPageTraceBehavior [ RunTime:0.000034s ]
INFO: [ app_end ] --END-- [ RunTime:0.000075s ]

[ 2016-05-16T18:50:45+08:00 ] 42.156.138.77 /mobile/app/b2b/index.php/News/Index/detail/aid/5827
INFO: [ app_init ] --START--
INFO: Run Behavior\BuildLiteBehavior [ RunTime:0.000013s ]
INFO: [ app_init ] --END-- [ RunTime:0.000080s ]
INFO: [ app_begin ] --START--
INFO: Run Behavior\ReadHtmlCacheBehavior [ RunTime:0.000034s ]
INFO: [ app_begin ] --END-- [ RunTime:0.000067s ]
NOTIC: [8] A session had already been started - ignoring session_start() /home/wwwroot/default/shopnc/mobile/app/b2b/ThinkPHP/Common/functions.php 第 1261 行.
SQL: SHOW COLUMNS FROM `hill_img` [ RunTime:0.0043s ]
SQL: SELECT `cyte`,`body`,`zuobiao`,`pics`,`mobile_img` FROM `hill_img` WHERE ( aid='5827' ) LIMIT 1   [ RunTime:0.0002s ]
SQL: SHOW COLUMNS FROM `archives` [ RunTime:0.0008s ]
SQL: SELECT `title` FROM `archives` WHERE ( id=5827 ) LIMIT 1   [ RunTime:0.0002s ]
SQL: select id,title from archives where title like '%崂山绿茶%' limit 0,10 [ RunTime:0.0032s ]
INFO: [ view_parse ] --START--
INFO: [ template_filter ] --START--
INFO: Run Behavior\ContentReplaceBehavior [ RunTime:0.000062s ]
INFO: [ template_filter ] --END-- [ RunTime:0.000113s ]
INFO: Run Behavior\ParseTemplateBehavior [ RunTime:0.002940s ]
INFO: [ view_parse ] --END-- [ RunTime:0.002999s ]
INFO: [ view_filter ] --START--
INFO: Run Behavior\WriteHtmlCacheBehavior [ RunTime:0.000051s ]
INFO: [ view_filter ] --END-- [ RunTime:0.000088s ]
INFO: [ app_end ] --START--
INFO: Run Behavior\ShowPageTraceBehavior [ RunTime:0.000032s ]
INFO: [ app_end ] --END-- [ RunTime:0.000060s ]

[ 2016-05-16T18:50:46+08:00 ] 42.156.136.77 /mobile/app/b2b/index.php/News/Index/detail/aid/2964
INFO: [ app_init ] --START--
INFO: Run Behavior\BuildLiteBehavior [ RunTime:0.000008s ]
INFO: [ app_init ] --END-- [ RunTime:0.000058s ]
INFO: [ app_begin ] --START--
INFO: Run Behavior\ReadHtmlCacheBehavior [ RunTime:0.000040s ]
INFO: [ app_begin ] --END-- [ RunTime:0.000079s ]
NOTIC: [8] A session had already been started - ignoring session_start() /home/wwwroot/default/shopnc/mobile/app/b2b/ThinkPHP/Common/functions.php 第 1261 行.
SQL: SHOW COLUMNS FROM `hill_img` [ RunTime:0.0011s ]
SQL: SELECT `cyte`,`body`,`zuobiao`,`pics`,`mobile_img` FROM `hill_img` WHERE ( aid='2964' ) LIMIT 1   [ RunTime:0.0002s ]
SQL: SHOW COLUMNS FROM `archives` [ RunTime:0.0007s ]
SQL: SELECT `title` FROM `archives` WHERE ( id=2964 ) LIMIT 1   [ RunTime:0.0002s ]
SQL: select id,title from archives where title like '%%' limit 0,10 [ RunTime:0.0004s ]
INFO: [ view_parse ] --START--
INFO: [ template_filter ] --START--
INFO: Run Behavior\ContentReplaceBehavior [ RunTime:0.000054s ]
INFO: [ template_filter ] --END-- [ RunTime:0.000090s ]
INFO: Run Behavior\ParseTemplateBehavior [ RunTime:0.002552s ]
INFO: [ view_parse ] --END-- [ RunTime:0.002589s ]
INFO: [ view_filter ] --START--
INFO: Run Behavior\WriteHtmlCacheBehavior [ RunTime:0.000032s ]
INFO: [ view_filter ] --END-- [ RunTime:0.000060s ]
INFO: [ app_end ] --START--
INFO: Run Behavior\ShowPageTraceBehavior [ RunTime:0.000047s ]
INFO: [ app_end ] --END-- [ RunTime:0.000077s ]

[ 2016-05-16T18:50:46+08:00 ] 42.120.160.77 /mobile/app/b2b/index.php/News/Index/detail/aid/3025
INFO: [ app_init ] --START--
INFO: Run Behavior\BuildLiteBehavior [ RunTime:0.000017s ]
INFO: [ app_init ] --END-- [ RunTime:0.000168s ]
INFO: [ app_begin ] --START--
INFO: Run Behavior\ReadHtmlCacheBehavior [ RunTime:0.000059s ]
INFO: [ app_begin ] --END-- [ RunTime:0.000121s ]
NOTIC: [8] A session had already been started - ignoring session_start() /home/wwwroot/default/shopnc/mobile/app/b2b/ThinkPHP/Common/functions.php 第 1261 行.
SQL: SHOW COLUMNS FROM `hill_img` [ RunTime:0.0010s ]
SQL: SELECT `cyte`,`body`,`zuobiao`,`pics`,`mobile_img` FROM `hill_img` WHERE ( aid='3025' ) LIMIT 1   [ RunTime:0.0840s ]
SQL: SHOW COLUMNS FROM `archives` [ RunTime:0.0010s ]
SQL: SELECT `title` FROM `archives` WHERE ( id=3025 ) LIMIT 1   [ RunTime:0.0003s ]
SQL: select id,title from archives where title like '%正气塘%' limit 0,10 [ RunTime:0.0030s ]
INFO: [ view_parse ] --START--
INFO: [ template_filter ] --START--
INFO: Run Behavior\ContentReplaceBehavior [ RunTime:0.000059s ]
INFO: [ template_filter ] --END-- [ RunTime:0.000095s ]
INFO: Run Behavior\ParseTemplateBehavior [ RunTime:0.002693s ]
INFO: [ view_parse ] --END-- [ RunTime:0.002733s ]
INFO: [ view_filter ] --START--
INFO: Run Behavior\WriteHtmlCacheBehavior [ RunTime:0.000033s ]
INFO: [ view_filter ] --END-- [ RunTime:0.000061s ]
INFO: [ app_end ] --START--
INFO: Run Behavior\ShowPageTraceBehavior [ RunTime:0.000032s ]
INFO: [ app_end ] --END-- [ RunTime:0.000060s ]

[ 2016-05-16T18:50:47+08:00 ] 42.156.137.77 /mobile/app/b2b/index.php/News/Index/detail/aid/5850
INFO: [ app_init ] --START--
INFO: Run Behavior\BuildLiteBehavior [ RunTime:0.000017s ]
INFO: [ app_init ] --END-- [ RunTime:0.000115s ]
INFO: [ app_begin ] --START--
INFO: Run Behavior\ReadHtmlCacheBehavior [ RunTime:0.000055s ]
INFO: [ app_begin ] --END-- [ RunTime:0.000115s ]
NOTIC: [8] A session had already been started - ignoring session_start() /home/wwwroot/default/shopnc/mobile/app/b2b/ThinkPHP/Common/functions.php 第 1261 行.
SQL: SHOW COLUMNS FROM `hill_img` [ RunTime:0.0012s ]
SQL: SELECT `cyte`,`body`,`zuobiao`,`pics`,`mobile_img` FROM `hill_img` WHERE ( aid='5850' ) LIMIT 1   [ RunTime:0.0002s ]
SQL: SHOW COLUMNS FROM `archives` [ RunTime:0.0007s ]
SQL: SELECT `title` FROM `archives` WHERE ( id=5850 ) LIMIT 1   [ RunTime:0.0002s ]
SQL: select id,title from archives where title like '%感德铁观音%' limit 0,10 [ RunTime:0.0030s ]
INFO: [ view_parse ] --START--
INFO: [ template_filter ] --START--
INFO: Run Behavior\ContentReplaceBehavior [ RunTime:0.000075s ]
INFO: [ template_filter ] --END-- [ RunTime:0.000113s ]
INFO: Run Behavior\ParseTemplateBehavior [ RunTime:0.002775s ]
INFO: [ view_parse ] --END-- [ RunTime:0.002815s ]
INFO: [ view_filter ] --START--
INFO: Run Behavior\WriteHtmlCacheBehavior [ RunTime:0.000034s ]
INFO: [ view_filter ] --END-- [ RunTime:0.000061s ]
INFO: [ app_end ] --START--
INFO: Run Behavior\ShowPageTraceBehavior [ RunTime:0.000031s ]
INFO: [ app_end ] --END-- [ RunTime:0.000059s ]

[ 2016-05-16T18:50:50+08:00 ] 42.156.139.77 /mobile/app/b2b/index.php/News/Index/detail/aid/2937
INFO: [ app_init ] --START--
INFO: Run Behavior\BuildLiteBehavior [ RunTime:0.000013s ]
INFO: [ app_init ] --END-- [ RunTime:0.000079s ]
INFO: [ app_begin ] --START--
INFO: Run Behavior\ReadHtmlCacheBehavior [ RunTime:0.000038s ]
INFO: [ app_begin ] --END-- [ RunTime:0.000072s ]
NOTIC: [8] A session had already been started - ignoring session_start() /home/wwwroot/default/shopnc/mobile/app/b2b/ThinkPHP/Common/functions.php 第 1261 行.
SQL: SHOW COLUMNS FROM `hill_img` [ RunTime:0.0009s ]
SQL: SELECT `cyte`,`body`,`zuobiao`,`pics`,`mobile_img` FROM `hill_img` WHERE ( aid='2937' ) LIMIT 1   [ RunTime:0.0003s ]
SQL: SHOW COLUMNS FROM `archives` [ RunTime:0.0007s ]
SQL: SELECT `title` FROM `archives` WHERE ( id=2937 ) LIMIT 1   [ RunTime:0.0002s ]
SQL: select id,title from archives where title like '%帕沙老寨%' limit 0,10 [ RunTime:0.0029s ]
INFO: [ view_parse ] --START--
INFO: [ template_filter ] --START--
INFO: Run Behavior\ContentReplaceBehavior [ RunTime:0.000059s ]
INFO: [ template_filter ] --END-- [ RunTime:0.000097s ]
INFO: Run Behavior\ParseTemplateBehavior [ RunTime:0.002972s ]
INFO: [ view_parse ] --END-- [ RunTime:0.003023s ]
INFO: [ view_filter ] --START--
INFO: Run Behavior\WriteHtmlCacheBehavior [ RunTime:0.000045s ]
INFO: [ view_filter ] --END-- [ RunTime:0.000087s ]
INFO: [ app_end ] --START--
INFO: Run Behavior\ShowPageTraceBehavior [ RunTime:0.000043s ]
INFO: [ app_end ] --END-- [ RunTime:0.000088s ]

[ 2016-05-16T18:50:52+08:00 ] 42.120.161.77 /mobile/app/b2b/index.php/News/Index/detail/aid/5866
INFO: [ app_init ] --START--
INFO: Run Behavior\BuildLiteBehavior [ RunTime:0.000065s ]
INFO: [ app_init ] --END-- [ RunTime:0.000167s ]
INFO: [ app_begin ] --START--
INFO: Run Behavior\ReadHtmlCacheBehavior [ RunTime:0.000036s ]
INFO: [ app_begin ] --END-- [ RunTime:0.000070s ]
NOTIC: [8] A session had already been started - ignoring session_start() /home/wwwroot/default/shopnc/mobile/app/b2b/ThinkPHP/Common/functions.php 第 1261 行.
SQL: SHOW COLUMNS FROM `hill_img` [ RunTime:0.0011s ]
SQL: SELECT `cyte`,`body`,`zuobiao`,`pics`,`mobile_img` FROM `hill_img` WHERE ( aid='5866' ) LIMIT 1   [ RunTime:0.0002s ]
SQL: SHOW COLUMNS FROM `archives` [ RunTime:0.0006s ]
SQL: SELECT `title` FROM `archives` WHERE ( id=5866 ) LIMIT 1   [ RunTime:0.0002s ]
SQL: select id,title from archives where title like '%坦洋工夫%' limit 0,10 [ RunTime:0.0029s ]
INFO: [ view_parse ] --START--
INFO: [ template_filter ] --START--
INFO: Run Behavior\ContentReplaceBehavior [ RunTime:0.000054s ]
INFO: [ template_filter ] --END-- [ RunTime:0.000092s ]
INFO: Run Behavior\ParseTemplateBehavior [ RunTime:0.002664s ]
INFO: [ view_parse ] --END-- [ RunTime:0.002704s ]
INFO: [ view_filter ] --START--
INFO: Run Behavior\WriteHtmlCacheBehavior [ RunTime:0.000033s ]
INFO: [ view_filter ] --END-- [ RunTime:0.000061s ]
INFO: [ app_end ] --START--
INFO: Run Behavior\ShowPageTraceBehavior [ RunTime:0.000031s ]
INFO: [ app_end ] --END-- [ RunTime:0.000059s ]

[ 2016-05-16T18:50:52+08:00 ] 42.156.138.77 /mobile/app/b2b/index.php/News/Index/detail/aid/3003
INFO: [ app_init ] --START--
INFO: Run Behavior\BuildLiteBehavior [ RunTime:0.000012s ]
INFO: [ app_init ] --END-- [ RunTime:0.000079s ]
INFO: [ app_begin ] --START--
INFO: Run Behavior\ReadHtmlCacheBehavior [ RunTime:0.000033s ]
INFO: [ app_begin ] --END-- [ RunTime:0.000067s ]
NOTIC: [8] A session had already been started - ignoring session_start() /home/wwwroot/default/shopnc/mobile/app/b2b/ThinkPHP/Common/functions.php 第 1261 行.
SQL: SHOW COLUMNS FROM `hill_img` [ RunTime:0.0009s ]
SQL: SELECT `cyte`,`body`,`zuobiao`,`pics`,`mobile_img` FROM `hill_img` WHERE ( aid='3003' ) LIMIT 1   [ RunTime:0.0003s ]
SQL: SHOW COLUMNS FROM `archives` [ RunTime:0.0007s ]
SQL: SELECT `title` FROM `archives` WHERE ( id=3003 ) LIMIT 1   [ RunTime:0.0002s ]
SQL: select id,title from archives where title like '%%' limit 0,10 [ RunTime:0.0002s ]
INFO: [ view_parse ] --START--
INFO: [ template_filter ] --START--
INFO: Run Behavior\ContentReplaceBehavior [ RunTime:0.000058s ]
INFO: [ template_filter ] --END-- [ RunTime:0.000095s ]
INFO: Run Behavior\ParseTemplateBehavior [ RunTime:0.002707s ]
INFO: [ view_parse ] --END-- [ RunTime:0.002747s ]
INFO: [ view_filter ] --START--
INFO: Run Behavior\WriteHtmlCacheBehavior [ RunTime:0.000033s ]
INFO: [ view_filter ] --END-- [ RunTime:0.000060s ]
INFO: [ app_end ] --START--
INFO: Run Behavior\ShowPageTraceBehavior [ RunTime:0.000032s ]
INFO: [ app_end ] --END-- [ RunTime:0.000062s ]

[ 2016-05-16T18:50:52+08:00 ] 42.120.160.77 /mobile/app/b2b/index.php/News/Index/detail/aid/2948
INFO: [ app_init ] --START--
INFO: Run Behavior\BuildLiteBehavior [ RunTime:0.000012s ]
INFO: [ app_init ] --END-- [ RunTime:0.000079s ]
INFO: [ app_begin ] --START--
INFO: Run Behavior\ReadHtmlCacheBehavior [ RunTime:0.000051s ]
INFO: [ app_begin ] --END-- [ RunTime:0.000087s ]
NOTIC: [8] A session had already been started - ignoring session_start() /home/wwwroot/default/shopnc/mobile/app/b2b/ThinkPHP/Common/functions.php 第 1261 行.
SQL: SHOW COLUMNS FROM `hill_img` [ RunTime:0.0012s ]
SQL: SELECT `cyte`,`body`,`zuobiao`,`pics`,`mobile_img` FROM `hill_img` WHERE ( aid='2948' ) LIMIT 1   [ RunTime:0.0003s ]
SQL: SHOW COLUMNS FROM `archives` [ RunTime:0.0007s ]
SQL: SELECT `title` FROM `archives` WHERE ( id=2948 ) LIMIT 1   [ RunTime:0.0002s ]
SQL: select id,title from archives where title like '%%' limit 0,10 [ RunTime:0.0004s ]
INFO: [ view_parse ] --START--
INFO: [ template_filter ] --START--
INFO: Run Behavior\ContentReplaceBehavior [ RunTime:0.000056s ]
INFO: [ template_filter ] --END-- [ RunTime:0.000092s ]
INFO: Run Behavior\ParseTemplateBehavior [ RunTime:0.002715s ]
INFO: [ view_parse ] --END-- [ RunTime:0.002754s ]
INFO: [ view_filter ] --START--
INFO: Run Behavior\WriteHtmlCacheBehavior [ RunTime:0.000033s ]
INFO: [ view_filter ] --END-- [ RunTime:0.000061s ]
INFO: [ app_end ] --START--
INFO: Run Behavior\ShowPageTraceBehavior [ RunTime:0.000032s ]
INFO: [ app_end ] --END-- [ RunTime:0.000063s ]

[ 2016-05-16T18:50:54+08:00 ] 42.156.136.77 /mobile/app/b2b/index.php/News/Index/detail/aid/6293
INFO: [ app_init ] --START--
INFO: Run Behavior\BuildLiteBehavior [ RunTime:0.000013s ]
INFO: [ app_init ] --END-- [ RunTime:0.000107s ]
INFO: [ app_begin ] --START--
INFO: Run Behavior\ReadHtmlCacheBehavior [ RunTime:0.000033s ]
INFO: [ app_begin ] --END-- [ RunTime:0.000067s ]
NOTIC: [8] A session had already been started - ignoring session_start() /home/wwwroot/default/shopnc/mobile/app/b2b/ThinkPHP/Common/functions.php 第 1261 行.
SQL: SHOW COLUMNS FROM `hill_img` [ RunTime:0.0010s ]
SQL: SELECT `cyte`,`body`,`zuobiao`,`pics`,`mobile_img` FROM `hill_img` WHERE ( aid='6293' ) LIMIT 1   [ RunTime:0.0004s ]
SQL: SHOW COLUMNS FROM `archives` [ RunTime:0.0009s ]
SQL: SELECT `title` FROM `archives` WHERE ( id=6293 ) LIMIT 1   [ RunTime:0.0003s ]
SQL: select id,title from archives where title like '%攸乐——司土老寨%' limit 0,10 [ RunTime:0.0029s ]
INFO: [ view_parse ] --START--
INFO: [ template_filter ] --START--
INFO: Run Behavior\ContentReplaceBehavior [ RunTime:0.000059s ]
INFO: [ template_filter ] --END-- [ RunTime:0.000095s ]
INFO: Run Behavior\ParseTemplateBehavior [ RunTime:0.002661s ]
INFO: [ view_parse ] --END-- [ RunTime:0.002701s ]
INFO: [ view_filter ] --START--
INFO: Run Behavior\WriteHtmlCacheBehavior [ RunTime:0.000034s ]
INFO: [ view_filter ] --END-- [ RunTime:0.000062s ]
INFO: [ app_end ] --START--
INFO: Run Behavior\ShowPageTraceBehavior [ RunTime:0.000031s ]
INFO: [ app_end ] --END-- [ RunTime:0.000060s ]

[ 2016-05-16T18:50:58+08:00 ] 42.120.161.77 /mobile/app/b2b/index.php/News/Index/detail/aid/842
INFO: [ app_init ] --START--
INFO: Run Behavior\BuildLiteBehavior [ RunTime:0.000012s ]
INFO: [ app_init ] --END-- [ RunTime:0.000077s ]
INFO: [ app_begin ] --START--
INFO: Run Behavior\ReadHtmlCacheBehavior [ RunTime:0.000035s ]
INFO: [ app_begin ] --END-- [ RunTime:0.000069s ]
NOTIC: [8] A session had already been started - ignoring session_start() /home/wwwroot/default/shopnc/mobile/app/b2b/ThinkPHP/Common/functions.php 第 1261 行.
SQL: SHOW COLUMNS FROM `hill_img` [ RunTime:0.0014s ]
SQL: SELECT `cyte`,`body`,`zuobiao`,`pics`,`mobile_img` FROM `hill_img` WHERE ( aid='842' ) LIMIT 1   [ RunTime:0.0002s ]
SQL: SHOW COLUMNS FROM `archives` [ RunTime:0.0008s ]
ERR: SQLSTATE[42S02]: Base table or view not found: 1146 Table 'shopncb2b2c.addonarticle' doesn't exist

[ 2016-05-16T18:50:59+08:00 ] 42.120.160.77 /mobile/app/b2b/index.php/News/Index/detail/aid/841
INFO: [ app_init ] --START--
INFO: Run Behavior\BuildLiteBehavior [ RunTime:0.000013s ]
INFO: [ app_init ] --END-- [ RunTime:0.000096s ]
INFO: [ app_begin ] --START--
INFO: Run Behavior\ReadHtmlCacheBehavior [ RunTime:0.000034s ]
INFO: [ app_begin ] --END-- [ RunTime:0.000068s ]
NOTIC: [8] A session had already been started - ignoring session_start() /home/wwwroot/default/shopnc/mobile/app/b2b/ThinkPHP/Common/functions.php 第 1261 行.
SQL: SHOW COLUMNS FROM `hill_img` [ RunTime:0.0011s ]
SQL: SELECT `cyte`,`body`,`zuobiao`,`pics`,`mobile_img` FROM `hill_img` WHERE ( aid='841' ) LIMIT 1   [ RunTime:0.0002s ]
SQL: SHOW COLUMNS FROM `archives` [ RunTime:0.0006s ]
ERR: SQLSTATE[42S02]: Base table or view not found: 1146 Table 'shopncb2b2c.addonarticle' doesn't exist

[ 2016-05-16T18:50:59+08:00 ] 42.156.138.77 /mobile/app/b2b/index.php/News/Index/detail/aid/840
INFO: [ app_init ] --START--
INFO: Run Behavior\BuildLiteBehavior [ RunTime:0.000014s ]
INFO: [ app_init ] --END-- [ RunTime:0.000108s ]
INFO: [ app_begin ] --START--
INFO: Run Behavior\ReadHtmlCacheBehavior [ RunTime:0.000043s ]
INFO: [ app_begin ] --END-- [ RunTime:0.000083s ]
NOTIC: [8] A session had already been started - ignoring session_start() /home/wwwroot/default/shopnc/mobile/app/b2b/ThinkPHP/Common/functions.php 第 1261 行.
SQL: SHOW COLUMNS FROM `hill_img` [ RunTime:0.0012s ]
SQL: SELECT `cyte`,`body`,`zuobiao`,`pics`,`mobile_img` FROM `hill_img` WHERE ( aid='840' ) LIMIT 1   [ RunTime:0.0002s ]
SQL: SHOW COLUMNS FROM `archives` [ RunTime:0.0008s ]
ERR: SQLSTATE[42S02]: Base table or view not found: 1146 Table 'shopncb2b2c.addonarticle' doesn't exist

[ 2016-05-16T18:51:03+08:00 ] 42.156.136.77 /mobile/app/b2b/index.php/News/Index/detail/aid/3118
INFO: [ app_init ] --START--
INFO: Run Behavior\BuildLiteBehavior [ RunTime:0.000013s ]
INFO: [ app_init ] --END-- [ RunTime:0.000078s ]
INFO: [ app_begin ] --START--
INFO: Run Behavior\ReadHtmlCacheBehavior [ RunTime:0.000034s ]
INFO: [ app_begin ] --END-- [ RunTime:0.000069s ]
NOTIC: [8] A session had already been started - ignoring session_start() /home/wwwroot/default/shopnc/mobile/app/b2b/ThinkPHP/Common/functions.php 第 1261 行.
SQL: SHOW COLUMNS FROM `hill_img` [ RunTime:0.0010s ]
SQL: SELECT `cyte`,`body`,`zuobiao`,`pics`,`mobile_img` FROM `hill_img` WHERE ( aid='3118' ) LIMIT 1   [ RunTime:0.0002s ]
SQL: SHOW COLUMNS FROM `archives` [ RunTime:0.0007s ]
ERR: SQLSTATE[42S02]: Base table or view not found: 1146 Table 'shopncb2b2c.addonarticle' doesn't exist

[ 2016-05-16T18:51:05+08:00 ] 42.156.139.77 /mobile/app/b2b/index.php/News/Index/detail/aid/825
INFO: [ app_init ] --START--
INFO: Run Behavior\BuildLiteBehavior [ RunTime:0.000012s ]
INFO: [ app_init ] --END-- [ RunTime:0.000080s ]
INFO: [ app_begin ] --START--
INFO: Run Behavior\ReadHtmlCacheBehavior [ RunTime:0.000033s ]
INFO: [ app_begin ] --END-- [ RunTime:0.000067s ]
NOTIC: [8] A session had already been started - ignoring session_start() /home/wwwroot/default/shopnc/mobile/app/b2b/ThinkPHP/Common/functions.php 第 1261 行.
SQL: SHOW COLUMNS FROM `hill_img` [ RunTime:0.0012s ]
SQL: SELECT `cyte`,`body`,`zuobiao`,`pics`,`mobile_img` FROM `hill_img` WHERE ( aid='825' ) LIMIT 1   [ RunTime:0.0002s ]
SQL: SHOW COLUMNS FROM `archives` [ RunTime:0.0007s ]
ERR: SQLSTATE[42S02]: Base table or view not found: 1146 Table 'shopncb2b2c.addonarticle' doesn't exist

[ 2016-05-16T18:51:10+08:00 ] 42.120.160.77 /mobile/app/b2b/index.php/News/Index/detail/aid/821
INFO: [ app_init ] --START--
INFO: Run Behavior\BuildLiteBehavior [ RunTime:0.000013s ]
INFO: [ app_init ] --END-- [ RunTime:0.000079s ]
INFO: [ app_begin ] --START--
INFO: Run Behavior\ReadHtmlCacheBehavior [ RunTime:0.000034s ]
INFO: [ app_begin ] --END-- [ RunTime:0.000067s ]
NOTIC: [8] A session had already been started - ignoring session_start() /home/wwwroot/default/shopnc/mobile/app/b2b/ThinkPHP/Common/functions.php 第 1261 行.
SQL: SHOW COLUMNS FROM `hill_img` [ RunTime:0.0011s ]
SQL: SELECT `cyte`,`body`,`zuobiao`,`pics`,`mobile_img` FROM `hill_img` WHERE ( aid='821' ) LIMIT 1   [ RunTime:0.0002s ]
SQL: SHOW COLUMNS FROM `archives` [ RunTime:0.0007s ]
ERR: SQLSTATE[42S02]: Base table or view not found: 1146 Table 'shopncb2b2c.addonarticle' doesn't exist

[ 2016-05-16T18:51:11+08:00 ] 42.156.136.77 /mobile/app/b2b/index.php/News/Index/detail/aid/6243
INFO: [ app_init ] --START--
INFO: Run Behavior\BuildLiteBehavior [ RunTime:0.000013s ]
INFO: [ app_init ] --END-- [ RunTime:0.000078s ]
INFO: [ app_begin ] --START--
INFO: Run Behavior\ReadHtmlCacheBehavior [ RunTime:0.000033s ]
INFO: [ app_begin ] --END-- [ RunTime:0.000067s ]
NOTIC: [8] A session had already been started - ignoring session_start() /home/wwwroot/default/shopnc/mobile/app/b2b/ThinkPHP/Common/functions.php 第 1261 行.
SQL: SHOW COLUMNS FROM `hill_img` [ RunTime:0.0011s ]
SQL: SELECT `cyte`,`body`,`zuobiao`,`pics`,`mobile_img` FROM `hill_img` WHERE ( aid='6243' ) LIMIT 1   [ RunTime:0.0002s ]
SQL: SHOW COLUMNS FROM `archives` [ RunTime:0.0007s ]
SQL: SELECT `title` FROM `archives` WHERE ( id=6243 ) LIMIT 1   [ RunTime:0.0002s ]
SQL: select id,title from archives where title like '%黑砖%' limit 0,10 [ RunTime:0.0029s ]
INFO: [ view_parse ] --START--
INFO: [ template_filter ] --START--
INFO: Run Behavior\ContentReplaceBehavior [ RunTime:0.000058s ]
INFO: [ template_filter ] --END-- [ RunTime:0.000094s ]
INFO: Run Behavior\ParseTemplateBehavior [ RunTime:0.002696s ]
INFO: [ view_parse ] --END-- [ RunTime:0.002736s ]
INFO: [ view_filter ] --START--
INFO: Run Behavior\WriteHtmlCacheBehavior [ RunTime:0.000033s ]
INFO: [ view_filter ] --END-- [ RunTime:0.000060s ]
INFO: [ app_end ] --START--
INFO: Run Behavior\ShowPageTraceBehavior [ RunTime:0.000031s ]
INFO: [ app_end ] --END-- [ RunTime:0.000059s ]

[ 2016-05-16T18:51:13+08:00 ] 42.156.137.77 /mobile/app/b2b/index.php/News/Index/detail/aid/5873
INFO: [ app_init ] --START--
INFO: Run Behavior\BuildLiteBehavior [ RunTime:0.000013s ]
INFO: [ app_init ] --END-- [ RunTime:0.000078s ]
INFO: [ app_begin ] --START--
INFO: Run Behavior\ReadHtmlCacheBehavior [ RunTime:0.000035s ]
INFO: [ app_begin ] --END-- [ RunTime:0.000082s ]
NOTIC: [8] A session had already been started - ignoring session_start() /home/wwwroot/default/shopnc/mobile/app/b2b/ThinkPHP/Common/functions.php 第 1261 行.
SQL: SHOW COLUMNS FROM `hill_img` [ RunTime:0.0011s ]
SQL: SELECT `cyte`,`body`,`zuobiao`,`pics`,`mobile_img` FROM `hill_img` WHERE ( aid='5873' ) LIMIT 1   [ RunTime:0.0002s ]
SQL: SHOW COLUMNS FROM `archives` [ RunTime:0.0007s ]
SQL: SELECT `title` FROM `archives` WHERE ( id=5873 ) LIMIT 1   [ RunTime:0.0002s ]
SQL: select id,title from archives where title like '%毛蟹%' limit 0,10 [ RunTime:0.0029s ]
INFO: [ view_parse ] --START--
INFO: [ template_filter ] --START--
INFO: Run Behavior\ContentReplaceBehavior [ RunTime:0.000060s ]
INFO: [ template_filter ] --END-- [ RunTime:0.000106s ]
INFO: Run Behavior\ParseTemplateBehavior [ RunTime:0.002714s ]
INFO: [ view_parse ] --END-- [ RunTime:0.002756s ]
INFO: [ view_filter ] --START--
INFO: Run Behavior\WriteHtmlCacheBehavior [ RunTime:0.000033s ]
INFO: [ view_filter ] --END-- [ RunTime:0.000062s ]
INFO: [ app_end ] --START--
INFO: Run Behavior\ShowPageTraceBehavior [ RunTime:0.000049s ]
INFO: [ app_end ] --END-- [ RunTime:0.000080s ]

[ 2016-05-16T18:51:18+08:00 ] 42.120.161.77 /mobile/app/b2b/index.php/News/Index/detail/aid/6295
INFO: [ app_init ] --START--
INFO: Run Behavior\BuildLiteBehavior [ RunTime:0.000012s ]
INFO: [ app_init ] --END-- [ RunTime:0.000076s ]
INFO: [ app_begin ] --START--
INFO: Run Behavior\ReadHtmlCacheBehavior [ RunTime:0.000034s ]
INFO: [ app_begin ] --END-- [ RunTime:0.000068s ]
NOTIC: [8] A session had already been started - ignoring session_start() /home/wwwroot/default/shopnc/mobile/app/b2b/ThinkPHP/Common/functions.php 第 1261 行.
SQL: SHOW COLUMNS FROM `hill_img` [ RunTime:0.0011s ]
SQL: SELECT `cyte`,`body`,`zuobiao`,`pics`,`mobile_img` FROM `hill_img` WHERE ( aid='6295' ) LIMIT 1   [ RunTime:0.0003s ]
SQL: SHOW COLUMNS FROM `archives` [ RunTime:0.0007s ]
SQL: SELECT `title` FROM `archives` WHERE ( id=6295 ) LIMIT 1   [ RunTime:0.0002s ]
SQL: select id,title from archives where title like '%昔归%' limit 0,10 [ RunTime:0.0030s ]
INFO: [ view_parse ] --START--
INFO: [ template_filter ] --START--
INFO: Run Behavior\ContentReplaceBehavior [ RunTime:0.000058s ]
INFO: [ template_filter ] --END-- [ RunTime:0.000094s ]
INFO: Run Behavior\ParseTemplateBehavior [ RunTime:0.002774s ]
INFO: [ view_parse ] --END-- [ RunTime:0.002813s ]
INFO: [ view_filter ] --START--
INFO: Run Behavior\WriteHtmlCacheBehavior [ RunTime:0.000033s ]
INFO: [ view_filter ] --END-- [ RunTime:0.000060s ]
INFO: [ app_end ] --START--
INFO: Run Behavior\ShowPageTraceBehavior [ RunTime:0.000032s ]
INFO: [ app_end ] --END-- [ RunTime:0.000063s ]

[ 2016-05-16T18:51:19+08:00 ] 42.156.138.77 /mobile/app/b2b/index.php/News/Index/detail/aid/5881
INFO: [ app_init ] --START--
INFO: Run Behavior\BuildLiteBehavior [ RunTime:0.000013s ]
INFO: [ app_init ] --END-- [ RunTime:0.000083s ]
INFO: [ app_begin ] --START--
INFO: Run Behavior\ReadHtmlCacheBehavior [ RunTime:0.000034s ]
INFO: [ app_begin ] --END-- [ RunTime:0.000068s ]
NOTIC: [8] A session had already been started - ignoring session_start() /home/wwwroot/default/shopnc/mobile/app/b2b/ThinkPHP/Common/functions.php 第 1261 行.
SQL: SHOW COLUMNS FROM `hill_img` [ RunTime:0.0011s ]
SQL: SELECT `cyte`,`body`,`zuobiao`,`pics`,`mobile_img` FROM `hill_img` WHERE ( aid='5881' ) LIMIT 1   [ RunTime:0.0004s ]
SQL: SHOW COLUMNS FROM `archives` [ RunTime:0.0008s ]
SQL: SELECT `title` FROM `archives` WHERE ( id=5881 ) LIMIT 1   [ RunTime:0.0003s ]
SQL: select id,title from archives where title like '%木栅铁观音%' limit 0,10 [ RunTime:0.0029s ]
INFO: [ view_parse ] --START--
INFO: [ template_filter ] --START--
INFO: Run Behavior\ContentReplaceBehavior [ RunTime:0.000079s ]
INFO: [ template_filter ] --END-- [ RunTime:0.000129s ]
INFO: Run Behavior\ParseTemplateBehavior [ RunTime:0.002798s ]
INFO: [ view_parse ] --END-- [ RunTime:0.002836s ]
INFO: [ view_filter ] --START--
INFO: Run Behavior\WriteHtmlCacheBehavior [ RunTime:0.000033s ]
INFO: [ view_filter ] --END-- [ RunTime:0.000060s ]
INFO: [ app_end ] --START--
INFO: Run Behavior\ShowPageTraceBehavior [ RunTime:0.000031s ]
INFO: [ app_end ] --END-- [ RunTime:0.000060s ]

[ 2016-05-16T18:51:19+08:00 ] 42.120.160.77 /mobile/app/b2b/index.php/News/Index/detail/aid/5887
INFO: [ app_init ] --START--
INFO: Run Behavior\BuildLiteBehavior [ RunTime:0.000012s ]
INFO: [ app_init ] --END-- [ RunTime:0.000079s ]
INFO: [ app_begin ] --START--
INFO: Run Behavior\ReadHtmlCacheBehavior [ RunTime:0.000034s ]
INFO: [ app_begin ] --END-- [ RunTime:0.000067s ]
NOTIC: [8] A session had already been started - ignoring session_start() /home/wwwroot/default/shopnc/mobile/app/b2b/ThinkPHP/Common/functions.php 第 1261 行.
SQL: SHOW COLUMNS FROM `hill_img` [ RunTime:0.0011s ]
SQL: SELECT `cyte`,`body`,`zuobiao`,`pics`,`mobile_img` FROM `hill_img` WHERE ( aid='5887' ) LIMIT 1   [ RunTime:0.0002s ]
SQL: SHOW COLUMNS FROM `archives` [ RunTime:0.0006s ]
SQL: SELECT `title` FROM `archives` WHERE ( id=5887 ) LIMIT 1   [ RunTime:0.0002s ]
SQL: select id,title from archives where title like '%湖北老青茶%' limit 0,10 [ RunTime:0.0030s ]
INFO: [ view_parse ] --START--
INFO: [ template_filter ] --START--
INFO: Run Behavior\ContentReplaceBehavior [ RunTime:0.000063s ]
INFO: [ template_filter ] --END-- [ RunTime:0.000100s ]
INFO: Run Behavior\ParseTemplateBehavior [ RunTime:0.002722s ]
INFO: [ view_parse ] --END-- [ RunTime:0.002763s ]
INFO: [ view_filter ] --START--
INFO: Run Behavior\WriteHtmlCacheBehavior [ RunTime:0.000042s ]
INFO: [ view_filter ] --END-- [ RunTime:0.000084s ]
INFO: [ app_end ] --START--
INFO: Run Behavior\ShowPageTraceBehavior [ RunTime:0.000034s ]
INFO: [ app_end ] --END-- [ RunTime:0.000065s ]

[ 2016-05-16T18:51:24+08:00 ] 42.120.161.77 /mobile/app/b2b/index.php/News/Index/detail/aid/5884
INFO: [ app_init ] --START--
INFO: Run Behavior\BuildLiteBehavior [ RunTime:0.000012s ]
INFO: [ app_init ] --END-- [ RunTime:0.000079s ]
INFO: [ app_begin ] --START--
INFO: Run Behavior\ReadHtmlCacheBehavior [ RunTime:0.000033s ]
INFO: [ app_begin ] --END-- [ RunTime:0.000066s ]
NOTIC: [8] A session had already been started - ignoring session_start() /home/wwwroot/default/shopnc/mobile/app/b2b/ThinkPHP/Common/functions.php 第 1261 行.
SQL: SHOW COLUMNS FROM `hill_img` [ RunTime:0.0011s ]
SQL: SELECT `cyte`,`body`,`zuobiao`,`pics`,`mobile_img` FROM `hill_img` WHERE ( aid='5884' ) LIMIT 1   [ RunTime:0.0002s ]
SQL: SHOW COLUMNS FROM `archives` [ RunTime:0.0006s ]
SQL: SELECT `title` FROM `archives` WHERE ( id=5884 ) LIMIT 1   [ RunTime:0.0002s ]
SQL: select id,title from archives where title like '%浮梁工夫%' limit 0,10 [ RunTime:0.0029s ]
INFO: [ view_parse ] --START--
INFO: [ template_filter ] --START--
INFO: Run Behavior\ContentReplaceBehavior [ RunTime:0.000053s ]
INFO: [ template_filter ] --END-- [ RunTime:0.000089s ]
INFO: Run Behavior\ParseTemplateBehavior [ RunTime:0.002599s ]
INFO: [ view_parse ] --END-- [ RunTime:0.002639s ]
INFO: [ view_filter ] --START--
INFO: Run Behavior\WriteHtmlCacheBehavior [ RunTime:0.000032s ]
INFO: [ view_filter ] --END-- [ RunTime:0.000060s ]
INFO: [ app_end ] --START--
INFO: Run Behavior\ShowPageTraceBehavior [ RunTime:0.000031s ]
INFO: [ app_end ] --END-- [ RunTime:0.000059s ]

[ 2016-05-16T18:51:29+08:00 ] 42.156.138.77 /mobile/app/b2b/index.php/News/Index/detail/aid/6281
INFO: [ app_init ] --START--
INFO: Run Behavior\BuildLiteBehavior [ RunTime:0.000013s ]
INFO: [ app_init ] --END-- [ RunTime:0.000080s ]
INFO: [ app_begin ] --START--
INFO: Run Behavior\ReadHtmlCacheBehavior [ RunTime:0.000033s ]
INFO: [ app_begin ] --END-- [ RunTime:0.000067s ]
NOTIC: [8] A session had already been started - ignoring session_start() /home/wwwroot/default/shopnc/mobile/app/b2b/ThinkPHP/Common/functions.php 第 1261 行.
SQL: SHOW COLUMNS FROM `hill_img` [ RunTime:0.0009s ]
SQL: SELECT `cyte`,`body`,`zuobiao`,`pics`,`mobile_img` FROM `hill_img` WHERE ( aid='6281' ) LIMIT 1   [ RunTime:0.0004s ]
SQL: SHOW COLUMNS FROM `archives` [ RunTime:0.0009s ]
SQL: SELECT `title` FROM `archives` WHERE ( id=6281 ) LIMIT 1   [ RunTime:0.0003s ]
SQL: select id,title from archives where title like '%湖头铁观音%' limit 0,10 [ RunTime:0.0033s ]
INFO: [ view_parse ] --START--
INFO: [ template_filter ] --START--
INFO: Run Behavior\ContentReplaceBehavior [ RunTime:0.000062s ]
INFO: [ template_filter ] --END-- [ RunTime:0.000102s ]
INFO: Run Behavior\ParseTemplateBehavior [ RunTime:0.002717s ]
INFO: [ view_parse ] --END-- [ RunTime:0.002760s ]
INFO: [ view_filter ] --START--
INFO: Run Behavior\WriteHtmlCacheBehavior [ RunTime:0.000033s ]
INFO: [ view_filter ] --END-- [ RunTime:0.000062s ]
INFO: [ app_end ] --START--
INFO: Run Behavior\ShowPageTraceBehavior [ RunTime:0.000036s ]
INFO: [ app_end ] --END-- [ RunTime:0.000085s ]

