[ 2015-06-01T12:38:53+08:00 ] 27.152.134.185 /shopncb2b2c/wap/
INFO: [ app_init ] --START--
INFO: Run Behavior\BuildLiteBehavior [ RunTime:0.000000s ]
INFO: [ app_init ] --END-- [ RunTime:0.000000s ]
INFO: [ app_begin ] --START--
INFO: Run Behavior\ReadHtmlCacheBehavior [ RunTime:0.000977s ]
INFO: [ app_begin ] --END-- [ RunTime:0.000977s ]
SQL: SHOW COLUMNS FROM `shopnc_brand` [ RunTime:0.0020s ]
SQL: SELECT * FROM `shopnc_brand` WHERE ( brand_recommend='1' ) ORDER BY brand_sort desc LIMIT 8   [ RunTime:0.0225s ]
SQL: SHOW COLUMNS FROM `shopnc_p_xianshi_goods` [ RunTime:0.0020s ]
SQL: SELECT * FROM `shopnc_p_xianshi_goods` WHERE ( state='1' and xianshi_recommend='1' ) ORDER BY `order` desc LIMIT 3   [ RunTime:0.0166s ]
INFO: [ view_parse ] --START--
INFO: [ template_filter ] --START--
INFO: Run Behavior\ContentReplaceBehavior [ RunTime:0.000000s ]
INFO: [ template_filter ] --END-- [ RunTime:0.000000s ]
INFO: Run Behavior\ParseTemplateBehavior [ RunTime:0.009766s ]
INFO: [ view_parse ] --END-- [ RunTime:0.009766s ]
INFO: [ view_filter ] --START--
INFO: Run Behavior\WriteHtmlCacheBehavior [ RunTime:0.000000s ]
INFO: [ view_filter ] --END-- [ RunTime:0.000000s ]
INFO: [ app_end ] --START--
INFO: Run Behavior\ShowPageTraceBehavior [ RunTime:0.000977s ]
INFO: [ app_end ] --END-- [ RunTime:0.000977s ]

[ 2015-06-01T12:38:59+08:00 ] 27.152.134.185 /shopncb2b2c/wap/index.php?type=web
INFO: [ app_init ] --START--
INFO: Run Behavior\BuildLiteBehavior [ RunTime:0.000000s ]
INFO: [ app_init ] --END-- [ RunTime:0.000000s ]
INFO: [ app_begin ] --START--
INFO: Run Behavior\ReadHtmlCacheBehavior [ RunTime:0.000977s ]
INFO: [ app_begin ] --END-- [ RunTime:0.000977s ]
SQL: SHOW COLUMNS FROM `shopnc_brand` [ RunTime:0.0029s ]
SQL: SELECT * FROM `shopnc_brand` WHERE ( brand_recommend='1' ) ORDER BY brand_sort desc LIMIT 8   [ RunTime:0.0010s ]
SQL: SHOW COLUMNS FROM `shopnc_p_xianshi_goods` [ RunTime:0.0020s ]
SQL: SELECT * FROM `shopnc_p_xianshi_goods` WHERE ( state='1' and xianshi_recommend='1' ) ORDER BY `order` desc LIMIT 3   [ RunTime:0.0000s ]
INFO: [ view_parse ] --START--
INFO: [ template_filter ] --START--
INFO: Run Behavior\ContentReplaceBehavior [ RunTime:0.000977s ]
INFO: [ template_filter ] --END-- [ RunTime:0.000977s ]
INFO: Run Behavior\ParseTemplateBehavior [ RunTime:0.008789s ]
INFO: [ view_parse ] --END-- [ RunTime:0.009766s ]
INFO: [ view_filter ] --START--
INFO: Run Behavior\WriteHtmlCacheBehavior [ RunTime:0.000977s ]
INFO: [ view_filter ] --END-- [ RunTime:0.000977s ]
INFO: [ app_end ] --START--
INFO: Run Behavior\ShowPageTraceBehavior [ RunTime:0.000000s ]
INFO: [ app_end ] --END-- [ RunTime:0.000000s ]

[ 2015-06-01T12:39:01+08:00 ] 27.152.134.185 /shopncb2b2c/wap/index.php?type=web
INFO: [ app_init ] --START--
INFO: Run Behavior\BuildLiteBehavior [ RunTime:0.000000s ]
INFO: [ app_init ] --END-- [ RunTime:0.000000s ]
INFO: [ app_begin ] --START--
INFO: Run Behavior\ReadHtmlCacheBehavior [ RunTime:0.000977s ]
INFO: [ app_begin ] --END-- [ RunTime:0.000977s ]
SQL: SHOW COLUMNS FROM `shopnc_brand` [ RunTime:0.0020s ]
SQL: SELECT * FROM `shopnc_brand` WHERE ( brand_recommend='1' ) ORDER BY brand_sort desc LIMIT 8   [ RunTime:0.0000s ]
SQL: SHOW COLUMNS FROM `shopnc_p_xianshi_goods` [ RunTime:0.0029s ]
SQL: SELECT * FROM `shopnc_p_xianshi_goods` WHERE ( state='1' and xianshi_recommend='1' ) ORDER BY `order` desc LIMIT 3   [ RunTime:0.0010s ]
INFO: [ view_parse ] --START--
INFO: [ template_filter ] --START--
INFO: Run Behavior\ContentReplaceBehavior [ RunTime:0.000000s ]
INFO: [ template_filter ] --END-- [ RunTime:0.000000s ]
INFO: Run Behavior\ParseTemplateBehavior [ RunTime:0.008789s ]
INFO: [ view_parse ] --END-- [ RunTime:0.008789s ]
INFO: [ view_filter ] --START--
INFO: Run Behavior\WriteHtmlCacheBehavior [ RunTime:0.000977s ]
INFO: [ view_filter ] --END-- [ RunTime:0.000977s ]
INFO: [ app_end ] --START--
INFO: Run Behavior\ShowPageTraceBehavior [ RunTime:0.000976s ]
INFO: [ app_end ] --END-- [ RunTime:0.000976s ]

[ 2015-06-01T12:39:09+08:00 ] 27.152.134.185 /shopncb2b2c/wap/index.php?type=web
INFO: [ app_init ] --START--
INFO: Run Behavior\BuildLiteBehavior [ RunTime:0.000000s ]
INFO: [ app_init ] --END-- [ RunTime:0.000000s ]
INFO: [ app_begin ] --START--
INFO: Run Behavior\ReadHtmlCacheBehavior [ RunTime:0.000977s ]
INFO: [ app_begin ] --END-- [ RunTime:0.000977s ]
SQL: SHOW COLUMNS FROM `shopnc_brand` [ RunTime:0.0020s ]
SQL: SELECT * FROM `shopnc_brand` WHERE ( brand_recommend='1' ) ORDER BY brand_sort desc LIMIT 8   [ RunTime:0.0010s ]
SQL: SHOW COLUMNS FROM `shopnc_p_xianshi_goods` [ RunTime:0.0029s ]
SQL: SELECT * FROM `shopnc_p_xianshi_goods` WHERE ( state='1' and xianshi_recommend='1' ) ORDER BY `order` desc LIMIT 3   [ RunTime:0.0000s ]
INFO: [ view_parse ] --START--
INFO: [ template_filter ] --START--
INFO: Run Behavior\ContentReplaceBehavior [ RunTime:0.000976s ]
INFO: [ template_filter ] --END-- [ RunTime:0.000976s ]
INFO: Run Behavior\ParseTemplateBehavior [ RunTime:0.009766s ]
INFO: [ view_parse ] --END-- [ RunTime:0.009766s ]
INFO: [ view_filter ] --START--
INFO: Run Behavior\WriteHtmlCacheBehavior [ RunTime:0.000000s ]
INFO: [ view_filter ] --END-- [ RunTime:0.000000s ]
INFO: [ app_end ] --START--
INFO: Run Behavior\ShowPageTraceBehavior [ RunTime:0.000000s ]
INFO: [ app_end ] --END-- [ RunTime:0.000000s ]

[ 2015-06-01T18:43:05+08:00 ] 117.136.75.60 /shopncb2b2c/wap/index.php?type=web
INFO: [ app_init ] --START--
INFO: Run Behavior\BuildLiteBehavior [ RunTime:0.000000s ]
INFO: [ app_init ] --END-- [ RunTime:0.000977s ]
INFO: [ app_begin ] --START--
INFO: Run Behavior\ReadHtmlCacheBehavior [ RunTime:0.000000s ]
INFO: [ app_begin ] --END-- [ RunTime:0.000976s ]
SQL: SHOW COLUMNS FROM `shopnc_brand` [ RunTime:0.0029s ]
SQL: SELECT * FROM `shopnc_brand` WHERE ( brand_recommend='1' ) ORDER BY brand_sort desc LIMIT 8   [ RunTime:0.0010s ]
SQL: SHOW COLUMNS FROM `shopnc_p_xianshi_goods` [ RunTime:0.0020s ]
SQL: SELECT * FROM `shopnc_p_xianshi_goods` WHERE ( state='1' and xianshi_recommend='1' ) ORDER BY `order` desc LIMIT 3   [ RunTime:0.0010s ]
INFO: [ view_parse ] --START--
INFO: [ template_filter ] --START--
INFO: Run Behavior\ContentReplaceBehavior [ RunTime:0.000000s ]
INFO: [ template_filter ] --END-- [ RunTime:0.000000s ]
INFO: Run Behavior\ParseTemplateBehavior [ RunTime:0.009766s ]
INFO: [ view_parse ] --END-- [ RunTime:0.009766s ]
INFO: [ view_filter ] --START--
INFO: Run Behavior\WriteHtmlCacheBehavior [ RunTime:0.000000s ]
INFO: [ view_filter ] --END-- [ RunTime:0.000000s ]
INFO: [ app_end ] --START--
INFO: Run Behavior\ShowPageTraceBehavior [ RunTime:0.000976s ]
INFO: [ app_end ] --END-- [ RunTime:0.000976s ]

