[ 2015-11-20T09:06:12+08:00 ] 27.154.23.183 /wap/
INFO: [ app_init ] --START--
INFO: Run Behavior\BuildLiteBehavior [ RunTime:0.000013s ]
INFO: [ app_init ] --END-- [ RunTime:0.000091s ]
INFO: [ app_begin ] --START--
INFO: Run Behavior\ReadHtmlCacheBehavior [ RunTime:0.000036s ]
INFO: [ app_begin ] --END-- [ RunTime:0.000071s ]
NOTIC: [2] session_start(): open(../data/session//sess_gq7c3t4k5dea94nm411r2e11t0, O_RDWR) failed: Permission denied (13) /home/wwwroot/default/shopnc/wap/ThinkPHP/Common/functions.php 第 1261 行.
SQL: SHOW COLUMNS FROM `shopnc_brand` [ RunTime:0.0008s ]
SQL: SELECT * FROM `shopnc_brand` WHERE ( brand_recommend='1' ) ORDER BY brand_sort desc LIMIT 8   [ RunTime:0.0004s ]
SQL: SHOW COLUMNS FROM `shopnc_p_xianshi_goods` [ RunTime:0.0005s ]
SQL: SELECT * FROM `shopnc_p_xianshi_goods` WHERE ( state='1' and xianshi_recommend='1' ) ORDER BY `order` desc LIMIT 3   [ RunTime:0.0003s ]
SQL: SHOW COLUMNS FROM `shopnc_link` [ RunTime:0.0004s ]
SQL: SELECT * FROM `shopnc_link` WHERE ( link_sort='255' )  [ RunTime:0.0002s ]
INFO: [ view_parse ] --START--
INFO: [ template_filter ] --START--
INFO: Run Behavior\ContentReplaceBehavior [ RunTime:0.000104s ]
INFO: [ template_filter ] --END-- [ RunTime:0.000143s ]
NOTIC: [8] Undefined variable: khd /home/wwwroot/default/shopnc/wap/Application/Runtime/Cache/Home/2a94b8bda04ff446dcedd42276fc99ee.php 第 41 行.
INFO: Run Behavior\ParseTemplateBehavior [ RunTime:0.005521s ]
INFO: [ view_parse ] --END-- [ RunTime:0.005556s ]
INFO: [ view_filter ] --START--
INFO: Run Behavior\WriteHtmlCacheBehavior [ RunTime:0.000037s ]
INFO: [ view_filter ] --END-- [ RunTime:0.000065s ]
INFO: [ app_end ] --START--
INFO: Run Behavior\ShowPageTraceBehavior [ RunTime:0.000041s ]
INFO: [ app_end ] --END-- [ RunTime:0.000076s ]

[ 2015-11-20T09:06:12+08:00 ] 27.154.23.183 /wap/index.php/Home/Index/home
INFO: [ app_init ] --START--
INFO: Run Behavior\BuildLiteBehavior [ RunTime:0.000011s ]
INFO: [ app_init ] --END-- [ RunTime:0.000070s ]
INFO: [ app_begin ] --START--
INFO: Run Behavior\ReadHtmlCacheBehavior [ RunTime:0.000031s ]
INFO: [ app_begin ] --END-- [ RunTime:0.000064s ]
NOTIC: [2] session_start(): open(../data/session//sess_gq7c3t4k5dea94nm411r2e11t0, O_RDWR) failed: Permission denied (13) /home/wwwroot/default/shopnc/wap/ThinkPHP/Common/functions.php 第 1261 行.
SQL: SHOW COLUMNS FROM `shopnc_home_pic` [ RunTime:0.0007s ]
SQL: SELECT * FROM `shopnc_home_pic` WHERE ( state='1' )  [ RunTime:0.0003s ]
SQL: SHOW COLUMNS FROM `shopnc_p_xianshi_goods` [ RunTime:0.0005s ]
SQL: SELECT * FROM `shopnc_p_xianshi_goods` WHERE ( state='1' and start_time<'1447981572' and end_time>'1447981572' ) ORDER BY `order` desc LIMIT 1   [ RunTime:0.0003s ]
INFO: [ view_parse ] --START--
INFO: [ template_filter ] --START--
INFO: Run Behavior\ContentReplaceBehavior [ RunTime:0.000074s ]
INFO: [ template_filter ] --END-- [ RunTime:0.000112s ]
INFO: Run Behavior\ParseTemplateBehavior [ RunTime:0.003961s ]
INFO: [ view_parse ] --END-- [ RunTime:0.003998s ]
INFO: [ view_filter ] --START--
INFO: Run Behavior\WriteHtmlCacheBehavior [ RunTime:0.000030s ]
INFO: [ view_filter ] --END-- [ RunTime:0.000059s ]
INFO: [ app_end ] --START--
INFO: Run Behavior\ShowPageTraceBehavior [ RunTime:0.000030s ]
INFO: [ app_end ] --END-- [ RunTime:0.000058s ]

[ 2015-11-20T09:06:13+08:00 ] 27.154.23.183 /wap/index.php/Home/Index/homeapi
INFO: [ app_init ] --START--
INFO: Run Behavior\BuildLiteBehavior [ RunTime:0.000013s ]
INFO: [ app_init ] --END-- [ RunTime:0.000083s ]
INFO: [ app_begin ] --START--
INFO: Run Behavior\ReadHtmlCacheBehavior [ RunTime:0.000030s ]
INFO: [ app_begin ] --END-- [ RunTime:0.000061s ]
NOTIC: [2] session_start(): open(../data/session//sess_gq7c3t4k5dea94nm411r2e11t0, O_RDWR) failed: Permission denied (13) /home/wwwroot/default/shopnc/wap/ThinkPHP/Common/functions.php 第 1261 行.
SQL: SHOW COLUMNS FROM `shopnc_favorites` [ RunTime:0.0007s ]
SQL: SELECT COUNT(*) AS tp_count FROM `shopnc_favorites` WHERE ( fav_id='101356' ) LIMIT 1   [ RunTime:0.0003s ]
INFO: [ app_end ] --START--
INFO: Run Behavior\ShowPageTraceBehavior [ RunTime:0.000043s ]
INFO: [ app_end ] --END-- [ RunTime:0.000087s ]

[ 2015-11-20T09:16:40+08:00 ] 27.154.23.183 /wap/index.php/Home/Index/home
INFO: [ app_init ] --START--
INFO: Run Behavior\BuildLiteBehavior [ RunTime:0.000013s ]
INFO: [ app_init ] --END-- [ RunTime:0.000092s ]
INFO: [ app_begin ] --START--
INFO: Run Behavior\ReadHtmlCacheBehavior [ RunTime:0.000036s ]
INFO: [ app_begin ] --END-- [ RunTime:0.000070s ]
NOTIC: [2] session_start(): open(../data/session//sess_gq7c3t4k5dea94nm411r2e11t0, O_RDWR) failed: Permission denied (13) /home/wwwroot/default/shopnc/wap/ThinkPHP/Common/functions.php 第 1261 行.
SQL: SHOW COLUMNS FROM `shopnc_home_pic` [ RunTime:0.0008s ]
SQL: SELECT * FROM `shopnc_home_pic` WHERE ( state='1' )  [ RunTime:0.0003s ]
SQL: SHOW COLUMNS FROM `shopnc_p_xianshi_goods` [ RunTime:0.0005s ]
SQL: SELECT * FROM `shopnc_p_xianshi_goods` WHERE ( state='1' and start_time<'1447982200' and end_time>'1447982200' ) ORDER BY `order` desc LIMIT 1   [ RunTime:0.0003s ]
INFO: [ view_parse ] --START--
INFO: [ template_filter ] --START--
INFO: Run Behavior\ContentReplaceBehavior [ RunTime:0.000073s ]
INFO: [ template_filter ] --END-- [ RunTime:0.000110s ]
INFO: Run Behavior\ParseTemplateBehavior [ RunTime:0.003732s ]
INFO: [ view_parse ] --END-- [ RunTime:0.003769s ]
INFO: [ view_filter ] --START--
INFO: Run Behavior\WriteHtmlCacheBehavior [ RunTime:0.000036s ]
INFO: [ view_filter ] --END-- [ RunTime:0.000064s ]
INFO: [ app_end ] --START--
INFO: Run Behavior\ShowPageTraceBehavior [ RunTime:0.000035s ]
INFO: [ app_end ] --END-- [ RunTime:0.000064s ]

[ 2015-11-20T09:16:40+08:00 ] 27.154.23.183 /wap/index.php/Home/Index/homeapi
INFO: [ app_init ] --START--
INFO: Run Behavior\BuildLiteBehavior [ RunTime:0.000013s ]
INFO: [ app_init ] --END-- [ RunTime:0.000089s ]
INFO: [ app_begin ] --START--
INFO: Run Behavior\ReadHtmlCacheBehavior [ RunTime:0.000029s ]
INFO: [ app_begin ] --END-- [ RunTime:0.000065s ]
NOTIC: [2] session_start(): open(../data/session//sess_gq7c3t4k5dea94nm411r2e11t0, O_RDWR) failed: Permission denied (13) /home/wwwroot/default/shopnc/wap/ThinkPHP/Common/functions.php 第 1261 行.
SQL: SHOW COLUMNS FROM `shopnc_favorites` [ RunTime:0.0008s ]
SQL: SELECT COUNT(*) AS tp_count FROM `shopnc_favorites` WHERE ( fav_id='101356' ) LIMIT 1   [ RunTime:0.0003s ]
INFO: [ app_end ] --START--
INFO: Run Behavior\ShowPageTraceBehavior [ RunTime:0.000032s ]
INFO: [ app_end ] --END-- [ RunTime:0.000060s ]

[ 2015-11-20T09:25:18+08:00 ] 27.154.23.183 /wap/index.php/Home/index/brandLoad
INFO: [ app_init ] --START--
INFO: Run Behavior\BuildLiteBehavior [ RunTime:0.000018s ]
INFO: [ app_init ] --END-- [ RunTime:0.000130s ]
INFO: [ app_begin ] --START--
INFO: Run Behavior\ReadHtmlCacheBehavior [ RunTime:0.000056s ]
INFO: [ app_begin ] --END-- [ RunTime:0.000110s ]
NOTIC: [2] session_start(): open(../data/session//sess_gq7c3t4k5dea94nm411r2e11t0, O_RDWR) failed: Permission denied (13) /home/wwwroot/default/shopnc/wap/ThinkPHP/Common/functions.php 第 1261 行.
INFO: [ view_parse ] --START--
INFO: [ template_filter ] --START--
INFO: Run Behavior\ContentReplaceBehavior [ RunTime:0.000068s ]
INFO: [ template_filter ] --END-- [ RunTime:0.000127s ]
INFO: Run Behavior\ParseTemplateBehavior [ RunTime:0.002591s ]
INFO: [ view_parse ] --END-- [ RunTime:0.002650s ]
INFO: [ view_filter ] --START--
INFO: Run Behavior\WriteHtmlCacheBehavior [ RunTime:0.000052s ]
INFO: [ view_filter ] --END-- [ RunTime:0.000101s ]
INFO: [ app_end ] --START--
INFO: Run Behavior\ShowPageTraceBehavior [ RunTime:0.000052s ]
INFO: [ app_end ] --END-- [ RunTime:0.000102s ]

[ 2015-11-20T09:25:23+08:00 ] 27.154.23.183 /wap/index.php/Home/Index/brand/catId/1
INFO: [ app_init ] --START--
INFO: Run Behavior\BuildLiteBehavior [ RunTime:0.000013s ]
INFO: [ app_init ] --END-- [ RunTime:0.000106s ]
INFO: [ app_begin ] --START--
INFO: Run Behavior\ReadHtmlCacheBehavior [ RunTime:0.000033s ]
INFO: [ app_begin ] --END-- [ RunTime:0.000066s ]
NOTIC: [2] session_start(): open(../data/session//sess_gq7c3t4k5dea94nm411r2e11t0, O_RDWR) failed: Permission denied (13) /home/wwwroot/default/shopnc/wap/ThinkPHP/Common/functions.php 第 1261 行.
SQL: SHOW COLUMNS FROM `shopnc_goods_class` [ RunTime:0.0009s ]
SQL: SELECT * FROM `shopnc_goods_class` WHERE ( gc_parent_id='0' ) ORDER BY gc_sort Asc LIMIT 9   [ RunTime:0.0004s ]
INFO: [ view_parse ] --START--
INFO: [ template_filter ] --START--
INFO: Run Behavior\ContentReplaceBehavior [ RunTime:0.000061s ]
INFO: [ template_filter ] --END-- [ RunTime:0.000097s ]
INFO: Run Behavior\ParseTemplateBehavior [ RunTime:0.003695s ]
INFO: [ view_parse ] --END-- [ RunTime:0.003736s ]
INFO: [ view_filter ] --START--
INFO: Run Behavior\WriteHtmlCacheBehavior [ RunTime:0.000030s ]
INFO: [ view_filter ] --END-- [ RunTime:0.000058s ]
INFO: [ app_end ] --START--
INFO: Run Behavior\ShowPageTraceBehavior [ RunTime:0.000029s ]
INFO: [ app_end ] --END-- [ RunTime:0.000057s ]

[ 2015-11-20T09:25:24+08:00 ] 27.154.23.183 /wap/index.php/Home/Index/brandAjax
INFO: [ app_init ] --START--
INFO: Run Behavior\BuildLiteBehavior [ RunTime:0.000012s ]
INFO: [ app_init ] --END-- [ RunTime:0.000084s ]
INFO: [ app_begin ] --START--
INFO: Run Behavior\ReadHtmlCacheBehavior [ RunTime:0.000033s ]
INFO: [ app_begin ] --END-- [ RunTime:0.000066s ]
NOTIC: [2] session_start(): open(../data/session//sess_gq7c3t4k5dea94nm411r2e11t0, O_RDWR) failed: Permission denied (13) /home/wwwroot/default/shopnc/wap/ThinkPHP/Common/functions.php 第 1261 行.
SQL: SHOW COLUMNS FROM `shopnc_goods_class` [ RunTime:0.0009s ]
SQL: SELECT `gc_id` FROM `shopnc_goods_class` WHERE ( `gc_parent_id`='1' ) ORDER BY gc_sort ASC  [ RunTime:0.0003s ]
NOTIC: [2] Invalid argument supplied for foreach() /home/wwwroot/default/shopnc/wap/Application/Home/Controller/IndexController.class.php 第 673 行.
SQL: SHOW COLUMNS FROM `shopnc_brand` [ RunTime:0.0006s ]
SQL: SELECT * FROM `shopnc_brand` WHERE (  class_id in (1) ) ORDER BY brand_sort DESC  [ RunTime:0.0006s ]
SQL: SHOW COLUMNS FROM `shopnc_advertisement` [ RunTime:0.0006s ]
SQL: SELECT * FROM `shopnc_advertisement` WHERE ( class_id='1' and state='1' ) LIMIT 1   [ RunTime:0.0002s ]
INFO: [ app_end ] --START--
INFO: Run Behavior\ShowPageTraceBehavior [ RunTime:0.000033s ]
INFO: [ app_end ] --END-- [ RunTime:0.000066s ]

[ 2015-11-20T09:25:25+08:00 ] 27.154.23.183 /wap/index.php/Home/Index/brandGoods/bid/447
INFO: [ app_init ] --START--
INFO: Run Behavior\BuildLiteBehavior [ RunTime:0.000024s ]
INFO: [ app_init ] --END-- [ RunTime:0.000125s ]
INFO: [ app_begin ] --START--
INFO: Run Behavior\ReadHtmlCacheBehavior [ RunTime:0.000069s ]
INFO: [ app_begin ] --END-- [ RunTime:0.000123s ]
NOTIC: [2] session_start(): open(../data/session//sess_gq7c3t4k5dea94nm411r2e11t0, O_RDWR) failed: Permission denied (13) /home/wwwroot/default/shopnc/wap/ThinkPHP/Common/functions.php 第 1261 行.
SQL: SHOW COLUMNS FROM `shopnc_brand` [ RunTime:0.0011s ]
SQL: SELECT `brand_name` FROM `shopnc_brand` WHERE ( brand_id='447' ) LIMIT 1   [ RunTime:0.0003s ]
SQL: SHOW COLUMNS FROM `shopnc_goods` [ RunTime:0.0012s ]
NOTIC: [8] Undefined index: showway /home/wwwroot/default/shopnc/wap/Application/Home/Controller/IndexController.class.php 第 727 行.
SQL: SELECT * FROM `shopnc_goods` WHERE ( brand_id='447' and goods_state='1' )  [ RunTime:0.0014s ]
INFO: [ view_parse ] --START--
INFO: [ template_filter ] --START--
INFO: Run Behavior\ContentReplaceBehavior [ RunTime:0.000065s ]
INFO: [ template_filter ] --END-- [ RunTime:0.000103s ]
NOTIC: [8] Undefined variable: showway /home/wwwroot/default/shopnc/wap/Application/Runtime/Cache/Home/b096450eee7daed465af7b28e0a67d45.php 第 164 行.
NOTIC: [8] Undefined variable: showway /home/wwwroot/default/shopnc/wap/Application/Runtime/Cache/Home/b096450eee7daed465af7b28e0a67d45.php 第 165 行.
NOTIC: [8] Undefined variable: showway /home/wwwroot/default/shopnc/wap/Application/Runtime/Cache/Home/b096450eee7daed465af7b28e0a67d45.php 第 166 行.
NOTIC: [8] Undefined variable: showway /home/wwwroot/default/shopnc/wap/Application/Runtime/Cache/Home/b096450eee7daed465af7b28e0a67d45.php 第 167 行.
INFO: Run Behavior\ParseTemplateBehavior [ RunTime:0.004019s ]
INFO: [ view_parse ] --END-- [ RunTime:0.004057s ]
INFO: [ view_filter ] --START--
INFO: Run Behavior\WriteHtmlCacheBehavior [ RunTime:0.000031s ]
INFO: [ view_filter ] --END-- [ RunTime:0.000059s ]
INFO: [ app_end ] --START--
INFO: Run Behavior\ShowPageTraceBehavior [ RunTime:0.000034s ]
INFO: [ app_end ] --END-- [ RunTime:0.000068s ]

[ 2015-11-20T09:27:02+08:00 ] 27.154.23.183 /wap/index.php/Home/Index/goods?goods_id=101344
INFO: [ app_init ] --START--
INFO: Run Behavior\BuildLiteBehavior [ RunTime:0.000012s ]
INFO: [ app_init ] --END-- [ RunTime:0.000087s ]
INFO: [ app_begin ] --START--
INFO: Run Behavior\ReadHtmlCacheBehavior [ RunTime:0.000035s ]
INFO: [ app_begin ] --END-- [ RunTime:0.000070s ]
NOTIC: [2] session_start(): open(../data/session//sess_gq7c3t4k5dea94nm411r2e11t0, O_RDWR) failed: Permission denied (13) /home/wwwroot/default/shopnc/wap/ThinkPHP/Common/functions.php 第 1261 行.
SQL: SHOW COLUMNS FROM `shopnc_goods` [ RunTime:0.0037s ]
SQL: SELECT `goods_commonid`,`brand_id` FROM `shopnc_goods` WHERE ( goods_id='101344' ) LIMIT 1   [ RunTime:0.0003s ]
SQL: SHOW COLUMNS FROM `shopnc_brand` [ RunTime:0.0005s ]
SQL: SELECT `brand_name` FROM `shopnc_brand` WHERE ( brand_id=447 ) LIMIT 1   [ RunTime:0.0002s ]
SQL: SHOW COLUMNS FROM `shopnc_evaluate_goods` [ RunTime:0.0006s ]
SQL: SELECT * FROM `shopnc_evaluate_goods` WHERE ( geval_goodsid=101344 )  [ RunTime:0.0002s ]
SQL: SHOW COLUMNS FROM `shopnc_member` [ RunTime:0.0008s ]
NOTIC: [2] Invalid argument supplied for foreach() /home/wwwroot/default/shopnc/wap/Application/Home/Controller/IndexController.class.php 第 322 行.
SQL: SHOW COLUMNS FROM `shopnc_goods_common` [ RunTime:0.0012s ]
SQL: SELECT * FROM `shopnc_goods_common` WHERE ( goods_commonid='100783' ) LIMIT 1   [ RunTime:0.0004s ]
INFO: [ view_parse ] --START--
INFO: [ template_filter ] --START--
INFO: Run Behavior\ContentReplaceBehavior [ RunTime:0.000088s ]
INFO: [ template_filter ] --END-- [ RunTime:0.000128s ]
INFO: Run Behavior\ParseTemplateBehavior [ RunTime:0.004880s ]
INFO: [ view_parse ] --END-- [ RunTime:0.004923s ]
INFO: [ view_filter ] --START--
INFO: Run Behavior\WriteHtmlCacheBehavior [ RunTime:0.000038s ]
INFO: [ view_filter ] --END-- [ RunTime:0.000065s ]
INFO: [ app_end ] --START--
INFO: Run Behavior\ShowPageTraceBehavior [ RunTime:0.000038s ]
INFO: [ app_end ] --END-- [ RunTime:0.000073s ]

[ 2015-11-20T09:52:49+08:00 ] 27.154.23.183 /wap/index.php/Home/Index/goods?goods_id=101344
INFO: [ app_init ] --START--
INFO: Run Behavior\BuildLiteBehavior [ RunTime:0.000011s ]
INFO: [ app_init ] --END-- [ RunTime:0.000096s ]
INFO: [ app_begin ] --START--
INFO: Run Behavior\ReadHtmlCacheBehavior [ RunTime:0.000038s ]
INFO: [ app_begin ] --END-- [ RunTime:0.000075s ]
NOTIC: [2] session_start(): open(../data/session//sess_gq7c3t4k5dea94nm411r2e11t0, O_RDWR) failed: Permission denied (13) /home/wwwroot/default/shopnc/wap/ThinkPHP/Common/functions.php 第 1261 行.
SQL: SHOW COLUMNS FROM `shopnc_goods` [ RunTime:0.0011s ]
SQL: SELECT `goods_commonid`,`brand_id` FROM `shopnc_goods` WHERE ( goods_id='101344' ) LIMIT 1   [ RunTime:0.0003s ]
SQL: SHOW COLUMNS FROM `shopnc_brand` [ RunTime:0.0005s ]
SQL: SELECT `brand_name` FROM `shopnc_brand` WHERE ( brand_id=447 ) LIMIT 1   [ RunTime:0.0003s ]
SQL: SHOW COLUMNS FROM `shopnc_evaluate_goods` [ RunTime:0.0005s ]
SQL: SELECT * FROM `shopnc_evaluate_goods` WHERE ( geval_goodsid=101344 )  [ RunTime:0.0003s ]
SQL: SHOW COLUMNS FROM `shopnc_member` [ RunTime:0.0008s ]
NOTIC: [2] Invalid argument supplied for foreach() /home/wwwroot/default/shopnc/wap/Application/Home/Controller/IndexController.class.php 第 322 行.
SQL: SHOW COLUMNS FROM `shopnc_goods_common` [ RunTime:0.0008s ]
SQL: SELECT * FROM `shopnc_goods_common` WHERE ( goods_commonid='100783' ) LIMIT 1   [ RunTime:0.0003s ]
INFO: [ view_parse ] --START--
INFO: [ template_filter ] --START--
INFO: Run Behavior\ContentReplaceBehavior [ RunTime:0.000083s ]
INFO: [ template_filter ] --END-- [ RunTime:0.000119s ]
INFO: Run Behavior\ParseTemplateBehavior [ RunTime:0.004859s ]
INFO: [ view_parse ] --END-- [ RunTime:0.004898s ]
INFO: [ view_filter ] --START--
INFO: Run Behavior\WriteHtmlCacheBehavior [ RunTime:0.000036s ]
INFO: [ view_filter ] --END-- [ RunTime:0.000064s ]
INFO: [ app_end ] --START--
INFO: Run Behavior\ShowPageTraceBehavior [ RunTime:0.000038s ]
INFO: [ app_end ] --END-- [ RunTime:0.000072s ]

[ 2015-11-20T09:52:53+08:00 ] 27.154.23.183 /wap/index.php/Home/Index/goods?goods_id=101344
INFO: [ app_init ] --START--
INFO: Run Behavior\BuildLiteBehavior [ RunTime:0.000011s ]
INFO: [ app_init ] --END-- [ RunTime:0.000082s ]
INFO: [ app_begin ] --START--
INFO: Run Behavior\ReadHtmlCacheBehavior [ RunTime:0.000033s ]
INFO: [ app_begin ] --END-- [ RunTime:0.000067s ]
NOTIC: [2] session_start(): open(../data/session//sess_gq7c3t4k5dea94nm411r2e11t0, O_RDWR) failed: Permission denied (13) /home/wwwroot/default/shopnc/wap/ThinkPHP/Common/functions.php 第 1261 行.
SQL: SHOW COLUMNS FROM `shopnc_goods` [ RunTime:0.0011s ]
SQL: SELECT `goods_commonid`,`brand_id` FROM `shopnc_goods` WHERE ( goods_id='101344' ) LIMIT 1   [ RunTime:0.0003s ]
SQL: SHOW COLUMNS FROM `shopnc_brand` [ RunTime:0.0005s ]
SQL: SELECT `brand_name` FROM `shopnc_brand` WHERE ( brand_id=447 ) LIMIT 1   [ RunTime:0.0002s ]
SQL: SHOW COLUMNS FROM `shopnc_evaluate_goods` [ RunTime:0.0006s ]
SQL: SELECT * FROM `shopnc_evaluate_goods` WHERE ( geval_goodsid=101344 )  [ RunTime:0.0002s ]
SQL: SHOW COLUMNS FROM `shopnc_member` [ RunTime:0.0008s ]
NOTIC: [2] Invalid argument supplied for foreach() /home/wwwroot/default/shopnc/wap/Application/Home/Controller/IndexController.class.php 第 322 行.
SQL: SHOW COLUMNS FROM `shopnc_goods_common` [ RunTime:0.0008s ]
SQL: SELECT * FROM `shopnc_goods_common` WHERE ( goods_commonid='100783' ) LIMIT 1   [ RunTime:0.0003s ]
INFO: [ view_parse ] --START--
INFO: [ template_filter ] --START--
INFO: Run Behavior\ContentReplaceBehavior [ RunTime:0.000098s ]
INFO: [ template_filter ] --END-- [ RunTime:0.000139s ]
INFO: Run Behavior\ParseTemplateBehavior [ RunTime:0.004973s ]
INFO: [ view_parse ] --END-- [ RunTime:0.005014s ]
INFO: [ view_filter ] --START--
INFO: Run Behavior\WriteHtmlCacheBehavior [ RunTime:0.000033s ]
INFO: [ view_filter ] --END-- [ RunTime:0.000061s ]
INFO: [ app_end ] --START--
INFO: Run Behavior\ShowPageTraceBehavior [ RunTime:0.000034s ]
INFO: [ app_end ] --END-- [ RunTime:0.000069s ]

[ 2015-11-20T09:52:55+08:00 ] 27.154.23.183 /wap/index.php/Home/Index/brandGoods/bid/447
INFO: [ app_init ] --START--
INFO: Run Behavior\BuildLiteBehavior [ RunTime:0.000012s ]
INFO: [ app_init ] --END-- [ RunTime:0.000084s ]
INFO: [ app_begin ] --START--
INFO: Run Behavior\ReadHtmlCacheBehavior [ RunTime:0.000034s ]
INFO: [ app_begin ] --END-- [ RunTime:0.000068s ]
NOTIC: [2] session_start(): open(../data/session//sess_gq7c3t4k5dea94nm411r2e11t0, O_RDWR) failed: Permission denied (13) /home/wwwroot/default/shopnc/wap/ThinkPHP/Common/functions.php 第 1261 行.
SQL: SHOW COLUMNS FROM `shopnc_brand` [ RunTime:0.0008s ]
SQL: SELECT `brand_name` FROM `shopnc_brand` WHERE ( brand_id='447' ) LIMIT 1   [ RunTime:0.0002s ]
SQL: SHOW COLUMNS FROM `shopnc_goods` [ RunTime:0.0008s ]
NOTIC: [8] Undefined index: showway /home/wwwroot/default/shopnc/wap/Application/Home/Controller/IndexController.class.php 第 727 行.
SQL: SELECT * FROM `shopnc_goods` WHERE ( brand_id='447' and goods_state='1' )  [ RunTime:0.0014s ]
INFO: [ view_parse ] --START--
INFO: [ template_filter ] --START--
INFO: Run Behavior\ContentReplaceBehavior [ RunTime:0.000066s ]
INFO: [ template_filter ] --END-- [ RunTime:0.000102s ]
NOTIC: [8] Undefined variable: showway /home/wwwroot/default/shopnc/wap/Application/Runtime/Cache/Home/b096450eee7daed465af7b28e0a67d45.php 第 164 行.
NOTIC: [8] Undefined variable: showway /home/wwwroot/default/shopnc/wap/Application/Runtime/Cache/Home/b096450eee7daed465af7b28e0a67d45.php 第 165 行.
NOTIC: [8] Undefined variable: showway /home/wwwroot/default/shopnc/wap/Application/Runtime/Cache/Home/b096450eee7daed465af7b28e0a67d45.php 第 166 行.
NOTIC: [8] Undefined variable: showway /home/wwwroot/default/shopnc/wap/Application/Runtime/Cache/Home/b096450eee7daed465af7b28e0a67d45.php 第 167 行.
INFO: Run Behavior\ParseTemplateBehavior [ RunTime:0.003946s ]
INFO: [ view_parse ] --END-- [ RunTime:0.003979s ]
INFO: [ view_filter ] --START--
INFO: Run Behavior\WriteHtmlCacheBehavior [ RunTime:0.000031s ]
INFO: [ view_filter ] --END-- [ RunTime:0.000059s ]
INFO: [ app_end ] --START--
INFO: Run Behavior\ShowPageTraceBehavior [ RunTime:0.000033s ]
INFO: [ app_end ] --END-- [ RunTime:0.000068s ]

[ 2015-11-20T09:52:58+08:00 ] 27.154.23.183 /wap/index.php/Home/Index/goods?goods_id=101356
INFO: [ app_init ] --START--
INFO: Run Behavior\BuildLiteBehavior [ RunTime:0.000018s ]
INFO: [ app_init ] --END-- [ RunTime:0.000122s ]
INFO: [ app_begin ] --START--
INFO: Run Behavior\ReadHtmlCacheBehavior [ RunTime:0.000032s ]
INFO: [ app_begin ] --END-- [ RunTime:0.000066s ]
NOTIC: [2] session_start(): open(../data/session//sess_gq7c3t4k5dea94nm411r2e11t0, O_RDWR) failed: Permission denied (13) /home/wwwroot/default/shopnc/wap/ThinkPHP/Common/functions.php 第 1261 行.
SQL: SHOW COLUMNS FROM `shopnc_goods` [ RunTime:0.0011s ]
SQL: SELECT `goods_commonid`,`brand_id` FROM `shopnc_goods` WHERE ( goods_id='101356' ) LIMIT 1   [ RunTime:0.0003s ]
SQL: SHOW COLUMNS FROM `shopnc_brand` [ RunTime:0.0005s ]
SQL: SELECT `brand_name` FROM `shopnc_brand` WHERE ( brand_id=447 ) LIMIT 1   [ RunTime:0.0002s ]
SQL: SHOW COLUMNS FROM `shopnc_evaluate_goods` [ RunTime:0.0005s ]
SQL: SELECT * FROM `shopnc_evaluate_goods` WHERE ( geval_goodsid=101356 )  [ RunTime:0.0002s ]
SQL: SHOW COLUMNS FROM `shopnc_member` [ RunTime:0.0008s ]
NOTIC: [2] Invalid argument supplied for foreach() /home/wwwroot/default/shopnc/wap/Application/Home/Controller/IndexController.class.php 第 322 行.
SQL: SHOW COLUMNS FROM `shopnc_goods_common` [ RunTime:0.0008s ]
SQL: SELECT * FROM `shopnc_goods_common` WHERE ( goods_commonid='100794' ) LIMIT 1   [ RunTime:0.0003s ]
INFO: [ view_parse ] --START--
INFO: [ template_filter ] --START--
INFO: Run Behavior\ContentReplaceBehavior [ RunTime:0.000085s ]
INFO: [ template_filter ] --END-- [ RunTime:0.000122s ]
INFO: Run Behavior\ParseTemplateBehavior [ RunTime:0.004812s ]
INFO: [ view_parse ] --END-- [ RunTime:0.004872s ]
INFO: [ view_filter ] --START--
INFO: Run Behavior\WriteHtmlCacheBehavior [ RunTime:0.000032s ]
INFO: [ view_filter ] --END-- [ RunTime:0.000060s ]
INFO: [ app_end ] --START--
INFO: Run Behavior\ShowPageTraceBehavior [ RunTime:0.000035s ]
INFO: [ app_end ] --END-- [ RunTime:0.000070s ]

[ 2015-11-20T09:53:46+08:00 ] 27.154.23.183 /wap/index.php/Home/Index/goods?goods_id=101356
INFO: [ app_init ] --START--
INFO: Run Behavior\BuildLiteBehavior [ RunTime:0.000014s ]
INFO: [ app_init ] --END-- [ RunTime:0.000086s ]
INFO: [ app_begin ] --START--
INFO: Run Behavior\ReadHtmlCacheBehavior [ RunTime:0.000033s ]
INFO: [ app_begin ] --END-- [ RunTime:0.000068s ]
NOTIC: [2] session_start(): open(../data/session//sess_gq7c3t4k5dea94nm411r2e11t0, O_RDWR) failed: Permission denied (13) /home/wwwroot/default/shopnc/wap/ThinkPHP/Common/functions.php 第 1261 行.
SQL: SHOW COLUMNS FROM `shopnc_goods` [ RunTime:0.0011s ]
SQL: SELECT `goods_commonid`,`brand_id` FROM `shopnc_goods` WHERE ( goods_id='101356' ) LIMIT 1   [ RunTime:0.0003s ]
SQL: SHOW COLUMNS FROM `shopnc_brand` [ RunTime:0.0006s ]
SQL: SELECT `brand_name` FROM `shopnc_brand` WHERE ( brand_id=447 ) LIMIT 1   [ RunTime:0.0002s ]
SQL: SHOW COLUMNS FROM `shopnc_evaluate_goods` [ RunTime:0.0006s ]
SQL: SELECT * FROM `shopnc_evaluate_goods` WHERE ( geval_goodsid=101356 )  [ RunTime:0.0002s ]
SQL: SHOW COLUMNS FROM `shopnc_member` [ RunTime:0.0008s ]
NOTIC: [2] Invalid argument supplied for foreach() /home/wwwroot/default/shopnc/wap/Application/Home/Controller/IndexController.class.php 第 322 行.
SQL: SHOW COLUMNS FROM `shopnc_goods_common` [ RunTime:0.0008s ]
SQL: SELECT * FROM `shopnc_goods_common` WHERE ( goods_commonid='100794' ) LIMIT 1   [ RunTime:0.0003s ]
INFO: [ view_parse ] --START--
INFO: [ template_filter ] --START--
INFO: Run Behavior\ContentReplaceBehavior [ RunTime:0.000088s ]
INFO: [ template_filter ] --END-- [ RunTime:0.000125s ]
INFO: Run Behavior\ParseTemplateBehavior [ RunTime:0.004971s ]
INFO: [ view_parse ] --END-- [ RunTime:0.005046s ]
INFO: [ view_filter ] --START--
INFO: Run Behavior\WriteHtmlCacheBehavior [ RunTime:0.000043s ]
INFO: [ view_filter ] --END-- [ RunTime:0.000088s ]
INFO: [ app_end ] --START--
INFO: Run Behavior\ShowPageTraceBehavior [ RunTime:0.000053s ]
INFO: [ app_end ] --END-- [ RunTime:0.000102s ]

[ 2015-11-20T09:54:02+08:00 ] 27.154.23.183 /wap/index.php/Home/index/login
INFO: [ app_init ] --START--
INFO: Run Behavior\BuildLiteBehavior [ RunTime:0.000013s ]
INFO: [ app_init ] --END-- [ RunTime:0.000096s ]
INFO: [ app_begin ] --START--
INFO: Run Behavior\ReadHtmlCacheBehavior [ RunTime:0.000038s ]
INFO: [ app_begin ] --END-- [ RunTime:0.000073s ]
NOTIC: [2] session_start(): open(../data/session//sess_gq7c3t4k5dea94nm411r2e11t0, O_RDWR) failed: Permission denied (13) /home/wwwroot/default/shopnc/wap/ThinkPHP/Common/functions.php 第 1261 行.
INFO: [ view_parse ] --START--
INFO: [ template_filter ] --START--
INFO: Run Behavior\ContentReplaceBehavior [ RunTime:0.000042s ]
INFO: [ template_filter ] --END-- [ RunTime:0.000090s ]
INFO: Run Behavior\ParseTemplateBehavior [ RunTime:0.002074s ]
INFO: [ view_parse ] --END-- [ RunTime:0.002112s ]
INFO: [ view_filter ] --START--
INFO: Run Behavior\WriteHtmlCacheBehavior [ RunTime:0.000043s ]
INFO: [ view_filter ] --END-- [ RunTime:0.000072s ]
INFO: [ app_end ] --START--
INFO: Run Behavior\ShowPageTraceBehavior [ RunTime:0.000035s ]
INFO: [ app_end ] --END-- [ RunTime:0.000063s ]

[ 2015-11-20T09:54:08+08:00 ] 27.154.23.183 /wap/index.php/Home/Index/goods?goods_id=101356
INFO: [ app_init ] --START--
INFO: Run Behavior\BuildLiteBehavior [ RunTime:0.000017s ]
INFO: [ app_init ] --END-- [ RunTime:0.000111s ]
INFO: [ app_begin ] --START--
INFO: Run Behavior\ReadHtmlCacheBehavior [ RunTime:0.000035s ]
INFO: [ app_begin ] --END-- [ RunTime:0.000069s ]
NOTIC: [2] session_start(): open(../data/session//sess_gq7c3t4k5dea94nm411r2e11t0, O_RDWR) failed: Permission denied (13) /home/wwwroot/default/shopnc/wap/ThinkPHP/Common/functions.php 第 1261 行.
SQL: SHOW COLUMNS FROM `shopnc_goods` [ RunTime:0.0011s ]
SQL: SELECT `goods_commonid`,`brand_id` FROM `shopnc_goods` WHERE ( goods_id='101356' ) LIMIT 1   [ RunTime:0.0003s ]
SQL: SHOW COLUMNS FROM `shopnc_brand` [ RunTime:0.0005s ]
SQL: SELECT `brand_name` FROM `shopnc_brand` WHERE ( brand_id=447 ) LIMIT 1   [ RunTime:0.0002s ]
SQL: SHOW COLUMNS FROM `shopnc_evaluate_goods` [ RunTime:0.0006s ]
SQL: SELECT * FROM `shopnc_evaluate_goods` WHERE ( geval_goodsid=101356 )  [ RunTime:0.0002s ]
SQL: SHOW COLUMNS FROM `shopnc_member` [ RunTime:0.0007s ]
NOTIC: [2] Invalid argument supplied for foreach() /home/wwwroot/default/shopnc/wap/Application/Home/Controller/IndexController.class.php 第 322 行.
SQL: SHOW COLUMNS FROM `shopnc_goods_common` [ RunTime:0.0008s ]
SQL: SELECT * FROM `shopnc_goods_common` WHERE ( goods_commonid='100794' ) LIMIT 1   [ RunTime:0.0003s ]
INFO: [ view_parse ] --START--
INFO: [ template_filter ] --START--
INFO: Run Behavior\ContentReplaceBehavior [ RunTime:0.000086s ]
INFO: [ template_filter ] --END-- [ RunTime:0.000125s ]
INFO: Run Behavior\ParseTemplateBehavior [ RunTime:0.004860s ]
INFO: [ view_parse ] --END-- [ RunTime:0.004902s ]
INFO: [ view_filter ] --START--
INFO: Run Behavior\WriteHtmlCacheBehavior [ RunTime:0.000031s ]
INFO: [ view_filter ] --END-- [ RunTime:0.000060s ]
INFO: [ app_end ] --START--
INFO: Run Behavior\ShowPageTraceBehavior [ RunTime:0.000031s ]
INFO: [ app_end ] --END-- [ RunTime:0.000062s ]

[ 2015-11-20T09:54:12+08:00 ] 27.154.23.183 /wap/index.php/Home/index/login
INFO: [ app_init ] --START--
INFO: Run Behavior\BuildLiteBehavior [ RunTime:0.000012s ]
INFO: [ app_init ] --END-- [ RunTime:0.000081s ]
INFO: [ app_begin ] --START--
INFO: Run Behavior\ReadHtmlCacheBehavior [ RunTime:0.000053s ]
INFO: [ app_begin ] --END-- [ RunTime:0.000110s ]
NOTIC: [2] session_start(): open(../data/session//sess_gq7c3t4k5dea94nm411r2e11t0, O_RDWR) failed: Permission denied (13) /home/wwwroot/default/shopnc/wap/ThinkPHP/Common/functions.php 第 1261 行.
INFO: [ view_parse ] --START--
INFO: [ template_filter ] --START--
INFO: Run Behavior\ContentReplaceBehavior [ RunTime:0.000042s ]
INFO: [ template_filter ] --END-- [ RunTime:0.000079s ]
INFO: Run Behavior\ParseTemplateBehavior [ RunTime:0.002033s ]
INFO: [ view_parse ] --END-- [ RunTime:0.002080s ]
INFO: [ view_filter ] --START--
INFO: Run Behavior\WriteHtmlCacheBehavior [ RunTime:0.000031s ]
INFO: [ view_filter ] --END-- [ RunTime:0.000059s ]
INFO: [ app_end ] --START--
INFO: Run Behavior\ShowPageTraceBehavior [ RunTime:0.000028s ]
INFO: [ app_end ] --END-- [ RunTime:0.000058s ]

[ 2015-11-20T09:54:19+08:00 ] 27.154.23.183 /wap/index.php/Home/Index/goods?goods_id=101356
INFO: [ app_init ] --START--
INFO: Run Behavior\BuildLiteBehavior [ RunTime:0.000011s ]
INFO: [ app_init ] --END-- [ RunTime:0.000094s ]
INFO: [ app_begin ] --START--
INFO: Run Behavior\ReadHtmlCacheBehavior [ RunTime:0.000034s ]
INFO: [ app_begin ] --END-- [ RunTime:0.000068s ]
NOTIC: [2] session_start(): open(../data/session//sess_gq7c3t4k5dea94nm411r2e11t0, O_RDWR) failed: Permission denied (13) /home/wwwroot/default/shopnc/wap/ThinkPHP/Common/functions.php 第 1261 行.
SQL: SHOW COLUMNS FROM `shopnc_goods` [ RunTime:0.0011s ]
SQL: SELECT `goods_commonid`,`brand_id` FROM `shopnc_goods` WHERE ( goods_id='101356' ) LIMIT 1   [ RunTime:0.0003s ]
SQL: SHOW COLUMNS FROM `shopnc_brand` [ RunTime:0.0005s ]
SQL: SELECT `brand_name` FROM `shopnc_brand` WHERE ( brand_id=447 ) LIMIT 1   [ RunTime:0.0002s ]
SQL: SHOW COLUMNS FROM `shopnc_evaluate_goods` [ RunTime:0.0005s ]
SQL: SELECT * FROM `shopnc_evaluate_goods` WHERE ( geval_goodsid=101356 )  [ RunTime:0.0002s ]
SQL: SHOW COLUMNS FROM `shopnc_member` [ RunTime:0.0008s ]
NOTIC: [2] Invalid argument supplied for foreach() /home/wwwroot/default/shopnc/wap/Application/Home/Controller/IndexController.class.php 第 322 行.
SQL: SHOW COLUMNS FROM `shopnc_goods_common` [ RunTime:0.0008s ]
SQL: SELECT * FROM `shopnc_goods_common` WHERE ( goods_commonid='100794' ) LIMIT 1   [ RunTime:0.0003s ]
INFO: [ view_parse ] --START--
INFO: [ template_filter ] --START--
INFO: Run Behavior\ContentReplaceBehavior [ RunTime:0.000116s ]
INFO: [ template_filter ] --END-- [ RunTime:0.000156s ]
INFO: Run Behavior\ParseTemplateBehavior [ RunTime:0.005036s ]
INFO: [ view_parse ] --END-- [ RunTime:0.005078s ]
INFO: [ view_filter ] --START--
INFO: Run Behavior\WriteHtmlCacheBehavior [ RunTime:0.000031s ]
INFO: [ view_filter ] --END-- [ RunTime:0.000058s ]
INFO: [ app_end ] --START--
INFO: Run Behavior\ShowPageTraceBehavior [ RunTime:0.000034s ]
INFO: [ app_end ] --END-- [ RunTime:0.000069s ]

[ 2015-11-20T09:54:23+08:00 ] 27.154.23.183 /wap/index.php/Home/Index/cart
INFO: [ app_init ] --START--
INFO: Run Behavior\BuildLiteBehavior [ RunTime:0.000012s ]
INFO: [ app_init ] --END-- [ RunTime:0.000084s ]
INFO: [ app_begin ] --START--
INFO: Run Behavior\ReadHtmlCacheBehavior [ RunTime:0.000034s ]
INFO: [ app_begin ] --END-- [ RunTime:0.000067s ]
NOTIC: [2] session_start(): open(../data/session//sess_gq7c3t4k5dea94nm411r2e11t0, O_RDWR) failed: Permission denied (13) /home/wwwroot/default/shopnc/wap/ThinkPHP/Common/functions.php 第 1261 行.
INFO: [ view_parse ] --START--
INFO: [ template_filter ] --START--
INFO: Run Behavior\ContentReplaceBehavior [ RunTime:0.000070s ]
INFO: [ template_filter ] --END-- [ RunTime:0.000111s ]
INFO: Run Behavior\ParseTemplateBehavior [ RunTime:0.002463s ]
INFO: [ view_parse ] --END-- [ RunTime:0.002500s ]
INFO: [ view_filter ] --START--
INFO: Run Behavior\WriteHtmlCacheBehavior [ RunTime:0.000031s ]
INFO: [ view_filter ] --END-- [ RunTime:0.000058s ]
INFO: [ app_end ] --START--
INFO: Run Behavior\ShowPageTraceBehavior [ RunTime:0.000028s ]
INFO: [ app_end ] --END-- [ RunTime:0.000057s ]

[ 2015-11-20T09:54:27+08:00 ] 27.154.23.183 /wap/index.php/Home/Index/buy_step1?ifcart=1&cart_id=435|1,437|1
INFO: [ app_init ] --START--
INFO: Run Behavior\BuildLiteBehavior [ RunTime:0.000012s ]
INFO: [ app_init ] --END-- [ RunTime:0.000085s ]
INFO: [ app_begin ] --START--
INFO: Run Behavior\ReadHtmlCacheBehavior [ RunTime:0.000034s ]
INFO: [ app_begin ] --END-- [ RunTime:0.000078s ]
NOTIC: [2] session_start(): open(../data/session//sess_gq7c3t4k5dea94nm411r2e11t0, O_RDWR) failed: Permission denied (13) /home/wwwroot/default/shopnc/wap/ThinkPHP/Common/functions.php 第 1261 行.
INFO: [ view_parse ] --START--
INFO: [ template_filter ] --START--
INFO: Run Behavior\ContentReplaceBehavior [ RunTime:0.000077s ]
INFO: [ template_filter ] --END-- [ RunTime:0.000114s ]
INFO: Run Behavior\ParseTemplateBehavior [ RunTime:0.003808s ]
INFO: [ view_parse ] --END-- [ RunTime:0.003844s ]
INFO: [ view_filter ] --START--
INFO: Run Behavior\WriteHtmlCacheBehavior [ RunTime:0.000030s ]
INFO: [ view_filter ] --END-- [ RunTime:0.000057s ]
INFO: [ app_end ] --START--
INFO: Run Behavior\ShowPageTraceBehavior [ RunTime:0.000055s ]
INFO: [ app_end ] --END-- [ RunTime:0.000122s ]

[ 2015-11-20T09:54:32+08:00 ] 27.154.23.183 /wap/index.php/Home/Index/order_list
INFO: [ app_init ] --START--
INFO: Run Behavior\BuildLiteBehavior [ RunTime:0.000018s ]
INFO: [ app_init ] --END-- [ RunTime:0.000114s ]
INFO: [ app_begin ] --START--
INFO: Run Behavior\ReadHtmlCacheBehavior [ RunTime:0.000035s ]
INFO: [ app_begin ] --END-- [ RunTime:0.000069s ]
NOTIC: [2] session_start(): open(../data/session//sess_gq7c3t4k5dea94nm411r2e11t0, O_RDWR) failed: Permission denied (13) /home/wwwroot/default/shopnc/wap/ThinkPHP/Common/functions.php 第 1261 行.
INFO: [ view_parse ] --START--
INFO: [ template_filter ] --START--
INFO: Run Behavior\ContentReplaceBehavior [ RunTime:0.000078s ]
INFO: [ template_filter ] --END-- [ RunTime:0.000116s ]
INFO: Run Behavior\ParseTemplateBehavior [ RunTime:0.003251s ]
INFO: [ view_parse ] --END-- [ RunTime:0.003288s ]
INFO: [ view_filter ] --START--
INFO: Run Behavior\WriteHtmlCacheBehavior [ RunTime:0.000048s ]
INFO: [ view_filter ] --END-- [ RunTime:0.000077s ]
INFO: [ app_end ] --START--
INFO: Run Behavior\ShowPageTraceBehavior [ RunTime:0.000034s ]
INFO: [ app_end ] --END-- [ RunTime:0.000077s ]

[ 2015-11-20T09:54:40+08:00 ] 27.154.23.183 /wap/index.php/Home/Index/order_list
INFO: [ app_init ] --START--
INFO: Run Behavior\BuildLiteBehavior [ RunTime:0.000013s ]
INFO: [ app_init ] --END-- [ RunTime:0.000084s ]
INFO: [ app_begin ] --START--
INFO: Run Behavior\ReadHtmlCacheBehavior [ RunTime:0.000032s ]
INFO: [ app_begin ] --END-- [ RunTime:0.000066s ]
NOTIC: [2] session_start(): open(../data/session//sess_gq7c3t4k5dea94nm411r2e11t0, O_RDWR) failed: Permission denied (13) /home/wwwroot/default/shopnc/wap/ThinkPHP/Common/functions.php 第 1261 行.
INFO: [ view_parse ] --START--
INFO: [ template_filter ] --START--
INFO: Run Behavior\ContentReplaceBehavior [ RunTime:0.000087s ]
INFO: [ template_filter ] --END-- [ RunTime:0.000147s ]
INFO: Run Behavior\ParseTemplateBehavior [ RunTime:0.003494s ]
INFO: [ view_parse ] --END-- [ RunTime:0.003531s ]
INFO: [ view_filter ] --START--
INFO: Run Behavior\WriteHtmlCacheBehavior [ RunTime:0.000033s ]
INFO: [ view_filter ] --END-- [ RunTime:0.000060s ]
INFO: [ app_end ] --START--
INFO: Run Behavior\ShowPageTraceBehavior [ RunTime:0.000033s ]
INFO: [ app_end ] --END-- [ RunTime:0.000068s ]

[ 2015-11-20T09:54:54+08:00 ] 27.154.23.183 /wap/index.php/Home/Index/order_list
INFO: [ app_init ] --START--
INFO: Run Behavior\BuildLiteBehavior [ RunTime:0.000012s ]
INFO: [ app_init ] --END-- [ RunTime:0.000083s ]
INFO: [ app_begin ] --START--
INFO: Run Behavior\ReadHtmlCacheBehavior [ RunTime:0.000032s ]
INFO: [ app_begin ] --END-- [ RunTime:0.000065s ]
NOTIC: [2] session_start(): open(../data/session//sess_gq7c3t4k5dea94nm411r2e11t0, O_RDWR) failed: Permission denied (13) /home/wwwroot/default/shopnc/wap/ThinkPHP/Common/functions.php 第 1261 行.
INFO: [ view_parse ] --START--
INFO: [ template_filter ] --START--
INFO: Run Behavior\ContentReplaceBehavior [ RunTime:0.000078s ]
INFO: [ template_filter ] --END-- [ RunTime:0.000115s ]
INFO: Run Behavior\ParseTemplateBehavior [ RunTime:0.003257s ]
INFO: [ view_parse ] --END-- [ RunTime:0.003305s ]
INFO: [ view_filter ] --START--
INFO: Run Behavior\WriteHtmlCacheBehavior [ RunTime:0.000032s ]
INFO: [ view_filter ] --END-- [ RunTime:0.000060s ]
INFO: [ app_end ] --START--
INFO: Run Behavior\ShowPageTraceBehavior [ RunTime:0.000033s ]
INFO: [ app_end ] --END-- [ RunTime:0.000068s ]

[ 2015-11-20T09:55:10+08:00 ] 27.154.23.183 /wap/index.php/Home/Index/buy_step1?ifcart=1&cart_id=435|1,437|1
INFO: [ app_init ] --START--
INFO: Run Behavior\BuildLiteBehavior [ RunTime:0.000013s ]
INFO: [ app_init ] --END-- [ RunTime:0.000105s ]
INFO: [ app_begin ] --START--
INFO: Run Behavior\ReadHtmlCacheBehavior [ RunTime:0.000050s ]
INFO: [ app_begin ] --END-- [ RunTime:0.000084s ]
NOTIC: [2] session_start(): open(../data/session//sess_gq7c3t4k5dea94nm411r2e11t0, O_RDWR) failed: Permission denied (13) /home/wwwroot/default/shopnc/wap/ThinkPHP/Common/functions.php 第 1261 行.
INFO: [ view_parse ] --START--
INFO: [ template_filter ] --START--
INFO: Run Behavior\ContentReplaceBehavior [ RunTime:0.000081s ]
INFO: [ template_filter ] --END-- [ RunTime:0.000120s ]
INFO: Run Behavior\ParseTemplateBehavior [ RunTime:0.004140s ]
INFO: [ view_parse ] --END-- [ RunTime:0.004180s ]
INFO: [ view_filter ] --START--
INFO: Run Behavior\WriteHtmlCacheBehavior [ RunTime:0.000054s ]
INFO: [ view_filter ] --END-- [ RunTime:0.000083s ]
INFO: [ app_end ] --START--
INFO: Run Behavior\ShowPageTraceBehavior [ RunTime:0.000040s ]
INFO: [ app_end ] --END-- [ RunTime:0.000091s ]

[ 2015-11-20T09:55:46+08:00 ] 27.154.23.183 /wap/index.php/Home/Index/cart
INFO: [ app_init ] --START--
INFO: Run Behavior\BuildLiteBehavior [ RunTime:0.000012s ]
INFO: [ app_init ] --END-- [ RunTime:0.000083s ]
INFO: [ app_begin ] --START--
INFO: Run Behavior\ReadHtmlCacheBehavior [ RunTime:0.000034s ]
INFO: [ app_begin ] --END-- [ RunTime:0.000068s ]
NOTIC: [2] session_start(): open(../data/session//sess_gq7c3t4k5dea94nm411r2e11t0, O_RDWR) failed: Permission denied (13) /home/wwwroot/default/shopnc/wap/ThinkPHP/Common/functions.php 第 1261 行.
INFO: [ view_parse ] --START--
INFO: [ template_filter ] --START--
INFO: Run Behavior\ContentReplaceBehavior [ RunTime:0.000055s ]
INFO: [ template_filter ] --END-- [ RunTime:0.000092s ]
INFO: Run Behavior\ParseTemplateBehavior [ RunTime:0.002468s ]
INFO: [ view_parse ] --END-- [ RunTime:0.002523s ]
INFO: [ view_filter ] --START--
INFO: Run Behavior\WriteHtmlCacheBehavior [ RunTime:0.000031s ]
INFO: [ view_filter ] --END-- [ RunTime:0.000058s ]
INFO: [ app_end ] --START--
INFO: Run Behavior\ShowPageTraceBehavior [ RunTime:0.000029s ]
INFO: [ app_end ] --END-- [ RunTime:0.000058s ]

[ 2015-11-20T09:55:49+08:00 ] 27.154.23.183 /wap/index.php/Home/Index/cart
INFO: [ app_init ] --START--
INFO: Run Behavior\BuildLiteBehavior [ RunTime:0.000012s ]
INFO: [ app_init ] --END-- [ RunTime:0.000081s ]
INFO: [ app_begin ] --START--
INFO: Run Behavior\ReadHtmlCacheBehavior [ RunTime:0.000034s ]
INFO: [ app_begin ] --END-- [ RunTime:0.000067s ]
NOTIC: [2] session_start(): open(../data/session//sess_gq7c3t4k5dea94nm411r2e11t0, O_RDWR) failed: Permission denied (13) /home/wwwroot/default/shopnc/wap/ThinkPHP/Common/functions.php 第 1261 行.
INFO: [ view_parse ] --START--
INFO: [ template_filter ] --START--
INFO: Run Behavior\ContentReplaceBehavior [ RunTime:0.000055s ]
INFO: [ template_filter ] --END-- [ RunTime:0.000103s ]
INFO: Run Behavior\ParseTemplateBehavior [ RunTime:0.002393s ]
INFO: [ view_parse ] --END-- [ RunTime:0.002431s ]
INFO: [ view_filter ] --START--
INFO: Run Behavior\WriteHtmlCacheBehavior [ RunTime:0.000032s ]
INFO: [ view_filter ] --END-- [ RunTime:0.000066s ]
INFO: [ app_end ] --START--
INFO: Run Behavior\ShowPageTraceBehavior [ RunTime:0.000029s ]
INFO: [ app_end ] --END-- [ RunTime:0.000058s ]

[ 2015-11-20T09:55:51+08:00 ] 27.154.23.183 /wap/index.php/Home/Index/buy_step1?ifcart=1&cart_id=435|1,437|1
INFO: [ app_init ] --START--
INFO: Run Behavior\BuildLiteBehavior [ RunTime:0.000012s ]
INFO: [ app_init ] --END-- [ RunTime:0.000082s ]
INFO: [ app_begin ] --START--
INFO: Run Behavior\ReadHtmlCacheBehavior [ RunTime:0.000033s ]
INFO: [ app_begin ] --END-- [ RunTime:0.000066s ]
NOTIC: [2] session_start(): open(../data/session//sess_gq7c3t4k5dea94nm411r2e11t0, O_RDWR) failed: Permission denied (13) /home/wwwroot/default/shopnc/wap/ThinkPHP/Common/functions.php 第 1261 行.
INFO: [ view_parse ] --START--
INFO: [ template_filter ] --START--
INFO: Run Behavior\ContentReplaceBehavior [ RunTime:0.000081s ]
INFO: [ template_filter ] --END-- [ RunTime:0.000118s ]
INFO: Run Behavior\ParseTemplateBehavior [ RunTime:0.003801s ]
INFO: [ view_parse ] --END-- [ RunTime:0.003843s ]
INFO: [ view_filter ] --START--
INFO: Run Behavior\WriteHtmlCacheBehavior [ RunTime:0.000031s ]
INFO: [ view_filter ] --END-- [ RunTime:0.000058s ]
INFO: [ app_end ] --START--
INFO: Run Behavior\ShowPageTraceBehavior [ RunTime:0.000032s ]
INFO: [ app_end ] --END-- [ RunTime:0.000067s ]

[ 2015-11-20T09:55:52+08:00 ] 27.154.23.183 /wap/index.php/Home/Index/order_list
INFO: [ app_init ] --START--
INFO: Run Behavior\BuildLiteBehavior [ RunTime:0.000012s ]
INFO: [ app_init ] --END-- [ RunTime:0.000082s ]
INFO: [ app_begin ] --START--
INFO: Run Behavior\ReadHtmlCacheBehavior [ RunTime:0.000034s ]
INFO: [ app_begin ] --END-- [ RunTime:0.000067s ]
NOTIC: [2] session_start(): open(../data/session//sess_gq7c3t4k5dea94nm411r2e11t0, O_RDWR) failed: Permission denied (13) /home/wwwroot/default/shopnc/wap/ThinkPHP/Common/functions.php 第 1261 行.
INFO: [ view_parse ] --START--
INFO: [ template_filter ] --START--
INFO: Run Behavior\ContentReplaceBehavior [ RunTime:0.000080s ]
INFO: [ template_filter ] --END-- [ RunTime:0.000117s ]
INFO: Run Behavior\ParseTemplateBehavior [ RunTime:0.005775s ]
INFO: [ view_parse ] --END-- [ RunTime:0.005813s ]
INFO: [ view_filter ] --START--
INFO: Run Behavior\WriteHtmlCacheBehavior [ RunTime:0.000035s ]
INFO: [ view_filter ] --END-- [ RunTime:0.000063s ]
INFO: [ app_end ] --START--
INFO: Run Behavior\ShowPageTraceBehavior [ RunTime:0.000051s ]
INFO: [ app_end ] --END-- [ RunTime:0.000088s ]

