[ 2015-11-24T09:22:53+08:00 ] 27.154.23.183 /wap/
INFO: [ app_init ] --START--
INFO: Run Behavior\BuildLiteBehavior [ RunTime:0.000015s ]
INFO: [ app_init ] --END-- [ RunTime:0.000103s ]
INFO: [ app_begin ] --START--
INFO: Run Behavior\ReadHtmlCacheBehavior [ RunTime:0.000038s ]
INFO: [ app_begin ] --END-- [ RunTime:0.000071s ]
NOTIC: [2] session_start(): open(../data/session//sess_r56drnp8tc5gd6req6j79vccb1, O_RDWR) failed: Permission denied (13) /home/wwwroot/default/shopnc/wap/ThinkPHP/Common/functions.php 第 1261 行.
SQL: SHOW COLUMNS FROM `shopnc_brand` [ RunTime:0.0008s ]
SQL: SELECT * FROM `shopnc_brand` WHERE ( brand_recommend='1' ) ORDER BY brand_sort desc LIMIT 8   [ RunTime:0.0004s ]
SQL: SHOW COLUMNS FROM `shopnc_p_xianshi_goods` [ RunTime:0.0005s ]
SQL: SELECT * FROM `shopnc_p_xianshi_goods` WHERE ( state='1' and xianshi_recommend='1' ) ORDER BY `order` desc LIMIT 3   [ RunTime:0.0003s ]
SQL: SHOW COLUMNS FROM `shopnc_link` [ RunTime:0.0004s ]
SQL: SELECT * FROM `shopnc_link` WHERE ( link_sort='255' )  [ RunTime:0.0002s ]
INFO: [ view_parse ] --START--
INFO: [ template_filter ] --START--
INFO: Run Behavior\ContentReplaceBehavior [ RunTime:0.000099s ]
INFO: [ template_filter ] --END-- [ RunTime:0.000136s ]
NOTIC: [8] Undefined variable: khd /home/wwwroot/default/shopnc/wap/Application/Runtime/Cache/Home/2a94b8bda04ff446dcedd42276fc99ee.php 第 41 行.
INFO: Run Behavior\ParseTemplateBehavior [ RunTime:0.005382s ]
INFO: [ view_parse ] --END-- [ RunTime:0.005417s ]
INFO: [ view_filter ] --START--
INFO: Run Behavior\WriteHtmlCacheBehavior [ RunTime:0.000036s ]
INFO: [ view_filter ] --END-- [ RunTime:0.000064s ]
INFO: [ app_end ] --START--
INFO: Run Behavior\ShowPageTraceBehavior [ RunTime:0.000040s ]
INFO: [ app_end ] --END-- [ RunTime:0.000074s ]

[ 2015-11-24T09:22:53+08:00 ] 27.154.23.183 /wap/index.php/Home/Index/home
INFO: [ app_init ] --START--
INFO: Run Behavior\BuildLiteBehavior [ RunTime:0.000010s ]
INFO: [ app_init ] --END-- [ RunTime:0.000067s ]
INFO: [ app_begin ] --START--
INFO: Run Behavior\ReadHtmlCacheBehavior [ RunTime:0.000033s ]
INFO: [ app_begin ] --END-- [ RunTime:0.000066s ]
NOTIC: [2] session_start(): open(../data/session//sess_r56drnp8tc5gd6req6j79vccb1, O_RDWR) failed: Permission denied (13) /home/wwwroot/default/shopnc/wap/ThinkPHP/Common/functions.php 第 1261 行.
SQL: SHOW COLUMNS FROM `shopnc_home_pic` [ RunTime:0.0042s ]
SQL: SELECT * FROM `shopnc_home_pic` WHERE ( state='1' )  [ RunTime:0.0003s ]
SQL: SHOW COLUMNS FROM `shopnc_p_xianshi_goods` [ RunTime:0.0006s ]
SQL: SELECT * FROM `shopnc_p_xianshi_goods` WHERE ( state='1' and start_time<'1448328173' and end_time>'1448328173' ) ORDER BY `order` desc LIMIT 1   [ RunTime:0.0003s ]
INFO: [ view_parse ] --START--
INFO: [ template_filter ] --START--
INFO: Run Behavior\ContentReplaceBehavior [ RunTime:0.000093s ]
INFO: [ template_filter ] --END-- [ RunTime:0.000159s ]
INFO: Run Behavior\ParseTemplateBehavior [ RunTime:0.004575s ]
INFO: [ view_parse ] --END-- [ RunTime:0.004619s ]
INFO: [ view_filter ] --START--
INFO: Run Behavior\WriteHtmlCacheBehavior [ RunTime:0.000036s ]
INFO: [ view_filter ] --END-- [ RunTime:0.000073s ]
INFO: [ app_end ] --START--
INFO: Run Behavior\ShowPageTraceBehavior [ RunTime:0.000041s ]
INFO: [ app_end ] --END-- [ RunTime:0.000080s ]

[ 2015-11-24T09:22:54+08:00 ] 27.154.23.183 /wap/index.php/Home/Index/homeapi
INFO: [ app_init ] --START--
INFO: Run Behavior\BuildLiteBehavior [ RunTime:0.000012s ]
INFO: [ app_init ] --END-- [ RunTime:0.000084s ]
INFO: [ app_begin ] --START--
INFO: Run Behavior\ReadHtmlCacheBehavior [ RunTime:0.000029s ]
INFO: [ app_begin ] --END-- [ RunTime:0.000059s ]
NOTIC: [2] session_start(): open(../data/session//sess_r56drnp8tc5gd6req6j79vccb1, O_RDWR) failed: Permission denied (13) /home/wwwroot/default/shopnc/wap/ThinkPHP/Common/functions.php 第 1261 行.
SQL: SHOW COLUMNS FROM `shopnc_favorites` [ RunTime:0.0008s ]
SQL: SELECT COUNT(*) AS tp_count FROM `shopnc_favorites` WHERE ( fav_id='101356' ) LIMIT 1   [ RunTime:0.0004s ]
INFO: [ app_end ] --START--
INFO: Run Behavior\ShowPageTraceBehavior [ RunTime:0.000032s ]
INFO: [ app_end ] --END-- [ RunTime:0.000061s ]

[ 2015-11-24T09:22:56+08:00 ] 27.154.23.183 /wap/index.php/Home/index/brandLoad
INFO: [ app_init ] --START--
INFO: Run Behavior\BuildLiteBehavior [ RunTime:0.000012s ]
INFO: [ app_init ] --END-- [ RunTime:0.000087s ]
INFO: [ app_begin ] --START--
INFO: Run Behavior\ReadHtmlCacheBehavior [ RunTime:0.000034s ]
INFO: [ app_begin ] --END-- [ RunTime:0.000066s ]
NOTIC: [2] session_start(): open(../data/session//sess_r56drnp8tc5gd6req6j79vccb1, O_RDWR) failed: Permission denied (13) /home/wwwroot/default/shopnc/wap/ThinkPHP/Common/functions.php 第 1261 行.
INFO: [ view_parse ] --START--
INFO: [ template_filter ] --START--
INFO: Run Behavior\ContentReplaceBehavior [ RunTime:0.000045s ]
INFO: [ template_filter ] --END-- [ RunTime:0.000083s ]
INFO: Run Behavior\ParseTemplateBehavior [ RunTime:0.001620s ]
INFO: [ view_parse ] --END-- [ RunTime:0.001658s ]
INFO: [ view_filter ] --START--
INFO: Run Behavior\WriteHtmlCacheBehavior [ RunTime:0.000031s ]
INFO: [ view_filter ] --END-- [ RunTime:0.000057s ]
INFO: [ app_end ] --START--
INFO: Run Behavior\ShowPageTraceBehavior [ RunTime:0.000049s ]
INFO: [ app_end ] --END-- [ RunTime:0.000086s ]

[ 2015-11-24T09:23:45+08:00 ] 27.154.23.183 /wap/index.php/Home/index/brandLoad
INFO: [ app_init ] --START--
INFO: Run Behavior\BuildLiteBehavior [ RunTime:0.000018s ]
INFO: [ app_init ] --END-- [ RunTime:0.000122s ]
INFO: [ app_begin ] --START--
INFO: Run Behavior\ReadHtmlCacheBehavior [ RunTime:0.000067s ]
INFO: [ app_begin ] --END-- [ RunTime:0.000123s ]
NOTIC: [2] session_start(): open(../data/session//sess_r56drnp8tc5gd6req6j79vccb1, O_RDWR) failed: Permission denied (13) /home/wwwroot/default/shopnc/wap/ThinkPHP/Common/functions.php 第 1261 行.
INFO: [ view_parse ] --START--
INFO: [ template_filter ] --START--
INFO: Run Behavior\ContentReplaceBehavior [ RunTime:0.000045s ]
INFO: [ template_filter ] --END-- [ RunTime:0.000083s ]
INFO: Run Behavior\ParseTemplateBehavior [ RunTime:0.001581s ]
INFO: [ view_parse ] --END-- [ RunTime:0.001618s ]
INFO: [ view_filter ] --START--
INFO: Run Behavior\WriteHtmlCacheBehavior [ RunTime:0.000031s ]
INFO: [ view_filter ] --END-- [ RunTime:0.000059s ]
INFO: [ app_end ] --START--
INFO: Run Behavior\ShowPageTraceBehavior [ RunTime:0.000028s ]
INFO: [ app_end ] --END-- [ RunTime:0.000056s ]

[ 2015-11-24T09:37:40+08:00 ] 27.154.23.183 /wap/
INFO: [ app_init ] --START--
INFO: Run Behavior\BuildLiteBehavior [ RunTime:0.000012s ]
INFO: [ app_init ] --END-- [ RunTime:0.000089s ]
INFO: [ app_begin ] --START--
INFO: Run Behavior\ReadHtmlCacheBehavior [ RunTime:0.000039s ]
INFO: [ app_begin ] --END-- [ RunTime:0.000074s ]
NOTIC: [2] session_start(): open(../data/session//sess_r56drnp8tc5gd6req6j79vccb1, O_RDWR) failed: Permission denied (13) /home/wwwroot/default/shopnc/wap/ThinkPHP/Common/functions.php 第 1261 行.
SQL: SHOW COLUMNS FROM `shopnc_brand` [ RunTime:0.0008s ]
SQL: SELECT * FROM `shopnc_brand` WHERE ( brand_recommend='1' ) ORDER BY brand_sort desc LIMIT 8   [ RunTime:0.0004s ]
SQL: SHOW COLUMNS FROM `shopnc_p_xianshi_goods` [ RunTime:0.0006s ]
SQL: SELECT * FROM `shopnc_p_xianshi_goods` WHERE ( state='1' and xianshi_recommend='1' ) ORDER BY `order` desc LIMIT 3   [ RunTime:0.0003s ]
SQL: SHOW COLUMNS FROM `shopnc_link` [ RunTime:0.0005s ]
SQL: SELECT * FROM `shopnc_link` WHERE ( link_sort='255' )  [ RunTime:0.0002s ]
INFO: [ view_parse ] --START--
INFO: [ template_filter ] --START--
INFO: Run Behavior\ContentReplaceBehavior [ RunTime:0.000104s ]
INFO: [ template_filter ] --END-- [ RunTime:0.000144s ]
NOTIC: [8] Undefined variable: khd /home/wwwroot/default/shopnc/wap/Application/Runtime/Cache/Home/2a94b8bda04ff446dcedd42276fc99ee.php 第 41 行.
INFO: Run Behavior\ParseTemplateBehavior [ RunTime:0.005510s ]
INFO: [ view_parse ] --END-- [ RunTime:0.005545s ]
INFO: [ view_filter ] --START--
INFO: Run Behavior\WriteHtmlCacheBehavior [ RunTime:0.000039s ]
INFO: [ view_filter ] --END-- [ RunTime:0.000068s ]
INFO: [ app_end ] --START--
INFO: Run Behavior\ShowPageTraceBehavior [ RunTime:0.000041s ]
INFO: [ app_end ] --END-- [ RunTime:0.000076s ]

[ 2015-11-24T09:37:40+08:00 ] 27.154.23.183 /wap/index.php/Home/Index/home
INFO: [ app_init ] --START--
INFO: Run Behavior\BuildLiteBehavior [ RunTime:0.000011s ]
INFO: [ app_init ] --END-- [ RunTime:0.000083s ]
INFO: [ app_begin ] --START--
INFO: Run Behavior\ReadHtmlCacheBehavior [ RunTime:0.000031s ]
INFO: [ app_begin ] --END-- [ RunTime:0.000065s ]
NOTIC: [2] session_start(): open(../data/session//sess_r56drnp8tc5gd6req6j79vccb1, O_RDWR) failed: Permission denied (13) /home/wwwroot/default/shopnc/wap/ThinkPHP/Common/functions.php 第 1261 行.
SQL: SHOW COLUMNS FROM `shopnc_home_pic` [ RunTime:0.0008s ]
SQL: SELECT * FROM `shopnc_home_pic` WHERE ( state='1' )  [ RunTime:0.0003s ]
SQL: SHOW COLUMNS FROM `shopnc_p_xianshi_goods` [ RunTime:0.0006s ]
SQL: SELECT * FROM `shopnc_p_xianshi_goods` WHERE ( state='1' and start_time<'1448329060' and end_time>'1448329060' ) ORDER BY `order` desc LIMIT 1   [ RunTime:0.0003s ]
INFO: [ view_parse ] --START--
INFO: [ template_filter ] --START--
INFO: Run Behavior\ContentReplaceBehavior [ RunTime:0.000074s ]
INFO: [ template_filter ] --END-- [ RunTime:0.000128s ]
INFO: Run Behavior\ParseTemplateBehavior [ RunTime:0.003935s ]
INFO: [ view_parse ] --END-- [ RunTime:0.003991s ]
INFO: [ view_filter ] --START--
INFO: Run Behavior\WriteHtmlCacheBehavior [ RunTime:0.000031s ]
INFO: [ view_filter ] --END-- [ RunTime:0.000073s ]
INFO: [ app_end ] --START--
INFO: Run Behavior\ShowPageTraceBehavior [ RunTime:0.000032s ]
INFO: [ app_end ] --END-- [ RunTime:0.000060s ]

[ 2015-11-24T09:37:40+08:00 ] 27.154.23.183 /wap/index.php/Home/Index/homeapi
INFO: [ app_init ] --START--
INFO: Run Behavior\BuildLiteBehavior [ RunTime:0.000013s ]
INFO: [ app_init ] --END-- [ RunTime:0.000084s ]
INFO: [ app_begin ] --START--
INFO: Run Behavior\ReadHtmlCacheBehavior [ RunTime:0.000033s ]
INFO: [ app_begin ] --END-- [ RunTime:0.000081s ]
NOTIC: [2] session_start(): open(../data/session//sess_r56drnp8tc5gd6req6j79vccb1, O_RDWR) failed: Permission denied (13) /home/wwwroot/default/shopnc/wap/ThinkPHP/Common/functions.php 第 1261 行.
SQL: SHOW COLUMNS FROM `shopnc_favorites` [ RunTime:0.0008s ]
SQL: SELECT COUNT(*) AS tp_count FROM `shopnc_favorites` WHERE ( fav_id='101356' ) LIMIT 1   [ RunTime:0.0003s ]
INFO: [ app_end ] --START--
INFO: Run Behavior\ShowPageTraceBehavior [ RunTime:0.000032s ]
INFO: [ app_end ] --END-- [ RunTime:0.000061s ]

[ 2015-11-24T09:37:46+08:00 ] 27.154.23.183 /wap/index.php/Home/Index/home
INFO: [ app_init ] --START--
INFO: Run Behavior\BuildLiteBehavior [ RunTime:0.000013s ]
INFO: [ app_init ] --END-- [ RunTime:0.000101s ]
INFO: [ app_begin ] --START--
INFO: Run Behavior\ReadHtmlCacheBehavior [ RunTime:0.000033s ]
INFO: [ app_begin ] --END-- [ RunTime:0.000094s ]
NOTIC: [2] session_start(): open(../data/session//sess_r56drnp8tc5gd6req6j79vccb1, O_RDWR) failed: Permission denied (13) /home/wwwroot/default/shopnc/wap/ThinkPHP/Common/functions.php 第 1261 行.
SQL: SHOW COLUMNS FROM `shopnc_home_pic` [ RunTime:0.0010s ]
SQL: SELECT * FROM `shopnc_home_pic` WHERE ( state='1' )  [ RunTime:0.0003s ]
SQL: SHOW COLUMNS FROM `shopnc_p_xianshi_goods` [ RunTime:0.0005s ]
SQL: SELECT * FROM `shopnc_p_xianshi_goods` WHERE ( state='1' and start_time<'1448329066' and end_time>'1448329066' ) ORDER BY `order` desc LIMIT 1   [ RunTime:0.0003s ]
INFO: [ view_parse ] --START--
INFO: [ template_filter ] --START--
INFO: Run Behavior\ContentReplaceBehavior [ RunTime:0.000076s ]
INFO: [ template_filter ] --END-- [ RunTime:0.000115s ]
INFO: Run Behavior\ParseTemplateBehavior [ RunTime:0.003858s ]
INFO: [ view_parse ] --END-- [ RunTime:0.003898s ]
INFO: [ view_filter ] --START--
INFO: Run Behavior\WriteHtmlCacheBehavior [ RunTime:0.000032s ]
INFO: [ view_filter ] --END-- [ RunTime:0.000061s ]
INFO: [ app_end ] --START--
INFO: Run Behavior\ShowPageTraceBehavior [ RunTime:0.000031s ]
INFO: [ app_end ] --END-- [ RunTime:0.000060s ]

[ 2015-11-24T09:37:47+08:00 ] 27.154.23.183 /wap/index.php/Home/Index/homeapi
INFO: [ app_init ] --START--
INFO: Run Behavior\BuildLiteBehavior [ RunTime:0.000013s ]
INFO: [ app_init ] --END-- [ RunTime:0.000102s ]
INFO: [ app_begin ] --START--
INFO: Run Behavior\ReadHtmlCacheBehavior [ RunTime:0.000031s ]
INFO: [ app_begin ] --END-- [ RunTime:0.000062s ]
NOTIC: [2] session_start(): open(../data/session//sess_r56drnp8tc5gd6req6j79vccb1, O_RDWR) failed: Permission denied (13) /home/wwwroot/default/shopnc/wap/ThinkPHP/Common/functions.php 第 1261 行.
SQL: SHOW COLUMNS FROM `shopnc_favorites` [ RunTime:0.0008s ]
SQL: SELECT COUNT(*) AS tp_count FROM `shopnc_favorites` WHERE ( fav_id='101356' ) LIMIT 1   [ RunTime:0.0003s ]
INFO: [ app_end ] --START--
INFO: Run Behavior\ShowPageTraceBehavior [ RunTime:0.000042s ]
INFO: [ app_end ] --END-- [ RunTime:0.000072s ]

[ 2015-11-24T09:37:59+08:00 ] 27.154.23.183 /wap/index.php/Home/index/brandLoad
INFO: [ app_init ] --START--
INFO: Run Behavior\BuildLiteBehavior [ RunTime:0.000012s ]
INFO: [ app_init ] --END-- [ RunTime:0.000085s ]
INFO: [ app_begin ] --START--
INFO: Run Behavior\ReadHtmlCacheBehavior [ RunTime:0.000037s ]
INFO: [ app_begin ] --END-- [ RunTime:0.000073s ]
NOTIC: [2] session_start(): open(../data/session//sess_r56drnp8tc5gd6req6j79vccb1, O_RDWR) failed: Permission denied (13) /home/wwwroot/default/shopnc/wap/ThinkPHP/Common/functions.php 第 1261 行.
INFO: [ view_parse ] --START--
INFO: [ template_filter ] --START--
INFO: Run Behavior\ContentReplaceBehavior [ RunTime:0.000047s ]
INFO: [ template_filter ] --END-- [ RunTime:0.000084s ]
INFO: Run Behavior\ParseTemplateBehavior [ RunTime:0.001778s ]
INFO: [ view_parse ] --END-- [ RunTime:0.001835s ]
INFO: [ view_filter ] --START--
INFO: Run Behavior\WriteHtmlCacheBehavior [ RunTime:0.000032s ]
INFO: [ view_filter ] --END-- [ RunTime:0.000060s ]
INFO: [ app_end ] --START--
INFO: Run Behavior\ShowPageTraceBehavior [ RunTime:0.000046s ]
INFO: [ app_end ] --END-- [ RunTime:0.000075s ]

[ 2015-11-24T09:38:04+08:00 ] 27.154.23.183 /wap/index.php/Home/Index/brand/catId/1
INFO: [ app_init ] --START--
INFO: Run Behavior\BuildLiteBehavior [ RunTime:0.000012s ]
INFO: [ app_init ] --END-- [ RunTime:0.000093s ]
INFO: [ app_begin ] --START--
INFO: Run Behavior\ReadHtmlCacheBehavior [ RunTime:0.000033s ]
INFO: [ app_begin ] --END-- [ RunTime:0.000068s ]
NOTIC: [2] session_start(): open(../data/session//sess_r56drnp8tc5gd6req6j79vccb1, O_RDWR) failed: Permission denied (13) /home/wwwroot/default/shopnc/wap/ThinkPHP/Common/functions.php 第 1261 行.
SQL: SHOW COLUMNS FROM `shopnc_goods_class` [ RunTime:0.0008s ]
SQL: SELECT * FROM `shopnc_goods_class` WHERE ( gc_parent_id='0' ) ORDER BY gc_sort Asc LIMIT 9   [ RunTime:0.0006s ]
INFO: [ view_parse ] --START--
INFO: [ template_filter ] --START--
INFO: Run Behavior\ContentReplaceBehavior [ RunTime:0.000061s ]
INFO: [ template_filter ] --END-- [ RunTime:0.000099s ]
INFO: Run Behavior\ParseTemplateBehavior [ RunTime:0.003630s ]
INFO: [ view_parse ] --END-- [ RunTime:0.003669s ]
INFO: [ view_filter ] --START--
INFO: Run Behavior\WriteHtmlCacheBehavior [ RunTime:0.000031s ]
INFO: [ view_filter ] --END-- [ RunTime:0.000063s ]
INFO: [ app_end ] --START--
INFO: Run Behavior\ShowPageTraceBehavior [ RunTime:0.000031s ]
INFO: [ app_end ] --END-- [ RunTime:0.000061s ]

[ 2015-11-24T09:38:04+08:00 ] 27.154.23.183 /wap/index.php/Home/Index/brandAjax
INFO: [ app_init ] --START--
INFO: Run Behavior\BuildLiteBehavior [ RunTime:0.000012s ]
INFO: [ app_init ] --END-- [ RunTime:0.000083s ]
INFO: [ app_begin ] --START--
INFO: Run Behavior\ReadHtmlCacheBehavior [ RunTime:0.000030s ]
INFO: [ app_begin ] --END-- [ RunTime:0.000061s ]
NOTIC: [2] session_start(): open(../data/session//sess_r56drnp8tc5gd6req6j79vccb1, O_RDWR) failed: Permission denied (13) /home/wwwroot/default/shopnc/wap/ThinkPHP/Common/functions.php 第 1261 行.
SQL: SHOW COLUMNS FROM `shopnc_goods_class` [ RunTime:0.0008s ]
SQL: SELECT `gc_id` FROM `shopnc_goods_class` WHERE ( `gc_parent_id`='1' ) ORDER BY gc_sort ASC  [ RunTime:0.0003s ]
NOTIC: [2] Invalid argument supplied for foreach() /home/wwwroot/default/shopnc/wap/Application/Home/Controller/IndexController.class.php 第 673 行.
SQL: SHOW COLUMNS FROM `shopnc_brand` [ RunTime:0.0005s ]
SQL: SELECT * FROM `shopnc_brand` WHERE (  class_id in (1) ) ORDER BY brand_sort DESC  [ RunTime:0.0004s ]
SQL: SHOW COLUMNS FROM `shopnc_advertisement` [ RunTime:0.0004s ]
SQL: SELECT * FROM `shopnc_advertisement` WHERE ( class_id='1' and state='1' ) LIMIT 1   [ RunTime:0.0003s ]
INFO: [ app_end ] --START--
INFO: Run Behavior\ShowPageTraceBehavior [ RunTime:0.000034s ]
INFO: [ app_end ] --END-- [ RunTime:0.000065s ]

[ 2015-11-24T09:38:06+08:00 ] 27.154.23.183 /wap/index.php/Home/Index/brandGoods/bid/447
INFO: [ app_init ] --START--
INFO: Run Behavior\BuildLiteBehavior [ RunTime:0.000012s ]
INFO: [ app_init ] --END-- [ RunTime:0.000083s ]
INFO: [ app_begin ] --START--
INFO: Run Behavior\ReadHtmlCacheBehavior [ RunTime:0.000051s ]
INFO: [ app_begin ] --END-- [ RunTime:0.000095s ]
NOTIC: [2] session_start(): open(../data/session//sess_r56drnp8tc5gd6req6j79vccb1, O_RDWR) failed: Permission denied (13) /home/wwwroot/default/shopnc/wap/ThinkPHP/Common/functions.php 第 1261 行.
SQL: SHOW COLUMNS FROM `shopnc_brand` [ RunTime:0.0008s ]
SQL: SELECT `brand_name` FROM `shopnc_brand` WHERE ( brand_id='447' ) LIMIT 1   [ RunTime:0.0002s ]
SQL: SHOW COLUMNS FROM `shopnc_goods` [ RunTime:0.0008s ]
NOTIC: [8] Undefined index: showway /home/wwwroot/default/shopnc/wap/Application/Home/Controller/IndexController.class.php 第 727 行.
SQL: SELECT * FROM `shopnc_goods` WHERE ( brand_id='447' and goods_state='1' )  [ RunTime:0.0016s ]
INFO: [ view_parse ] --START--
INFO: [ template_filter ] --START--
INFO: Run Behavior\ContentReplaceBehavior [ RunTime:0.000069s ]
INFO: [ template_filter ] --END-- [ RunTime:0.000107s ]
NOTIC: [8] Undefined variable: showway /home/wwwroot/default/shopnc/wap/Application/Runtime/Cache/Home/b096450eee7daed465af7b28e0a67d45.php 第 164 行.
NOTIC: [8] Undefined variable: showway /home/wwwroot/default/shopnc/wap/Application/Runtime/Cache/Home/b096450eee7daed465af7b28e0a67d45.php 第 165 行.
NOTIC: [8] Undefined variable: showway /home/wwwroot/default/shopnc/wap/Application/Runtime/Cache/Home/b096450eee7daed465af7b28e0a67d45.php 第 166 行.
NOTIC: [8] Undefined variable: showway /home/wwwroot/default/shopnc/wap/Application/Runtime/Cache/Home/b096450eee7daed465af7b28e0a67d45.php 第 167 行.
INFO: Run Behavior\ParseTemplateBehavior [ RunTime:0.004139s ]
INFO: [ view_parse ] --END-- [ RunTime:0.004178s ]
INFO: [ view_filter ] --START--
INFO: Run Behavior\WriteHtmlCacheBehavior [ RunTime:0.000032s ]
INFO: [ view_filter ] --END-- [ RunTime:0.000059s ]
INFO: [ app_end ] --START--
INFO: Run Behavior\ShowPageTraceBehavior [ RunTime:0.000036s ]
INFO: [ app_end ] --END-- [ RunTime:0.000095s ]

[ 2015-11-24T09:38:08+08:00 ] 27.154.23.183 /wap/index.php/Home/Index/goods?goods_id=101344
INFO: [ app_init ] --START--
INFO: Run Behavior\BuildLiteBehavior [ RunTime:0.000012s ]
INFO: [ app_init ] --END-- [ RunTime:0.000082s ]
INFO: [ app_begin ] --START--
INFO: Run Behavior\ReadHtmlCacheBehavior [ RunTime:0.000050s ]
INFO: [ app_begin ] --END-- [ RunTime:0.000084s ]
NOTIC: [2] session_start(): open(../data/session//sess_r56drnp8tc5gd6req6j79vccb1, O_RDWR) failed: Permission denied (13) /home/wwwroot/default/shopnc/wap/ThinkPHP/Common/functions.php 第 1261 行.
SQL: SHOW COLUMNS FROM `shopnc_goods` [ RunTime:0.0011s ]
SQL: SELECT `goods_commonid`,`brand_id` FROM `shopnc_goods` WHERE ( goods_id='101344' ) LIMIT 1   [ RunTime:0.0003s ]
SQL: SHOW COLUMNS FROM `shopnc_brand` [ RunTime:0.0005s ]
SQL: SELECT `brand_name` FROM `shopnc_brand` WHERE ( brand_id=447 ) LIMIT 1   [ RunTime:0.0002s ]
SQL: SHOW COLUMNS FROM `shopnc_evaluate_goods` [ RunTime:0.0006s ]
SQL: SELECT * FROM `shopnc_evaluate_goods` WHERE ( geval_goodsid=101344 )  [ RunTime:0.0002s ]
SQL: SHOW COLUMNS FROM `shopnc_member` [ RunTime:0.0008s ]
NOTIC: [2] Invalid argument supplied for foreach() /home/wwwroot/default/shopnc/wap/Application/Home/Controller/IndexController.class.php 第 322 行.
SQL: SHOW COLUMNS FROM `shopnc_goods_common` [ RunTime:0.0009s ]
SQL: SELECT * FROM `shopnc_goods_common` WHERE ( goods_commonid='100783' ) LIMIT 1   [ RunTime:0.0004s ]
INFO: [ view_parse ] --START--
INFO: [ template_filter ] --START--
INFO: Run Behavior\ContentReplaceBehavior [ RunTime:0.000087s ]
INFO: [ template_filter ] --END-- [ RunTime:0.000126s ]
INFO: Run Behavior\ParseTemplateBehavior [ RunTime:0.004818s ]
INFO: [ view_parse ] --END-- [ RunTime:0.004859s ]
INFO: [ view_filter ] --START--
INFO: Run Behavior\WriteHtmlCacheBehavior [ RunTime:0.000031s ]
INFO: [ view_filter ] --END-- [ RunTime:0.000059s ]
INFO: [ app_end ] --START--
INFO: Run Behavior\ShowPageTraceBehavior [ RunTime:0.000049s ]
INFO: [ app_end ] --END-- [ RunTime:0.000096s ]

[ 2015-11-24T09:38:12+08:00 ] 27.154.23.183 /wap/index.php/Home/index/login
INFO: [ app_init ] --START--
INFO: Run Behavior\BuildLiteBehavior [ RunTime:0.000012s ]
INFO: [ app_init ] --END-- [ RunTime:0.000082s ]
INFO: [ app_begin ] --START--
INFO: Run Behavior\ReadHtmlCacheBehavior [ RunTime:0.000034s ]
INFO: [ app_begin ] --END-- [ RunTime:0.000069s ]
NOTIC: [2] session_start(): open(../data/session//sess_r56drnp8tc5gd6req6j79vccb1, O_RDWR) failed: Permission denied (13) /home/wwwroot/default/shopnc/wap/ThinkPHP/Common/functions.php 第 1261 行.
INFO: [ view_parse ] --START--
INFO: [ template_filter ] --START--
INFO: Run Behavior\ContentReplaceBehavior [ RunTime:0.000060s ]
INFO: [ template_filter ] --END-- [ RunTime:0.000098s ]
INFO: Run Behavior\ParseTemplateBehavior [ RunTime:0.002022s ]
INFO: [ view_parse ] --END-- [ RunTime:0.002059s ]
INFO: [ view_filter ] --START--
INFO: Run Behavior\WriteHtmlCacheBehavior [ RunTime:0.000030s ]
INFO: [ view_filter ] --END-- [ RunTime:0.000058s ]
INFO: [ app_end ] --START--
INFO: Run Behavior\ShowPageTraceBehavior [ RunTime:0.000028s ]
INFO: [ app_end ] --END-- [ RunTime:0.000056s ]

[ 2015-11-24T09:38:17+08:00 ] 27.154.23.183 /wap/index.php/Home/Index/goods?goods_id=101344
INFO: [ app_init ] --START--
INFO: Run Behavior\BuildLiteBehavior [ RunTime:0.000011s ]
INFO: [ app_init ] --END-- [ RunTime:0.000075s ]
INFO: [ app_begin ] --START--
INFO: Run Behavior\ReadHtmlCacheBehavior [ RunTime:0.000032s ]
INFO: [ app_begin ] --END-- [ RunTime:0.000065s ]
NOTIC: [2] session_start(): open(../data/session//sess_r56drnp8tc5gd6req6j79vccb1, O_RDWR) failed: Permission denied (13) /home/wwwroot/default/shopnc/wap/ThinkPHP/Common/functions.php 第 1261 行.
SQL: SHOW COLUMNS FROM `shopnc_goods` [ RunTime:0.0011s ]
SQL: SELECT `goods_commonid`,`brand_id` FROM `shopnc_goods` WHERE ( goods_id='101344' ) LIMIT 1   [ RunTime:0.0003s ]
SQL: SHOW COLUMNS FROM `shopnc_brand` [ RunTime:0.0005s ]
SQL: SELECT `brand_name` FROM `shopnc_brand` WHERE ( brand_id=447 ) LIMIT 1   [ RunTime:0.0002s ]
SQL: SHOW COLUMNS FROM `shopnc_evaluate_goods` [ RunTime:0.0005s ]
SQL: SELECT * FROM `shopnc_evaluate_goods` WHERE ( geval_goodsid=101344 )  [ RunTime:0.0002s ]
SQL: SHOW COLUMNS FROM `shopnc_member` [ RunTime:0.0009s ]
NOTIC: [2] Invalid argument supplied for foreach() /home/wwwroot/default/shopnc/wap/Application/Home/Controller/IndexController.class.php 第 322 行.
SQL: SHOW COLUMNS FROM `shopnc_goods_common` [ RunTime:0.0008s ]
SQL: SELECT * FROM `shopnc_goods_common` WHERE ( goods_commonid='100783' ) LIMIT 1   [ RunTime:0.0003s ]
INFO: [ view_parse ] --START--
INFO: [ template_filter ] --START--
INFO: Run Behavior\ContentReplaceBehavior [ RunTime:0.000085s ]
INFO: [ template_filter ] --END-- [ RunTime:0.000123s ]
INFO: Run Behavior\ParseTemplateBehavior [ RunTime:0.004805s ]
INFO: [ view_parse ] --END-- [ RunTime:0.004846s ]
INFO: [ view_filter ] --START--
INFO: Run Behavior\WriteHtmlCacheBehavior [ RunTime:0.000031s ]
INFO: [ view_filter ] --END-- [ RunTime:0.000059s ]
INFO: [ app_end ] --START--
INFO: Run Behavior\ShowPageTraceBehavior [ RunTime:0.000031s ]
INFO: [ app_end ] --END-- [ RunTime:0.000062s ]

[ 2015-11-24T09:38:21+08:00 ] 27.154.23.183 /wap/index.php/Home/Index/cart
INFO: [ app_init ] --START--
INFO: Run Behavior\BuildLiteBehavior [ RunTime:0.000016s ]
INFO: [ app_init ] --END-- [ RunTime:0.000128s ]
INFO: [ app_begin ] --START--
INFO: Run Behavior\ReadHtmlCacheBehavior [ RunTime:0.000045s ]
INFO: [ app_begin ] --END-- [ RunTime:0.000094s ]
NOTIC: [2] session_start(): open(../data/session//sess_r56drnp8tc5gd6req6j79vccb1, O_RDWR) failed: Permission denied (13) /home/wwwroot/default/shopnc/wap/ThinkPHP/Common/functions.php 第 1261 行.
INFO: [ view_parse ] --START--
INFO: [ template_filter ] --START--
INFO: Run Behavior\ContentReplaceBehavior [ RunTime:0.000083s ]
INFO: [ template_filter ] --END-- [ RunTime:0.000145s ]
INFO: Run Behavior\ParseTemplateBehavior [ RunTime:0.003634s ]
INFO: [ view_parse ] --END-- [ RunTime:0.003678s ]
INFO: [ view_filter ] --START--
INFO: Run Behavior\WriteHtmlCacheBehavior [ RunTime:0.000033s ]
INFO: [ view_filter ] --END-- [ RunTime:0.000060s ]
INFO: [ app_end ] --START--
INFO: Run Behavior\ShowPageTraceBehavior [ RunTime:0.000029s ]
INFO: [ app_end ] --END-- [ RunTime:0.000059s ]

[ 2015-11-24T09:38:23+08:00 ] 27.154.23.183 /wap/index.php/Home/Index/buy_step1?ifcart=1&cart_id=438|1
INFO: [ app_init ] --START--
INFO: Run Behavior\BuildLiteBehavior [ RunTime:0.000012s ]
INFO: [ app_init ] --END-- [ RunTime:0.000085s ]
INFO: [ app_begin ] --START--
INFO: Run Behavior\ReadHtmlCacheBehavior [ RunTime:0.000034s ]
INFO: [ app_begin ] --END-- [ RunTime:0.000067s ]
NOTIC: [2] session_start(): open(../data/session//sess_r56drnp8tc5gd6req6j79vccb1, O_RDWR) failed: Permission denied (13) /home/wwwroot/default/shopnc/wap/ThinkPHP/Common/functions.php 第 1261 行.
INFO: [ view_parse ] --START--
INFO: [ template_filter ] --START--
INFO: Run Behavior\ContentReplaceBehavior [ RunTime:0.000079s ]
INFO: [ template_filter ] --END-- [ RunTime:0.000117s ]
INFO: Run Behavior\ParseTemplateBehavior [ RunTime:0.003773s ]
INFO: [ view_parse ] --END-- [ RunTime:0.003810s ]
INFO: [ view_filter ] --START--
INFO: Run Behavior\WriteHtmlCacheBehavior [ RunTime:0.000032s ]
INFO: [ view_filter ] --END-- [ RunTime:0.000059s ]
INFO: [ app_end ] --START--
INFO: Run Behavior\ShowPageTraceBehavior [ RunTime:0.000033s ]
INFO: [ app_end ] --END-- [ RunTime:0.000067s ]

[ 2015-11-24T09:38:31+08:00 ] 27.154.23.183 /wap/index.php/Home/Index/order_list
INFO: [ app_init ] --START--
INFO: Run Behavior\BuildLiteBehavior [ RunTime:0.000012s ]
INFO: [ app_init ] --END-- [ RunTime:0.000082s ]
INFO: [ app_begin ] --START--
INFO: Run Behavior\ReadHtmlCacheBehavior [ RunTime:0.000033s ]
INFO: [ app_begin ] --END-- [ RunTime:0.000067s ]
NOTIC: [2] session_start(): open(../data/session//sess_r56drnp8tc5gd6req6j79vccb1, O_RDWR) failed: Permission denied (13) /home/wwwroot/default/shopnc/wap/ThinkPHP/Common/functions.php 第 1261 行.
INFO: [ view_parse ] --START--
INFO: [ template_filter ] --START--
INFO: Run Behavior\ContentReplaceBehavior [ RunTime:0.000080s ]
INFO: [ template_filter ] --END-- [ RunTime:0.000117s ]
INFO: Run Behavior\ParseTemplateBehavior [ RunTime:0.003158s ]
INFO: [ view_parse ] --END-- [ RunTime:0.003195s ]
INFO: [ view_filter ] --START--
INFO: Run Behavior\WriteHtmlCacheBehavior [ RunTime:0.000031s ]
INFO: [ view_filter ] --END-- [ RunTime:0.000058s ]
INFO: [ app_end ] --START--
INFO: Run Behavior\ShowPageTraceBehavior [ RunTime:0.000033s ]
INFO: [ app_end ] --END-- [ RunTime:0.000068s ]

[ 2015-11-24T09:41:08+08:00 ] 27.154.23.183 /wap/index.php/Home/Index/order_list
INFO: [ app_init ] --START--
INFO: Run Behavior\BuildLiteBehavior [ RunTime:0.000012s ]
INFO: [ app_init ] --END-- [ RunTime:0.000089s ]
INFO: [ app_begin ] --START--
INFO: Run Behavior\ReadHtmlCacheBehavior [ RunTime:0.000038s ]
INFO: [ app_begin ] --END-- [ RunTime:0.000073s ]
NOTIC: [2] session_start(): open(../data/session//sess_r56drnp8tc5gd6req6j79vccb1, O_RDWR) failed: Permission denied (13) /home/wwwroot/default/shopnc/wap/ThinkPHP/Common/functions.php 第 1261 行.
INFO: [ view_parse ] --START--
INFO: [ template_filter ] --START--
INFO: Run Behavior\ContentReplaceBehavior [ RunTime:0.000084s ]
INFO: [ template_filter ] --END-- [ RunTime:0.000122s ]
INFO: Run Behavior\ParseTemplateBehavior [ RunTime:0.003245s ]
INFO: [ view_parse ] --END-- [ RunTime:0.003283s ]
INFO: [ view_filter ] --START--
INFO: Run Behavior\WriteHtmlCacheBehavior [ RunTime:0.000036s ]
INFO: [ view_filter ] --END-- [ RunTime:0.000065s ]
INFO: [ app_end ] --START--
INFO: Run Behavior\ShowPageTraceBehavior [ RunTime:0.000048s ]
INFO: [ app_end ] --END-- [ RunTime:0.000083s ]

[ 2015-11-24T09:41:37+08:00 ] 27.154.23.183 /wap/index.php/Home/Index/order_list
INFO: [ app_init ] --START--
INFO: Run Behavior\BuildLiteBehavior [ RunTime:0.000012s ]
INFO: [ app_init ] --END-- [ RunTime:0.000084s ]
INFO: [ app_begin ] --START--
INFO: Run Behavior\ReadHtmlCacheBehavior [ RunTime:0.000033s ]
INFO: [ app_begin ] --END-- [ RunTime:0.000067s ]
NOTIC: [2] session_start(): open(../data/session//sess_r56drnp8tc5gd6req6j79vccb1, O_RDWR) failed: Permission denied (13) /home/wwwroot/default/shopnc/wap/ThinkPHP/Common/functions.php 第 1261 行.
INFO: [ view_parse ] --START--
INFO: [ template_filter ] --START--
INFO: Run Behavior\ContentReplaceBehavior [ RunTime:0.000079s ]
INFO: [ template_filter ] --END-- [ RunTime:0.000117s ]
INFO: Run Behavior\ParseTemplateBehavior [ RunTime:0.003146s ]
INFO: [ view_parse ] --END-- [ RunTime:0.003184s ]
INFO: [ view_filter ] --START--
INFO: Run Behavior\WriteHtmlCacheBehavior [ RunTime:0.000030s ]
INFO: [ view_filter ] --END-- [ RunTime:0.000057s ]
INFO: [ app_end ] --START--
INFO: Run Behavior\ShowPageTraceBehavior [ RunTime:0.000033s ]
INFO: [ app_end ] --END-- [ RunTime:0.000069s ]

[ 2015-11-24T09:55:33+08:00 ] 27.154.23.183 /wap/index.php/Home/Index/order_list
INFO: [ app_init ] --START--
INFO: Run Behavior\BuildLiteBehavior [ RunTime:0.000012s ]
INFO: [ app_init ] --END-- [ RunTime:0.000091s ]
INFO: [ app_begin ] --START--
INFO: Run Behavior\ReadHtmlCacheBehavior [ RunTime:0.000037s ]
INFO: [ app_begin ] --END-- [ RunTime:0.000072s ]
NOTIC: [2] session_start(): open(../data/session//sess_r56drnp8tc5gd6req6j79vccb1, O_RDWR) failed: Permission denied (13) /home/wwwroot/default/shopnc/wap/ThinkPHP/Common/functions.php 第 1261 行.
INFO: [ view_parse ] --START--
INFO: [ template_filter ] --START--
INFO: Run Behavior\ContentReplaceBehavior [ RunTime:0.000078s ]
INFO: [ template_filter ] --END-- [ RunTime:0.000116s ]
INFO: Run Behavior\ParseTemplateBehavior [ RunTime:0.003295s ]
INFO: [ view_parse ] --END-- [ RunTime:0.003350s ]
INFO: [ view_filter ] --START--
INFO: Run Behavior\WriteHtmlCacheBehavior [ RunTime:0.000035s ]
INFO: [ view_filter ] --END-- [ RunTime:0.000063s ]
INFO: [ app_end ] --START--
INFO: Run Behavior\ShowPageTraceBehavior [ RunTime:0.000039s ]
INFO: [ app_end ] --END-- [ RunTime:0.000074s ]

[ 2015-11-24T11:50:53+08:00 ] 27.154.23.183 /wap/index.php/Home/Index/order_list
INFO: [ app_init ] --START--
INFO: Run Behavior\BuildLiteBehavior [ RunTime:0.000020s ]
INFO: [ app_init ] --END-- [ RunTime:0.000471s ]
INFO: [ app_begin ] --START--
INFO: Run Behavior\ReadHtmlCacheBehavior [ RunTime:0.000624s ]
INFO: [ app_begin ] --END-- [ RunTime:0.000665s ]
NOTIC: [2] session_start(): open(../data/session//sess_r56drnp8tc5gd6req6j79vccb1, O_RDWR) failed: Permission denied (13) /home/wwwroot/default/shopnc/wap/ThinkPHP/Common/functions.php 第 1261 行.
INFO: [ view_parse ] --START--
INFO: [ template_filter ] --START--
INFO: Run Behavior\ContentReplaceBehavior [ RunTime:0.000085s ]
INFO: [ template_filter ] --END-- [ RunTime:0.000131s ]
INFO: Run Behavior\ParseTemplateBehavior [ RunTime:0.008991s ]
INFO: [ view_parse ] --END-- [ RunTime:0.009033s ]
INFO: [ view_filter ] --START--
INFO: Run Behavior\WriteHtmlCacheBehavior [ RunTime:0.000231s ]
INFO: [ view_filter ] --END-- [ RunTime:0.000278s ]
INFO: [ app_end ] --START--
INFO: Run Behavior\ShowPageTraceBehavior [ RunTime:0.000754s ]
INFO: [ app_end ] --END-- [ RunTime:0.000795s ]

[ 2015-11-24T11:54:33+08:00 ] 27.154.23.183 /wap/index.php/Home/Index/order_list
INFO: [ app_init ] --START--
INFO: Run Behavior\BuildLiteBehavior [ RunTime:0.000012s ]
INFO: [ app_init ] --END-- [ RunTime:0.000088s ]
INFO: [ app_begin ] --START--
INFO: Run Behavior\ReadHtmlCacheBehavior [ RunTime:0.000038s ]
INFO: [ app_begin ] --END-- [ RunTime:0.000072s ]
NOTIC: [2] session_start(): open(../data/session//sess_r56drnp8tc5gd6req6j79vccb1, O_RDWR) failed: Permission denied (13) /home/wwwroot/default/shopnc/wap/ThinkPHP/Common/functions.php 第 1261 行.
INFO: [ view_parse ] --START--
INFO: [ template_filter ] --START--
INFO: Run Behavior\ContentReplaceBehavior [ RunTime:0.000098s ]
INFO: [ template_filter ] --END-- [ RunTime:0.000137s ]
INFO: Run Behavior\ParseTemplateBehavior [ RunTime:0.003212s ]
INFO: [ view_parse ] --END-- [ RunTime:0.003249s ]
INFO: [ view_filter ] --START--
INFO: Run Behavior\WriteHtmlCacheBehavior [ RunTime:0.000036s ]
INFO: [ view_filter ] --END-- [ RunTime:0.000064s ]
INFO: [ app_end ] --START--
INFO: Run Behavior\ShowPageTraceBehavior [ RunTime:0.000039s ]
INFO: [ app_end ] --END-- [ RunTime:0.000074s ]

[ 2015-11-24T11:54:42+08:00 ] 27.154.23.183 /wap/index.php/Home/Index/order_list
INFO: [ app_init ] --START--
INFO: Run Behavior\BuildLiteBehavior [ RunTime:0.000016s ]
INFO: [ app_init ] --END-- [ RunTime:0.000107s ]
INFO: [ app_begin ] --START--
INFO: Run Behavior\ReadHtmlCacheBehavior [ RunTime:0.000039s ]
INFO: [ app_begin ] --END-- [ RunTime:0.000074s ]
NOTIC: [2] session_start(): open(../data/session//sess_r56drnp8tc5gd6req6j79vccb1, O_RDWR) failed: Permission denied (13) /home/wwwroot/default/shopnc/wap/ThinkPHP/Common/functions.php 第 1261 行.
INFO: [ view_parse ] --START--
INFO: [ template_filter ] --START--
INFO: Run Behavior\ContentReplaceBehavior [ RunTime:0.000084s ]
INFO: [ template_filter ] --END-- [ RunTime:0.000121s ]
INFO: Run Behavior\ParseTemplateBehavior [ RunTime:0.003829s ]
INFO: [ view_parse ] --END-- [ RunTime:0.003885s ]
INFO: [ view_filter ] --START--
INFO: Run Behavior\WriteHtmlCacheBehavior [ RunTime:0.000036s ]
INFO: [ view_filter ] --END-- [ RunTime:0.000064s ]
INFO: [ app_end ] --START--
INFO: Run Behavior\ShowPageTraceBehavior [ RunTime:0.000045s ]
INFO: [ app_end ] --END-- [ RunTime:0.000082s ]

[ 2015-11-24T11:54:50+08:00 ] 27.154.23.183 /wap/index.php/Home/Index/order_list
INFO: [ app_init ] --START--
INFO: Run Behavior\BuildLiteBehavior [ RunTime:0.000012s ]
INFO: [ app_init ] --END-- [ RunTime:0.000086s ]
INFO: [ app_begin ] --START--
INFO: Run Behavior\ReadHtmlCacheBehavior [ RunTime:0.000034s ]
INFO: [ app_begin ] --END-- [ RunTime:0.000067s ]
NOTIC: [2] session_start(): open(../data/session//sess_r56drnp8tc5gd6req6j79vccb1, O_RDWR) failed: Permission denied (13) /home/wwwroot/default/shopnc/wap/ThinkPHP/Common/functions.php 第 1261 行.
INFO: [ view_parse ] --START--
INFO: [ template_filter ] --START--
INFO: Run Behavior\ContentReplaceBehavior [ RunTime:0.000080s ]
INFO: [ template_filter ] --END-- [ RunTime:0.000117s ]
INFO: Run Behavior\ParseTemplateBehavior [ RunTime:0.003175s ]
INFO: [ view_parse ] --END-- [ RunTime:0.003211s ]
INFO: [ view_filter ] --START--
INFO: Run Behavior\WriteHtmlCacheBehavior [ RunTime:0.000032s ]
INFO: [ view_filter ] --END-- [ RunTime:0.000059s ]
INFO: [ app_end ] --START--
INFO: Run Behavior\ShowPageTraceBehavior [ RunTime:0.000032s ]
INFO: [ app_end ] --END-- [ RunTime:0.000066s ]

[ 2015-11-24T11:55:05+08:00 ] 27.154.23.183 /wap/index.php/Home/Index/order_list
INFO: [ app_init ] --START--
INFO: Run Behavior\BuildLiteBehavior [ RunTime:0.000012s ]
INFO: [ app_init ] --END-- [ RunTime:0.000101s ]
INFO: [ app_begin ] --START--
INFO: Run Behavior\ReadHtmlCacheBehavior [ RunTime:0.000034s ]
INFO: [ app_begin ] --END-- [ RunTime:0.000068s ]
NOTIC: [2] session_start(): open(../data/session//sess_r56drnp8tc5gd6req6j79vccb1, O_RDWR) failed: Permission denied (13) /home/wwwroot/default/shopnc/wap/ThinkPHP/Common/functions.php 第 1261 行.
INFO: [ view_parse ] --START--
INFO: [ template_filter ] --START--
INFO: Run Behavior\ContentReplaceBehavior [ RunTime:0.000080s ]
INFO: [ template_filter ] --END-- [ RunTime:0.000118s ]
INFO: Run Behavior\ParseTemplateBehavior [ RunTime:0.003236s ]
INFO: [ view_parse ] --END-- [ RunTime:0.003290s ]
INFO: [ view_filter ] --START--
INFO: Run Behavior\WriteHtmlCacheBehavior [ RunTime:0.000031s ]
INFO: [ view_filter ] --END-- [ RunTime:0.000058s ]
INFO: [ app_end ] --START--
INFO: Run Behavior\ShowPageTraceBehavior [ RunTime:0.000037s ]
INFO: [ app_end ] --END-- [ RunTime:0.000086s ]

[ 2015-11-24T13:30:56+08:00 ] 27.154.23.183 /wap/index.php/Home/Index/order_list
INFO: [ app_init ] --START--
INFO: Run Behavior\BuildLiteBehavior [ RunTime:0.000018s ]
INFO: [ app_init ] --END-- [ RunTime:0.000129s ]
INFO: [ app_begin ] --START--
INFO: Run Behavior\ReadHtmlCacheBehavior [ RunTime:0.000057s ]
INFO: [ app_begin ] --END-- [ RunTime:0.000111s ]
NOTIC: [2] session_start(): open(../data/session//sess_r56drnp8tc5gd6req6j79vccb1, O_RDWR) failed: Permission denied (13) /home/wwwroot/default/shopnc/wap/ThinkPHP/Common/functions.php 第 1261 行.
INFO: [ view_parse ] --START--
INFO: [ template_filter ] --START--
INFO: Run Behavior\ContentReplaceBehavior [ RunTime:0.000080s ]
INFO: [ template_filter ] --END-- [ RunTime:0.000118s ]
INFO: Run Behavior\ParseTemplateBehavior [ RunTime:0.003303s ]
INFO: [ view_parse ] --END-- [ RunTime:0.003349s ]
INFO: [ view_filter ] --START--
INFO: Run Behavior\WriteHtmlCacheBehavior [ RunTime:0.000037s ]
INFO: [ view_filter ] --END-- [ RunTime:0.000064s ]
INFO: [ app_end ] --START--
INFO: Run Behavior\ShowPageTraceBehavior [ RunTime:0.000039s ]
INFO: [ app_end ] --END-- [ RunTime:0.000074s ]

[ 2015-11-24T13:31:42+08:00 ] 27.154.23.183 /wap/index.php/Home/Index/order_list
INFO: [ app_init ] --START--
INFO: Run Behavior\BuildLiteBehavior [ RunTime:0.000015s ]
INFO: [ app_init ] --END-- [ RunTime:0.000092s ]
INFO: [ app_begin ] --START--
INFO: Run Behavior\ReadHtmlCacheBehavior [ RunTime:0.000033s ]
INFO: [ app_begin ] --END-- [ RunTime:0.000068s ]
NOTIC: [2] session_start(): open(../data/session//sess_r56drnp8tc5gd6req6j79vccb1, O_RDWR) failed: Permission denied (13) /home/wwwroot/default/shopnc/wap/ThinkPHP/Common/functions.php 第 1261 行.
INFO: [ view_parse ] --START--
INFO: [ template_filter ] --START--
INFO: Run Behavior\ContentReplaceBehavior [ RunTime:0.000088s ]
INFO: [ template_filter ] --END-- [ RunTime:0.000128s ]
INFO: Run Behavior\ParseTemplateBehavior [ RunTime:0.003331s ]
INFO: [ view_parse ] --END-- [ RunTime:0.003369s ]
INFO: [ view_filter ] --START--
INFO: Run Behavior\WriteHtmlCacheBehavior [ RunTime:0.000039s ]
INFO: [ view_filter ] --END-- [ RunTime:0.000074s ]
INFO: [ app_end ] --START--
INFO: Run Behavior\ShowPageTraceBehavior [ RunTime:0.000041s ]
INFO: [ app_end ] --END-- [ RunTime:0.000080s ]

[ 2015-11-24T13:47:54+08:00 ] 163.177.69.37 /wap/
INFO: [ app_init ] --START--
INFO: Run Behavior\BuildLiteBehavior [ RunTime:0.000013s ]
INFO: [ app_init ] --END-- [ RunTime:0.000091s ]
INFO: [ app_begin ] --START--
INFO: Run Behavior\ReadHtmlCacheBehavior [ RunTime:0.000036s ]
INFO: [ app_begin ] --END-- [ RunTime:0.000103s ]
NOTIC: [2] session_start(): open(../data/session//sess_6s6vplq8k57ier6b8r0k7alvs2, O_RDWR) failed: Permission denied (13) /home/wwwroot/default/shopnc/wap/ThinkPHP/Common/functions.php 第 1261 行.
SQL: SHOW COLUMNS FROM `shopnc_brand` [ RunTime:0.0009s ]
SQL: SELECT * FROM `shopnc_brand` WHERE ( brand_recommend='1' ) ORDER BY brand_sort desc LIMIT 8   [ RunTime:0.0004s ]
SQL: SHOW COLUMNS FROM `shopnc_p_xianshi_goods` [ RunTime:0.0011s ]
SQL: SELECT * FROM `shopnc_p_xianshi_goods` WHERE ( state='1' and xianshi_recommend='1' ) ORDER BY `order` desc LIMIT 3   [ RunTime:0.0003s ]
SQL: SHOW COLUMNS FROM `shopnc_link` [ RunTime:0.0008s ]
SQL: SELECT * FROM `shopnc_link` WHERE ( link_sort='255' )  [ RunTime:0.0002s ]
INFO: [ view_parse ] --START--
INFO: [ template_filter ] --START--
INFO: Run Behavior\ContentReplaceBehavior [ RunTime:0.000107s ]
INFO: [ template_filter ] --END-- [ RunTime:0.000148s ]
NOTIC: [8] Undefined variable: khd /home/wwwroot/default/shopnc/wap/Application/Runtime/Cache/Home/2a94b8bda04ff446dcedd42276fc99ee.php 第 41 行.
INFO: Run Behavior\ParseTemplateBehavior [ RunTime:0.005525s ]
INFO: [ view_parse ] --END-- [ RunTime:0.005561s ]
INFO: [ view_filter ] --START--
INFO: Run Behavior\WriteHtmlCacheBehavior [ RunTime:0.000038s ]
INFO: [ view_filter ] --END-- [ RunTime:0.000066s ]
INFO: [ app_end ] --START--
INFO: Run Behavior\ShowPageTraceBehavior [ RunTime:0.000037s ]
INFO: [ app_end ] --END-- [ RunTime:0.000070s ]

[ 2015-11-24T13:47:55+08:00 ] 163.177.69.37 /wap/index.php/Home/Index/home
INFO: [ app_init ] --START--
INFO: Run Behavior\BuildLiteBehavior [ RunTime:0.000019s ]
INFO: [ app_init ] --END-- [ RunTime:0.000127s ]
INFO: [ app_begin ] --START--
INFO: Run Behavior\ReadHtmlCacheBehavior [ RunTime:0.000053s ]
INFO: [ app_begin ] --END-- [ RunTime:0.000111s ]
NOTIC: [2] session_start(): open(../data/session//sess_6s6vplq8k57ier6b8r0k7alvs2, O_RDWR) failed: Permission denied (13) /home/wwwroot/default/shopnc/wap/ThinkPHP/Common/functions.php 第 1261 行.
SQL: SHOW COLUMNS FROM `shopnc_home_pic` [ RunTime:0.0019s ]
SQL: SELECT * FROM `shopnc_home_pic` WHERE ( state='1' )  [ RunTime:0.0003s ]
SQL: SHOW COLUMNS FROM `shopnc_p_xianshi_goods` [ RunTime:0.0010s ]
SQL: SELECT * FROM `shopnc_p_xianshi_goods` WHERE ( state='1' and start_time<'1448344075' and end_time>'1448344075' ) ORDER BY `order` desc LIMIT 1   [ RunTime:0.0003s ]
INFO: [ view_parse ] --START--
INFO: [ template_filter ] --START--
INFO: Run Behavior\ContentReplaceBehavior [ RunTime:0.000074s ]
INFO: [ template_filter ] --END-- [ RunTime:0.000112s ]
INFO: Run Behavior\ParseTemplateBehavior [ RunTime:0.003795s ]
INFO: [ view_parse ] --END-- [ RunTime:0.003848s ]
INFO: [ view_filter ] --START--
INFO: Run Behavior\WriteHtmlCacheBehavior [ RunTime:0.000032s ]
INFO: [ view_filter ] --END-- [ RunTime:0.000060s ]
INFO: [ app_end ] --START--
INFO: Run Behavior\ShowPageTraceBehavior [ RunTime:0.000030s ]
INFO: [ app_end ] --END-- [ RunTime:0.000069s ]

