[2016-02-29 12:01:27][debug] begin notify
[2016-02-29 12:01:27][debug] call back:{"appid":"wx025bfd51ec3b664a","bank_type":"CMB_CREDIT","cash_fee":"19600","fee_type":"CNY","is_subscribe":"N","mch_id":"1277196101","nonce_str":"e833e042f509c996b1b25324d56659fb","openid":"o6yt7wbGJEW9N_kifpdnlX6VP1QA","out_trade_no":"990510062467591177","result_code":"SUCCESS","return_code":"SUCCESS","sign":"21F0167EF88928C6EF5E19291D535CD6","time_end":"20160229120129","total_fee":"19600","trade_type":"APP","transaction_id":"1007920788201602293617145472"}
[2016-02-29 12:01:27][debug] transaction_id：1007920788201602293617145472,out_trade_no:990510062467591177
[2016-02-29 13:37:36][debug] begin notify
[2016-02-29 13:37:39][debug] begin notify
[2016-02-29 13:39:16][debug] begin notify
[2016-02-29 13:39:16][debug] call back:{"appid":"wx025bfd51ec3b664a","bank_type":"CFT","cash_fee":"1","fee_type":"CNY","is_subscribe":"N","mch_id":"1277196101","nonce_str":"10fb6cfa4c990d2bad5ddef4f70e8ba2","openid":"o6yt7wXi9XOJX2I4Hmq8C5Lkb0Gw","out_trade_no":"19d19f93a4200dca6148155b8ccc0afd","result_code":"SUCCESS","return_code":"SUCCESS","sign":"D638E7E57A05D6E344218BD21102D14E","time_end":"20160229133919","total_fee":"1","trade_type":"APP","transaction_id":"1003810788201602293620456220"}
[2016-02-29 13:39:16][debug] transaction_id：1003810788201602293620456220,out_trade_no:19d19f93a4200dca6148155b8ccc0afd
[2016-02-29 13:40:51][debug] begin notify
[2016-02-29 13:41:01][debug] begin notify
[2016-02-29 13:46:25][debug] begin notify
[2016-02-29 13:47:07][debug] begin notify
[2016-02-29 13:47:07][debug] call back:{"appid":"wx025bfd51ec3b664a","bank_type":"CFT","cash_fee":"1","fee_type":"CNY","is_subscribe":"N","mch_id":"1277196101","nonce_str":"7cc538b1337957dae283c30ad46def38","openid":"o6yt7wXi9XOJX2I4Hmq8C5Lkb0Gw","out_trade_no":"a577dad7e00eaad256c112c836f55b11","result_code":"SUCCESS","return_code":"SUCCESS","sign":"B40EFBB5AA9A4A1F7F4126A0407631D1","time_end":"20160229134710","total_fee":"1","trade_type":"APP","transaction_id":"1003810788201602293619178172"}
[2016-02-29 13:47:07][debug] transaction_id：1003810788201602293619178172,out_trade_no:a577dad7e00eaad256c112c836f55b11
[2016-02-29 13:54:15][debug] begin notify
[2016-02-29 13:58:42][debug] begin notify
[2016-02-29 13:58:42][debug] call back:{"appid":"wx025bfd51ec3b664a","bank_type":"CFT","cash_fee":"1","fee_type":"CNY","is_subscribe":"N","mch_id":"1277196101","nonce_str":"9a85c12a21b76392747906fc7b2aff92","openid":"o6yt7wXi9XOJX2I4Hmq8C5Lkb0Gw","out_trade_no":"e82c4b19b8151ddc25d4d93baf7b908f","result_code":"SUCCESS","return_code":"SUCCESS","sign":"1B810F5D4085C141ABEB6194FCD96C65","time_end":"20160229135845","total_fee":"1","trade_type":"APP","transaction_id":"1003810788201602293619304193"}
[2016-02-29 13:58:42][debug] transaction_id：1003810788201602293619304193,out_trade_no:e82c4b19b8151ddc25d4d93baf7b908f
[2016-02-29 14:14:27][debug] begin notify
[2016-02-29 14:14:27][debug] call back:{"appid":"wx025bfd51ec3b664a","bank_type":"CFT","cash_fee":"1","fee_type":"CNY","is_subscribe":"N","mch_id":"1277196101","nonce_str":"adbe673fd502b32bee221970f9cb0e8d","openid":"o6yt7wXi9XOJX2I4Hmq8C5Lkb0Gw","out_trade_no":"748d6b6ed8e13f857ceaa6cfbdca14b8","result_code":"SUCCESS","return_code":"SUCCESS","sign":"7A8CB6F771F97CA8834C00BBAC8F8EEE","time_end":"20160229141429","total_fee":"1","trade_type":"APP","transaction_id":"1003810788201602293619476890"}
[2016-02-29 14:14:27][debug] transaction_id：1003810788201602293619476890,out_trade_no:748d6b6ed8e13f857ceaa6cfbdca14b8
[2016-02-29 14:18:58][debug] begin notify
[2016-02-29 14:18:58][debug] call back:{"appid":"wx025bfd51ec3b664a","bank_type":"CFT","cash_fee":"1","fee_type":"CNY","is_subscribe":"N","mch_id":"1277196101","nonce_str":"9ef2ed4b7fd2c810847ffa5fa85bce38","openid":"o6yt7wXi9XOJX2I4Hmq8C5Lkb0Gw","out_trade_no":"25b07af81d8c74341f00dc139652fdb0","result_code":"SUCCESS","return_code":"SUCCESS","sign":"5FAFCCA11AE6C875968326B812C8D75A","time_end":"20160229141901","total_fee":"1","trade_type":"APP","transaction_id":"1003810788201602293619529440"}
[2016-02-29 14:18:58][debug] transaction_id：1003810788201602293619529440,out_trade_no:25b07af81d8c74341f00dc139652fdb0
[2016-02-29 14:40:30][debug] begin notify
[2016-02-29 14:40:30][debug] call back:{"appid":"wx025bfd51ec3b664a","bank_type":"CFT","cash_fee":"1","fee_type":"CNY","is_subscribe":"N","mch_id":"1277196101","nonce_str":"b445e314138101eecc58503e98aa2b2d","openid":"o6yt7wXi9XOJX2I4Hmq8C5Lkb0Gw","out_trade_no":"dc49dfebb0b00fd44aeff5c60cc1f825","result_code":"SUCCESS","return_code":"SUCCESS","sign":"B2E054569845CDF3736B5EC6F8D373DC","time_end":"20160229144033","total_fee":"1","trade_type":"APP","transaction_id":"1003810788201602293619757518"}
[2016-02-29 14:40:30][debug] transaction_id：1003810788201602293619757518,out_trade_no:dc49dfebb0b00fd44aeff5c60cc1f825
[2016-02-29 14:48:26][debug] begin notify
[2016-02-29 14:48:26][debug] call back:{"appid":"wx025bfd51ec3b664a","bank_type":"CFT","cash_fee":"1","fee_type":"CNY","is_subscribe":"N","mch_id":"1277196101","nonce_str":"85353d3b2f39b9c9b5ee3576578c04b7","openid":"o6yt7wXi9XOJX2I4Hmq8C5Lkb0Gw","out_trade_no":"991de292e76f74f3c285b3f6d57958d5","result_code":"SUCCESS","return_code":"SUCCESS","sign":"38561E52D5B27176DA9B1AB0CEEBA546","time_end":"20160229144829","total_fee":"1","trade_type":"APP","transaction_id":"1003810788201602293621173019"}
[2016-02-29 14:48:26][debug] transaction_id：1003810788201602293621173019,out_trade_no:991de292e76f74f3c285b3f6d57958d5
[2016-02-29 15:04:36][debug] begin notify
[2016-02-29 15:04:36][debug] call back:{"appid":"wx025bfd51ec3b664a","bank_type":"CFT","cash_fee":"1","fee_type":"CNY","is_subscribe":"N","mch_id":"1277196101","nonce_str":"c24f4c5eef7ec01c46e003a9296c8645","openid":"o6yt7wXi9XOJX2I4Hmq8C5Lkb0Gw","out_trade_no":"5fbb4eb0e7c2cedf731ec7c18e344141","result_code":"SUCCESS","return_code":"SUCCESS","sign":"8F90A425C5A1A8B0CD483ABF359935B6","time_end":"20160229150439","total_fee":"1","trade_type":"APP","transaction_id":"1003810788201602293621336069"}
[2016-02-29 15:04:36][debug] transaction_id：1003810788201602293621336069,out_trade_no:5fbb4eb0e7c2cedf731ec7c18e344141
[2016-02-29 15:41:57][debug] begin notify
[2016-02-29 15:41:57][debug] call back:{"appid":"wx025bfd51ec3b664a","bank_type":"CFT","cash_fee":"1","fee_type":"CNY","is_subscribe":"N","mch_id":"1277196101","nonce_str":"154ff8944e6eac05d0675c95b5b8889d","openid":"o6yt7wXi9XOJX2I4Hmq8C5Lkb0Gw","out_trade_no":"ea204361fe7f024b130143eb3e189a18","result_code":"SUCCESS","return_code":"SUCCESS","sign":"BFA7F7F1258460FBCD988D45B301B5F5","time_end":"20160229154200","total_fee":"1","trade_type":"APP","transaction_id":"1003810788201602293621736524"}
[2016-02-29 15:41:57][debug] transaction_id：1003810788201602293621736524,out_trade_no:ea204361fe7f024b130143eb3e189a18
[2016-02-29 16:06:18][debug] begin notify
[2016-02-29 16:06:18][debug] call back:{"appid":"wx025bfd51ec3b664a","bank_type":"CFT","cash_fee":"1","fee_type":"CNY","is_subscribe":"N","mch_id":"1277196101","nonce_str":"0e9d935f7e3f2b502450c049ddbc7c92","openid":"o6yt7wXi9XOJX2I4Hmq8C5Lkb0Gw","out_trade_no":"1147dc16a8e1b44eead07282cad093f8","result_code":"SUCCESS","return_code":"SUCCESS","sign":"52D3B0F84EEFBE960C4D07887C656A3A","time_end":"20160229160620","total_fee":"1","trade_type":"APP","transaction_id":"1003810788201602293622624786"}
[2016-02-29 16:06:18][debug] transaction_id：1003810788201602293622624786,out_trade_no:1147dc16a8e1b44eead07282cad093f8
[2016-02-29 16:19:29][debug] begin notify
[2016-02-29 16:19:29][debug] call back:{"appid":"wx025bfd51ec3b664a","bank_type":"CFT","cash_fee":"1","fee_type":"CNY","is_subscribe":"N","mch_id":"1277196101","nonce_str":"d91d1b4d82419de8a614abce9cc0e6d4","openid":"o6yt7wXi9XOJX2I4Hmq8C5Lkb0Gw","out_trade_no":"1b7663ccddfbba71a405f122e117f95c","result_code":"SUCCESS","return_code":"SUCCESS","sign":"EAE55F3F413A802168471081899E9D66","time_end":"20160229161931","total_fee":"1","trade_type":"APP","transaction_id":"1003810788201602293622141028"}
[2016-02-29 16:19:29][debug] transaction_id：1003810788201602293622141028,out_trade_no:1b7663ccddfbba71a405f122e117f95c
[2016-02-29 16:41:37][debug] begin notify
[2016-02-29 16:41:37][debug] call back:{"appid":"wx025bfd51ec3b664a","bank_type":"CFT","cash_fee":"1","fee_type":"CNY","is_subscribe":"N","mch_id":"1277196101","nonce_str":"1102a326d5f7c9e04fc3c89d0ede88c9","openid":"o6yt7wXi9XOJX2I4Hmq8C5Lkb0Gw","out_trade_no":"471c75ee6643a10934502bdafee198fb","result_code":"SUCCESS","return_code":"SUCCESS","sign":"4F354D461046D4587E7C5B2E10B65C13","time_end":"20160229164140","total_fee":"1","trade_type":"APP","transaction_id":"1003810788201602293624390130"}
[2016-02-29 16:41:37][debug] transaction_id：1003810788201602293624390130,out_trade_no:471c75ee6643a10934502bdafee198fb
[2016-02-29 17:18:10][debug] begin notify
[2016-02-29 17:18:10][debug] call back:{"appid":"wx025bfd51ec3b664a","bank_type":"CFT","cash_fee":"1","fee_type":"CNY","is_subscribe":"N","mch_id":"1277196101","nonce_str":"25b07af81d8c74341f00dc139652fdb0","openid":"o6yt7wXi9XOJX2I4Hmq8C5Lkb0Gw","out_trade_no":"edcdaad57f7f4a4d3826728f009bcf24","result_code":"SUCCESS","return_code":"SUCCESS","sign":"9D2B2FDEB8A18C2EADE44DFE4081F0E0","time_end":"20160229171813","total_fee":"1","trade_type":"APP","transaction_id":"1003810788201602293624797148"}
[2016-02-29 17:18:10][debug] transaction_id：1003810788201602293624797148,out_trade_no:edcdaad57f7f4a4d3826728f009bcf24
