[ 2015-07-16T09:18:07+08:00 ] 116.23.244.196 /mobile/app/b2b/index.php/Home/index/index
INFO: [ app_init ] --START--
INFO: Run Behavior\BuildLiteBehavior [ RunTime:0.000000s ]
INFO: [ app_init ] --END-- [ RunTime:0.000000s ]
INFO: [ app_begin ] --START--
INFO: Run Behavior\ReadHtmlCacheBehavior [ RunTime:0.000977s ]
INFO: [ app_begin ] --END-- [ RunTime:0.000977s ]
SQL: SHOW COLUMNS FROM `shopnc_ecs_post` [ RunTime:0.0020s ]
SQL: SELECT COUNT(*) AS tp_count FROM `shopnc_ecs_post` LIMIT 1   [ RunTime:0.0000s ]
SQL: select p.* ,d.content from shopnc_ecs_post as p left join shopnc_ecs_post_content as d on p.id=d.pid order by p.id asc limit 0 , 10 [ RunTime:0.0029s ]
INFO: [ view_parse ] --START--
INFO: [ template_filter ] --START--
INFO: Run Behavior\ContentReplaceBehavior [ RunTime:0.000000s ]
INFO: [ template_filter ] --END-- [ RunTime:0.000000s ]
INFO: Run Behavior\ParseTemplateBehavior [ RunTime:0.009765s ]
INFO: [ view_parse ] --END-- [ RunTime:0.009765s ]
INFO: [ view_filter ] --START--
INFO: Run Behavior\WriteHtmlCacheBehavior [ RunTime:0.000000s ]
INFO: [ view_filter ] --END-- [ RunTime:0.000000s ]
INFO: [ app_end ] --START--
INFO: Run Behavior\ShowPageTraceBehavior [ RunTime:0.000000s ]
INFO: [ app_end ] --END-- [ RunTime:0.000000s ]

[ 2015-07-16T12:34:32+08:00 ] 223.104.6.180 /mobile/app/b2b/index.php/Home/index/index
INFO: [ app_init ] --START--
INFO: Run Behavior\BuildLiteBehavior [ RunTime:0.000977s ]
INFO: [ app_init ] --END-- [ RunTime:0.000977s ]
INFO: [ app_begin ] --START--
INFO: Run Behavior\ReadHtmlCacheBehavior [ RunTime:0.000000s ]
INFO: [ app_begin ] --END-- [ RunTime:0.000976s ]
SQL: SHOW COLUMNS FROM `shopnc_ecs_post` [ RunTime:0.0020s ]
SQL: SELECT COUNT(*) AS tp_count FROM `shopnc_ecs_post` LIMIT 1   [ RunTime:0.0820s ]
SQL: select p.* ,d.content from shopnc_ecs_post as p left join shopnc_ecs_post_content as d on p.id=d.pid order by p.id asc limit 0 , 10 [ RunTime:0.0059s ]
INFO: [ view_parse ] --START--
INFO: [ template_filter ] --START--
INFO: Run Behavior\ContentReplaceBehavior [ RunTime:0.000000s ]
INFO: [ template_filter ] --END-- [ RunTime:0.000000s ]
INFO: Run Behavior\ParseTemplateBehavior [ RunTime:0.009766s ]
INFO: [ view_parse ] --END-- [ RunTime:0.009766s ]
INFO: [ view_filter ] --START--
INFO: Run Behavior\WriteHtmlCacheBehavior [ RunTime:0.000000s ]
INFO: [ view_filter ] --END-- [ RunTime:0.000000s ]
INFO: [ app_end ] --START--
INFO: Run Behavior\ShowPageTraceBehavior [ RunTime:0.000000s ]
INFO: [ app_end ] --END-- [ RunTime:0.000000s ]

[ 2015-07-16T13:02:45+08:00 ] 14.17.37.68 /mobile/app/b2b/index.php/Home/index/index
INFO: [ app_init ] --START--
INFO: Run Behavior\BuildLiteBehavior [ RunTime:0.000000s ]
INFO: [ app_init ] --END-- [ RunTime:0.000000s ]
INFO: [ app_begin ] --START--
INFO: Run Behavior\ReadHtmlCacheBehavior [ RunTime:0.000000s ]
INFO: [ app_begin ] --END-- [ RunTime:0.000000s ]
SQL: SHOW COLUMNS FROM `shopnc_ecs_post` [ RunTime:0.0029s ]
SQL: SELECT COUNT(*) AS tp_count FROM `shopnc_ecs_post` LIMIT 1   [ RunTime:0.0000s ]
SQL: select p.* ,d.content from shopnc_ecs_post as p left join shopnc_ecs_post_content as d on p.id=d.pid order by p.id asc limit 0 , 10 [ RunTime:0.0029s ]
INFO: [ view_parse ] --START--
INFO: [ template_filter ] --START--
INFO: Run Behavior\ContentReplaceBehavior [ RunTime:0.000000s ]
INFO: [ template_filter ] --END-- [ RunTime:0.000000s ]
INFO: Run Behavior\ParseTemplateBehavior [ RunTime:0.009766s ]
INFO: [ view_parse ] --END-- [ RunTime:0.009766s ]
INFO: [ view_filter ] --START--
INFO: Run Behavior\WriteHtmlCacheBehavior [ RunTime:0.000000s ]
INFO: [ view_filter ] --END-- [ RunTime:0.000000s ]
INFO: [ app_end ] --START--
INFO: Run Behavior\ShowPageTraceBehavior [ RunTime:0.000000s ]
INFO: [ app_end ] --END-- [ RunTime:0.000000s ]

[ 2015-07-16T13:16:18+08:00 ] 180.153.214.191 /mobile/app/b2b/index.php/Home/index/index
INFO: [ app_init ] --START--
INFO: Run Behavior\BuildLiteBehavior [ RunTime:0.000000s ]
INFO: [ app_init ] --END-- [ RunTime:0.000000s ]
INFO: [ app_begin ] --START--
INFO: Run Behavior\ReadHtmlCacheBehavior [ RunTime:0.000000s ]
INFO: [ app_begin ] --END-- [ RunTime:0.000000s ]
SQL: SHOW COLUMNS FROM `shopnc_ecs_post` [ RunTime:0.0020s ]
SQL: SELECT COUNT(*) AS tp_count FROM `shopnc_ecs_post` LIMIT 1   [ RunTime:0.0000s ]
SQL: select p.* ,d.content from shopnc_ecs_post as p left join shopnc_ecs_post_content as d on p.id=d.pid order by p.id asc limit 0 , 10 [ RunTime:0.0029s ]
INFO: [ view_parse ] --START--
INFO: [ template_filter ] --START--
INFO: Run Behavior\ContentReplaceBehavior [ RunTime:0.000000s ]
INFO: [ template_filter ] --END-- [ RunTime:0.000000s ]
INFO: Run Behavior\ParseTemplateBehavior [ RunTime:0.009766s ]
INFO: [ view_parse ] --END-- [ RunTime:0.009766s ]
INFO: [ view_filter ] --START--
INFO: Run Behavior\WriteHtmlCacheBehavior [ RunTime:0.000976s ]
INFO: [ view_filter ] --END-- [ RunTime:0.000976s ]
INFO: [ app_end ] --START--
INFO: Run Behavior\ShowPageTraceBehavior [ RunTime:0.000977s ]
INFO: [ app_end ] --END-- [ RunTime:0.000977s ]

[ 2015-07-16T13:16:46+08:00 ] 223.73.37.158 /mobile/app/b2b/index.php/Home/index/index
INFO: [ app_init ] --START--
INFO: Run Behavior\BuildLiteBehavior [ RunTime:0.000000s ]
INFO: [ app_init ] --END-- [ RunTime:0.000000s ]
INFO: [ app_begin ] --START--
INFO: Run Behavior\ReadHtmlCacheBehavior [ RunTime:0.000000s ]
INFO: [ app_begin ] --END-- [ RunTime:0.000000s ]
SQL: SHOW COLUMNS FROM `shopnc_ecs_post` [ RunTime:0.0020s ]
SQL: SELECT COUNT(*) AS tp_count FROM `shopnc_ecs_post` LIMIT 1   [ RunTime:0.0010s ]
SQL: select p.* ,d.content from shopnc_ecs_post as p left join shopnc_ecs_post_content as d on p.id=d.pid order by p.id asc limit 0 , 10 [ RunTime:0.0029s ]
INFO: [ view_parse ] --START--
INFO: [ template_filter ] --START--
INFO: Run Behavior\ContentReplaceBehavior [ RunTime:0.000000s ]
INFO: [ template_filter ] --END-- [ RunTime:0.000000s ]
INFO: Run Behavior\ParseTemplateBehavior [ RunTime:0.009766s ]
INFO: [ view_parse ] --END-- [ RunTime:0.009766s ]
INFO: [ view_filter ] --START--
INFO: Run Behavior\WriteHtmlCacheBehavior [ RunTime:0.000976s ]
INFO: [ view_filter ] --END-- [ RunTime:0.000976s ]
INFO: [ app_end ] --START--
INFO: Run Behavior\ShowPageTraceBehavior [ RunTime:0.000000s ]
INFO: [ app_end ] --END-- [ RunTime:0.000977s ]

[ 2015-07-16T17:09:44+08:00 ] 211.143.145.209 /mobile/app/b2b/index.php/Home/index/index
INFO: [ app_init ] --START--
INFO: Run Behavior\BuildLiteBehavior [ RunTime:0.000000s ]
INFO: [ app_init ] --END-- [ RunTime:0.000000s ]
INFO: [ app_begin ] --START--
INFO: Run Behavior\ReadHtmlCacheBehavior [ RunTime:0.000976s ]
INFO: [ app_begin ] --END-- [ RunTime:0.000976s ]
SQL: SHOW COLUMNS FROM `shopnc_ecs_post` [ RunTime:0.0020s ]
SQL: SELECT COUNT(*) AS tp_count FROM `shopnc_ecs_post` LIMIT 1   [ RunTime:0.0000s ]
SQL: select p.* ,d.content from shopnc_ecs_post as p left join shopnc_ecs_post_content as d on p.id=d.pid order by p.id asc limit 0 , 10 [ RunTime:0.0039s ]
INFO: [ view_parse ] --START--
INFO: [ template_filter ] --START--
INFO: Run Behavior\ContentReplaceBehavior [ RunTime:0.000000s ]
INFO: [ template_filter ] --END-- [ RunTime:0.000000s ]
INFO: Run Behavior\ParseTemplateBehavior [ RunTime:0.018556s ]
INFO: [ view_parse ] --END-- [ RunTime:0.019532s ]
INFO: [ view_filter ] --START--
INFO: Run Behavior\WriteHtmlCacheBehavior [ RunTime:0.000000s ]
INFO: [ view_filter ] --END-- [ RunTime:0.000000s ]
INFO: [ app_end ] --START--
INFO: Run Behavior\ShowPageTraceBehavior [ RunTime:0.000977s ]
INFO: [ app_end ] --END-- [ RunTime:0.000977s ]

[ 2015-07-16T21:46:37+08:00 ] 110.87.2.197 /mobile/app/b2b/index.php/Home/index/index
INFO: [ app_init ] --START--
INFO: Run Behavior\BuildLiteBehavior [ RunTime:0.000000s ]
INFO: [ app_init ] --END-- [ RunTime:0.000976s ]
INFO: [ app_begin ] --START--
INFO: Run Behavior\ReadHtmlCacheBehavior [ RunTime:0.000977s ]
INFO: [ app_begin ] --END-- [ RunTime:0.000977s ]
SQL: SHOW COLUMNS FROM `shopnc_ecs_post` [ RunTime:0.0020s ]
SQL: SELECT COUNT(*) AS tp_count FROM `shopnc_ecs_post` LIMIT 1   [ RunTime:0.0000s ]
SQL: select p.* ,d.content from shopnc_ecs_post as p left join shopnc_ecs_post_content as d on p.id=d.pid order by p.id asc limit 0 , 10 [ RunTime:0.0029s ]
INFO: [ view_parse ] --START--
INFO: [ template_filter ] --START--
INFO: Run Behavior\ContentReplaceBehavior [ RunTime:0.000000s ]
INFO: [ template_filter ] --END-- [ RunTime:0.000000s ]
INFO: Run Behavior\ParseTemplateBehavior [ RunTime:0.009766s ]
INFO: [ view_parse ] --END-- [ RunTime:0.009766s ]
INFO: [ view_filter ] --START--
INFO: Run Behavior\WriteHtmlCacheBehavior [ RunTime:0.000977s ]
INFO: [ view_filter ] --END-- [ RunTime:0.000977s ]
INFO: [ app_end ] --START--
INFO: Run Behavior\ShowPageTraceBehavior [ RunTime:0.000000s ]
INFO: [ app_end ] --END-- [ RunTime:0.000976s ]

[ 2015-07-16T23:55:12+08:00 ] 114.222.76.41 /mobile/app/b2b/index.php/Home/index/api
INFO: [ app_init ] --START--
INFO: Run Behavior\BuildLiteBehavior [ RunTime:0.000000s ]
INFO: [ app_init ] --END-- [ RunTime:0.000000s ]
INFO: [ app_begin ] --START--
INFO: Run Behavior\ReadHtmlCacheBehavior [ RunTime:0.000977s ]
INFO: [ app_begin ] --END-- [ RunTime:0.000977s ]
NOTIC: [8] Undefined index: cookie C:\xampp\htdocs\shopncb2b2c\mobile\app\b2b\Application\Home\Controller\IndexController.class.php 第 649 行.
ERR: SQLSTATE[42S02]: Base table or view not found: 1146 Table 'shopncb2b2c.shopnc_ecs_sessions' doesn't exist

[ 2015-07-16T23:55:20+08:00 ] 114.222.76.41 /mobile/app/b2b/index.php/Home/Index/java_save.html
INFO: [ app_init ] --START--
INFO: Run Behavior\BuildLiteBehavior [ RunTime:0.000000s ]
INFO: [ app_init ] --END-- [ RunTime:0.000977s ]
INFO: [ app_begin ] --START--
INFO: Run Behavior\ReadHtmlCacheBehavior [ RunTime:0.000977s ]
INFO: [ app_begin ] --END-- [ RunTime:0.000977s ]
SQL: SHOW COLUMNS FROM `shopnc_ecs_post` [ RunTime:0.0020s ]
NOTIC: [8] Undefined index: img1 C:\xampp\htdocs\shopncb2b2c\mobile\app\b2b\Application\Home\Controller\IndexController.class.php 第 308 行.
NOTIC: [8] Undefined index: img2 C:\xampp\htdocs\shopncb2b2c\mobile\app\b2b\Application\Home\Controller\IndexController.class.php 第 337 行.
NOTIC: [8] Undefined index: img3 C:\xampp\htdocs\shopncb2b2c\mobile\app\b2b\Application\Home\Controller\IndexController.class.php 第 363 行.
SQL: INSERT INTO `shopnc_ecs_post` (`pic`) VALUES ('') [ RunTime:0.0283s ]
SQL: SHOW COLUMNS FROM `shopnc_ecs_post_content` [ RunTime:0.0029s ]
SQL: INSERT INTO `shopnc_ecs_post_content` (`pid`,`depic`) VALUES ('433','') [ RunTime:0.0166s ]
INFO: [ view_parse ] --START--
INFO: [ template_filter ] --START--
INFO: Run Behavior\ContentReplaceBehavior [ RunTime:0.000000s ]
INFO: [ template_filter ] --END-- [ RunTime:0.000000s ]
INFO: Run Behavior\ParseTemplateBehavior [ RunTime:0.005860s ]
INFO: [ view_parse ] --END-- [ RunTime:0.005860s ]
INFO: [ view_filter ] --START--
INFO: Run Behavior\WriteHtmlCacheBehavior [ RunTime:0.000976s ]
INFO: [ view_filter ] --END-- [ RunTime:0.000976s ]
INFO: [ app_end ] --START--
INFO: Run Behavior\ShowPageTraceBehavior [ RunTime:0.000000s ]
INFO: [ app_end ] --END-- [ RunTime:0.000000s ]

[ 2015-07-16T23:55:34+08:00 ] 114.222.76.41 /mobile/app/b2b/index.php/Home/index/index
INFO: [ app_init ] --START--
INFO: Run Behavior\BuildLiteBehavior [ RunTime:0.000000s ]
INFO: [ app_init ] --END-- [ RunTime:0.000000s ]
INFO: [ app_begin ] --START--
INFO: Run Behavior\ReadHtmlCacheBehavior [ RunTime:0.000000s ]
INFO: [ app_begin ] --END-- [ RunTime:0.000000s ]
SQL: SHOW COLUMNS FROM `shopnc_ecs_post` [ RunTime:0.0020s ]
SQL: SELECT COUNT(*) AS tp_count FROM `shopnc_ecs_post` LIMIT 1   [ RunTime:0.0000s ]
SQL: select p.* ,d.content from shopnc_ecs_post as p left join shopnc_ecs_post_content as d on p.id=d.pid order by p.id asc limit 0 , 10 [ RunTime:0.0029s ]
INFO: [ view_parse ] --START--
INFO: [ template_filter ] --START--
INFO: Run Behavior\ContentReplaceBehavior [ RunTime:0.000000s ]
INFO: [ template_filter ] --END-- [ RunTime:0.000000s ]
INFO: Run Behavior\ParseTemplateBehavior [ RunTime:0.009766s ]
INFO: [ view_parse ] --END-- [ RunTime:0.009766s ]
INFO: [ view_filter ] --START--
INFO: Run Behavior\WriteHtmlCacheBehavior [ RunTime:0.000000s ]
INFO: [ view_filter ] --END-- [ RunTime:0.000000s ]
INFO: [ app_end ] --START--
INFO: Run Behavior\ShowPageTraceBehavior [ RunTime:0.000976s ]
INFO: [ app_end ] --END-- [ RunTime:0.000976s ]

[ 2015-07-16T23:56:17+08:00 ] 114.222.76.41 /mobile/app/b2b/index.php/Home/Index/news
INFO: [ app_init ] --START--
INFO: Run Behavior\BuildLiteBehavior [ RunTime:0.000000s ]
INFO: [ app_init ] --END-- [ RunTime:0.000000s ]
INFO: [ app_begin ] --START--
INFO: Run Behavior\ReadHtmlCacheBehavior [ RunTime:0.000000s ]
INFO: [ app_begin ] --END-- [ RunTime:0.000000s ]
NOTIC: [8] Undefined index: key C:\xampp\htdocs\shopncb2b2c\mobile\app\b2b\Application\Common\Common\function.php 第 24 行.
NOTIC: [8] Undefined index: username C:\xampp\htdocs\shopncb2b2c\mobile\app\b2b\Application\Common\Common\function.php 第 25 行.
SQL: SHOW COLUMNS FROM `shopnc_mb_user_token` [ RunTime:0.0020s ]
SQL: SELECT * FROM `shopnc_mb_user_token` WHERE ( member_name='' and token='' ) LIMIT 1   [ RunTime:0.0000s ]
INFO: [ view_parse ] --START--
INFO: [ template_filter ] --START--
INFO: Run Behavior\ContentReplaceBehavior [ RunTime:0.000000s ]
INFO: [ template_filter ] --END-- [ RunTime:0.000000s ]
INFO: Run Behavior\ParseTemplateBehavior [ RunTime:0.005859s ]
INFO: [ view_parse ] --END-- [ RunTime:0.005859s ]
INFO: [ view_filter ] --START--
INFO: Run Behavior\WriteHtmlCacheBehavior [ RunTime:0.000977s ]
INFO: [ view_filter ] --END-- [ RunTime:0.000977s ]

[ 2015-07-16T23:56:23+08:00 ] 114.222.76.41 /mobile/app/b2b/index.php/Home/Index/post_save.html
INFO: [ app_init ] --START--
INFO: Run Behavior\BuildLiteBehavior [ RunTime:0.000000s ]
INFO: [ app_init ] --END-- [ RunTime:0.000977s ]
INFO: [ app_begin ] --START--
INFO: Run Behavior\ReadHtmlCacheBehavior [ RunTime:0.000976s ]
INFO: [ app_begin ] --END-- [ RunTime:0.000976s ]
SQL: SHOW COLUMNS FROM `shopnc_ecs_post` [ RunTime:0.0020s ]
NOTIC: [8] Undefined index: img1 C:\xampp\htdocs\shopncb2b2c\mobile\app\b2b\Application\Home\Controller\IndexController.class.php 第 190 行.
NOTIC: [8] Undefined index: img2 C:\xampp\htdocs\shopncb2b2c\mobile\app\b2b\Application\Home\Controller\IndexController.class.php 第 215 行.
NOTIC: [8] Undefined index: img3 C:\xampp\htdocs\shopncb2b2c\mobile\app\b2b\Application\Home\Controller\IndexController.class.php 第 239 行.
NOTIC: [8] Undefined index: key C:\xampp\htdocs\shopncb2b2c\mobile\app\b2b\Application\Common\Common\function.php 第 24 行.
NOTIC: [8] Undefined index: username C:\xampp\htdocs\shopncb2b2c\mobile\app\b2b\Application\Common\Common\function.php 第 25 行.
SQL: SHOW COLUMNS FROM `shopnc_mb_user_token` [ RunTime:0.0020s ]
SQL: SELECT * FROM `shopnc_mb_user_token` WHERE ( member_name='' and token='' ) LIMIT 1   [ RunTime:0.0000s ]
SQL: INSERT INTO `shopnc_ecs_post` (`user_id`,`pic`,`addtime`) VALUES ('0','','2015-07-16 23:56') [ RunTime:0.0068s ]
SQL: SHOW COLUMNS FROM `shopnc_ecs_post_content` [ RunTime:0.0029s ]
NOTIC: [8] Undefined index: content C:\xampp\htdocs\shopncb2b2c\mobile\app\b2b\Application\Home\Controller\IndexController.class.php 第 273 行.
SQL: INSERT INTO `shopnc_ecs_post_content` (`pid`,`depic`) VALUES ('434','') [ RunTime:0.0049s ]
INFO: [ view_parse ] --START--
INFO: [ template_filter ] --START--
INFO: Run Behavior\ContentReplaceBehavior [ RunTime:0.000000s ]
INFO: [ template_filter ] --END-- [ RunTime:0.000000s ]
INFO: Run Behavior\ParseTemplateBehavior [ RunTime:0.005860s ]
INFO: [ view_parse ] --END-- [ RunTime:0.005860s ]
INFO: [ view_filter ] --START--
INFO: Run Behavior\WriteHtmlCacheBehavior [ RunTime:0.000000s ]
INFO: [ view_filter ] --END-- [ RunTime:0.000000s ]
INFO: [ app_end ] --START--
INFO: Run Behavior\ShowPageTraceBehavior [ RunTime:0.000976s ]
INFO: [ app_end ] --END-- [ RunTime:0.000976s ]

