[ 2015-10-03T00:59:55+08:00 ] 123.151.42.49 /mobile/app/b2b/index.php/Home/index/sale
INFO: [ app_init ] --START--
INFO: Run Behavior\BuildLiteBehavior [ RunTime:0.000000s ]
INFO: [ app_init ] --END-- [ RunTime:0.000976s ]
INFO: [ app_begin ] --START--
INFO: Run Behavior\ReadHtmlCacheBehavior [ RunTime:0.000977s ]
INFO: [ app_begin ] --END-- [ RunTime:0.000977s ]
SQL: SHOW COLUMNS FROM `shopnc_ecs_post` [ RunTime:0.0020s ]
SQL: SELECT COUNT(*) AS tp_count FROM `shopnc_ecs_post` WHERE ( saleway='1' and recommend !='-1' ) LIMIT 1   [ RunTime:0.0283s ]
SQL: select p.* ,d.content from shopnc_ecs_post as p left join shopnc_ecs_post_content as d on p.id=d.pid where p.saleway='1' and p.recommend != '-1' order by p.recommend desc limit 0 , 10 [ RunTime:0.0283s ]
INFO: [ view_parse ] --START--
INFO: [ template_filter ] --START--
INFO: Run Behavior\ContentReplaceBehavior [ RunTime:0.000000s ]
INFO: [ template_filter ] --END-- [ RunTime:0.000000s ]
INFO: Run Behavior\ParseTemplateBehavior [ RunTime:0.008790s ]
INFO: [ view_parse ] --END-- [ RunTime:0.008790s ]
INFO: [ view_filter ] --START--
INFO: Run Behavior\WriteHtmlCacheBehavior [ RunTime:0.000000s ]
INFO: [ view_filter ] --END-- [ RunTime:0.000000s ]
INFO: [ app_end ] --START--
INFO: Run Behavior\ShowPageTraceBehavior [ RunTime:0.000976s ]
INFO: [ app_end ] --END-- [ RunTime:0.000976s ]

[ 2015-10-03T01:13:21+08:00 ] 101.226.66.191 /mobile/app/b2b/index.php/Home/index/sale
INFO: [ app_init ] --START--
INFO: Run Behavior\BuildLiteBehavior [ RunTime:0.000000s ]
INFO: [ app_init ] --END-- [ RunTime:0.000000s ]
INFO: [ app_begin ] --START--
INFO: Run Behavior\ReadHtmlCacheBehavior [ RunTime:0.000977s ]
INFO: [ app_begin ] --END-- [ RunTime:0.000977s ]
SQL: SHOW COLUMNS FROM `shopnc_ecs_post` [ RunTime:0.0029s ]
SQL: SELECT COUNT(*) AS tp_count FROM `shopnc_ecs_post` WHERE ( saleway='1' and recommend !='-1' ) LIMIT 1   [ RunTime:0.0000s ]
SQL: select p.* ,d.content from shopnc_ecs_post as p left join shopnc_ecs_post_content as d on p.id=d.pid where p.saleway='1' and p.recommend != '-1' order by p.recommend desc limit 0 , 10 [ RunTime:0.0029s ]
INFO: [ view_parse ] --START--
INFO: [ template_filter ] --START--
INFO: Run Behavior\ContentReplaceBehavior [ RunTime:0.000000s ]
INFO: [ template_filter ] --END-- [ RunTime:0.000000s ]
INFO: Run Behavior\ParseTemplateBehavior [ RunTime:0.007812s ]
INFO: [ view_parse ] --END-- [ RunTime:0.007812s ]
INFO: [ view_filter ] --START--
INFO: Run Behavior\WriteHtmlCacheBehavior [ RunTime:0.000976s ]
INFO: [ view_filter ] --END-- [ RunTime:0.000976s ]
INFO: [ app_end ] --START--
INFO: Run Behavior\ShowPageTraceBehavior [ RunTime:0.000000s ]
INFO: [ app_end ] --END-- [ RunTime:0.000000s ]

[ 2015-10-03T06:02:29+08:00 ] 36.99.31.13 /mobile/app/b2b/index.php/Home/Index/info/id/442
INFO: [ app_init ] --START--
INFO: Run Behavior\BuildLiteBehavior [ RunTime:0.000000s ]
INFO: [ app_init ] --END-- [ RunTime:0.000000s ]
INFO: [ app_begin ] --START--
INFO: Run Behavior\ReadHtmlCacheBehavior [ RunTime:0.000000s ]
INFO: [ app_begin ] --END-- [ RunTime:0.000000s ]
SQL: select c.id,c.addtime,c.brand,c.name,c.year,c.address,c.price,c.weight,c.unit,c.timeout,c.phone,c.saleway,d.depic,d.content from `shopnc_ecs_post` as c left join `shopnc_ecs_post_content` as d on c.id=d.pid where c.id='442' [ RunTime:0.0234s ]
NOTIC: [8] Undefined offset: 0 C:\xampp\htdocs\shopncb2b2c\mobile\app\b2b\Application\Home\Controller\IndexController.class.php 第 470 行.
INFO: [ view_parse ] --START--
INFO: [ template_filter ] --START--
INFO: Run Behavior\ContentReplaceBehavior [ RunTime:0.000000s ]
INFO: [ template_filter ] --END-- [ RunTime:0.000000s ]
NOTIC: [8] Undefined variable: v C:\xampp\htdocs\shopncb2b2c\mobile\app\b2b\Application\Runtime\Cache\Home\58dcbc0a6aedef7ee219b145fa55354f.php 第 49 行.
INFO: Run Behavior\ParseTemplateBehavior [ RunTime:0.007812s ]
INFO: [ view_parse ] --END-- [ RunTime:0.007812s ]
INFO: [ view_filter ] --START--
INFO: Run Behavior\WriteHtmlCacheBehavior [ RunTime:0.000977s ]
INFO: [ view_filter ] --END-- [ RunTime:0.000977s ]
INFO: [ app_end ] --START--
INFO: Run Behavior\ShowPageTraceBehavior [ RunTime:0.000000s ]
INFO: [ app_end ] --END-- [ RunTime:0.000000s ]

[ 2015-10-03T06:03:15+08:00 ] 36.99.30.226 /mobile/app/b2b/index.php/Home/Index/info/id/471
INFO: [ app_init ] --START--
INFO: Run Behavior\BuildLiteBehavior [ RunTime:0.000000s ]
INFO: [ app_init ] --END-- [ RunTime:0.000000s ]
INFO: [ app_begin ] --START--
INFO: Run Behavior\ReadHtmlCacheBehavior [ RunTime:0.000000s ]
INFO: [ app_begin ] --END-- [ RunTime:0.000000s ]
SQL: select c.id,c.addtime,c.brand,c.name,c.year,c.address,c.price,c.weight,c.unit,c.timeout,c.phone,c.saleway,d.depic,d.content from `shopnc_ecs_post` as c left join `shopnc_ecs_post_content` as d on c.id=d.pid where c.id='471' [ RunTime:0.0000s ]
NOTIC: [8] Undefined offset: 0 C:\xampp\htdocs\shopncb2b2c\mobile\app\b2b\Application\Home\Controller\IndexController.class.php 第 470 行.
INFO: [ view_parse ] --START--
INFO: [ template_filter ] --START--
INFO: Run Behavior\ContentReplaceBehavior [ RunTime:0.000000s ]
INFO: [ template_filter ] --END-- [ RunTime:0.000000s ]
NOTIC: [8] Undefined variable: v C:\xampp\htdocs\shopncb2b2c\mobile\app\b2b\Application\Runtime\Cache\Home\58dcbc0a6aedef7ee219b145fa55354f.php 第 49 行.
INFO: Run Behavior\ParseTemplateBehavior [ RunTime:0.007813s ]
INFO: [ view_parse ] --END-- [ RunTime:0.007813s ]
INFO: [ view_filter ] --START--
INFO: Run Behavior\WriteHtmlCacheBehavior [ RunTime:0.000000s ]
INFO: [ view_filter ] --END-- [ RunTime:0.000000s ]
INFO: [ app_end ] --START--
INFO: Run Behavior\ShowPageTraceBehavior [ RunTime:0.000977s ]
INFO: [ app_end ] --END-- [ RunTime:0.000977s ]

[ 2015-10-03T06:05:17+08:00 ] 36.99.31.78 /mobile/app/b2b/index.php/Home/Index/info/id/446
INFO: [ app_init ] --START--
INFO: Run Behavior\BuildLiteBehavior [ RunTime:0.000000s ]
INFO: [ app_init ] --END-- [ RunTime:0.000000s ]
INFO: [ app_begin ] --START--
INFO: Run Behavior\ReadHtmlCacheBehavior [ RunTime:0.000000s ]
INFO: [ app_begin ] --END-- [ RunTime:0.000000s ]
SQL: select c.id,c.addtime,c.brand,c.name,c.year,c.address,c.price,c.weight,c.unit,c.timeout,c.phone,c.saleway,d.depic,d.content from `shopnc_ecs_post` as c left join `shopnc_ecs_post_content` as d on c.id=d.pid where c.id='446' [ RunTime:0.0000s ]
NOTIC: [8] Undefined offset: 0 C:\xampp\htdocs\shopncb2b2c\mobile\app\b2b\Application\Home\Controller\IndexController.class.php 第 470 行.
INFO: [ view_parse ] --START--
INFO: [ template_filter ] --START--
INFO: Run Behavior\ContentReplaceBehavior [ RunTime:0.000000s ]
INFO: [ template_filter ] --END-- [ RunTime:0.000000s ]
NOTIC: [8] Undefined variable: v C:\xampp\htdocs\shopncb2b2c\mobile\app\b2b\Application\Runtime\Cache\Home\58dcbc0a6aedef7ee219b145fa55354f.php 第 49 行.
INFO: Run Behavior\ParseTemplateBehavior [ RunTime:0.007813s ]
INFO: [ view_parse ] --END-- [ RunTime:0.007813s ]
INFO: [ view_filter ] --START--
INFO: Run Behavior\WriteHtmlCacheBehavior [ RunTime:0.000000s ]
INFO: [ view_filter ] --END-- [ RunTime:0.000000s ]
INFO: [ app_end ] --START--
INFO: Run Behavior\ShowPageTraceBehavior [ RunTime:0.000977s ]
INFO: [ app_end ] --END-- [ RunTime:0.000977s ]

[ 2015-10-03T06:06:25+08:00 ] 36.99.31.207 /mobile/app/b2b/index.php/Home/Index/search
INFO: [ app_init ] --START--
INFO: Run Behavior\BuildLiteBehavior [ RunTime:0.000000s ]
INFO: [ app_init ] --END-- [ RunTime:0.000977s ]
INFO: [ app_begin ] --START--
INFO: Run Behavior\ReadHtmlCacheBehavior [ RunTime:0.000977s ]
INFO: [ app_begin ] --END-- [ RunTime:0.000977s ]
NOTIC: [8] Undefined index: key C:\xampp\htdocs\shopncb2b2c\mobile\app\b2b\Application\Common\Common\function.php 第 24 行.
NOTIC: [8] Undefined index: username C:\xampp\htdocs\shopncb2b2c\mobile\app\b2b\Application\Common\Common\function.php 第 25 行.
SQL: SHOW COLUMNS FROM `shopnc_mb_user_token` [ RunTime:0.0029s ]
SQL: SELECT * FROM `shopnc_mb_user_token` WHERE ( member_name='' and token='' ) LIMIT 1   [ RunTime:0.0684s ]
INFO: [ view_parse ] --START--
INFO: [ template_filter ] --START--
INFO: Run Behavior\ContentReplaceBehavior [ RunTime:0.000000s ]
INFO: [ template_filter ] --END-- [ RunTime:0.000000s ]
INFO: Run Behavior\ParseTemplateBehavior [ RunTime:0.005859s ]
INFO: [ view_parse ] --END-- [ RunTime:0.006836s ]
INFO: [ view_filter ] --START--
INFO: Run Behavior\WriteHtmlCacheBehavior [ RunTime:0.000000s ]
INFO: [ view_filter ] --END-- [ RunTime:0.000000s ]

[ 2015-10-03T06:39:33+08:00 ] 66.249.65.187 /mobile/app/b2b/index.php/Home/Index/index/p/4.html
INFO: [ app_init ] --START--
INFO: Run Behavior\BuildLiteBehavior [ RunTime:0.000000s ]
INFO: [ app_init ] --END-- [ RunTime:0.000976s ]
INFO: [ app_begin ] --START--
INFO: Run Behavior\ReadHtmlCacheBehavior [ RunTime:0.000977s ]
INFO: [ app_begin ] --END-- [ RunTime:0.000977s ]

[ 2015-10-03T06:39:35+08:00 ] 66.249.65.187 /mobile/app/b2b/index.php/Home/Index/index/p/sale
INFO: [ app_init ] --START--
INFO: Run Behavior\BuildLiteBehavior [ RunTime:0.000000s ]
INFO: [ app_init ] --END-- [ RunTime:0.000977s ]
INFO: [ app_begin ] --START--
INFO: Run Behavior\ReadHtmlCacheBehavior [ RunTime:0.000000s ]
INFO: [ app_begin ] --END-- [ RunTime:0.000000s ]

[ 2015-10-03T06:39:37+08:00 ] 66.249.65.180 /mobile/app/b2b/index.php/Home/Index/index/p/sale
INFO: [ app_init ] --START--
INFO: Run Behavior\BuildLiteBehavior [ RunTime:0.000000s ]
INFO: [ app_init ] --END-- [ RunTime:0.000000s ]
INFO: [ app_begin ] --START--
INFO: Run Behavior\ReadHtmlCacheBehavior [ RunTime:0.000000s ]
INFO: [ app_begin ] --END-- [ RunTime:0.000000s ]

[ 2015-10-03T06:39:39+08:00 ] 66.249.65.180 /mobile/app/b2b/index.php/Home/Index/index/p/4.html
INFO: [ app_init ] --START--
INFO: Run Behavior\BuildLiteBehavior [ RunTime:0.000000s ]
INFO: [ app_init ] --END-- [ RunTime:0.000000s ]
INFO: [ app_begin ] --START--
INFO: Run Behavior\ReadHtmlCacheBehavior [ RunTime:0.000000s ]
INFO: [ app_begin ] --END-- [ RunTime:0.000000s ]

[ 2015-10-03T06:39:41+08:00 ] 66.249.65.187 /mobile/app/b2b/index.php/Home/Index/index/p/sale
INFO: [ app_init ] --START--
INFO: Run Behavior\BuildLiteBehavior [ RunTime:0.000000s ]
INFO: [ app_init ] --END-- [ RunTime:0.000000s ]
INFO: [ app_begin ] --START--
INFO: Run Behavior\ReadHtmlCacheBehavior [ RunTime:0.000976s ]
INFO: [ app_begin ] --END-- [ RunTime:0.000976s ]

[ 2015-10-03T06:39:42+08:00 ] 66.249.65.180 /mobile/app/b2b/index.php/Home/Index/index/p/sale
INFO: [ app_init ] --START--
INFO: Run Behavior\BuildLiteBehavior [ RunTime:0.000000s ]
INFO: [ app_init ] --END-- [ RunTime:0.000000s ]
INFO: [ app_begin ] --START--
INFO: Run Behavior\ReadHtmlCacheBehavior [ RunTime:0.000977s ]
INFO: [ app_begin ] --END-- [ RunTime:0.000977s ]

[ 2015-10-03T18:26:51+08:00 ] 116.55.191.150 /mobile/app/b2b/index.php/Home/index/sale
INFO: [ app_init ] --START--
INFO: Run Behavior\BuildLiteBehavior [ RunTime:0.000000s ]
INFO: [ app_init ] --END-- [ RunTime:0.000000s ]
INFO: [ app_begin ] --START--
INFO: Run Behavior\ReadHtmlCacheBehavior [ RunTime:0.000976s ]
INFO: [ app_begin ] --END-- [ RunTime:0.001953s ]
SQL: SHOW COLUMNS FROM `shopnc_ecs_post` [ RunTime:0.0029s ]
SQL: SELECT COUNT(*) AS tp_count FROM `shopnc_ecs_post` WHERE ( saleway='1' and recommend !='-1' ) LIMIT 1   [ RunTime:0.0312s ]
SQL: select p.* ,d.content from shopnc_ecs_post as p left join shopnc_ecs_post_content as d on p.id=d.pid where p.saleway='1' and p.recommend != '-1' order by p.recommend desc limit 0 , 10 [ RunTime:0.0264s ]
INFO: [ view_parse ] --START--
INFO: [ template_filter ] --START--
INFO: Run Behavior\ContentReplaceBehavior [ RunTime:0.000000s ]
INFO: [ template_filter ] --END-- [ RunTime:0.000000s ]
INFO: Run Behavior\ParseTemplateBehavior [ RunTime:0.008788s ]
INFO: [ view_parse ] --END-- [ RunTime:0.008788s ]
INFO: [ view_filter ] --START--
INFO: Run Behavior\WriteHtmlCacheBehavior [ RunTime:0.000977s ]
INFO: [ view_filter ] --END-- [ RunTime:0.000977s ]
INFO: [ app_end ] --START--
INFO: Run Behavior\ShowPageTraceBehavior [ RunTime:0.000976s ]
INFO: [ app_end ] --END-- [ RunTime:0.000976s ]

[ 2015-10-03T19:44:13+08:00 ] 66.249.65.194 /mobile/app/b2b/index.php/Home/Index/index/order/1/p/2.html
INFO: [ app_init ] --START--
INFO: Run Behavior\BuildLiteBehavior [ RunTime:0.000000s ]
INFO: [ app_init ] --END-- [ RunTime:0.000000s ]
INFO: [ app_begin ] --START--
INFO: Run Behavior\ReadHtmlCacheBehavior [ RunTime:0.000000s ]
INFO: [ app_begin ] --END-- [ RunTime:0.000000s ]

[ 2015-10-03T19:44:14+08:00 ] 66.249.65.180 /mobile/app/b2b/index.php/Home/Index/index/order/1/p/sale
INFO: [ app_init ] --START--
INFO: Run Behavior\BuildLiteBehavior [ RunTime:0.000000s ]
INFO: [ app_init ] --END-- [ RunTime:0.000977s ]
INFO: [ app_begin ] --START--
INFO: Run Behavior\ReadHtmlCacheBehavior [ RunTime:0.000977s ]
INFO: [ app_begin ] --END-- [ RunTime:0.000977s ]

[ 2015-10-03T19:44:15+08:00 ] 66.249.65.187 /mobile/app/b2b/index.php/Home/Index/index/order/1/p/sale
INFO: [ app_init ] --START--
INFO: Run Behavior\BuildLiteBehavior [ RunTime:0.000000s ]
INFO: [ app_init ] --END-- [ RunTime:0.000977s ]
INFO: [ app_begin ] --START--
INFO: Run Behavior\ReadHtmlCacheBehavior [ RunTime:0.000976s ]
INFO: [ app_begin ] --END-- [ RunTime:0.000976s ]

[ 2015-10-03T19:44:16+08:00 ] 66.249.65.180 /mobile/app/b2b/index.php/Home/Index/index/order/1/p/2.html
INFO: [ app_init ] --START--
INFO: Run Behavior\BuildLiteBehavior [ RunTime:0.000000s ]
INFO: [ app_init ] --END-- [ RunTime:0.000976s ]
INFO: [ app_begin ] --START--
INFO: Run Behavior\ReadHtmlCacheBehavior [ RunTime:0.000977s ]
INFO: [ app_begin ] --END-- [ RunTime:0.000977s ]

[ 2015-10-03T19:44:17+08:00 ] 66.249.65.187 /mobile/app/b2b/index.php/Home/Index/index/order/1/p/sale
INFO: [ app_init ] --START--
INFO: Run Behavior\BuildLiteBehavior [ RunTime:0.000000s ]
INFO: [ app_init ] --END-- [ RunTime:0.000000s ]
INFO: [ app_begin ] --START--
INFO: Run Behavior\ReadHtmlCacheBehavior [ RunTime:0.000000s ]
INFO: [ app_begin ] --END-- [ RunTime:0.000000s ]

[ 2015-10-03T19:44:18+08:00 ] 66.249.65.187 /mobile/app/b2b/index.php/Home/Index/index/order/1/p/sale
INFO: [ app_init ] --START--
INFO: Run Behavior\BuildLiteBehavior [ RunTime:0.000000s ]
INFO: [ app_init ] --END-- [ RunTime:0.000000s ]
INFO: [ app_begin ] --START--
INFO: Run Behavior\ReadHtmlCacheBehavior [ RunTime:0.000977s ]
INFO: [ app_begin ] --END-- [ RunTime:0.000977s ]

