[ 2015-10-18T00:31:55+08:00 ] 182.118.22.225 /mobile/app/b2b/index.php/Home/Index/info/id/451
INFO: [ app_init ] --START--
INFO: Run Behavior\BuildLiteBehavior [ RunTime:0.000000s ]
INFO: [ app_init ] --END-- [ RunTime:0.000000s ]
INFO: [ app_begin ] --START--
INFO: Run Behavior\ReadHtmlCacheBehavior [ RunTime:0.000000s ]
INFO: [ app_begin ] --END-- [ RunTime:0.000000s ]
SQL: select c.id,c.addtime,c.brand,c.name,c.year,c.address,c.price,c.weight,c.unit,c.timeout,c.phone,c.saleway,d.depic,d.content from `shopnc_ecs_post` as c left join `shopnc_ecs_post_content` as d on c.id=d.pid where c.id='451' [ RunTime:0.0010s ]
NOTIC: [8] Undefined offset: 0 C:\xampp\htdocs\shopncb2b2c\mobile\app\b2b\Application\Home\Controller\IndexController.class.php 第 449 行.
INFO: [ view_parse ] --START--
INFO: [ template_filter ] --START--
INFO: Run Behavior\ContentReplaceBehavior [ RunTime:0.000000s ]
INFO: [ template_filter ] --END-- [ RunTime:0.000000s ]
NOTIC: [8] Undefined variable: v C:\xampp\htdocs\shopncb2b2c\mobile\app\b2b\Application\Runtime\Cache\Home\58dcbc0a6aedef7ee219b145fa55354f.php 第 49 行.
INFO: Run Behavior\ParseTemplateBehavior [ RunTime:0.067386s ]
INFO: [ view_parse ] --END-- [ RunTime:0.067386s ]
INFO: [ view_filter ] --START--
INFO: Run Behavior\WriteHtmlCacheBehavior [ RunTime:0.000000s ]
INFO: [ view_filter ] --END-- [ RunTime:0.000000s ]
INFO: [ app_end ] --START--
INFO: Run Behavior\ShowPageTraceBehavior [ RunTime:0.000976s ]
INFO: [ app_end ] --END-- [ RunTime:0.000976s ]

[ 2015-10-18T02:20:44+08:00 ] 66.249.65.122 /mobile/app/b2b/index.php/Home/Index/index/p/4.html
INFO: [ app_init ] --START--
INFO: Run Behavior\BuildLiteBehavior [ RunTime:0.000000s ]
INFO: [ app_init ] --END-- [ RunTime:0.000977s ]
INFO: [ app_begin ] --START--
INFO: Run Behavior\ReadHtmlCacheBehavior [ RunTime:0.000976s ]
INFO: [ app_begin ] --END-- [ RunTime:0.000976s ]

[ 2015-10-18T02:20:46+08:00 ] 66.249.65.119 /mobile/app/b2b/index.php/Home/Index/index/p/sale
INFO: [ app_init ] --START--
INFO: Run Behavior\BuildLiteBehavior [ RunTime:0.000000s ]
INFO: [ app_init ] --END-- [ RunTime:0.000977s ]
INFO: [ app_begin ] --START--
INFO: Run Behavior\ReadHtmlCacheBehavior [ RunTime:0.000977s ]
INFO: [ app_begin ] --END-- [ RunTime:0.000977s ]

[ 2015-10-18T02:20:47+08:00 ] 66.249.65.119 /mobile/app/b2b/index.php/Home/Index/index/p/sale
INFO: [ app_init ] --START--
INFO: Run Behavior\BuildLiteBehavior [ RunTime:0.000000s ]
INFO: [ app_init ] --END-- [ RunTime:0.000000s ]
INFO: [ app_begin ] --START--
INFO: Run Behavior\ReadHtmlCacheBehavior [ RunTime:0.000000s ]
INFO: [ app_begin ] --END-- [ RunTime:0.000000s ]

[ 2015-10-18T02:20:48+08:00 ] 66.249.65.119 /mobile/app/b2b/index.php/Home/Index/index/p/4.html
INFO: [ app_init ] --START--
INFO: Run Behavior\BuildLiteBehavior [ RunTime:0.000000s ]
INFO: [ app_init ] --END-- [ RunTime:0.000000s ]
INFO: [ app_begin ] --START--
INFO: Run Behavior\ReadHtmlCacheBehavior [ RunTime:0.000976s ]
INFO: [ app_begin ] --END-- [ RunTime:0.000976s ]

[ 2015-10-18T02:20:51+08:00 ] 66.249.65.122 /mobile/app/b2b/index.php/Home/Index/index/p/sale
INFO: [ app_init ] --START--
INFO: Run Behavior\BuildLiteBehavior [ RunTime:0.000000s ]
INFO: [ app_init ] --END-- [ RunTime:0.000976s ]
INFO: [ app_begin ] --START--
INFO: Run Behavior\ReadHtmlCacheBehavior [ RunTime:0.000976s ]
INFO: [ app_begin ] --END-- [ RunTime:0.000976s ]

[ 2015-10-18T02:20:53+08:00 ] 66.249.65.125 /mobile/app/b2b/index.php/Home/Index/index/p/sale
INFO: [ app_init ] --START--
INFO: Run Behavior\BuildLiteBehavior [ RunTime:0.000000s ]
INFO: [ app_init ] --END-- [ RunTime:0.000000s ]
INFO: [ app_begin ] --START--
INFO: Run Behavior\ReadHtmlCacheBehavior [ RunTime:0.000976s ]
INFO: [ app_begin ] --END-- [ RunTime:0.000976s ]

[ 2015-10-18T08:30:54+08:00 ] 117.89.81.195 /mobile/app/b2b/index.php/Home/index/homeapi
INFO: [ app_init ] --START--
INFO: Run Behavior\BuildLiteBehavior [ RunTime:0.000000s ]
INFO: [ app_init ] --END-- [ RunTime:0.000000s ]
INFO: [ app_begin ] --START--
INFO: Run Behavior\ReadHtmlCacheBehavior [ RunTime:0.000976s ]
INFO: [ app_begin ] --END-- [ RunTime:0.000976s ]
SQL: SHOW COLUMNS FROM `shopnc_ecs_post` [ RunTime:0.0020s ]
SQL: SELECT COUNT(*) AS tp_count FROM `shopnc_ecs_post` WHERE ( saleway='2' ) LIMIT 1   [ RunTime:0.0244s ]
SQL: select p.* ,d.depic,d.content from shopnc_ecs_post as p left join shopnc_ecs_post_content as d on p.id=d.pid where saleway='2' order by id asc   limit 0,10 [ RunTime:0.0225s ]
INFO: [ app_end ] --START--
INFO: Run Behavior\ShowPageTraceBehavior [ RunTime:0.000977s ]
INFO: [ app_end ] --END-- [ RunTime:0.000977s ]

[ 2015-10-18T08:30:54+08:00 ] 117.89.81.195 /mobile/app/b2b/index.php/Home/index/homeapi
INFO: [ app_init ] --START--
INFO: Run Behavior\BuildLiteBehavior [ RunTime:0.000000s ]
INFO: [ app_init ] --END-- [ RunTime:0.000000s ]
INFO: [ app_begin ] --START--
INFO: Run Behavior\ReadHtmlCacheBehavior [ RunTime:0.000000s ]
INFO: [ app_begin ] --END-- [ RunTime:0.000000s ]
SQL: SHOW COLUMNS FROM `shopnc_ecs_post` [ RunTime:0.0029s ]
SQL: SELECT COUNT(*) AS tp_count FROM `shopnc_ecs_post` WHERE ( saleway='1' ) LIMIT 1   [ RunTime:0.0000s ]
SQL: select p.* ,d.depic,d.content from shopnc_ecs_post as p left join shopnc_ecs_post_content as d on p.id=d.pid where saleway='1' order by id asc   limit 0,10 [ RunTime:0.0020s ]
INFO: [ app_end ] --START--
INFO: Run Behavior\ShowPageTraceBehavior [ RunTime:0.000977s ]
INFO: [ app_end ] --END-- [ RunTime:0.000977s ]

[ 2015-10-18T08:30:57+08:00 ] 117.89.81.195 /mobile/app/b2b/index.php/Home/index/homeapi
INFO: [ app_init ] --START--
INFO: Run Behavior\BuildLiteBehavior [ RunTime:0.000000s ]
INFO: [ app_init ] --END-- [ RunTime:0.000000s ]
INFO: [ app_begin ] --START--
INFO: Run Behavior\ReadHtmlCacheBehavior [ RunTime:0.000000s ]
INFO: [ app_begin ] --END-- [ RunTime:0.000000s ]
SQL: SHOW COLUMNS FROM `shopnc_ecs_post` [ RunTime:0.0020s ]
SQL: SELECT COUNT(*) AS tp_count FROM `shopnc_ecs_post` WHERE ( saleway='2' ) LIMIT 1   [ RunTime:0.0000s ]
SQL: select p.* ,d.depic,d.content from shopnc_ecs_post as p left join shopnc_ecs_post_content as d on p.id=d.pid where saleway='2' order by id asc   limit 0,10 [ RunTime:0.0020s ]
INFO: [ app_end ] --START--
INFO: Run Behavior\ShowPageTraceBehavior [ RunTime:0.000976s ]
INFO: [ app_end ] --END-- [ RunTime:0.000976s ]

[ 2015-10-18T08:31:13+08:00 ] 117.89.81.195 /mobile/app/b2b/index.php/Home/index/myListapi
INFO: [ app_init ] --START--
INFO: Run Behavior\BuildLiteBehavior [ RunTime:0.000000s ]
INFO: [ app_init ] --END-- [ RunTime:0.000977s ]
INFO: [ app_begin ] --START--
INFO: Run Behavior\ReadHtmlCacheBehavior [ RunTime:0.000977s ]
INFO: [ app_begin ] --END-- [ RunTime:0.000977s ]
SQL: SHOW COLUMNS FROM `shopnc_mb_user_token` [ RunTime:0.0029s ]
SQL: SELECT * FROM `shopnc_mb_user_token` WHERE ( member_name='三无小甫' and token='686d8065eb2c35bf3c9f537f5f47eca6' ) LIMIT 1   [ RunTime:0.0010s ]
SQL: select p.*,d.depic,d.content from shopnc_ecs_post as p left join shopnc_ecs_post_content as d on p.id=d.pid where user_id='211' [ RunTime:0.0010s ]
NOTIC: [8] Undefined variable: content C:\xampp\htdocs\shopncb2b2c\mobile\app\b2b\Application\Home\Controller\IndexController.class.php 第 774 行.
INFO: [ app_end ] --START--
INFO: Run Behavior\ShowPageTraceBehavior [ RunTime:0.000976s ]
INFO: [ app_end ] --END-- [ RunTime:0.000976s ]

[ 2015-10-18T08:31:25+08:00 ] 117.89.81.195 /mobile/app/b2b/index.php/Home/index/homeapi
INFO: [ app_init ] --START--
INFO: Run Behavior\BuildLiteBehavior [ RunTime:0.000000s ]
INFO: [ app_init ] --END-- [ RunTime:0.000000s ]
INFO: [ app_begin ] --START--
INFO: Run Behavior\ReadHtmlCacheBehavior [ RunTime:0.000977s ]
INFO: [ app_begin ] --END-- [ RunTime:0.000977s ]
SQL: SHOW COLUMNS FROM `shopnc_ecs_post` [ RunTime:0.0029s ]
SQL: SELECT COUNT(*) AS tp_count FROM `shopnc_ecs_post` WHERE ( saleway='2' ) LIMIT 1   [ RunTime:0.0000s ]
SQL: select p.* ,d.depic,d.content from shopnc_ecs_post as p left join shopnc_ecs_post_content as d on p.id=d.pid where saleway='2' order by id asc   limit 0,10 [ RunTime:0.0029s ]
INFO: [ app_end ] --START--
INFO: Run Behavior\ShowPageTraceBehavior [ RunTime:0.000977s ]
INFO: [ app_end ] --END-- [ RunTime:0.000977s ]

[ 2015-10-18T08:31:25+08:00 ] 117.89.81.195 /mobile/app/b2b/index.php/Home/index/myListapi
INFO: [ app_init ] --START--
INFO: Run Behavior\BuildLiteBehavior [ RunTime:0.000000s ]
INFO: [ app_init ] --END-- [ RunTime:0.000000s ]
INFO: [ app_begin ] --START--
INFO: Run Behavior\ReadHtmlCacheBehavior [ RunTime:0.000000s ]
INFO: [ app_begin ] --END-- [ RunTime:0.000000s ]
SQL: SHOW COLUMNS FROM `shopnc_mb_user_token` [ RunTime:0.0020s ]
SQL: SELECT * FROM `shopnc_mb_user_token` WHERE ( member_name='三无小甫' and token='686d8065eb2c35bf3c9f537f5f47eca6' ) LIMIT 1   [ RunTime:0.0010s ]
SQL: select p.*,d.depic,d.content from shopnc_ecs_post as p left join shopnc_ecs_post_content as d on p.id=d.pid where user_id='211' [ RunTime:0.0010s ]
NOTIC: [8] Undefined variable: content C:\xampp\htdocs\shopncb2b2c\mobile\app\b2b\Application\Home\Controller\IndexController.class.php 第 774 行.
INFO: [ app_end ] --START--
INFO: Run Behavior\ShowPageTraceBehavior [ RunTime:0.000000s ]
INFO: [ app_end ] --END-- [ RunTime:0.000976s ]

[ 2015-10-18T08:31:25+08:00 ] 117.89.81.195 /mobile/app/b2b/index.php/Home/index/homeapi
INFO: [ app_init ] --START--
INFO: Run Behavior\BuildLiteBehavior [ RunTime:0.000000s ]
INFO: [ app_init ] --END-- [ RunTime:0.000977s ]
INFO: [ app_begin ] --START--
INFO: Run Behavior\ReadHtmlCacheBehavior [ RunTime:0.000000s ]
INFO: [ app_begin ] --END-- [ RunTime:0.000000s ]
SQL: SHOW COLUMNS FROM `shopnc_ecs_post` [ RunTime:0.0020s ]
SQL: SELECT COUNT(*) AS tp_count FROM `shopnc_ecs_post` WHERE ( saleway='1' ) LIMIT 1   [ RunTime:0.0000s ]
SQL: select p.* ,d.depic,d.content from shopnc_ecs_post as p left join shopnc_ecs_post_content as d on p.id=d.pid where saleway='1' order by id asc   limit 0,10 [ RunTime:0.0020s ]
INFO: [ app_end ] --START--
INFO: Run Behavior\ShowPageTraceBehavior [ RunTime:0.000000s ]
INFO: [ app_end ] --END-- [ RunTime:0.000976s ]

[ 2015-10-18T08:50:38+08:00 ] 117.89.81.195 /mobile/app/b2b/index.php/Home/index/homeapi
INFO: [ app_init ] --START--
INFO: Run Behavior\BuildLiteBehavior [ RunTime:0.000000s ]
INFO: [ app_init ] --END-- [ RunTime:0.000000s ]
INFO: [ app_begin ] --START--
INFO: Run Behavior\ReadHtmlCacheBehavior [ RunTime:0.000000s ]
INFO: [ app_begin ] --END-- [ RunTime:0.000000s ]
SQL: SHOW COLUMNS FROM `shopnc_ecs_post` [ RunTime:0.0029s ]
SQL: SELECT COUNT(*) AS tp_count FROM `shopnc_ecs_post` WHERE ( saleway='2' ) LIMIT 1   [ RunTime:0.0000s ]
SQL: select p.* ,d.depic,d.content from shopnc_ecs_post as p left join shopnc_ecs_post_content as d on p.id=d.pid where saleway='2' order by id asc   limit 0,10 [ RunTime:0.0020s ]
INFO: [ app_end ] --START--
INFO: Run Behavior\ShowPageTraceBehavior [ RunTime:0.000000s ]
INFO: [ app_end ] --END-- [ RunTime:0.000000s ]

[ 2015-10-18T08:50:38+08:00 ] 117.89.81.195 /mobile/app/b2b/index.php/Home/index/homeapi
INFO: [ app_init ] --START--
INFO: Run Behavior\BuildLiteBehavior [ RunTime:0.000000s ]
INFO: [ app_init ] --END-- [ RunTime:0.000000s ]
INFO: [ app_begin ] --START--
INFO: Run Behavior\ReadHtmlCacheBehavior [ RunTime:0.000977s ]
INFO: [ app_begin ] --END-- [ RunTime:0.000977s ]
SQL: SHOW COLUMNS FROM `shopnc_ecs_post` [ RunTime:0.0029s ]
SQL: SELECT COUNT(*) AS tp_count FROM `shopnc_ecs_post` WHERE ( saleway='1' ) LIMIT 1   [ RunTime:0.0000s ]
SQL: select p.* ,d.depic,d.content from shopnc_ecs_post as p left join shopnc_ecs_post_content as d on p.id=d.pid where saleway='1' order by id asc   limit 0,10 [ RunTime:0.0020s ]
INFO: [ app_end ] --START--
INFO: Run Behavior\ShowPageTraceBehavior [ RunTime:0.000976s ]
INFO: [ app_end ] --END-- [ RunTime:0.000976s ]

[ 2015-10-18T08:50:40+08:00 ] 117.89.81.195 /mobile/app/b2b/index.php/Home/index/homeapi
INFO: [ app_init ] --START--
INFO: Run Behavior\BuildLiteBehavior [ RunTime:0.000000s ]
INFO: [ app_init ] --END-- [ RunTime:0.000976s ]
INFO: [ app_begin ] --START--
INFO: Run Behavior\ReadHtmlCacheBehavior [ RunTime:0.000000s ]
INFO: [ app_begin ] --END-- [ RunTime:0.000000s ]
SQL: SHOW COLUMNS FROM `shopnc_ecs_post` [ RunTime:0.0029s ]
SQL: SELECT COUNT(*) AS tp_count FROM `shopnc_ecs_post` WHERE ( saleway='2' ) LIMIT 1   [ RunTime:0.0000s ]
SQL: select p.* ,d.depic,d.content from shopnc_ecs_post as p left join shopnc_ecs_post_content as d on p.id=d.pid where saleway='2' order by id asc   limit 0,10 [ RunTime:0.0020s ]
INFO: [ app_end ] --START--
INFO: Run Behavior\ShowPageTraceBehavior [ RunTime:0.000976s ]
INFO: [ app_end ] --END-- [ RunTime:0.000976s ]

[ 2015-10-18T08:50:48+08:00 ] 117.89.81.195 /mobile/app/b2b/index.php/Home/index/myListapi
INFO: [ app_init ] --START--
INFO: Run Behavior\BuildLiteBehavior [ RunTime:0.000000s ]
INFO: [ app_init ] --END-- [ RunTime:0.000976s ]
INFO: [ app_begin ] --START--
INFO: Run Behavior\ReadHtmlCacheBehavior [ RunTime:0.000977s ]
INFO: [ app_begin ] --END-- [ RunTime:0.000977s ]
SQL: SHOW COLUMNS FROM `shopnc_mb_user_token` [ RunTime:0.0020s ]
SQL: SELECT * FROM `shopnc_mb_user_token` WHERE ( member_name='三无小甫' and token='686d8065eb2c35bf3c9f537f5f47eca6' ) LIMIT 1   [ RunTime:0.0010s ]
SQL: select p.*,d.depic,d.content from shopnc_ecs_post as p left join shopnc_ecs_post_content as d on p.id=d.pid where user_id='211' [ RunTime:0.0000s ]
NOTIC: [8] Undefined variable: content C:\xampp\htdocs\shopncb2b2c\mobile\app\b2b\Application\Home\Controller\IndexController.class.php 第 774 行.
INFO: [ app_end ] --START--
INFO: Run Behavior\ShowPageTraceBehavior [ RunTime:0.000977s ]
INFO: [ app_end ] --END-- [ RunTime:0.000977s ]

[ 2015-10-18T08:50:49+08:00 ] 117.89.81.195 /mobile/app/b2b/index.php/Home/index/homeapi
INFO: [ app_init ] --START--
INFO: Run Behavior\BuildLiteBehavior [ RunTime:0.000000s ]
INFO: [ app_init ] --END-- [ RunTime:0.000000s ]
INFO: [ app_begin ] --START--
INFO: Run Behavior\ReadHtmlCacheBehavior [ RunTime:0.000000s ]
INFO: [ app_begin ] --END-- [ RunTime:0.000977s ]
SQL: SHOW COLUMNS FROM `shopnc_ecs_post` [ RunTime:0.0020s ]
SQL: SELECT COUNT(*) AS tp_count FROM `shopnc_ecs_post` WHERE ( saleway='1' ) LIMIT 1   [ RunTime:0.0000s ]
SQL: select p.* ,d.depic,d.content from shopnc_ecs_post as p left join shopnc_ecs_post_content as d on p.id=d.pid where saleway='1' order by id asc   limit 0,10 [ RunTime:0.0029s ]
INFO: [ app_end ] --START--
INFO: Run Behavior\ShowPageTraceBehavior [ RunTime:0.000977s ]
INFO: [ app_end ] --END-- [ RunTime:0.000977s ]

[ 2015-10-18T08:50:51+08:00 ] 117.89.81.195 /mobile/app/b2b/index.php/Home/index/homeapi
INFO: [ app_init ] --START--
INFO: Run Behavior\BuildLiteBehavior [ RunTime:0.000000s ]
INFO: [ app_init ] --END-- [ RunTime:0.000000s ]
INFO: [ app_begin ] --START--
INFO: Run Behavior\ReadHtmlCacheBehavior [ RunTime:0.000000s ]
INFO: [ app_begin ] --END-- [ RunTime:0.000000s ]
SQL: SHOW COLUMNS FROM `shopnc_ecs_post` [ RunTime:0.0029s ]
SQL: SELECT COUNT(*) AS tp_count FROM `shopnc_ecs_post` WHERE ( saleway='1' ) LIMIT 1   [ RunTime:0.0010s ]
SQL: select p.* ,d.depic,d.content from shopnc_ecs_post as p left join shopnc_ecs_post_content as d on p.id=d.pid where saleway='1' order by id asc   limit 10,10 [ RunTime:0.0020s ]
INFO: [ app_end ] --START--
INFO: Run Behavior\ShowPageTraceBehavior [ RunTime:0.000976s ]
INFO: [ app_end ] --END-- [ RunTime:0.000976s ]

[ 2015-10-18T09:04:11+08:00 ] 49.65.122.20 /mobile/app/b2b/index.php/Home/index/myListapi
INFO: [ app_init ] --START--
INFO: Run Behavior\BuildLiteBehavior [ RunTime:0.000000s ]
INFO: [ app_init ] --END-- [ RunTime:0.000977s ]
INFO: [ app_begin ] --START--
INFO: Run Behavior\ReadHtmlCacheBehavior [ RunTime:0.000977s ]
INFO: [ app_begin ] --END-- [ RunTime:0.000977s ]
NOTIC: [8] Undefined index: username C:\xampp\htdocs\shopncb2b2c\mobile\app\b2b\Application\Home\Controller\IndexController.class.php 第 747 行.
NOTIC: [8] Undefined index: key C:\xampp\htdocs\shopncb2b2c\mobile\app\b2b\Application\Home\Controller\IndexController.class.php 第 747 行.
SQL: SHOW COLUMNS FROM `shopnc_mb_user_token` [ RunTime:0.0020s ]
SQL: SELECT * FROM `shopnc_mb_user_token` WHERE ( member_name='' and token='' ) LIMIT 1   [ RunTime:0.0010s ]
INFO: [ app_end ] --START--
INFO: Run Behavior\ShowPageTraceBehavior [ RunTime:0.000977s ]
INFO: [ app_end ] --END-- [ RunTime:0.000977s ]

[ 2015-10-18T09:04:13+08:00 ] 49.65.122.20 /mobile/app/b2b/index.php/Home/index/post_save
INFO: [ app_init ] --START--
INFO: Run Behavior\BuildLiteBehavior [ RunTime:0.000000s ]
INFO: [ app_init ] --END-- [ RunTime:0.000000s ]
INFO: [ app_begin ] --START--
INFO: Run Behavior\ReadHtmlCacheBehavior [ RunTime:0.000000s ]
INFO: [ app_begin ] --END-- [ RunTime:0.000000s ]
SQL: SHOW COLUMNS FROM `shopnc_ecs_post` [ RunTime:0.0029s ]
SQL: SHOW COLUMNS FROM `shopnc_ecs_post_content` [ RunTime:0.0010s ]
NOTIC: [8] Undefined index: img1 C:\xampp\htdocs\shopncb2b2c\mobile\app\b2b\Application\Home\Controller\IndexController.class.php 第 210 行.
NOTIC: [8] Undefined index: img2 C:\xampp\htdocs\shopncb2b2c\mobile\app\b2b\Application\Home\Controller\IndexController.class.php 第 235 行.
NOTIC: [8] Undefined index: img3 C:\xampp\htdocs\shopncb2b2c\mobile\app\b2b\Application\Home\Controller\IndexController.class.php 第 259 行.
NOTIC: [8] Undefined index: username C:\xampp\htdocs\shopncb2b2c\mobile\app\b2b\Application\Home\Controller\IndexController.class.php 第 286 行.
NOTIC: [8] Undefined index: key C:\xampp\htdocs\shopncb2b2c\mobile\app\b2b\Application\Home\Controller\IndexController.class.php 第 286 行.
SQL: SHOW COLUMNS FROM `shopnc_mb_user_token` [ RunTime:0.0020s ]
SQL: SELECT * FROM `shopnc_mb_user_token` WHERE ( member_name='' and token='' ) LIMIT 1   [ RunTime:0.0010s ]
NOTIC: [8] Undefined variable: pic C:\xampp\htdocs\shopncb2b2c\mobile\app\b2b\Application\Home\Controller\IndexController.class.php 第 288 行.
NOTIC: [8] Undefined index: contact C:\xampp\htdocs\shopncb2b2c\mobile\app\b2b\Application\Home\Controller\IndexController.class.php 第 290 行.
SQL: INSERT INTO `shopnc_ecs_post` (`user_id`,`addtime`) VALUES ('0','2015-10-18 09:04') [ RunTime:0.0547s ]
NOTIC: [8] Undefined index: content C:\xampp\htdocs\shopncb2b2c\mobile\app\b2b\Application\Home\Controller\IndexController.class.php 第 293 行.
SQL: INSERT INTO `shopnc_ecs_post_content` (`pid`,`depic`) VALUES ('44','') [ RunTime:0.1045s ]
INFO: [ view_parse ] --START--
INFO: [ template_filter ] --START--
INFO: Run Behavior\ContentReplaceBehavior [ RunTime:0.000000s ]
INFO: [ template_filter ] --END-- [ RunTime:0.000000s ]
INFO: Run Behavior\ParseTemplateBehavior [ RunTime:0.015626s ]
INFO: [ view_parse ] --END-- [ RunTime:0.015626s ]
INFO: [ view_filter ] --START--
INFO: Run Behavior\WriteHtmlCacheBehavior [ RunTime:0.000000s ]
INFO: [ view_filter ] --END-- [ RunTime:0.000976s ]
INFO: [ app_end ] --START--
INFO: Run Behavior\ShowPageTraceBehavior [ RunTime:0.000977s ]
INFO: [ app_end ] --END-- [ RunTime:0.000977s ]

[ 2015-10-18T09:04:13+08:00 ] 49.65.122.20 /mobile/app/b2b/index.php/Home/index/EditorApi/
INFO: [ app_init ] --START--
INFO: Run Behavior\BuildLiteBehavior [ RunTime:0.000000s ]
INFO: [ app_init ] --END-- [ RunTime:0.000000s ]
INFO: [ app_begin ] --START--
INFO: Run Behavior\ReadHtmlCacheBehavior [ RunTime:0.000000s ]
INFO: [ app_begin ] --END-- [ RunTime:0.000000s ]
NOTIC: [8] Undefined index: username C:\xampp\htdocs\shopncb2b2c\mobile\app\b2b\Application\Home\Controller\IndexController.class.php 第 936 行.
NOTIC: [8] Undefined index: key C:\xampp\htdocs\shopncb2b2c\mobile\app\b2b\Application\Home\Controller\IndexController.class.php 第 936 行.
SQL: SHOW COLUMNS FROM `shopnc_mb_user_token` [ RunTime:0.0029s ]
SQL: SELECT * FROM `shopnc_mb_user_token` WHERE ( member_name='' and token='' ) LIMIT 1   [ RunTime:0.0010s ]

[ 2015-10-18T09:04:14+08:00 ] 49.77.192.43 /mobile/app/b2b/index.php/Home/index/newssaveapi
INFO: [ app_init ] --START--
INFO: Run Behavior\BuildLiteBehavior [ RunTime:0.000000s ]
INFO: [ app_init ] --END-- [ RunTime:0.000977s ]
INFO: [ app_begin ] --START--
INFO: Run Behavior\ReadHtmlCacheBehavior [ RunTime:0.000977s ]
INFO: [ app_begin ] --END-- [ RunTime:0.000977s ]
SQL: SHOW COLUMNS FROM `shopnc_ecs_post` [ RunTime:0.0029s ]
SQL: SELECT * FROM `shopnc_ecs_post` WHERE ( id='1' ) LIMIT 1   [ RunTime:0.0010s ]
NOTIC: [8] Undefined index: title C:\xampp\htdocs\shopncb2b2c\mobile\app\b2b\Application\Home\Controller\IndexController.class.php 第 876 行.
NOTIC: [8] Undefined index: content C:\xampp\htdocs\shopncb2b2c\mobile\app\b2b\Application\Home\Controller\IndexController.class.php 第 878 行.
NOTIC: [8] Undefined index: userid C:\xampp\htdocs\shopncb2b2c\mobile\app\b2b\Application\Home\Controller\IndexController.class.php 第 882 行.
NOTIC: [8] Undefined index: id C:\xampp\htdocs\shopncb2b2c\mobile\app\b2b\Application\Home\Controller\IndexController.class.php 第 884 行.
NOTIC: [8] Undefined index: userid C:\xampp\htdocs\shopncb2b2c\mobile\app\b2b\Application\Home\Controller\IndexController.class.php 第 886 行.
SQL: SHOW COLUMNS FROM `shopnc_ecs_post_news` [ RunTime:0.0020s ]
SQL: INSERT INTO `shopnc_ecs_post_news` (`addtime`) VALUES ('2015-10-18 09:04:14') [ RunTime:0.0918s ]
INFO: [ app_end ] --START--
INFO: Run Behavior\ShowPageTraceBehavior [ RunTime:0.000000s ]
INFO: [ app_end ] --END-- [ RunTime:0.000977s ]

[ 2015-10-18T09:04:14+08:00 ] 49.65.122.20 /mobile/app/b2b/index.php/Home/index/newapi
INFO: [ app_init ] --START--
INFO: Run Behavior\BuildLiteBehavior [ RunTime:0.000000s ]
INFO: [ app_init ] --END-- [ RunTime:0.000000s ]
INFO: [ app_begin ] --START--
INFO: Run Behavior\ReadHtmlCacheBehavior [ RunTime:0.000977s ]
INFO: [ app_begin ] --END-- [ RunTime:0.000977s ]
NOTIC: [8] Undefined index: username C:\xampp\htdocs\shopncb2b2c\mobile\app\b2b\Application\Home\Controller\IndexController.class.php 第 800 行.
NOTIC: [8] Undefined index: key C:\xampp\htdocs\shopncb2b2c\mobile\app\b2b\Application\Home\Controller\IndexController.class.php 第 800 行.
SQL: SHOW COLUMNS FROM `shopnc_mb_user_token` [ RunTime:0.0029s ]
SQL: SELECT * FROM `shopnc_mb_user_token` WHERE ( member_name='' and token='' ) LIMIT 1   [ RunTime:0.0010s ]
SQL: select cid,pid,sum(isRead) as readed,count(*) as total from shopnc_ecs_post_news where uid ='0' or cid='0' group by pid [ RunTime:0.0010s ]
SQL: SHOW COLUMNS FROM `shopnc_ecs_post` [ RunTime:0.0020s ]
SQL: SELECT * FROM `shopnc_ecs_post` WHERE ( id='0' ) LIMIT 1   [ RunTime:0.0000s ]
INFO: [ app_end ] --START--
INFO: Run Behavior\ShowPageTraceBehavior [ RunTime:0.000976s ]
INFO: [ app_end ] --END-- [ RunTime:0.000976s ]

[ 2015-10-18T09:04:14+08:00 ] 49.65.122.20 /mobile/app/b2b/index.php/Home/index/newslistapi
INFO: [ app_init ] --START--
INFO: Run Behavior\BuildLiteBehavior [ RunTime:0.000000s ]
INFO: [ app_init ] --END-- [ RunTime:0.000000s ]
INFO: [ app_begin ] --START--
INFO: Run Behavior\ReadHtmlCacheBehavior [ RunTime:0.000977s ]
INFO: [ app_begin ] --END-- [ RunTime:0.000977s ]
NOTIC: [8] Undefined index: username C:\xampp\htdocs\shopncb2b2c\mobile\app\b2b\Application\Home\Controller\IndexController.class.php 第 849 行.
NOTIC: [8] Undefined index: key C:\xampp\htdocs\shopncb2b2c\mobile\app\b2b\Application\Home\Controller\IndexController.class.php 第 849 行.
SQL: SHOW COLUMNS FROM `shopnc_mb_user_token` [ RunTime:0.0029s ]
SQL: SELECT * FROM `shopnc_mb_user_token` WHERE ( member_name='' and token='' ) LIMIT 1   [ RunTime:0.0010s ]
SQL: SHOW COLUMNS FROM `shopnc_ecs_post_news` [ RunTime:0.0020s ]
SQL: SELECT * FROM `shopnc_ecs_post_news` WHERE ( pid='1' and (cid='1' or cid='0')  ) ORDER BY id asc LIMIT 10   [ RunTime:0.0010s ]
INFO: [ app_end ] --START--
INFO: Run Behavior\ShowPageTraceBehavior [ RunTime:0.000977s ]
INFO: [ app_end ] --END-- [ RunTime:0.000977s ]

[ 2015-10-18T09:04:17+08:00 ] 49.65.122.20 /mobile/app/b2b/index.php/Home/index/homeapi
INFO: [ app_init ] --START--
INFO: Run Behavior\BuildLiteBehavior [ RunTime:0.000000s ]
INFO: [ app_init ] --END-- [ RunTime:0.000976s ]
INFO: [ app_begin ] --START--
INFO: Run Behavior\ReadHtmlCacheBehavior [ RunTime:0.000976s ]
INFO: [ app_begin ] --END-- [ RunTime:0.000976s ]
SQL: SHOW COLUMNS FROM `shopnc_ecs_post` [ RunTime:0.0020s ]
SQL: SELECT COUNT(*) AS tp_count FROM `shopnc_ecs_post` WHERE ( saleway='2' or saleway='1' ) LIMIT 1   [ RunTime:0.0000s ]
SQL: select p.* ,d.depic,d.content from shopnc_ecs_post as p left join shopnc_ecs_post_content as d on p.id=d.pid where saleway='2' or saleway='1' order by id asc   limit 0,10 [ RunTime:0.0020s ]
INFO: [ app_end ] --START--
INFO: Run Behavior\ShowPageTraceBehavior [ RunTime:0.000976s ]
INFO: [ app_end ] --END-- [ RunTime:0.000976s ]

[ 2015-10-18T09:04:22+08:00 ] 49.65.122.20 /mobile/app/b2b/index.php/Home/index/
INFO: [ app_init ] --START--
INFO: Run Behavior\BuildLiteBehavior [ RunTime:0.000000s ]
INFO: [ app_init ] --END-- [ RunTime:0.000000s ]
INFO: [ app_begin ] --START--
INFO: Run Behavior\ReadHtmlCacheBehavior [ RunTime:0.000977s ]
INFO: [ app_begin ] --END-- [ RunTime:0.000977s ]

[ 2015-10-18T09:04:22+08:00 ] 49.65.122.20 /mobile/app/b2b/index.php/Home/index/api
INFO: [ app_init ] --START--
INFO: Run Behavior\BuildLiteBehavior [ RunTime:0.000000s ]
INFO: [ app_init ] --END-- [ RunTime:0.000000s ]
INFO: [ app_begin ] --START--
INFO: Run Behavior\ReadHtmlCacheBehavior [ RunTime:0.000000s ]
INFO: [ app_begin ] --END-- [ RunTime:0.000000s ]
NOTIC: [8] Undefined index: cookie C:\xampp\htdocs\shopncb2b2c\mobile\app\b2b\Application\Home\Controller\IndexController.class.php 第 677 行.
ERR: SQLSTATE[42S02]: Base table or view not found: 1146 Table 'shopncb2b2c.shopnc_ecs_sessions' doesn't exist

[ 2015-10-18T10:28:51+08:00 ] 14.17.37.145 /mobile/app/b2b/index.php/Home/index/sale
INFO: [ app_init ] --START--
INFO: Run Behavior\BuildLiteBehavior [ RunTime:0.000000s ]
INFO: [ app_init ] --END-- [ RunTime:0.000000s ]
INFO: [ app_begin ] --START--
INFO: Run Behavior\ReadHtmlCacheBehavior [ RunTime:0.000976s ]
INFO: [ app_begin ] --END-- [ RunTime:0.000976s ]
SQL: SHOW COLUMNS FROM `shopnc_ecs_post` [ RunTime:0.0020s ]
SQL: SELECT COUNT(*) AS tp_count FROM `shopnc_ecs_post` WHERE ( saleway='1' and recommend !='-1' ) LIMIT 1   [ RunTime:0.0313s ]
SQL: select p.* ,d.content from shopnc_ecs_post as p left join shopnc_ecs_post_content as d on p.id=d.pid where p.saleway='1' and p.recommend != '-1' order by p.recommend desc limit 0 , 10 [ RunTime:0.0293s ]
INFO: [ view_parse ] --START--
INFO: [ template_filter ] --START--
INFO: Run Behavior\ContentReplaceBehavior [ RunTime:0.000977s ]
INFO: [ template_filter ] --END-- [ RunTime:0.000977s ]
INFO: Run Behavior\ParseTemplateBehavior [ RunTime:0.031252s ]
INFO: [ view_parse ] --END-- [ RunTime:0.031252s ]
INFO: [ view_filter ] --START--
INFO: Run Behavior\WriteHtmlCacheBehavior [ RunTime:0.000000s ]
INFO: [ view_filter ] --END-- [ RunTime:0.000000s ]
INFO: [ app_end ] --START--
INFO: Run Behavior\ShowPageTraceBehavior [ RunTime:0.000000s ]
INFO: [ app_end ] --END-- [ RunTime:0.000000s ]

[ 2015-10-18T12:36:44+08:00 ] 123.151.38.94 /mobile/app/b2b/index.php/Home/index/sale
INFO: [ app_init ] --START--
INFO: Run Behavior\BuildLiteBehavior [ RunTime:0.000000s ]
INFO: [ app_init ] --END-- [ RunTime:0.000000s ]
INFO: [ app_begin ] --START--
INFO: Run Behavior\ReadHtmlCacheBehavior [ RunTime:0.000000s ]
INFO: [ app_begin ] --END-- [ RunTime:0.000000s ]
SQL: SHOW COLUMNS FROM `shopnc_ecs_post` [ RunTime:0.0020s ]
SQL: SELECT COUNT(*) AS tp_count FROM `shopnc_ecs_post` WHERE ( saleway='1' and recommend !='-1' ) LIMIT 1   [ RunTime:0.0186s ]
SQL: select p.* ,d.content from shopnc_ecs_post as p left join shopnc_ecs_post_content as d on p.id=d.pid where p.saleway='1' and p.recommend != '-1' order by p.recommend desc limit 0 , 10 [ RunTime:0.0049s ]
INFO: [ view_parse ] --START--
INFO: [ template_filter ] --START--
INFO: Run Behavior\ContentReplaceBehavior [ RunTime:0.000000s ]
INFO: [ template_filter ] --END-- [ RunTime:0.000000s ]
INFO: Run Behavior\ParseTemplateBehavior [ RunTime:0.007813s ]
INFO: [ view_parse ] --END-- [ RunTime:0.007813s ]
INFO: [ view_filter ] --START--
INFO: Run Behavior\WriteHtmlCacheBehavior [ RunTime:0.000977s ]
INFO: [ view_filter ] --END-- [ RunTime:0.000977s ]
INFO: [ app_end ] --START--
INFO: Run Behavior\ShowPageTraceBehavior [ RunTime:0.000000s ]
INFO: [ app_end ] --END-- [ RunTime:0.000000s ]

[ 2015-10-18T12:36:44+08:00 ] 180.153.206.31 /mobile/app/b2b/index.php/Home/index/sale
INFO: [ app_init ] --START--
INFO: Run Behavior\BuildLiteBehavior [ RunTime:0.000000s ]
INFO: [ app_init ] --END-- [ RunTime:0.000977s ]
INFO: [ app_begin ] --START--
INFO: Run Behavior\ReadHtmlCacheBehavior [ RunTime:0.000000s ]
INFO: [ app_begin ] --END-- [ RunTime:0.000000s ]
SQL: SHOW COLUMNS FROM `shopnc_ecs_post` [ RunTime:0.0020s ]
SQL: SELECT COUNT(*) AS tp_count FROM `shopnc_ecs_post` WHERE ( saleway='1' and recommend !='-1' ) LIMIT 1   [ RunTime:0.0010s ]
SQL: select p.* ,d.content from shopnc_ecs_post as p left join shopnc_ecs_post_content as d on p.id=d.pid where p.saleway='1' and p.recommend != '-1' order by p.recommend desc limit 0 , 10 [ RunTime:0.0029s ]
INFO: [ view_parse ] --START--
INFO: [ template_filter ] --START--
INFO: Run Behavior\ContentReplaceBehavior [ RunTime:0.000000s ]
INFO: [ template_filter ] --END-- [ RunTime:0.000000s ]
INFO: Run Behavior\ParseTemplateBehavior [ RunTime:0.007813s ]
INFO: [ view_parse ] --END-- [ RunTime:0.007813s ]
INFO: [ view_filter ] --START--
INFO: Run Behavior\WriteHtmlCacheBehavior [ RunTime:0.000000s ]
INFO: [ view_filter ] --END-- [ RunTime:0.000000s ]
INFO: [ app_end ] --START--
INFO: Run Behavior\ShowPageTraceBehavior [ RunTime:0.000977s ]
INFO: [ app_end ] --END-- [ RunTime:0.000977s ]

[ 2015-10-18T12:36:58+08:00 ] 123.151.38.94 /mobile/app/b2b/index.php/Home/Index/fabu
INFO: [ app_init ] --START--
INFO: Run Behavior\BuildLiteBehavior [ RunTime:0.000000s ]
INFO: [ app_init ] --END-- [ RunTime:0.000977s ]
INFO: [ app_begin ] --START--
INFO: Run Behavior\ReadHtmlCacheBehavior [ RunTime:0.000977s ]
INFO: [ app_begin ] --END-- [ RunTime:0.000977s ]
INFO: [ view_parse ] --START--
INFO: [ template_filter ] --START--
INFO: Run Behavior\ContentReplaceBehavior [ RunTime:0.000000s ]
INFO: [ template_filter ] --END-- [ RunTime:0.000000s ]
INFO: Run Behavior\ParseTemplateBehavior [ RunTime:0.037110s ]
INFO: [ view_parse ] --END-- [ RunTime:0.037110s ]
INFO: [ view_filter ] --START--
INFO: Run Behavior\WriteHtmlCacheBehavior [ RunTime:0.000000s ]
INFO: [ view_filter ] --END-- [ RunTime:0.000000s ]
INFO: [ app_end ] --START--
INFO: Run Behavior\ShowPageTraceBehavior [ RunTime:0.000977s ]
INFO: [ app_end ] --END-- [ RunTime:0.000977s ]

[ 2015-10-18T12:36:58+08:00 ] 101.226.51.227 /mobile/app/b2b/index.php/Home/Index/fabu
INFO: [ app_init ] --START--
INFO: Run Behavior\BuildLiteBehavior [ RunTime:0.000000s ]
INFO: [ app_init ] --END-- [ RunTime:0.000000s ]
INFO: [ app_begin ] --START--
INFO: Run Behavior\ReadHtmlCacheBehavior [ RunTime:0.000000s ]
INFO: [ app_begin ] --END-- [ RunTime:0.000976s ]
INFO: [ view_parse ] --START--
INFO: [ template_filter ] --START--
INFO: Run Behavior\ContentReplaceBehavior [ RunTime:0.000000s ]
INFO: [ template_filter ] --END-- [ RunTime:0.000000s ]
INFO: Run Behavior\ParseTemplateBehavior [ RunTime:0.005860s ]
INFO: [ view_parse ] --END-- [ RunTime:0.005860s ]
INFO: [ view_filter ] --START--
INFO: Run Behavior\WriteHtmlCacheBehavior [ RunTime:0.000000s ]
INFO: [ view_filter ] --END-- [ RunTime:0.000977s ]
INFO: [ app_end ] --START--
INFO: Run Behavior\ShowPageTraceBehavior [ RunTime:0.000976s ]
INFO: [ app_end ] --END-- [ RunTime:0.000976s ]

[ 2015-10-18T12:38:36+08:00 ] 183.232.90.36 /mobile/app/b2b/index.php/Home/index/sale
INFO: [ app_init ] --START--
INFO: Run Behavior\BuildLiteBehavior [ RunTime:0.000000s ]
INFO: [ app_init ] --END-- [ RunTime:0.000000s ]
INFO: [ app_begin ] --START--
INFO: Run Behavior\ReadHtmlCacheBehavior [ RunTime:0.000977s ]
INFO: [ app_begin ] --END-- [ RunTime:0.000977s ]
SQL: SHOW COLUMNS FROM `shopnc_ecs_post` [ RunTime:0.0029s ]
SQL: SELECT COUNT(*) AS tp_count FROM `shopnc_ecs_post` WHERE ( saleway='1' and recommend !='-1' ) LIMIT 1   [ RunTime:0.0000s ]
SQL: select p.* ,d.content from shopnc_ecs_post as p left join shopnc_ecs_post_content as d on p.id=d.pid where p.saleway='1' and p.recommend != '-1' order by p.recommend desc limit 0 , 10 [ RunTime:0.0029s ]
INFO: [ view_parse ] --START--
INFO: [ template_filter ] --START--
INFO: Run Behavior\ContentReplaceBehavior [ RunTime:0.000000s ]
INFO: [ template_filter ] --END-- [ RunTime:0.000000s ]
INFO: Run Behavior\ParseTemplateBehavior [ RunTime:0.008789s ]
INFO: [ view_parse ] --END-- [ RunTime:0.008789s ]
INFO: [ view_filter ] --START--
INFO: Run Behavior\WriteHtmlCacheBehavior [ RunTime:0.000000s ]
INFO: [ view_filter ] --END-- [ RunTime:0.000000s ]
INFO: [ app_end ] --START--
INFO: Run Behavior\ShowPageTraceBehavior [ RunTime:0.000977s ]
INFO: [ app_end ] --END-- [ RunTime:0.000977s ]

[ 2015-10-18T13:02:25+08:00 ] 123.185.61.254 /mobile/app/b2b/index.php/Home/index/homeapi
INFO: [ app_init ] --START--
INFO: Run Behavior\BuildLiteBehavior [ RunTime:0.000000s ]
INFO: [ app_init ] --END-- [ RunTime:0.000976s ]
INFO: [ app_begin ] --START--
INFO: Run Behavior\ReadHtmlCacheBehavior [ RunTime:0.000000s ]
INFO: [ app_begin ] --END-- [ RunTime:0.000977s ]
SQL: SHOW COLUMNS FROM `shopnc_ecs_post` [ RunTime:0.0020s ]
SQL: SELECT COUNT(*) AS tp_count FROM `shopnc_ecs_post` WHERE ( saleway='2' ) LIMIT 1   [ RunTime:0.0000s ]
SQL: select p.* ,d.depic,d.content from shopnc_ecs_post as p left join shopnc_ecs_post_content as d on p.id=d.pid where saleway='2' order by id asc   limit 0,10 [ RunTime:0.0020s ]
INFO: [ app_end ] --START--
INFO: Run Behavior\ShowPageTraceBehavior [ RunTime:0.000000s ]
INFO: [ app_end ] --END-- [ RunTime:0.000000s ]

[ 2015-10-18T13:02:26+08:00 ] 123.185.61.254 /mobile/app/b2b/index.php/Home/index/homeapi
INFO: [ app_init ] --START--
INFO: Run Behavior\BuildLiteBehavior [ RunTime:0.000000s ]
INFO: [ app_init ] --END-- [ RunTime:0.000000s ]
INFO: [ app_begin ] --START--
INFO: Run Behavior\ReadHtmlCacheBehavior [ RunTime:0.000977s ]
INFO: [ app_begin ] --END-- [ RunTime:0.000977s ]
SQL: SHOW COLUMNS FROM `shopnc_ecs_post` [ RunTime:0.0039s ]
SQL: SELECT COUNT(*) AS tp_count FROM `shopnc_ecs_post` WHERE ( saleway='1' ) LIMIT 1   [ RunTime:0.0000s ]
SQL: select p.* ,d.depic,d.content from shopnc_ecs_post as p left join shopnc_ecs_post_content as d on p.id=d.pid where saleway='1' order by id asc   limit 0,10 [ RunTime:0.0029s ]
INFO: [ app_end ] --START--
INFO: Run Behavior\ShowPageTraceBehavior [ RunTime:0.000977s ]
INFO: [ app_end ] --END-- [ RunTime:0.000977s ]

[ 2015-10-18T16:41:11+08:00 ] 183.15.1.231 /mobile/app/b2b/index.php/Home/index/homeapi
INFO: [ app_init ] --START--
INFO: Run Behavior\BuildLiteBehavior [ RunTime:0.000000s ]
INFO: [ app_init ] --END-- [ RunTime:0.000000s ]
INFO: [ app_begin ] --START--
INFO: Run Behavior\ReadHtmlCacheBehavior [ RunTime:0.000000s ]
INFO: [ app_begin ] --END-- [ RunTime:0.000000s ]
SQL: SHOW COLUMNS FROM `shopnc_ecs_post` [ RunTime:0.0020s ]
SQL: SELECT COUNT(*) AS tp_count FROM `shopnc_ecs_post` WHERE ( saleway='2' ) LIMIT 1   [ RunTime:0.0293s ]
SQL: select p.* ,d.depic,d.content from shopnc_ecs_post as p left join shopnc_ecs_post_content as d on p.id=d.pid where saleway='2' order by id asc   limit 0,10 [ RunTime:0.0068s ]
INFO: [ app_end ] --START--
INFO: Run Behavior\ShowPageTraceBehavior [ RunTime:0.000977s ]
INFO: [ app_end ] --END-- [ RunTime:0.000977s ]

[ 2015-10-18T16:41:12+08:00 ] 183.15.1.231 /mobile/app/b2b/index.php/Home/index/homeapi
INFO: [ app_init ] --START--
INFO: Run Behavior\BuildLiteBehavior [ RunTime:0.000000s ]
INFO: [ app_init ] --END-- [ RunTime:0.000000s ]
INFO: [ app_begin ] --START--
INFO: Run Behavior\ReadHtmlCacheBehavior [ RunTime:0.000976s ]
INFO: [ app_begin ] --END-- [ RunTime:0.000976s ]
SQL: SHOW COLUMNS FROM `shopnc_ecs_post` [ RunTime:0.0029s ]
SQL: SELECT COUNT(*) AS tp_count FROM `shopnc_ecs_post` WHERE ( saleway='2' ) LIMIT 1   [ RunTime:0.0010s ]
SQL: select p.* ,d.depic,d.content from shopnc_ecs_post as p left join shopnc_ecs_post_content as d on p.id=d.pid where saleway='2' order by id asc   limit 0,10 [ RunTime:0.0029s ]
INFO: [ app_end ] --START--
INFO: Run Behavior\ShowPageTraceBehavior [ RunTime:0.000000s ]
INFO: [ app_end ] --END-- [ RunTime:0.000000s ]

[ 2015-10-18T16:41:12+08:00 ] 183.15.1.231 /mobile/app/b2b/index.php/Home/index/homeapi
INFO: [ app_init ] --START--
INFO: Run Behavior\BuildLiteBehavior [ RunTime:0.000000s ]
INFO: [ app_init ] --END-- [ RunTime:0.000000s ]
INFO: [ app_begin ] --START--
INFO: Run Behavior\ReadHtmlCacheBehavior [ RunTime:0.000000s ]
INFO: [ app_begin ] --END-- [ RunTime:0.000976s ]
SQL: SHOW COLUMNS FROM `shopnc_ecs_post` [ RunTime:0.0029s ]
SQL: SELECT COUNT(*) AS tp_count FROM `shopnc_ecs_post` WHERE ( saleway='1' ) LIMIT 1   [ RunTime:0.0000s ]
SQL: select p.* ,d.depic,d.content from shopnc_ecs_post as p left join shopnc_ecs_post_content as d on p.id=d.pid where saleway='1' order by id asc   limit 0,10 [ RunTime:0.0020s ]
INFO: [ app_end ] --START--
INFO: Run Behavior\ShowPageTraceBehavior [ RunTime:0.000000s ]
INFO: [ app_end ] --END-- [ RunTime:0.000977s ]

[ 2015-10-18T16:42:43+08:00 ] 183.15.1.231 /mobile/app/b2b/index.php/Home/index/homeapi
INFO: [ app_init ] --START--
INFO: Run Behavior\BuildLiteBehavior [ RunTime:0.000000s ]
INFO: [ app_init ] --END-- [ RunTime:0.000000s ]
INFO: [ app_begin ] --START--
INFO: Run Behavior\ReadHtmlCacheBehavior [ RunTime:0.000977s ]
INFO: [ app_begin ] --END-- [ RunTime:0.000977s ]
SQL: SHOW COLUMNS FROM `shopnc_ecs_post` [ RunTime:0.0029s ]
SQL: SELECT COUNT(*) AS tp_count FROM `shopnc_ecs_post` WHERE ( saleway='1' ) LIMIT 1   [ RunTime:0.0000s ]
SQL: select p.* ,d.depic,d.content from shopnc_ecs_post as p left join shopnc_ecs_post_content as d on p.id=d.pid where saleway='1' order by id asc   limit 0,10 [ RunTime:0.0020s ]
INFO: [ app_end ] --START--
INFO: Run Behavior\ShowPageTraceBehavior [ RunTime:0.000976s ]
INFO: [ app_end ] --END-- [ RunTime:0.000976s ]

[ 2015-10-18T17:31:00+08:00 ] 120.36.180.158 /mobile/app/b2b/index.php/Home/index/homeapi
INFO: [ app_init ] --START--
INFO: Run Behavior\BuildLiteBehavior [ RunTime:0.000000s ]
INFO: [ app_init ] --END-- [ RunTime:0.000000s ]
INFO: [ app_begin ] --START--
INFO: Run Behavior\ReadHtmlCacheBehavior [ RunTime:0.000977s ]
INFO: [ app_begin ] --END-- [ RunTime:0.000977s ]
SQL: SHOW COLUMNS FROM `shopnc_ecs_post` [ RunTime:0.0020s ]
SQL: SELECT COUNT(*) AS tp_count FROM `shopnc_ecs_post` WHERE ( saleway='2' ) LIMIT 1   [ RunTime:0.0605s ]
SQL: select p.* ,d.depic,d.content from shopnc_ecs_post as p left join shopnc_ecs_post_content as d on p.id=d.pid where saleway='2' order by id asc   limit 0,10 [ RunTime:0.0254s ]
INFO: [ app_end ] --START--
INFO: Run Behavior\ShowPageTraceBehavior [ RunTime:0.000977s ]
INFO: [ app_end ] --END-- [ RunTime:0.000977s ]

[ 2015-10-18T17:31:00+08:00 ] 120.36.180.158 /mobile/app/b2b/index.php/Home/index/homeapi
INFO: [ app_init ] --START--
INFO: Run Behavior\BuildLiteBehavior [ RunTime:0.000000s ]
INFO: [ app_init ] --END-- [ RunTime:0.000000s ]
INFO: [ app_begin ] --START--
INFO: Run Behavior\ReadHtmlCacheBehavior [ RunTime:0.000977s ]
INFO: [ app_begin ] --END-- [ RunTime:0.000977s ]
SQL: SHOW COLUMNS FROM `shopnc_ecs_post` [ RunTime:0.0029s ]
SQL: SELECT COUNT(*) AS tp_count FROM `shopnc_ecs_post` WHERE ( saleway='1' ) LIMIT 1   [ RunTime:0.0000s ]
SQL: select p.* ,d.depic,d.content from shopnc_ecs_post as p left join shopnc_ecs_post_content as d on p.id=d.pid where saleway='1' order by id asc   limit 0,10 [ RunTime:0.0029s ]
INFO: [ app_end ] --START--
INFO: Run Behavior\ShowPageTraceBehavior [ RunTime:0.000976s ]
INFO: [ app_end ] --END-- [ RunTime:0.000976s ]

[ 2015-10-18T17:31:03+08:00 ] 120.36.180.158 /mobile/app/b2b/index.php/Home/index/myListapi
INFO: [ app_init ] --START--
INFO: Run Behavior\BuildLiteBehavior [ RunTime:0.000000s ]
INFO: [ app_init ] --END-- [ RunTime:0.000977s ]
INFO: [ app_begin ] --START--
INFO: Run Behavior\ReadHtmlCacheBehavior [ RunTime:0.000977s ]
INFO: [ app_begin ] --END-- [ RunTime:0.000977s ]
SQL: SHOW COLUMNS FROM `shopnc_mb_user_token` [ RunTime:0.0020s ]
SQL: SELECT * FROM `shopnc_mb_user_token` WHERE ( member_name='13466700831' and token='32d3ef4b6aa7217d7fc5a4b46e9975cd' ) LIMIT 1   [ RunTime:0.0010s ]
SQL: select p.*,d.depic,d.content from shopnc_ecs_post as p left join shopnc_ecs_post_content as d on p.id=d.pid where user_id='179' [ RunTime:0.0000s ]
NOTIC: [8] Undefined variable: content C:\xampp\htdocs\shopncb2b2c\mobile\app\b2b\Application\Home\Controller\IndexController.class.php 第 774 行.
INFO: [ app_end ] --START--
INFO: Run Behavior\ShowPageTraceBehavior [ RunTime:0.000977s ]
INFO: [ app_end ] --END-- [ RunTime:0.000977s ]

[ 2015-10-18T17:36:04+08:00 ] 120.36.180.158 /mobile/app/b2b/index.php/Home/index/homeapi
INFO: [ app_init ] --START--
INFO: Run Behavior\BuildLiteBehavior [ RunTime:0.000000s ]
INFO: [ app_init ] --END-- [ RunTime:0.000000s ]
INFO: [ app_begin ] --START--
INFO: Run Behavior\ReadHtmlCacheBehavior [ RunTime:0.000977s ]
INFO: [ app_begin ] --END-- [ RunTime:0.000977s ]
SQL: SHOW COLUMNS FROM `shopnc_ecs_post` [ RunTime:0.0020s ]
SQL: SELECT COUNT(*) AS tp_count FROM `shopnc_ecs_post` WHERE ( saleway='2' ) LIMIT 1   [ RunTime:0.0010s ]
SQL: select p.* ,d.depic,d.content from shopnc_ecs_post as p left join shopnc_ecs_post_content as d on p.id=d.pid where saleway='2' order by id asc   limit 0,10 [ RunTime:0.0029s ]
INFO: [ app_end ] --START--
INFO: Run Behavior\ShowPageTraceBehavior [ RunTime:0.000000s ]
INFO: [ app_end ] --END-- [ RunTime:0.000000s ]

[ 2015-10-18T17:36:04+08:00 ] 120.36.180.158 /mobile/app/b2b/index.php/Home/index/homeapi
INFO: [ app_init ] --START--
INFO: Run Behavior\BuildLiteBehavior [ RunTime:0.000000s ]
INFO: [ app_init ] --END-- [ RunTime:0.000977s ]
INFO: [ app_begin ] --START--
INFO: Run Behavior\ReadHtmlCacheBehavior [ RunTime:0.000977s ]
INFO: [ app_begin ] --END-- [ RunTime:0.000977s ]
SQL: SHOW COLUMNS FROM `shopnc_ecs_post` [ RunTime:0.0020s ]
SQL: SELECT COUNT(*) AS tp_count FROM `shopnc_ecs_post` WHERE ( saleway='1' ) LIMIT 1   [ RunTime:0.0000s ]
SQL: select p.* ,d.depic,d.content from shopnc_ecs_post as p left join shopnc_ecs_post_content as d on p.id=d.pid where saleway='1' order by id asc   limit 0,10 [ RunTime:0.0020s ]
INFO: [ app_end ] --START--
INFO: Run Behavior\ShowPageTraceBehavior [ RunTime:0.000976s ]
INFO: [ app_end ] --END-- [ RunTime:0.000976s ]

[ 2015-10-18T17:36:09+08:00 ] 120.36.180.158 /mobile/app/b2b/index.php/Home/index/myListapi
INFO: [ app_init ] --START--
INFO: Run Behavior\BuildLiteBehavior [ RunTime:0.000000s ]
INFO: [ app_init ] --END-- [ RunTime:0.000000s ]
INFO: [ app_begin ] --START--
INFO: Run Behavior\ReadHtmlCacheBehavior [ RunTime:0.000000s ]
INFO: [ app_begin ] --END-- [ RunTime:0.000000s ]
SQL: SHOW COLUMNS FROM `shopnc_mb_user_token` [ RunTime:0.0029s ]
SQL: SELECT * FROM `shopnc_mb_user_token` WHERE ( member_name='13466700831' and token='32d3ef4b6aa7217d7fc5a4b46e9975cd' ) LIMIT 1   [ RunTime:0.0059s ]
SQL: select p.*,d.depic,d.content from shopnc_ecs_post as p left join shopnc_ecs_post_content as d on p.id=d.pid where user_id='179' [ RunTime:0.0000s ]
NOTIC: [8] Undefined variable: content C:\xampp\htdocs\shopncb2b2c\mobile\app\b2b\Application\Home\Controller\IndexController.class.php 第 774 行.
INFO: [ app_end ] --START--
INFO: Run Behavior\ShowPageTraceBehavior [ RunTime:0.000977s ]
INFO: [ app_end ] --END-- [ RunTime:0.000977s ]

[ 2015-10-18T17:36:26+08:00 ] 120.36.180.158 /mobile/app/b2b/index.php/Home/index/myListapi
INFO: [ app_init ] --START--
INFO: Run Behavior\BuildLiteBehavior [ RunTime:0.000000s ]
INFO: [ app_init ] --END-- [ RunTime:0.000000s ]
INFO: [ app_begin ] --START--
INFO: Run Behavior\ReadHtmlCacheBehavior [ RunTime:0.000000s ]
INFO: [ app_begin ] --END-- [ RunTime:0.000000s ]
SQL: SHOW COLUMNS FROM `shopnc_mb_user_token` [ RunTime:0.0020s ]
SQL: SELECT * FROM `shopnc_mb_user_token` WHERE ( member_name='13466700831' and token='32d3ef4b6aa7217d7fc5a4b46e9975cd' ) LIMIT 1   [ RunTime:0.0010s ]
SQL: select p.*,d.depic,d.content from shopnc_ecs_post as p left join shopnc_ecs_post_content as d on p.id=d.pid where user_id='179' [ RunTime:0.0000s ]
NOTIC: [8] Undefined variable: content C:\xampp\htdocs\shopncb2b2c\mobile\app\b2b\Application\Home\Controller\IndexController.class.php 第 774 行.
INFO: [ app_end ] --START--
INFO: Run Behavior\ShowPageTraceBehavior [ RunTime:0.000977s ]
INFO: [ app_end ] --END-- [ RunTime:0.000977s ]

[ 2015-10-18T17:36:28+08:00 ] 120.36.180.158 /mobile/app/b2b/index.php/Home/index/homeapi
INFO: [ app_init ] --START--
INFO: Run Behavior\BuildLiteBehavior [ RunTime:0.000000s ]
INFO: [ app_init ] --END-- [ RunTime:0.000976s ]
INFO: [ app_begin ] --START--
INFO: Run Behavior\ReadHtmlCacheBehavior [ RunTime:0.000977s ]
INFO: [ app_begin ] --END-- [ RunTime:0.000977s ]
SQL: SHOW COLUMNS FROM `shopnc_ecs_post` [ RunTime:0.0020s ]
SQL: SELECT COUNT(*) AS tp_count FROM `shopnc_ecs_post` WHERE ( saleway='2' ) LIMIT 1   [ RunTime:0.0000s ]
SQL: select p.* ,d.depic,d.content from shopnc_ecs_post as p left join shopnc_ecs_post_content as d on p.id=d.pid where saleway='2' order by id asc   limit 0,10 [ RunTime:0.0020s ]
INFO: [ app_end ] --START--
INFO: Run Behavior\ShowPageTraceBehavior [ RunTime:0.000976s ]
INFO: [ app_end ] --END-- [ RunTime:0.000976s ]

[ 2015-10-18T17:36:29+08:00 ] 120.36.180.158 /mobile/app/b2b/index.php/Home/index/myListapi
INFO: [ app_init ] --START--
INFO: Run Behavior\BuildLiteBehavior [ RunTime:0.000000s ]
INFO: [ app_init ] --END-- [ RunTime:0.000976s ]
INFO: [ app_begin ] --START--
INFO: Run Behavior\ReadHtmlCacheBehavior [ RunTime:0.000976s ]
INFO: [ app_begin ] --END-- [ RunTime:0.000976s ]
SQL: SHOW COLUMNS FROM `shopnc_mb_user_token` [ RunTime:0.0029s ]
SQL: SELECT * FROM `shopnc_mb_user_token` WHERE ( member_name='13466700831' and token='32d3ef4b6aa7217d7fc5a4b46e9975cd' ) LIMIT 1   [ RunTime:0.0010s ]
SQL: select p.*,d.depic,d.content from shopnc_ecs_post as p left join shopnc_ecs_post_content as d on p.id=d.pid where user_id='179' [ RunTime:0.0000s ]
NOTIC: [8] Undefined variable: content C:\xampp\htdocs\shopncb2b2c\mobile\app\b2b\Application\Home\Controller\IndexController.class.php 第 774 行.
INFO: [ app_end ] --START--
INFO: Run Behavior\ShowPageTraceBehavior [ RunTime:0.000000s ]
INFO: [ app_end ] --END-- [ RunTime:0.000000s ]

[ 2015-10-18T17:36:32+08:00 ] 120.36.180.158 /mobile/app/b2b/index.php/Home/index/homeapi
INFO: [ app_init ] --START--
INFO: Run Behavior\BuildLiteBehavior [ RunTime:0.000000s ]
INFO: [ app_init ] --END-- [ RunTime:0.000000s ]
INFO: [ app_begin ] --START--
INFO: Run Behavior\ReadHtmlCacheBehavior [ RunTime:0.000000s ]
INFO: [ app_begin ] --END-- [ RunTime:0.000000s ]
SQL: SHOW COLUMNS FROM `shopnc_ecs_post` [ RunTime:0.0020s ]
SQL: SELECT COUNT(*) AS tp_count FROM `shopnc_ecs_post` WHERE ( saleway='2' ) LIMIT 1   [ RunTime:0.0000s ]
SQL: select p.* ,d.depic,d.content from shopnc_ecs_post as p left join shopnc_ecs_post_content as d on p.id=d.pid where saleway='2' order by id asc   limit 0,10 [ RunTime:0.0020s ]
INFO: [ app_end ] --START--
INFO: Run Behavior\ShowPageTraceBehavior [ RunTime:0.000977s ]
INFO: [ app_end ] --END-- [ RunTime:0.000977s ]

[ 2015-10-18T17:36:48+08:00 ] 120.36.180.158 /mobile/app/b2b/index.php/Home/index/homeapi
INFO: [ app_init ] --START--
INFO: Run Behavior\BuildLiteBehavior [ RunTime:0.000000s ]
INFO: [ app_init ] --END-- [ RunTime:0.000000s ]
INFO: [ app_begin ] --START--
INFO: Run Behavior\ReadHtmlCacheBehavior [ RunTime:0.000000s ]
INFO: [ app_begin ] --END-- [ RunTime:0.000977s ]
SQL: SHOW COLUMNS FROM `shopnc_ecs_post` [ RunTime:0.0020s ]
SQL: SELECT COUNT(*) AS tp_count FROM `shopnc_ecs_post` WHERE ( saleway='2' ) LIMIT 1   [ RunTime:0.0010s ]
SQL: select p.* ,d.depic,d.content from shopnc_ecs_post as p left join shopnc_ecs_post_content as d on p.id=d.pid where saleway='2' order by id asc   limit 0,10 [ RunTime:0.0029s ]
INFO: [ app_end ] --START--
INFO: Run Behavior\ShowPageTraceBehavior [ RunTime:0.000977s ]
INFO: [ app_end ] --END-- [ RunTime:0.000977s ]

[ 2015-10-18T17:36:49+08:00 ] 120.36.180.158 /mobile/app/b2b/index.php/Home/index/homeapi
INFO: [ app_init ] --START--
INFO: Run Behavior\BuildLiteBehavior [ RunTime:0.000000s ]
INFO: [ app_init ] --END-- [ RunTime:0.000000s ]
INFO: [ app_begin ] --START--
INFO: Run Behavior\ReadHtmlCacheBehavior [ RunTime:0.000976s ]
INFO: [ app_begin ] --END-- [ RunTime:0.000976s ]
SQL: SHOW COLUMNS FROM `shopnc_ecs_post` [ RunTime:0.0020s ]
SQL: SELECT COUNT(*) AS tp_count FROM `shopnc_ecs_post` WHERE ( saleway='1' ) LIMIT 1   [ RunTime:0.0000s ]
SQL: select p.* ,d.depic,d.content from shopnc_ecs_post as p left join shopnc_ecs_post_content as d on p.id=d.pid where saleway='1' order by id asc   limit 0,10 [ RunTime:0.0020s ]
INFO: [ app_end ] --START--
INFO: Run Behavior\ShowPageTraceBehavior [ RunTime:0.000977s ]
INFO: [ app_end ] --END-- [ RunTime:0.000977s ]

[ 2015-10-18T17:39:08+08:00 ] 120.36.180.158 /mobile/app/b2b/index.php/Home/index/homeapi
INFO: [ app_init ] --START--
INFO: Run Behavior\BuildLiteBehavior [ RunTime:0.000000s ]
INFO: [ app_init ] --END-- [ RunTime:0.000000s ]
INFO: [ app_begin ] --START--
INFO: Run Behavior\ReadHtmlCacheBehavior [ RunTime:0.000000s ]
INFO: [ app_begin ] --END-- [ RunTime:0.000000s ]
SQL: SHOW COLUMNS FROM `shopnc_ecs_post` [ RunTime:0.0020s ]
SQL: SELECT COUNT(*) AS tp_count FROM `shopnc_ecs_post` WHERE ( saleway='2' ) LIMIT 1   [ RunTime:0.0010s ]
SQL: select p.* ,d.depic,d.content from shopnc_ecs_post as p left join shopnc_ecs_post_content as d on p.id=d.pid where saleway='2' order by id asc   limit 0,10 [ RunTime:0.0020s ]
INFO: [ app_end ] --START--
INFO: Run Behavior\ShowPageTraceBehavior [ RunTime:0.000000s ]
INFO: [ app_end ] --END-- [ RunTime:0.000000s ]

[ 2015-10-18T17:39:08+08:00 ] 120.36.180.158 /mobile/app/b2b/index.php/Home/index/homeapi
INFO: [ app_init ] --START--
INFO: Run Behavior\BuildLiteBehavior [ RunTime:0.000000s ]
INFO: [ app_init ] --END-- [ RunTime:0.000000s ]
INFO: [ app_begin ] --START--
INFO: Run Behavior\ReadHtmlCacheBehavior [ RunTime:0.000976s ]
INFO: [ app_begin ] --END-- [ RunTime:0.000976s ]
SQL: SHOW COLUMNS FROM `shopnc_ecs_post` [ RunTime:0.0029s ]
SQL: SELECT COUNT(*) AS tp_count FROM `shopnc_ecs_post` WHERE ( saleway='1' ) LIMIT 1   [ RunTime:0.0010s ]
SQL: select p.* ,d.depic,d.content from shopnc_ecs_post as p left join shopnc_ecs_post_content as d on p.id=d.pid where saleway='1' order by id asc   limit 0,10 [ RunTime:0.0020s ]
INFO: [ app_end ] --START--
INFO: Run Behavior\ShowPageTraceBehavior [ RunTime:0.000977s ]
INFO: [ app_end ] --END-- [ RunTime:0.000977s ]

[ 2015-10-18T17:39:10+08:00 ] 120.36.180.158 /mobile/app/b2b/index.php/Home/index/myListapi
INFO: [ app_init ] --START--
INFO: Run Behavior\BuildLiteBehavior [ RunTime:0.000000s ]
INFO: [ app_init ] --END-- [ RunTime:0.000000s ]
INFO: [ app_begin ] --START--
INFO: Run Behavior\ReadHtmlCacheBehavior [ RunTime:0.000000s ]
INFO: [ app_begin ] --END-- [ RunTime:0.000000s ]
SQL: SHOW COLUMNS FROM `shopnc_mb_user_token` [ RunTime:0.0020s ]
SQL: SELECT * FROM `shopnc_mb_user_token` WHERE ( member_name='13466700831' and token='32d3ef4b6aa7217d7fc5a4b46e9975cd' ) LIMIT 1   [ RunTime:0.0020s ]
SQL: select p.*,d.depic,d.content from shopnc_ecs_post as p left join shopnc_ecs_post_content as d on p.id=d.pid where user_id='179' [ RunTime:0.0000s ]
NOTIC: [8] Undefined variable: content C:\xampp\htdocs\shopncb2b2c\mobile\app\b2b\Application\Home\Controller\IndexController.class.php 第 774 行.
INFO: [ app_end ] --START--
INFO: Run Behavior\ShowPageTraceBehavior [ RunTime:0.000977s ]
INFO: [ app_end ] --END-- [ RunTime:0.000977s ]

[ 2015-10-18T17:48:08+08:00 ] 58.212.2.68 /mobile/app/b2b/index.php/Home/index/EditorApi/
INFO: [ app_init ] --START--
INFO: Run Behavior\BuildLiteBehavior [ RunTime:0.000000s ]
INFO: [ app_init ] --END-- [ RunTime:0.000976s ]
INFO: [ app_begin ] --START--
INFO: Run Behavior\ReadHtmlCacheBehavior [ RunTime:0.009765s ]
INFO: [ app_begin ] --END-- [ RunTime:0.009765s ]
NOTIC: [8] Undefined index: username C:\xampp\htdocs\shopncb2b2c\mobile\app\b2b\Application\Home\Controller\IndexController.class.php 第 936 行.
NOTIC: [8] Undefined index: key C:\xampp\htdocs\shopncb2b2c\mobile\app\b2b\Application\Home\Controller\IndexController.class.php 第 936 行.
SQL: SHOW COLUMNS FROM `shopnc_mb_user_token` [ RunTime:0.0029s ]
SQL: SELECT * FROM `shopnc_mb_user_token` WHERE ( member_name='' and token='' ) LIMIT 1   [ RunTime:0.0010s ]

[ 2015-10-18T17:48:08+08:00 ] 58.212.2.68 /mobile/app/b2b/index.php/Home/index/newssaveapi
INFO: [ app_init ] --START--
INFO: Run Behavior\BuildLiteBehavior [ RunTime:0.000000s ]
INFO: [ app_init ] --END-- [ RunTime:0.000976s ]
INFO: [ app_begin ] --START--
INFO: Run Behavior\ReadHtmlCacheBehavior [ RunTime:0.009765s ]
INFO: [ app_begin ] --END-- [ RunTime:0.009765s ]
SQL: SHOW COLUMNS FROM `shopnc_ecs_post` [ RunTime:0.0029s ]
SQL: SELECT * FROM `shopnc_ecs_post` WHERE ( id='1' ) LIMIT 1   [ RunTime:0.0000s ]
NOTIC: [8] Undefined index: title C:\xampp\htdocs\shopncb2b2c\mobile\app\b2b\Application\Home\Controller\IndexController.class.php 第 876 行.
NOTIC: [8] Undefined index: content C:\xampp\htdocs\shopncb2b2c\mobile\app\b2b\Application\Home\Controller\IndexController.class.php 第 878 行.
NOTIC: [8] Undefined index: userid C:\xampp\htdocs\shopncb2b2c\mobile\app\b2b\Application\Home\Controller\IndexController.class.php 第 882 行.
NOTIC: [8] Undefined index: id C:\xampp\htdocs\shopncb2b2c\mobile\app\b2b\Application\Home\Controller\IndexController.class.php 第 884 行.
NOTIC: [8] Undefined index: userid C:\xampp\htdocs\shopncb2b2c\mobile\app\b2b\Application\Home\Controller\IndexController.class.php 第 886 行.
SQL: SHOW COLUMNS FROM `shopnc_ecs_post_news` [ RunTime:0.0020s ]
SQL: INSERT INTO `shopnc_ecs_post_news` (`addtime`) VALUES ('2015-10-18 17:48:08') [ RunTime:0.1387s ]
INFO: [ app_end ] --START--
INFO: Run Behavior\ShowPageTraceBehavior [ RunTime:0.009765s ]
INFO: [ app_end ] --END-- [ RunTime:0.009765s ]

[ 2015-10-18T17:48:15+08:00 ] 58.212.2.68 /mobile/app/b2b/index.php/Home/index/newapi
INFO: [ app_init ] --START--
INFO: Run Behavior\BuildLiteBehavior [ RunTime:0.000000s ]
INFO: [ app_init ] --END-- [ RunTime:0.000976s ]
INFO: [ app_begin ] --START--
INFO: Run Behavior\ReadHtmlCacheBehavior [ RunTime:0.000976s ]
INFO: [ app_begin ] --END-- [ RunTime:0.000976s ]
NOTIC: [8] Undefined index: username C:\xampp\htdocs\shopncb2b2c\mobile\app\b2b\Application\Home\Controller\IndexController.class.php 第 800 行.
NOTIC: [8] Undefined index: key C:\xampp\htdocs\shopncb2b2c\mobile\app\b2b\Application\Home\Controller\IndexController.class.php 第 800 行.
SQL: SHOW COLUMNS FROM `shopnc_mb_user_token` [ RunTime:0.0020s ]
SQL: SELECT * FROM `shopnc_mb_user_token` WHERE ( member_name='' and token='' ) LIMIT 1   [ RunTime:0.0010s ]
SQL: select cid,pid,sum(isRead) as readed,count(*) as total from shopnc_ecs_post_news where uid ='0' or cid='0' group by pid [ RunTime:0.0010s ]
SQL: SHOW COLUMNS FROM `shopnc_ecs_post` [ RunTime:0.0020s ]
SQL: SELECT * FROM `shopnc_ecs_post` WHERE ( id='0' ) LIMIT 1   [ RunTime:0.0000s ]
INFO: [ app_end ] --START--
INFO: Run Behavior\ShowPageTraceBehavior [ RunTime:0.000977s ]
INFO: [ app_end ] --END-- [ RunTime:0.000977s ]

[ 2015-10-18T17:49:04+08:00 ] 121.229.108.28 /mobile/app/b2b/index.php/Home/index/post_save
INFO: [ app_init ] --START--
INFO: Run Behavior\BuildLiteBehavior [ RunTime:0.000000s ]
INFO: [ app_init ] --END-- [ RunTime:0.000976s ]
INFO: [ app_begin ] --START--
INFO: Run Behavior\ReadHtmlCacheBehavior [ RunTime:0.000977s ]
INFO: [ app_begin ] --END-- [ RunTime:0.000977s ]
SQL: SHOW COLUMNS FROM `shopnc_ecs_post` [ RunTime:0.0020s ]
SQL: SHOW COLUMNS FROM `shopnc_ecs_post_content` [ RunTime:0.0029s ]
NOTIC: [8] Undefined index: img1 C:\xampp\htdocs\shopncb2b2c\mobile\app\b2b\Application\Home\Controller\IndexController.class.php 第 210 行.
NOTIC: [8] Undefined index: img2 C:\xampp\htdocs\shopncb2b2c\mobile\app\b2b\Application\Home\Controller\IndexController.class.php 第 235 行.
NOTIC: [8] Undefined index: img3 C:\xampp\htdocs\shopncb2b2c\mobile\app\b2b\Application\Home\Controller\IndexController.class.php 第 259 行.
NOTIC: [8] Undefined index: username C:\xampp\htdocs\shopncb2b2c\mobile\app\b2b\Application\Home\Controller\IndexController.class.php 第 286 行.
NOTIC: [8] Undefined index: key C:\xampp\htdocs\shopncb2b2c\mobile\app\b2b\Application\Home\Controller\IndexController.class.php 第 286 行.
SQL: SHOW COLUMNS FROM `shopnc_mb_user_token` [ RunTime:0.0020s ]
SQL: SELECT * FROM `shopnc_mb_user_token` WHERE ( member_name='' and token='' ) LIMIT 1   [ RunTime:0.0010s ]
NOTIC: [8] Undefined variable: pic C:\xampp\htdocs\shopncb2b2c\mobile\app\b2b\Application\Home\Controller\IndexController.class.php 第 288 行.
NOTIC: [8] Undefined index: contact C:\xampp\htdocs\shopncb2b2c\mobile\app\b2b\Application\Home\Controller\IndexController.class.php 第 290 行.
SQL: INSERT INTO `shopnc_ecs_post` (`user_id`,`addtime`) VALUES ('0','2015-10-18 17:49') [ RunTime:0.0332s ]
NOTIC: [8] Undefined index: content C:\xampp\htdocs\shopncb2b2c\mobile\app\b2b\Application\Home\Controller\IndexController.class.php 第 293 行.
SQL: INSERT INTO `shopnc_ecs_post_content` (`pid`,`depic`) VALUES ('45','') [ RunTime:0.0166s ]
INFO: [ view_parse ] --START--
INFO: [ template_filter ] --START--
INFO: Run Behavior\ContentReplaceBehavior [ RunTime:0.000000s ]
INFO: [ template_filter ] --END-- [ RunTime:0.000000s ]
INFO: Run Behavior\ParseTemplateBehavior [ RunTime:0.119145s ]
INFO: [ view_parse ] --END-- [ RunTime:0.119145s ]
INFO: [ view_filter ] --START--
INFO: Run Behavior\WriteHtmlCacheBehavior [ RunTime:0.018556s ]
INFO: [ view_filter ] --END-- [ RunTime:0.018556s ]
INFO: [ app_end ] --START--
INFO: Run Behavior\ShowPageTraceBehavior [ RunTime:0.000000s ]
INFO: [ app_end ] --END-- [ RunTime:0.000000s ]

[ 2015-10-18T17:49:09+08:00 ] 121.229.108.28 /mobile/app/b2b/index.php/Home/index/newslistapi
INFO: [ app_init ] --START--
INFO: Run Behavior\BuildLiteBehavior [ RunTime:0.000000s ]
INFO: [ app_init ] --END-- [ RunTime:0.000977s ]
INFO: [ app_begin ] --START--
INFO: Run Behavior\ReadHtmlCacheBehavior [ RunTime:0.000977s ]
INFO: [ app_begin ] --END-- [ RunTime:0.000977s ]
NOTIC: [8] Undefined index: username C:\xampp\htdocs\shopncb2b2c\mobile\app\b2b\Application\Home\Controller\IndexController.class.php 第 849 行.
NOTIC: [8] Undefined index: key C:\xampp\htdocs\shopncb2b2c\mobile\app\b2b\Application\Home\Controller\IndexController.class.php 第 849 行.
SQL: SHOW COLUMNS FROM `shopnc_mb_user_token` [ RunTime:0.0020s ]
SQL: SELECT * FROM `shopnc_mb_user_token` WHERE ( member_name='' and token='' ) LIMIT 1   [ RunTime:0.0010s ]
SQL: SHOW COLUMNS FROM `shopnc_ecs_post_news` [ RunTime:0.0020s ]
SQL: SELECT * FROM `shopnc_ecs_post_news` WHERE ( pid='1' and (cid='1' or cid='0')  ) ORDER BY id asc LIMIT 10   [ RunTime:0.0000s ]
INFO: [ app_end ] --START--
INFO: Run Behavior\ShowPageTraceBehavior [ RunTime:0.000000s ]
INFO: [ app_end ] --END-- [ RunTime:0.000977s ]

[ 2015-10-18T17:49:14+08:00 ] 121.229.108.28 /mobile/app/b2b/index.php/Home/index/deleteapi
INFO: [ app_init ] --START--
INFO: Run Behavior\BuildLiteBehavior [ RunTime:0.000000s ]
INFO: [ app_init ] --END-- [ RunTime:0.000000s ]
INFO: [ app_begin ] --START--
INFO: Run Behavior\ReadHtmlCacheBehavior [ RunTime:0.000000s ]
INFO: [ app_begin ] --END-- [ RunTime:0.000000s ]
SQL: SHOW COLUMNS FROM `shopnc_ecs_post` [ RunTime:0.0020s ]
SQL: SHOW COLUMNS FROM `shopnc_ecs_post_content` [ RunTime:0.0020s ]
SQL: DELETE FROM `shopnc_ecs_post` WHERE ( id='1' ) [ RunTime:0.0010s ]
INFO: [ app_end ] --START--
INFO: Run Behavior\ShowPageTraceBehavior [ RunTime:0.000000s ]
INFO: [ app_end ] --END-- [ RunTime:0.000000s ]

[ 2015-10-18T17:49:18+08:00 ] 110.86.68.181 /mobile/app/b2b/index.php/Home/index/homeapi
INFO: [ app_init ] --START--
INFO: Run Behavior\BuildLiteBehavior [ RunTime:0.000000s ]
INFO: [ app_init ] --END-- [ RunTime:0.000000s ]
INFO: [ app_begin ] --START--
INFO: Run Behavior\ReadHtmlCacheBehavior [ RunTime:0.000000s ]
INFO: [ app_begin ] --END-- [ RunTime:0.000976s ]
SQL: SHOW COLUMNS FROM `shopnc_ecs_post` [ RunTime:0.0020s ]
SQL: SELECT COUNT(*) AS tp_count FROM `shopnc_ecs_post` WHERE ( saleway='2' ) LIMIT 1   [ RunTime:0.0000s ]
SQL: select p.* ,d.depic,d.content from shopnc_ecs_post as p left join shopnc_ecs_post_content as d on p.id=d.pid where saleway='2' order by id asc   limit 0,10 [ RunTime:0.0020s ]
INFO: [ app_end ] --START--
INFO: Run Behavior\ShowPageTraceBehavior [ RunTime:0.000000s ]
INFO: [ app_end ] --END-- [ RunTime:0.000000s ]

[ 2015-10-18T17:49:19+08:00 ] 110.86.68.181 /mobile/app/b2b/index.php/Home/index/homeapi
INFO: [ app_init ] --START--
INFO: Run Behavior\BuildLiteBehavior [ RunTime:0.000000s ]
INFO: [ app_init ] --END-- [ RunTime:0.000000s ]
INFO: [ app_begin ] --START--
INFO: Run Behavior\ReadHtmlCacheBehavior [ RunTime:0.000976s ]
INFO: [ app_begin ] --END-- [ RunTime:0.000976s ]
SQL: SHOW COLUMNS FROM `shopnc_ecs_post` [ RunTime:0.0029s ]
SQL: SELECT COUNT(*) AS tp_count FROM `shopnc_ecs_post` WHERE ( saleway='1' ) LIMIT 1   [ RunTime:0.0000s ]
SQL: select p.* ,d.depic,d.content from shopnc_ecs_post as p left join shopnc_ecs_post_content as d on p.id=d.pid where saleway='1' order by id asc   limit 0,10 [ RunTime:0.0020s ]
INFO: [ app_end ] --START--
INFO: Run Behavior\ShowPageTraceBehavior [ RunTime:0.000976s ]
INFO: [ app_end ] --END-- [ RunTime:0.000976s ]

[ 2015-10-18T17:49:21+08:00 ] 110.86.68.181 /mobile/app/b2b/index.php/Home/index/myListapi
INFO: [ app_init ] --START--
INFO: Run Behavior\BuildLiteBehavior [ RunTime:0.000000s ]
INFO: [ app_init ] --END-- [ RunTime:0.000000s ]
INFO: [ app_begin ] --START--
INFO: Run Behavior\ReadHtmlCacheBehavior [ RunTime:0.000000s ]
INFO: [ app_begin ] --END-- [ RunTime:0.000000s ]
SQL: SHOW COLUMNS FROM `shopnc_mb_user_token` [ RunTime:0.0020s ]
SQL: SELECT * FROM `shopnc_mb_user_token` WHERE ( member_name='13466700831' and token='6cec846d51c0358eb249a94c3f4b1feb' ) LIMIT 1   [ RunTime:0.0010s ]
SQL: select p.*,d.depic,d.content from shopnc_ecs_post as p left join shopnc_ecs_post_content as d on p.id=d.pid where user_id='179' [ RunTime:0.0000s ]
NOTIC: [8] Undefined variable: content C:\xampp\htdocs\shopncb2b2c\mobile\app\b2b\Application\Home\Controller\IndexController.class.php 第 774 行.
INFO: [ app_end ] --START--
INFO: Run Behavior\ShowPageTraceBehavior [ RunTime:0.000977s ]
INFO: [ app_end ] --END-- [ RunTime:0.000977s ]

[ 2015-10-18T17:49:23+08:00 ] 110.86.68.181 /mobile/app/b2b/index.php/Home/index/homeapi
INFO: [ app_init ] --START--
INFO: Run Behavior\BuildLiteBehavior [ RunTime:0.000000s ]
INFO: [ app_init ] --END-- [ RunTime:0.000000s ]
INFO: [ app_begin ] --START--
INFO: Run Behavior\ReadHtmlCacheBehavior [ RunTime:0.000977s ]
INFO: [ app_begin ] --END-- [ RunTime:0.000977s ]
SQL: SHOW COLUMNS FROM `shopnc_ecs_post` [ RunTime:0.0029s ]
SQL: SELECT COUNT(*) AS tp_count FROM `shopnc_ecs_post` WHERE ( saleway='2' ) LIMIT 1   [ RunTime:0.0000s ]
SQL: select p.* ,d.depic,d.content from shopnc_ecs_post as p left join shopnc_ecs_post_content as d on p.id=d.pid where saleway='2' order by id asc   limit 0,10 [ RunTime:0.0029s ]
INFO: [ app_end ] --START--
INFO: Run Behavior\ShowPageTraceBehavior [ RunTime:0.000976s ]
INFO: [ app_end ] --END-- [ RunTime:0.000976s ]

[ 2015-10-18T17:49:25+08:00 ] 110.86.68.181 /mobile/app/b2b/index.php/Home/index/homeapi
INFO: [ app_init ] --START--
INFO: Run Behavior\BuildLiteBehavior [ RunTime:0.000000s ]
INFO: [ app_init ] --END-- [ RunTime:0.000000s ]
INFO: [ app_begin ] --START--
INFO: Run Behavior\ReadHtmlCacheBehavior [ RunTime:0.000976s ]
INFO: [ app_begin ] --END-- [ RunTime:0.000976s ]
SQL: SHOW COLUMNS FROM `shopnc_ecs_post` [ RunTime:0.0020s ]
SQL: SELECT COUNT(*) AS tp_count FROM `shopnc_ecs_post` WHERE ( saleway='2' ) LIMIT 1   [ RunTime:0.0000s ]
SQL: select p.* ,d.depic,d.content from shopnc_ecs_post as p left join shopnc_ecs_post_content as d on p.id=d.pid where saleway='2' order by id asc   limit 0,10 [ RunTime:0.0029s ]
INFO: [ app_end ] --START--
INFO: Run Behavior\ShowPageTraceBehavior [ RunTime:0.000000s ]
INFO: [ app_end ] --END-- [ RunTime:0.000977s ]

[ 2015-10-18T17:49:25+08:00 ] 110.86.68.181 /mobile/app/b2b/index.php/Home/index/homeapi
INFO: [ app_init ] --START--
INFO: Run Behavior\BuildLiteBehavior [ RunTime:0.000000s ]
INFO: [ app_init ] --END-- [ RunTime:0.000000s ]
INFO: [ app_begin ] --START--
INFO: Run Behavior\ReadHtmlCacheBehavior [ RunTime:0.000000s ]
INFO: [ app_begin ] --END-- [ RunTime:0.000000s ]
SQL: SHOW COLUMNS FROM `shopnc_ecs_post` [ RunTime:0.0020s ]
SQL: SELECT COUNT(*) AS tp_count FROM `shopnc_ecs_post` WHERE ( saleway='1' ) LIMIT 1   [ RunTime:0.0010s ]
SQL: select p.* ,d.depic,d.content from shopnc_ecs_post as p left join shopnc_ecs_post_content as d on p.id=d.pid where saleway='1' order by id asc   limit 0,10 [ RunTime:0.0020s ]
INFO: [ app_end ] --START--
INFO: Run Behavior\ShowPageTraceBehavior [ RunTime:0.000976s ]
INFO: [ app_end ] --END-- [ RunTime:0.000976s ]

[ 2015-10-18T18:28:21+08:00 ] 110.86.68.181 /mobile/app/b2b/index.php/Home/index/sale
INFO: [ app_init ] --START--
INFO: Run Behavior\BuildLiteBehavior [ RunTime:0.000000s ]
INFO: [ app_init ] --END-- [ RunTime:0.000000s ]
INFO: [ app_begin ] --START--
INFO: Run Behavior\ReadHtmlCacheBehavior [ RunTime:0.000977s ]
INFO: [ app_begin ] --END-- [ RunTime:0.000977s ]
SQL: SHOW COLUMNS FROM `shopnc_ecs_post` [ RunTime:0.0020s ]
SQL: SELECT COUNT(*) AS tp_count FROM `shopnc_ecs_post` WHERE ( saleway='1' and recommend !='-1' ) LIMIT 1   [ RunTime:0.0156s ]
SQL: select p.* ,d.content from shopnc_ecs_post as p left join shopnc_ecs_post_content as d on p.id=d.pid where p.saleway='1' and p.recommend != '-1' order by p.recommend desc limit 0 , 10 [ RunTime:0.0176s ]
INFO: [ view_parse ] --START--
INFO: [ template_filter ] --START--
INFO: Run Behavior\ContentReplaceBehavior [ RunTime:0.000000s ]
INFO: [ template_filter ] --END-- [ RunTime:0.000000s ]
INFO: Run Behavior\ParseTemplateBehavior [ RunTime:0.023439s ]
INFO: [ view_parse ] --END-- [ RunTime:0.023439s ]
INFO: [ view_filter ] --START--
INFO: Run Behavior\WriteHtmlCacheBehavior [ RunTime:0.000976s ]
INFO: [ view_filter ] --END-- [ RunTime:0.000976s ]
INFO: [ app_end ] --START--
INFO: Run Behavior\ShowPageTraceBehavior [ RunTime:0.000977s ]
INFO: [ app_end ] --END-- [ RunTime:0.000977s ]

[ 2015-10-18T18:28:26+08:00 ] 110.86.68.181 /mobile/app/b2b/index.php/Home/Index/buy
INFO: [ app_init ] --START--
INFO: Run Behavior\BuildLiteBehavior [ RunTime:0.000000s ]
INFO: [ app_init ] --END-- [ RunTime:0.000000s ]
INFO: [ app_begin ] --START--
INFO: Run Behavior\ReadHtmlCacheBehavior [ RunTime:0.000977s ]
INFO: [ app_begin ] --END-- [ RunTime:0.000977s ]
SQL: SHOW COLUMNS FROM `shopnc_ecs_post` [ RunTime:0.0029s ]
SQL: SELECT COUNT(*) AS tp_count FROM `shopnc_ecs_post` WHERE ( saleway='2' and recommend !='-1' ) LIMIT 1   [ RunTime:0.0000s ]
SQL: select p.* ,d.content from shopnc_ecs_post as p left join shopnc_ecs_post_content as d on p.id=d.pid where p.saleway='2' and p.recommend != '-1' order by p.recommend desc limit 0 , 10 [ RunTime:0.0020s ]
NOTIC: [8] Undefined variable: show C:\xampp\htdocs\shopncb2b2c\mobile\app\b2b\Application\Home\Controller\IndexController.class.php 第 186 行.
INFO: [ view_parse ] --START--
INFO: [ template_filter ] --START--
INFO: Run Behavior\ContentReplaceBehavior [ RunTime:0.000000s ]
INFO: [ template_filter ] --END-- [ RunTime:0.000977s ]
INFO: Run Behavior\ParseTemplateBehavior [ RunTime:0.020508s ]
INFO: [ view_parse ] --END-- [ RunTime:0.020508s ]
INFO: [ view_filter ] --START--
INFO: Run Behavior\WriteHtmlCacheBehavior [ RunTime:0.000000s ]
INFO: [ view_filter ] --END-- [ RunTime:0.000000s ]
INFO: [ app_end ] --START--
INFO: Run Behavior\ShowPageTraceBehavior [ RunTime:0.000000s ]
INFO: [ app_end ] --END-- [ RunTime:0.000000s ]

[ 2015-10-18T18:28:27+08:00 ] 110.86.68.181 /mobile/app/b2b/index.php/Home/Index/fabu
INFO: [ app_init ] --START--
INFO: Run Behavior\BuildLiteBehavior [ RunTime:0.000000s ]
INFO: [ app_init ] --END-- [ RunTime:0.000000s ]
INFO: [ app_begin ] --START--
INFO: Run Behavior\ReadHtmlCacheBehavior [ RunTime:0.000000s ]
INFO: [ app_begin ] --END-- [ RunTime:0.000000s ]
INFO: [ view_parse ] --START--
INFO: [ template_filter ] --START--
INFO: Run Behavior\ContentReplaceBehavior [ RunTime:0.000000s ]
INFO: [ template_filter ] --END-- [ RunTime:0.000000s ]
INFO: Run Behavior\ParseTemplateBehavior [ RunTime:0.020508s ]
INFO: [ view_parse ] --END-- [ RunTime:0.020508s ]
INFO: [ view_filter ] --START--
INFO: Run Behavior\WriteHtmlCacheBehavior [ RunTime:0.000000s ]
INFO: [ view_filter ] --END-- [ RunTime:0.000000s ]
INFO: [ app_end ] --START--
INFO: Run Behavior\ShowPageTraceBehavior [ RunTime:0.000977s ]
INFO: [ app_end ] --END-- [ RunTime:0.000977s ]

[ 2015-10-18T18:28:29+08:00 ] 110.86.68.181 /mobile/app/b2b/index.php/Home/Index/buy
INFO: [ app_init ] --START--
INFO: Run Behavior\BuildLiteBehavior [ RunTime:0.000000s ]
INFO: [ app_init ] --END-- [ RunTime:0.000976s ]
INFO: [ app_begin ] --START--
INFO: Run Behavior\ReadHtmlCacheBehavior [ RunTime:0.000977s ]
INFO: [ app_begin ] --END-- [ RunTime:0.000977s ]
SQL: SHOW COLUMNS FROM `shopnc_ecs_post` [ RunTime:0.0020s ]
SQL: SELECT COUNT(*) AS tp_count FROM `shopnc_ecs_post` WHERE ( saleway='2' and recommend !='-1' ) LIMIT 1   [ RunTime:0.0010s ]
SQL: select p.* ,d.content from shopnc_ecs_post as p left join shopnc_ecs_post_content as d on p.id=d.pid where p.saleway='2' and p.recommend != '-1' order by p.recommend desc limit 0 , 10 [ RunTime:0.0010s ]
NOTIC: [8] Undefined variable: show C:\xampp\htdocs\shopncb2b2c\mobile\app\b2b\Application\Home\Controller\IndexController.class.php 第 186 行.
INFO: [ view_parse ] --START--
INFO: [ template_filter ] --START--
INFO: Run Behavior\ContentReplaceBehavior [ RunTime:0.000000s ]
INFO: [ template_filter ] --END-- [ RunTime:0.000976s ]
INFO: Run Behavior\ParseTemplateBehavior [ RunTime:0.007813s ]
INFO: [ view_parse ] --END-- [ RunTime:0.007813s ]
INFO: [ view_filter ] --START--
INFO: Run Behavior\WriteHtmlCacheBehavior [ RunTime:0.000000s ]
INFO: [ view_filter ] --END-- [ RunTime:0.000000s ]
INFO: [ app_end ] --START--
INFO: Run Behavior\ShowPageTraceBehavior [ RunTime:0.000977s ]
INFO: [ app_end ] --END-- [ RunTime:0.000977s ]

[ 2015-10-18T18:28:30+08:00 ] 110.86.68.181 /mobile/app/b2b/index.php/Home/Index/sale
INFO: [ app_init ] --START--
INFO: Run Behavior\BuildLiteBehavior [ RunTime:0.000000s ]
INFO: [ app_init ] --END-- [ RunTime:0.000000s ]
INFO: [ app_begin ] --START--
INFO: Run Behavior\ReadHtmlCacheBehavior [ RunTime:0.000977s ]
INFO: [ app_begin ] --END-- [ RunTime:0.000977s ]
SQL: SHOW COLUMNS FROM `shopnc_ecs_post` [ RunTime:0.0029s ]
SQL: SELECT COUNT(*) AS tp_count FROM `shopnc_ecs_post` WHERE ( saleway='1' and recommend !='-1' ) LIMIT 1   [ RunTime:0.0010s ]
SQL: select p.* ,d.content from shopnc_ecs_post as p left join shopnc_ecs_post_content as d on p.id=d.pid where p.saleway='1' and p.recommend != '-1' order by p.recommend desc limit 0 , 10 [ RunTime:0.0020s ]
INFO: [ view_parse ] --START--
INFO: [ template_filter ] --START--
INFO: Run Behavior\ContentReplaceBehavior [ RunTime:0.000000s ]
INFO: [ template_filter ] --END-- [ RunTime:0.000000s ]
INFO: Run Behavior\ParseTemplateBehavior [ RunTime:0.007812s ]
INFO: [ view_parse ] --END-- [ RunTime:0.007812s ]
INFO: [ view_filter ] --START--
INFO: Run Behavior\WriteHtmlCacheBehavior [ RunTime:0.000000s ]
INFO: [ view_filter ] --END-- [ RunTime:0.000000s ]
INFO: [ app_end ] --START--
INFO: Run Behavior\ShowPageTraceBehavior [ RunTime:0.000977s ]
INFO: [ app_end ] --END-- [ RunTime:0.000977s ]

