[ 2015-12-12T00:57:05+08:00 ] 203.208.60.242 /mobile/app/b2b/index.php/News/Index/detail/aid/2159
INFO: [ app_init ] --START--
INFO: Run Behavior\BuildLiteBehavior [ RunTime:0.000012s ]
INFO: [ app_init ] --END-- [ RunTime:0.000079s ]
INFO: [ app_begin ] --START--
INFO: Run Behavior\ReadHtmlCacheBehavior [ RunTime:0.000050s ]
INFO: [ app_begin ] --END-- [ RunTime:0.000085s ]
NOTIC: [8] A session had already been started - ignoring session_start() /home/wwwroot/default/shopnc/mobile/app/b2b/ThinkPHP/Common/functions.php 第 1261 行.
SQL: SHOW COLUMNS FROM `hill_img` [ RunTime:0.0010s ]
SQL: SELECT `cyte`,`body`,`zuobiao`,`pics`,`mobile_img` FROM `hill_img` WHERE ( aid='2159' ) LIMIT 1   [ RunTime:0.0002s ]
SQL: SHOW COLUMNS FROM `archives` [ RunTime:0.0007s ]
ERR: SQLSTATE[42S02]: Base table or view not found: 1146 Table 'shopncb2b2c.addonarticle' doesn't exist

[ 2015-12-12T01:17:59+08:00 ] 110.53.205.133 /mobile/app/b2b/index.php/News/Index/Home
INFO: [ app_init ] --START--
INFO: Run Behavior\BuildLiteBehavior [ RunTime:0.000013s ]
INFO: [ app_init ] --END-- [ RunTime:0.000111s ]
INFO: [ app_begin ] --START--
INFO: Run Behavior\ReadHtmlCacheBehavior [ RunTime:0.000037s ]
INFO: [ app_begin ] --END-- [ RunTime:0.000072s ]
NOTIC: [8] A session had already been started - ignoring session_start() /home/wwwroot/default/shopnc/mobile/app/b2b/ThinkPHP/Common/functions.php 第 1261 行.
INFO: [ view_parse ] --START--
INFO: [ template_filter ] --START--
INFO: Run Behavior\ContentReplaceBehavior [ RunTime:0.000076s ]
INFO: [ template_filter ] --END-- [ RunTime:0.000131s ]
INFO: Run Behavior\ParseTemplateBehavior [ RunTime:0.009598s ]
INFO: [ view_parse ] --END-- [ RunTime:0.009639s ]
INFO: [ view_filter ] --START--
INFO: Run Behavior\WriteHtmlCacheBehavior [ RunTime:0.000052s ]
INFO: [ view_filter ] --END-- [ RunTime:0.000081s ]
INFO: [ app_end ] --START--
INFO: Run Behavior\ShowPageTraceBehavior [ RunTime:0.000042s ]
INFO: [ app_end ] --END-- [ RunTime:0.000081s ]

[ 2015-12-12T01:18:19+08:00 ] 110.53.205.133 /mobile/app/b2b/index.php/News/Index/detail/aid/2909
INFO: [ app_init ] --START--
INFO: Run Behavior\BuildLiteBehavior [ RunTime:0.000013s ]
INFO: [ app_init ] --END-- [ RunTime:0.000084s ]
INFO: [ app_begin ] --START--
INFO: Run Behavior\ReadHtmlCacheBehavior [ RunTime:0.000032s ]
INFO: [ app_begin ] --END-- [ RunTime:0.000067s ]
NOTIC: [8] A session had already been started - ignoring session_start() /home/wwwroot/default/shopnc/mobile/app/b2b/ThinkPHP/Common/functions.php 第 1261 行.
SQL: SHOW COLUMNS FROM `hill_img` [ RunTime:0.0010s ]
SQL: SELECT `cyte`,`body`,`zuobiao`,`pics`,`mobile_img` FROM `hill_img` WHERE ( aid='2909' ) LIMIT 1   [ RunTime:0.0003s ]
SQL: SHOW COLUMNS FROM `archives` [ RunTime:0.0006s ]
SQL: SELECT `title` FROM `archives` WHERE ( id=2909 ) LIMIT 1   [ RunTime:0.0002s ]
SQL: select id,title from archives where title like '%老班章%' limit 0,10 [ RunTime:0.0027s ]
INFO: [ view_parse ] --START--
INFO: [ template_filter ] --START--
INFO: Run Behavior\ContentReplaceBehavior [ RunTime:0.000056s ]
INFO: [ template_filter ] --END-- [ RunTime:0.000094s ]
INFO: Run Behavior\ParseTemplateBehavior [ RunTime:0.002705s ]
INFO: [ view_parse ] --END-- [ RunTime:0.002743s ]
INFO: [ view_filter ] --START--
INFO: Run Behavior\WriteHtmlCacheBehavior [ RunTime:0.000033s ]
INFO: [ view_filter ] --END-- [ RunTime:0.000079s ]
INFO: [ app_end ] --START--
INFO: Run Behavior\ShowPageTraceBehavior [ RunTime:0.000032s ]
INFO: [ app_end ] --END-- [ RunTime:0.000062s ]

[ 2015-12-12T01:18:19+08:00 ] 110.53.205.133 /mobile/app/b2b/index.php/News/Index/map
INFO: [ app_init ] --START--
INFO: Run Behavior\BuildLiteBehavior [ RunTime:0.000012s ]
INFO: [ app_init ] --END-- [ RunTime:0.000084s ]
INFO: [ app_begin ] --START--
INFO: Run Behavior\ReadHtmlCacheBehavior [ RunTime:0.000034s ]
INFO: [ app_begin ] --END-- [ RunTime:0.000070s ]
NOTIC: [8] A session had already been started - ignoring session_start() /home/wwwroot/default/shopnc/mobile/app/b2b/ThinkPHP/Common/functions.php 第 1261 行.
INFO: [ view_parse ] --START--
INFO: [ template_filter ] --START--
INFO: Run Behavior\ContentReplaceBehavior [ RunTime:0.000029s ]
INFO: [ template_filter ] --END-- [ RunTime:0.000063s ]
INFO: Run Behavior\ParseTemplateBehavior [ RunTime:0.001210s ]
INFO: [ view_parse ] --END-- [ RunTime:0.001265s ]
INFO: [ view_filter ] --START--
INFO: Run Behavior\WriteHtmlCacheBehavior [ RunTime:0.000032s ]
INFO: [ view_filter ] --END-- [ RunTime:0.000058s ]
INFO: [ app_end ] --START--
INFO: Run Behavior\ShowPageTraceBehavior [ RunTime:0.000029s ]
INFO: [ app_end ] --END-- [ RunTime:0.000058s ]

[ 2015-12-12T01:19:52+08:00 ] 46.165.197.142 /mobile/app/b2b/index.php/News/Index/Home
INFO: [ app_init ] --START--
INFO: Run Behavior\BuildLiteBehavior [ RunTime:0.000012s ]
INFO: [ app_init ] --END-- [ RunTime:0.000078s ]
INFO: [ app_begin ] --START--
INFO: Run Behavior\ReadHtmlCacheBehavior [ RunTime:0.000036s ]
INFO: [ app_begin ] --END-- [ RunTime:0.000071s ]
NOTIC: [8] A session had already been started - ignoring session_start() /home/wwwroot/default/shopnc/mobile/app/b2b/ThinkPHP/Common/functions.php 第 1261 行.
INFO: [ view_parse ] --START--
INFO: [ template_filter ] --START--
INFO: Run Behavior\ContentReplaceBehavior [ RunTime:0.000068s ]
INFO: [ template_filter ] --END-- [ RunTime:0.000107s ]
INFO: Run Behavior\ParseTemplateBehavior [ RunTime:0.006101s ]
INFO: [ view_parse ] --END-- [ RunTime:0.006138s ]
INFO: [ view_filter ] --START--
INFO: Run Behavior\WriteHtmlCacheBehavior [ RunTime:0.000032s ]
INFO: [ view_filter ] --END-- [ RunTime:0.000059s ]
INFO: [ app_end ] --START--
INFO: Run Behavior\ShowPageTraceBehavior [ RunTime:0.000034s ]
INFO: [ app_end ] --END-- [ RunTime:0.000070s ]

[ 2015-12-12T04:37:06+08:00 ] 51.255.162.165 /mobile/app/b2b/index.php/News/Index/detail/aid/2619
INFO: [ app_init ] --START--
INFO: Run Behavior\BuildLiteBehavior [ RunTime:0.000013s ]
INFO: [ app_init ] --END-- [ RunTime:0.000087s ]
INFO: [ app_begin ] --START--
INFO: Run Behavior\ReadHtmlCacheBehavior [ RunTime:0.000039s ]
INFO: [ app_begin ] --END-- [ RunTime:0.000074s ]
NOTIC: [8] A session had already been started - ignoring session_start() /home/wwwroot/default/shopnc/mobile/app/b2b/ThinkPHP/Common/functions.php 第 1261 行.
SQL: SHOW COLUMNS FROM `hill_img` [ RunTime:0.0009s ]
SQL: SELECT `cyte`,`body`,`zuobiao`,`pics`,`mobile_img` FROM `hill_img` WHERE ( aid='2619' ) LIMIT 1   [ RunTime:0.0002s ]
SQL: SHOW COLUMNS FROM `archives` [ RunTime:0.0006s ]
ERR: SQLSTATE[42S02]: Base table or view not found: 1146 Table 'shopncb2b2c.addonarticle' doesn't exist

[ 2015-12-12T08:17:30+08:00 ] 203.208.60.239 /mobile/app/b2b/index.php/News/Index/detail/aid/5732
INFO: [ app_init ] --START--
INFO: Run Behavior\BuildLiteBehavior [ RunTime:0.000012s ]
INFO: [ app_init ] --END-- [ RunTime:0.000085s ]
INFO: [ app_begin ] --START--
INFO: Run Behavior\ReadHtmlCacheBehavior [ RunTime:0.000036s ]
INFO: [ app_begin ] --END-- [ RunTime:0.000072s ]
NOTIC: [8] A session had already been started - ignoring session_start() /home/wwwroot/default/shopnc/mobile/app/b2b/ThinkPHP/Common/functions.php 第 1261 行.
SQL: SHOW COLUMNS FROM `hill_img` [ RunTime:0.0009s ]
SQL: SELECT `cyte`,`body`,`zuobiao`,`pics`,`mobile_img` FROM `hill_img` WHERE ( aid='5732' ) LIMIT 1   [ RunTime:0.0002s ]
SQL: SHOW COLUMNS FROM `archives` [ RunTime:0.0006s ]
ERR: SQLSTATE[42S02]: Base table or view not found: 1146 Table 'shopncb2b2c.addonarticle' doesn't exist

[ 2015-12-12T08:59:22+08:00 ] 101.226.166.252 /mobile/app/b2b/index.php/News/Index/detail/aid/6241
INFO: [ app_init ] --START--
INFO: Run Behavior\BuildLiteBehavior [ RunTime:0.000014s ]
INFO: [ app_init ] --END-- [ RunTime:0.000086s ]
INFO: [ app_begin ] --START--
INFO: Run Behavior\ReadHtmlCacheBehavior [ RunTime:0.000038s ]
INFO: [ app_begin ] --END-- [ RunTime:0.000072s ]
NOTIC: [8] A session had already been started - ignoring session_start() /home/wwwroot/default/shopnc/mobile/app/b2b/ThinkPHP/Common/functions.php 第 1261 行.
SQL: SHOW COLUMNS FROM `hill_img` [ RunTime:0.0009s ]
SQL: SELECT `cyte`,`body`,`zuobiao`,`pics`,`mobile_img` FROM `hill_img` WHERE ( aid='6241' ) LIMIT 1   [ RunTime:0.0003s ]
SQL: SHOW COLUMNS FROM `archives` [ RunTime:0.0006s ]
SQL: SELECT `title` FROM `archives` WHERE ( id=6241 ) LIMIT 1   [ RunTime:0.0002s ]
SQL: select id,title from archives where title like '%四川边茶%' limit 0,10 [ RunTime:0.0028s ]
INFO: [ view_parse ] --START--
INFO: [ template_filter ] --START--
INFO: Run Behavior\ContentReplaceBehavior [ RunTime:0.000069s ]
INFO: [ template_filter ] --END-- [ RunTime:0.000116s ]
INFO: Run Behavior\ParseTemplateBehavior [ RunTime:0.002772s ]
INFO: [ view_parse ] --END-- [ RunTime:0.002819s ]
INFO: [ view_filter ] --START--
INFO: Run Behavior\WriteHtmlCacheBehavior [ RunTime:0.000040s ]
INFO: [ view_filter ] --END-- [ RunTime:0.000067s ]
INFO: [ app_end ] --START--
INFO: Run Behavior\ShowPageTraceBehavior [ RunTime:0.000050s ]
INFO: [ app_end ] --END-- [ RunTime:0.000091s ]

[ 2015-12-12T09:38:21+08:00 ] 182.118.21.226 /mobile/app/b2b/index.php/News/Index/detail/aid/3029
INFO: [ app_init ] --START--
INFO: Run Behavior\BuildLiteBehavior [ RunTime:0.000013s ]
INFO: [ app_init ] --END-- [ RunTime:0.000090s ]
INFO: [ app_begin ] --START--
INFO: Run Behavior\ReadHtmlCacheBehavior [ RunTime:0.000041s ]
INFO: [ app_begin ] --END-- [ RunTime:0.000093s ]
NOTIC: [8] A session had already been started - ignoring session_start() /home/wwwroot/default/shopnc/mobile/app/b2b/ThinkPHP/Common/functions.php 第 1261 行.
SQL: SHOW COLUMNS FROM `hill_img` [ RunTime:0.0010s ]
SQL: SELECT `cyte`,`body`,`zuobiao`,`pics`,`mobile_img` FROM `hill_img` WHERE ( aid='3029' ) LIMIT 1   [ RunTime:0.0002s ]
SQL: SHOW COLUMNS FROM `archives` [ RunTime:0.0006s ]
SQL: SELECT `title` FROM `archives` WHERE ( id=3029 ) LIMIT 1   [ RunTime:0.0001s ]
SQL: select id,title from archives where title like '%%' limit 0,10 [ RunTime:0.0003s ]
INFO: [ view_parse ] --START--
INFO: [ template_filter ] --START--
INFO: Run Behavior\ContentReplaceBehavior [ RunTime:0.000083s ]
INFO: [ template_filter ] --END-- [ RunTime:0.000127s ]
INFO: Run Behavior\ParseTemplateBehavior [ RunTime:0.002993s ]
INFO: [ view_parse ] --END-- [ RunTime:0.003035s ]
INFO: [ view_filter ] --START--
INFO: Run Behavior\WriteHtmlCacheBehavior [ RunTime:0.000039s ]
INFO: [ view_filter ] --END-- [ RunTime:0.000077s ]
INFO: [ app_end ] --START--
INFO: Run Behavior\ShowPageTraceBehavior [ RunTime:0.000040s ]
INFO: [ app_end ] --END-- [ RunTime:0.000079s ]

[ 2015-12-12T09:49:29+08:00 ] 123.125.71.55 /mobile/app/b2b/index.php/News/Index/detail/aid/3023
INFO: [ app_init ] --START--
INFO: Run Behavior\BuildLiteBehavior [ RunTime:0.000012s ]
INFO: [ app_init ] --END-- [ RunTime:0.000087s ]
INFO: [ app_begin ] --START--
INFO: Run Behavior\ReadHtmlCacheBehavior [ RunTime:0.000039s ]
INFO: [ app_begin ] --END-- [ RunTime:0.000071s ]
NOTIC: [8] A session had already been started - ignoring session_start() /home/wwwroot/default/shopnc/mobile/app/b2b/ThinkPHP/Common/functions.php 第 1261 行.
SQL: SHOW COLUMNS FROM `hill_img` [ RunTime:0.0009s ]
SQL: SELECT `cyte`,`body`,`zuobiao`,`pics`,`mobile_img` FROM `hill_img` WHERE ( aid='3023' ) LIMIT 1   [ RunTime:0.0003s ]
SQL: SHOW COLUMNS FROM `archives` [ RunTime:0.0006s ]
SQL: SELECT `title` FROM `archives` WHERE ( id=3023 ) LIMIT 1   [ RunTime:0.0002s ]
SQL: select id,title from archives where title like '%小户寨%' limit 0,10 [ RunTime:0.0029s ]
INFO: [ view_parse ] --START--
INFO: [ template_filter ] --START--
INFO: Run Behavior\ContentReplaceBehavior [ RunTime:0.000064s ]
INFO: [ template_filter ] --END-- [ RunTime:0.000119s ]
INFO: Run Behavior\ParseTemplateBehavior [ RunTime:0.003046s ]
INFO: [ view_parse ] --END-- [ RunTime:0.003087s ]
INFO: [ view_filter ] --START--
INFO: Run Behavior\WriteHtmlCacheBehavior [ RunTime:0.000049s ]
INFO: [ view_filter ] --END-- [ RunTime:0.000078s ]
INFO: [ app_end ] --START--
INFO: Run Behavior\ShowPageTraceBehavior [ RunTime:0.000038s ]
INFO: [ app_end ] --END-- [ RunTime:0.000067s ]

[ 2015-12-12T10:44:13+08:00 ] 221.178.182.140 /mobile/app/b2b/index.php/News/Index/Home
INFO: [ app_init ] --START--
INFO: Run Behavior\BuildLiteBehavior [ RunTime:0.000013s ]
INFO: [ app_init ] --END-- [ RunTime:0.000091s ]
INFO: [ app_begin ] --START--
INFO: Run Behavior\ReadHtmlCacheBehavior [ RunTime:0.000037s ]
INFO: [ app_begin ] --END-- [ RunTime:0.000087s ]
NOTIC: [8] A session had already been started - ignoring session_start() /home/wwwroot/default/shopnc/mobile/app/b2b/ThinkPHP/Common/functions.php 第 1261 行.
INFO: [ view_parse ] --START--
INFO: [ template_filter ] --START--
INFO: Run Behavior\ContentReplaceBehavior [ RunTime:0.000075s ]
INFO: [ template_filter ] --END-- [ RunTime:0.000125s ]
INFO: Run Behavior\ParseTemplateBehavior [ RunTime:0.006450s ]
INFO: [ view_parse ] --END-- [ RunTime:0.006488s ]
INFO: [ view_filter ] --START--
INFO: Run Behavior\WriteHtmlCacheBehavior [ RunTime:0.000042s ]
INFO: [ view_filter ] --END-- [ RunTime:0.000070s ]
INFO: [ app_end ] --START--
INFO: Run Behavior\ShowPageTraceBehavior [ RunTime:0.000057s ]
INFO: [ app_end ] --END-- [ RunTime:0.000094s ]

[ 2015-12-12T10:52:15+08:00 ] 203.208.60.233 /mobile/app/b2b/index.php/News/Index/detail/aid/2260
INFO: [ app_init ] --START--
INFO: Run Behavior\BuildLiteBehavior [ RunTime:0.000013s ]
INFO: [ app_init ] --END-- [ RunTime:0.000083s ]
INFO: [ app_begin ] --START--
INFO: Run Behavior\ReadHtmlCacheBehavior [ RunTime:0.000039s ]
INFO: [ app_begin ] --END-- [ RunTime:0.000074s ]
NOTIC: [8] A session had already been started - ignoring session_start() /home/wwwroot/default/shopnc/mobile/app/b2b/ThinkPHP/Common/functions.php 第 1261 行.
SQL: SHOW COLUMNS FROM `hill_img` [ RunTime:0.0009s ]
SQL: SELECT `cyte`,`body`,`zuobiao`,`pics`,`mobile_img` FROM `hill_img` WHERE ( aid='2260' ) LIMIT 1   [ RunTime:0.0002s ]
SQL: SHOW COLUMNS FROM `archives` [ RunTime:0.0006s ]
ERR: SQLSTATE[42S02]: Base table or view not found: 1146 Table 'shopncb2b2c.addonarticle' doesn't exist

[ 2015-12-12T11:00:50+08:00 ] 203.208.60.247 /mobile/app/b2b/index.php/News/Index/detail/aid/3471
INFO: [ app_init ] --START--
INFO: Run Behavior\BuildLiteBehavior [ RunTime:0.000013s ]
INFO: [ app_init ] --END-- [ RunTime:0.000085s ]
INFO: [ app_begin ] --START--
INFO: Run Behavior\ReadHtmlCacheBehavior [ RunTime:0.000036s ]
INFO: [ app_begin ] --END-- [ RunTime:0.000092s ]
NOTIC: [8] A session had already been started - ignoring session_start() /home/wwwroot/default/shopnc/mobile/app/b2b/ThinkPHP/Common/functions.php 第 1261 行.
SQL: SHOW COLUMNS FROM `hill_img` [ RunTime:0.0009s ]
SQL: SELECT `cyte`,`body`,`zuobiao`,`pics`,`mobile_img` FROM `hill_img` WHERE ( aid='3471' ) LIMIT 1   [ RunTime:0.0002s ]
SQL: SHOW COLUMNS FROM `archives` [ RunTime:0.0006s ]
ERR: SQLSTATE[42S02]: Base table or view not found: 1146 Table 'shopncb2b2c.addonarticle' doesn't exist

[ 2015-12-12T11:16:25+08:00 ] 203.208.60.244 /mobile/app/b2b/index.php/News/Index/detail/aid/5900
INFO: [ app_init ] --START--
INFO: Run Behavior\BuildLiteBehavior [ RunTime:0.000012s ]
INFO: [ app_init ] --END-- [ RunTime:0.000084s ]
INFO: [ app_begin ] --START--
INFO: Run Behavior\ReadHtmlCacheBehavior [ RunTime:0.000039s ]
INFO: [ app_begin ] --END-- [ RunTime:0.000073s ]
NOTIC: [8] A session had already been started - ignoring session_start() /home/wwwroot/default/shopnc/mobile/app/b2b/ThinkPHP/Common/functions.php 第 1261 行.
SQL: SHOW COLUMNS FROM `hill_img` [ RunTime:0.0009s ]
SQL: SELECT `cyte`,`body`,`zuobiao`,`pics`,`mobile_img` FROM `hill_img` WHERE ( aid='5900' ) LIMIT 1   [ RunTime:0.0002s ]
SQL: SHOW COLUMNS FROM `archives` [ RunTime:0.0006s ]
SQL: SELECT `title` FROM `archives` WHERE ( id=5900 ) LIMIT 1   [ RunTime:0.0002s ]
SQL: select id,title from archives where title like '%远安鹿苑%' limit 0,10 [ RunTime:0.0029s ]
INFO: [ view_parse ] --START--
INFO: [ template_filter ] --START--
INFO: Run Behavior\ContentReplaceBehavior [ RunTime:0.000051s ]
INFO: [ template_filter ] --END-- [ RunTime:0.000087s ]
INFO: Run Behavior\ParseTemplateBehavior [ RunTime:0.002627s ]
INFO: [ view_parse ] --END-- [ RunTime:0.002665s ]
INFO: [ view_filter ] --START--
INFO: Run Behavior\WriteHtmlCacheBehavior [ RunTime:0.000037s ]
INFO: [ view_filter ] --END-- [ RunTime:0.000065s ]
INFO: [ app_end ] --START--
INFO: Run Behavior\ShowPageTraceBehavior [ RunTime:0.000035s ]
INFO: [ app_end ] --END-- [ RunTime:0.000064s ]

[ 2015-12-12T11:42:23+08:00 ] 123.10.20.105 /mobile/app/b2b/index.php/News/Index/Home
INFO: [ app_init ] --START--
INFO: Run Behavior\BuildLiteBehavior [ RunTime:0.000013s ]
INFO: [ app_init ] --END-- [ RunTime:0.000091s ]
INFO: [ app_begin ] --START--
INFO: Run Behavior\ReadHtmlCacheBehavior [ RunTime:0.000039s ]
INFO: [ app_begin ] --END-- [ RunTime:0.000073s ]
NOTIC: [8] A session had already been started - ignoring session_start() /home/wwwroot/default/shopnc/mobile/app/b2b/ThinkPHP/Common/functions.php 第 1261 行.
INFO: [ view_parse ] --START--
INFO: [ template_filter ] --START--
INFO: Run Behavior\ContentReplaceBehavior [ RunTime:0.000075s ]
INFO: [ template_filter ] --END-- [ RunTime:0.000115s ]
INFO: Run Behavior\ParseTemplateBehavior [ RunTime:0.006091s ]
INFO: [ view_parse ] --END-- [ RunTime:0.006133s ]
INFO: [ view_filter ] --START--
INFO: Run Behavior\WriteHtmlCacheBehavior [ RunTime:0.000038s ]
INFO: [ view_filter ] --END-- [ RunTime:0.000083s ]
INFO: [ app_end ] --START--
INFO: Run Behavior\ShowPageTraceBehavior [ RunTime:0.000038s ]
INFO: [ app_end ] --END-- [ RunTime:0.000070s ]

[ 2015-12-12T12:21:39+08:00 ] 123.125.71.14 /mobile/app/b2b/index.php/News/Index/detail/aid/6247
INFO: [ app_init ] --START--
INFO: Run Behavior\BuildLiteBehavior [ RunTime:0.000014s ]
INFO: [ app_init ] --END-- [ RunTime:0.000087s ]
INFO: [ app_begin ] --START--
INFO: Run Behavior\ReadHtmlCacheBehavior [ RunTime:0.000038s ]
INFO: [ app_begin ] --END-- [ RunTime:0.000096s ]
NOTIC: [8] A session had already been started - ignoring session_start() /home/wwwroot/default/shopnc/mobile/app/b2b/ThinkPHP/Common/functions.php 第 1261 行.
SQL: SHOW COLUMNS FROM `hill_img` [ RunTime:0.0010s ]
SQL: SELECT `cyte`,`body`,`zuobiao`,`pics`,`mobile_img` FROM `hill_img` WHERE ( aid='6247' ) LIMIT 1   [ RunTime:0.0002s ]
SQL: SHOW COLUMNS FROM `archives` [ RunTime:0.0006s ]
SQL: SELECT `title` FROM `archives` WHERE ( id=6247 ) LIMIT 1   [ RunTime:0.0002s ]
SQL: select id,title from archives where title like '%雀舌%' limit 0,10 [ RunTime:0.0030s ]
INFO: [ view_parse ] --START--
INFO: [ template_filter ] --START--
INFO: Run Behavior\ContentReplaceBehavior [ RunTime:0.000056s ]
INFO: [ template_filter ] --END-- [ RunTime:0.000092s ]
INFO: Run Behavior\ParseTemplateBehavior [ RunTime:0.002713s ]
INFO: [ view_parse ] --END-- [ RunTime:0.002750s ]
INFO: [ view_filter ] --START--
INFO: Run Behavior\WriteHtmlCacheBehavior [ RunTime:0.000037s ]
INFO: [ view_filter ] --END-- [ RunTime:0.000065s ]
INFO: [ app_end ] --START--
INFO: Run Behavior\ShowPageTraceBehavior [ RunTime:0.000035s ]
INFO: [ app_end ] --END-- [ RunTime:0.000063s ]

[ 2015-12-12T12:55:05+08:00 ] 42.80.228.105 /mobile/app/b2b/index.php/News/Index/Home
INFO: [ app_init ] --START--
INFO: Run Behavior\BuildLiteBehavior [ RunTime:0.000012s ]
INFO: [ app_init ] --END-- [ RunTime:0.000089s ]
INFO: [ app_begin ] --START--
INFO: Run Behavior\ReadHtmlCacheBehavior [ RunTime:0.000038s ]
INFO: [ app_begin ] --END-- [ RunTime:0.000074s ]
NOTIC: [8] A session had already been started - ignoring session_start() /home/wwwroot/default/shopnc/mobile/app/b2b/ThinkPHP/Common/functions.php 第 1261 行.
INFO: [ view_parse ] --START--
INFO: [ template_filter ] --START--
INFO: Run Behavior\ContentReplaceBehavior [ RunTime:0.000069s ]
INFO: [ template_filter ] --END-- [ RunTime:0.000109s ]
INFO: Run Behavior\ParseTemplateBehavior [ RunTime:0.006157s ]
INFO: [ view_parse ] --END-- [ RunTime:0.006195s ]
INFO: [ view_filter ] --START--
INFO: Run Behavior\WriteHtmlCacheBehavior [ RunTime:0.000037s ]
INFO: [ view_filter ] --END-- [ RunTime:0.000065s ]
INFO: [ app_end ] --START--
INFO: Run Behavior\ShowPageTraceBehavior [ RunTime:0.000040s ]
INFO: [ app_end ] --END-- [ RunTime:0.000076s ]

[ 2015-12-12T12:55:36+08:00 ] 42.80.228.105 /mobile/app/b2b/index.php/News/Index/detail/aid/5897
INFO: [ app_init ] --START--
INFO: Run Behavior\BuildLiteBehavior [ RunTime:0.000012s ]
INFO: [ app_init ] --END-- [ RunTime:0.000082s ]
INFO: [ app_begin ] --START--
INFO: Run Behavior\ReadHtmlCacheBehavior [ RunTime:0.000036s ]
INFO: [ app_begin ] --END-- [ RunTime:0.000086s ]
NOTIC: [8] A session had already been started - ignoring session_start() /home/wwwroot/default/shopnc/mobile/app/b2b/ThinkPHP/Common/functions.php 第 1261 行.
SQL: SHOW COLUMNS FROM `hill_img` [ RunTime:0.0010s ]
SQL: SELECT `cyte`,`body`,`zuobiao`,`pics`,`mobile_img` FROM `hill_img` WHERE ( aid='5897' ) LIMIT 1   [ RunTime:0.0002s ]
SQL: SHOW COLUMNS FROM `archives` [ RunTime:0.0006s ]
SQL: SELECT `title` FROM `archives` WHERE ( id=5897 ) LIMIT 1   [ RunTime:0.0002s ]
SQL: select id,title from archives where title like '%福鼎白茶%' limit 0,10 [ RunTime:0.0030s ]
INFO: [ view_parse ] --START--
INFO: [ template_filter ] --START--
INFO: Run Behavior\ContentReplaceBehavior [ RunTime:0.000072s ]
INFO: [ template_filter ] --END-- [ RunTime:0.000111s ]
INFO: Run Behavior\ParseTemplateBehavior [ RunTime:0.002717s ]
INFO: [ view_parse ] --END-- [ RunTime:0.002756s ]
INFO: [ view_filter ] --START--
INFO: Run Behavior\WriteHtmlCacheBehavior [ RunTime:0.000033s ]
INFO: [ view_filter ] --END-- [ RunTime:0.000060s ]
INFO: [ app_end ] --START--
INFO: Run Behavior\ShowPageTraceBehavior [ RunTime:0.000035s ]
INFO: [ app_end ] --END-- [ RunTime:0.000076s ]

[ 2015-12-12T12:55:37+08:00 ] 42.80.228.105 /mobile/app/b2b/index.php/News/Index/map
INFO: [ app_init ] --START--
INFO: Run Behavior\BuildLiteBehavior [ RunTime:0.000012s ]
INFO: [ app_init ] --END-- [ RunTime:0.000085s ]
INFO: [ app_begin ] --START--
INFO: Run Behavior\ReadHtmlCacheBehavior [ RunTime:0.000033s ]
INFO: [ app_begin ] --END-- [ RunTime:0.000067s ]
NOTIC: [8] A session had already been started - ignoring session_start() /home/wwwroot/default/shopnc/mobile/app/b2b/ThinkPHP/Common/functions.php 第 1261 行.
INFO: [ view_parse ] --START--
INFO: [ template_filter ] --START--
INFO: Run Behavior\ContentReplaceBehavior [ RunTime:0.000035s ]
INFO: [ template_filter ] --END-- [ RunTime:0.000080s ]
INFO: Run Behavior\ParseTemplateBehavior [ RunTime:0.001396s ]
INFO: [ view_parse ] --END-- [ RunTime:0.001451s ]
INFO: [ view_filter ] --START--
INFO: Run Behavior\WriteHtmlCacheBehavior [ RunTime:0.000033s ]
INFO: [ view_filter ] --END-- [ RunTime:0.000061s ]
INFO: [ app_end ] --START--
INFO: Run Behavior\ShowPageTraceBehavior [ RunTime:0.000030s ]
INFO: [ app_end ] --END-- [ RunTime:0.000058s ]

[ 2015-12-12T12:56:13+08:00 ] 42.80.228.105 /mobile/app/b2b/index.php/News/Index/detail/aid/5897
INFO: [ app_init ] --START--
INFO: Run Behavior\BuildLiteBehavior [ RunTime:0.000012s ]
INFO: [ app_init ] --END-- [ RunTime:0.000093s ]
INFO: [ app_begin ] --START--
INFO: Run Behavior\ReadHtmlCacheBehavior [ RunTime:0.000038s ]
INFO: [ app_begin ] --END-- [ RunTime:0.000073s ]
NOTIC: [8] A session had already been started - ignoring session_start() /home/wwwroot/default/shopnc/mobile/app/b2b/ThinkPHP/Common/functions.php 第 1261 行.
SQL: SHOW COLUMNS FROM `hill_img` [ RunTime:0.0009s ]
SQL: SELECT `cyte`,`body`,`zuobiao`,`pics`,`mobile_img` FROM `hill_img` WHERE ( aid='5897' ) LIMIT 1   [ RunTime:0.0002s ]
SQL: SHOW COLUMNS FROM `archives` [ RunTime:0.0006s ]
SQL: SELECT `title` FROM `archives` WHERE ( id=5897 ) LIMIT 1   [ RunTime:0.0002s ]
SQL: select id,title from archives where title like '%福鼎白茶%' limit 0,10 [ RunTime:0.0030s ]
INFO: [ view_parse ] --START--
INFO: [ template_filter ] --START--
INFO: Run Behavior\ContentReplaceBehavior [ RunTime:0.000054s ]
INFO: [ template_filter ] --END-- [ RunTime:0.000088s ]
INFO: Run Behavior\ParseTemplateBehavior [ RunTime:0.002859s ]
INFO: [ view_parse ] --END-- [ RunTime:0.002928s ]
INFO: [ view_filter ] --START--
INFO: Run Behavior\WriteHtmlCacheBehavior [ RunTime:0.000086s ]
INFO: [ view_filter ] --END-- [ RunTime:0.000116s ]
INFO: [ app_end ] --START--
INFO: Run Behavior\ShowPageTraceBehavior [ RunTime:0.000039s ]
INFO: [ app_end ] --END-- [ RunTime:0.000068s ]

[ 2015-12-12T12:56:13+08:00 ] 42.80.228.105 /mobile/app/b2b/index.php/News/Index/map
INFO: [ app_init ] --START--
INFO: Run Behavior\BuildLiteBehavior [ RunTime:0.000011s ]
INFO: [ app_init ] --END-- [ RunTime:0.000083s ]
INFO: [ app_begin ] --START--
INFO: Run Behavior\ReadHtmlCacheBehavior [ RunTime:0.000033s ]
INFO: [ app_begin ] --END-- [ RunTime:0.000068s ]
NOTIC: [8] A session had already been started - ignoring session_start() /home/wwwroot/default/shopnc/mobile/app/b2b/ThinkPHP/Common/functions.php 第 1261 行.
INFO: [ view_parse ] --START--
INFO: [ template_filter ] --START--
INFO: Run Behavior\ContentReplaceBehavior [ RunTime:0.000030s ]
INFO: [ template_filter ] --END-- [ RunTime:0.000065s ]
INFO: Run Behavior\ParseTemplateBehavior [ RunTime:0.001249s ]
INFO: [ view_parse ] --END-- [ RunTime:0.001287s ]
INFO: [ view_filter ] --START--
INFO: Run Behavior\WriteHtmlCacheBehavior [ RunTime:0.000031s ]
INFO: [ view_filter ] --END-- [ RunTime:0.000061s ]
INFO: [ app_end ] --START--
INFO: Run Behavior\ShowPageTraceBehavior [ RunTime:0.000029s ]
INFO: [ app_end ] --END-- [ RunTime:0.000058s ]

[ 2015-12-12T12:57:13+08:00 ] 42.80.228.105 /mobile/app/b2b/index.php/News/Index/detail/aid/5898
INFO: [ app_init ] --START--
INFO: Run Behavior\BuildLiteBehavior [ RunTime:0.000012s ]
INFO: [ app_init ] --END-- [ RunTime:0.000097s ]
INFO: [ app_begin ] --START--
INFO: Run Behavior\ReadHtmlCacheBehavior [ RunTime:0.000034s ]
INFO: [ app_begin ] --END-- [ RunTime:0.000067s ]
NOTIC: [8] A session had already been started - ignoring session_start() /home/wwwroot/default/shopnc/mobile/app/b2b/ThinkPHP/Common/functions.php 第 1261 行.
SQL: SHOW COLUMNS FROM `hill_img` [ RunTime:0.0009s ]
SQL: SELECT `cyte`,`body`,`zuobiao`,`pics`,`mobile_img` FROM `hill_img` WHERE ( aid='5898' ) LIMIT 1   [ RunTime:0.0002s ]
SQL: SHOW COLUMNS FROM `archives` [ RunTime:0.0006s ]
SQL: SELECT `title` FROM `archives` WHERE ( id=5898 ) LIMIT 1   [ RunTime:0.0002s ]
SQL: select id,title from archives where title like '%政和白茶%' limit 0,10 [ RunTime:0.0028s ]
INFO: [ view_parse ] --START--
INFO: [ template_filter ] --START--
INFO: Run Behavior\ContentReplaceBehavior [ RunTime:0.000065s ]
INFO: [ template_filter ] --END-- [ RunTime:0.000106s ]
INFO: Run Behavior\ParseTemplateBehavior [ RunTime:0.002669s ]
INFO: [ view_parse ] --END-- [ RunTime:0.002706s ]
INFO: [ view_filter ] --START--
INFO: Run Behavior\WriteHtmlCacheBehavior [ RunTime:0.000032s ]
INFO: [ view_filter ] --END-- [ RunTime:0.000059s ]
INFO: [ app_end ] --START--
INFO: Run Behavior\ShowPageTraceBehavior [ RunTime:0.000060s ]
INFO: [ app_end ] --END-- [ RunTime:0.000103s ]

[ 2015-12-12T12:57:13+08:00 ] 42.80.228.105 /mobile/app/b2b/index.php/News/Index/map
INFO: [ app_init ] --START--
INFO: Run Behavior\BuildLiteBehavior [ RunTime:0.000017s ]
INFO: [ app_init ] --END-- [ RunTime:0.000147s ]
INFO: [ app_begin ] --START--
INFO: Run Behavior\ReadHtmlCacheBehavior [ RunTime:0.000055s ]
INFO: [ app_begin ] --END-- [ RunTime:0.000111s ]
NOTIC: [8] A session had already been started - ignoring session_start() /home/wwwroot/default/shopnc/mobile/app/b2b/ThinkPHP/Common/functions.php 第 1261 行.
INFO: [ view_parse ] --START--
INFO: [ template_filter ] --START--
INFO: Run Behavior\ContentReplaceBehavior [ RunTime:0.000030s ]
INFO: [ template_filter ] --END-- [ RunTime:0.000067s ]
INFO: Run Behavior\ParseTemplateBehavior [ RunTime:0.001503s ]
INFO: [ view_parse ] --END-- [ RunTime:0.001550s ]
INFO: [ view_filter ] --START--
INFO: Run Behavior\WriteHtmlCacheBehavior [ RunTime:0.000032s ]
INFO: [ view_filter ] --END-- [ RunTime:0.000065s ]
INFO: [ app_end ] --START--
INFO: Run Behavior\ShowPageTraceBehavior [ RunTime:0.000049s ]
INFO: [ app_end ] --END-- [ RunTime:0.000106s ]

[ 2015-12-12T13:27:02+08:00 ] 123.125.71.36 /mobile/app/b2b/index.php/News/Index/detail/aid/3081
INFO: [ app_init ] --START--
INFO: Run Behavior\BuildLiteBehavior [ RunTime:0.000012s ]
INFO: [ app_init ] --END-- [ RunTime:0.000086s ]
INFO: [ app_begin ] --START--
INFO: Run Behavior\ReadHtmlCacheBehavior [ RunTime:0.000041s ]
INFO: [ app_begin ] --END-- [ RunTime:0.000085s ]
NOTIC: [8] A session had already been started - ignoring session_start() /home/wwwroot/default/shopnc/mobile/app/b2b/ThinkPHP/Common/functions.php 第 1261 行.
SQL: SHOW COLUMNS FROM `hill_img` [ RunTime:0.0010s ]
SQL: SELECT `cyte`,`body`,`zuobiao`,`pics`,`mobile_img` FROM `hill_img` WHERE ( aid='3081' ) LIMIT 1   [ RunTime:0.0003s ]
SQL: SHOW COLUMNS FROM `archives` [ RunTime:0.0006s ]
SQL: SELECT `title` FROM `archives` WHERE ( id=3081 ) LIMIT 1   [ RunTime:0.0002s ]
SQL: select id,title from archives where title like '%勐库%' limit 0,10 [ RunTime:0.0004s ]
INFO: [ view_parse ] --START--
INFO: [ template_filter ] --START--
INFO: Run Behavior\ContentReplaceBehavior [ RunTime:0.000058s ]
INFO: [ template_filter ] --END-- [ RunTime:0.000094s ]
INFO: Run Behavior\ParseTemplateBehavior [ RunTime:0.002699s ]
INFO: [ view_parse ] --END-- [ RunTime:0.002739s ]
INFO: [ view_filter ] --START--
INFO: Run Behavior\WriteHtmlCacheBehavior [ RunTime:0.000039s ]
INFO: [ view_filter ] --END-- [ RunTime:0.000066s ]
INFO: [ app_end ] --START--
INFO: Run Behavior\ShowPageTraceBehavior [ RunTime:0.000054s ]
INFO: [ app_end ] --END-- [ RunTime:0.000086s ]

[ 2015-12-12T14:43:16+08:00 ] 122.74.233.124 /mobile/app/b2b/index.php/News/Index/Home
INFO: [ app_init ] --START--
INFO: Run Behavior\BuildLiteBehavior [ RunTime:0.000012s ]
INFO: [ app_init ] --END-- [ RunTime:0.000076s ]
INFO: [ app_begin ] --START--
INFO: Run Behavior\ReadHtmlCacheBehavior [ RunTime:0.000033s ]
INFO: [ app_begin ] --END-- [ RunTime:0.000068s ]
NOTIC: [8] A session had already been started - ignoring session_start() /home/wwwroot/default/shopnc/mobile/app/b2b/ThinkPHP/Common/functions.php 第 1261 行.
INFO: [ view_parse ] --START--
INFO: [ template_filter ] --START--
INFO: Run Behavior\ContentReplaceBehavior [ RunTime:0.000071s ]
INFO: [ template_filter ] --END-- [ RunTime:0.000114s ]
INFO: Run Behavior\ParseTemplateBehavior [ RunTime:0.006399s ]
INFO: [ view_parse ] --END-- [ RunTime:0.006435s ]
INFO: [ view_filter ] --START--
INFO: Run Behavior\WriteHtmlCacheBehavior [ RunTime:0.000042s ]
INFO: [ view_filter ] --END-- [ RunTime:0.000070s ]
INFO: [ app_end ] --START--
INFO: Run Behavior\ShowPageTraceBehavior [ RunTime:0.000034s ]
INFO: [ app_end ] --END-- [ RunTime:0.000069s ]

[ 2015-12-12T15:37:41+08:00 ] 220.181.108.185 /mobile/app/b2b/index.php/News/news
INFO: [ app_init ] --START--
INFO: Run Behavior\BuildLiteBehavior [ RunTime:0.000012s ]
INFO: [ app_init ] --END-- [ RunTime:0.000085s ]
INFO: [ app_begin ] --START--
INFO: Run Behavior\ReadHtmlCacheBehavior [ RunTime:0.000040s ]
INFO: [ app_begin ] --END-- [ RunTime:0.000074s ]
NOTIC: [8] A session had already been started - ignoring session_start() /home/wwwroot/default/shopnc/mobile/app/b2b/ThinkPHP/Common/functions.php 第 1261 行.
NOTIC: [8] Undefined index: typeid /home/wwwroot/default/shopnc/mobile/app/b2b/Application/News/Controller/NewsController.class.php 第 28 行.
SQL: SHOW COLUMNS FROM `archives` [ RunTime:0.0009s ]
ERR: SQLSTATE[42S02]: Base table or view not found: 1146 Table 'shopncb2b2c.arctype' doesn't exist

[ 2015-12-12T16:09:20+08:00 ] 220.181.108.76 /mobile/app/b2b/index.php/News/Index/detail/aid/5898
INFO: [ app_init ] --START--
INFO: Run Behavior\BuildLiteBehavior [ RunTime:0.000012s ]
INFO: [ app_init ] --END-- [ RunTime:0.000086s ]
INFO: [ app_begin ] --START--
INFO: Run Behavior\ReadHtmlCacheBehavior [ RunTime:0.000038s ]
INFO: [ app_begin ] --END-- [ RunTime:0.000073s ]
NOTIC: [8] A session had already been started - ignoring session_start() /home/wwwroot/default/shopnc/mobile/app/b2b/ThinkPHP/Common/functions.php 第 1261 行.
SQL: SHOW COLUMNS FROM `hill_img` [ RunTime:0.0010s ]
SQL: SELECT `cyte`,`body`,`zuobiao`,`pics`,`mobile_img` FROM `hill_img` WHERE ( aid='5898' ) LIMIT 1   [ RunTime:0.0003s ]
SQL: SHOW COLUMNS FROM `archives` [ RunTime:0.0006s ]
SQL: SELECT `title` FROM `archives` WHERE ( id=5898 ) LIMIT 1   [ RunTime:0.0002s ]
SQL: select id,title from archives where title like '%政和白茶%' limit 0,10 [ RunTime:0.0029s ]
INFO: [ view_parse ] --START--
INFO: [ template_filter ] --START--
INFO: Run Behavior\ContentReplaceBehavior [ RunTime:0.000053s ]
INFO: [ template_filter ] --END-- [ RunTime:0.000089s ]
INFO: Run Behavior\ParseTemplateBehavior [ RunTime:0.002745s ]
INFO: [ view_parse ] --END-- [ RunTime:0.002784s ]
INFO: [ view_filter ] --START--
INFO: Run Behavior\WriteHtmlCacheBehavior [ RunTime:0.000052s ]
INFO: [ view_filter ] --END-- [ RunTime:0.000092s ]
INFO: [ app_end ] --START--
INFO: Run Behavior\ShowPageTraceBehavior [ RunTime:0.000048s ]
INFO: [ app_end ] --END-- [ RunTime:0.000096s ]

[ 2015-12-12T16:31:13+08:00 ] 223.73.98.40 /mobile/app/b2b/index.php/News/Index/Home
INFO: [ app_init ] --START--
INFO: Run Behavior\BuildLiteBehavior [ RunTime:0.000014s ]
INFO: [ app_init ] --END-- [ RunTime:0.000085s ]
INFO: [ app_begin ] --START--
INFO: Run Behavior\ReadHtmlCacheBehavior [ RunTime:0.000038s ]
INFO: [ app_begin ] --END-- [ RunTime:0.000073s ]
NOTIC: [8] A session had already been started - ignoring session_start() /home/wwwroot/default/shopnc/mobile/app/b2b/ThinkPHP/Common/functions.php 第 1261 行.
INFO: [ view_parse ] --START--
INFO: [ template_filter ] --START--
INFO: Run Behavior\ContentReplaceBehavior [ RunTime:0.000070s ]
INFO: [ template_filter ] --END-- [ RunTime:0.000124s ]
INFO: Run Behavior\ParseTemplateBehavior [ RunTime:0.006062s ]
INFO: [ view_parse ] --END-- [ RunTime:0.006099s ]
INFO: [ view_filter ] --START--
INFO: Run Behavior\WriteHtmlCacheBehavior [ RunTime:0.000037s ]
INFO: [ view_filter ] --END-- [ RunTime:0.000065s ]
INFO: [ app_end ] --START--
INFO: Run Behavior\ShowPageTraceBehavior [ RunTime:0.000037s ]
INFO: [ app_end ] --END-- [ RunTime:0.000070s ]

[ 2015-12-12T17:19:20+08:00 ] 220.181.108.96 /mobile/app/b2b/index.php/News/Index/detail/aid/3009
INFO: [ app_init ] --START--
INFO: Run Behavior\BuildLiteBehavior [ RunTime:0.000012s ]
INFO: [ app_init ] --END-- [ RunTime:0.000077s ]
INFO: [ app_begin ] --START--
INFO: Run Behavior\ReadHtmlCacheBehavior [ RunTime:0.000044s ]
INFO: [ app_begin ] --END-- [ RunTime:0.000079s ]
NOTIC: [8] A session had already been started - ignoring session_start() /home/wwwroot/default/shopnc/mobile/app/b2b/ThinkPHP/Common/functions.php 第 1261 行.
SQL: SHOW COLUMNS FROM `hill_img` [ RunTime:0.0009s ]
SQL: SELECT `cyte`,`body`,`zuobiao`,`pics`,`mobile_img` FROM `hill_img` WHERE ( aid='3009' ) LIMIT 1   [ RunTime:0.0003s ]
SQL: SHOW COLUMNS FROM `archives` [ RunTime:0.0006s ]
SQL: SELECT `title` FROM `archives` WHERE ( id=3009 ) LIMIT 1   [ RunTime:0.0002s ]
SQL: select id,title from archives where title like '%白莺山%' limit 0,10 [ RunTime:0.0030s ]
INFO: [ view_parse ] --START--
INFO: [ template_filter ] --START--
INFO: Run Behavior\ContentReplaceBehavior [ RunTime:0.000052s ]
INFO: [ template_filter ] --END-- [ RunTime:0.000088s ]
INFO: Run Behavior\ParseTemplateBehavior [ RunTime:0.002694s ]
INFO: [ view_parse ] --END-- [ RunTime:0.002732s ]
INFO: [ view_filter ] --START--
INFO: Run Behavior\WriteHtmlCacheBehavior [ RunTime:0.000039s ]
INFO: [ view_filter ] --END-- [ RunTime:0.000067s ]
INFO: [ app_end ] --START--
INFO: Run Behavior\ShowPageTraceBehavior [ RunTime:0.000048s ]
INFO: [ app_end ] --END-- [ RunTime:0.000077s ]

[ 2015-12-12T17:43:50+08:00 ] 123.125.71.43 /mobile/app/b2b/index.php/News/Index/detail/aid/792
INFO: [ app_init ] --START--
INFO: Run Behavior\BuildLiteBehavior [ RunTime:0.000013s ]
INFO: [ app_init ] --END-- [ RunTime:0.000086s ]
INFO: [ app_begin ] --START--
INFO: Run Behavior\ReadHtmlCacheBehavior [ RunTime:0.000039s ]
INFO: [ app_begin ] --END-- [ RunTime:0.000090s ]
NOTIC: [8] A session had already been started - ignoring session_start() /home/wwwroot/default/shopnc/mobile/app/b2b/ThinkPHP/Common/functions.php 第 1261 行.
SQL: SHOW COLUMNS FROM `hill_img` [ RunTime:0.0009s ]
SQL: SELECT `cyte`,`body`,`zuobiao`,`pics`,`mobile_img` FROM `hill_img` WHERE ( aid='792' ) LIMIT 1   [ RunTime:0.0002s ]
SQL: SHOW COLUMNS FROM `archives` [ RunTime:0.0006s ]
ERR: SQLSTATE[42S02]: Base table or view not found: 1146 Table 'shopncb2b2c.addonarticle' doesn't exist

[ 2015-12-12T18:50:35+08:00 ] 123.125.71.24 /mobile/app/b2b/index.php/News/Index/index
INFO: [ app_init ] --START--
INFO: Run Behavior\BuildLiteBehavior [ RunTime:0.000012s ]
INFO: [ app_init ] --END-- [ RunTime:0.000089s ]
INFO: [ app_begin ] --START--
INFO: Run Behavior\ReadHtmlCacheBehavior [ RunTime:0.000038s ]
INFO: [ app_begin ] --END-- [ RunTime:0.000072s ]
NOTIC: [8] A session had already been started - ignoring session_start() /home/wwwroot/default/shopnc/mobile/app/b2b/ThinkPHP/Common/functions.php 第 1261 行.
INFO: [ view_parse ] --START--
NOTIC: [2] file_get_contents(./Application/News/View/Public/head.html): failed to open stream: No such file or directory /home/wwwroot/default/shopnc/mobile/app/b2b/ThinkPHP/Library/Think/Template.class.php 第 696 行.
INFO: [ template_filter ] --START--
INFO: Run Behavior\ContentReplaceBehavior [ RunTime:0.000160s ]
INFO: [ template_filter ] --END-- [ RunTime:0.000207s ]
INFO: Run Behavior\ParseTemplateBehavior [ RunTime:0.008107s ]
INFO: [ view_parse ] --END-- [ RunTime:0.008145s ]
INFO: [ view_filter ] --START--
INFO: Run Behavior\WriteHtmlCacheBehavior [ RunTime:0.000043s ]
INFO: [ view_filter ] --END-- [ RunTime:0.000071s ]
INFO: [ app_end ] --START--
INFO: Run Behavior\ShowPageTraceBehavior [ RunTime:0.000039s ]
INFO: [ app_end ] --END-- [ RunTime:0.000071s ]

[ 2015-12-12T20:39:09+08:00 ] 61.161.202.238 /mobile/app/b2b/index.php/News/Index/Home
INFO: [ app_init ] --START--
INFO: Run Behavior\BuildLiteBehavior [ RunTime:0.000012s ]
INFO: [ app_init ] --END-- [ RunTime:0.000089s ]
INFO: [ app_begin ] --START--
INFO: Run Behavior\ReadHtmlCacheBehavior [ RunTime:0.000038s ]
INFO: [ app_begin ] --END-- [ RunTime:0.000073s ]
NOTIC: [8] A session had already been started - ignoring session_start() /home/wwwroot/default/shopnc/mobile/app/b2b/ThinkPHP/Common/functions.php 第 1261 行.
INFO: [ view_parse ] --START--
INFO: [ template_filter ] --START--
INFO: Run Behavior\ContentReplaceBehavior [ RunTime:0.000086s ]
INFO: [ template_filter ] --END-- [ RunTime:0.000155s ]
INFO: Run Behavior\ParseTemplateBehavior [ RunTime:0.006446s ]
INFO: [ view_parse ] --END-- [ RunTime:0.006487s ]
INFO: [ view_filter ] --START--
INFO: Run Behavior\WriteHtmlCacheBehavior [ RunTime:0.000051s ]
INFO: [ view_filter ] --END-- [ RunTime:0.000079s ]
INFO: [ app_end ] --START--
INFO: Run Behavior\ShowPageTraceBehavior [ RunTime:0.000041s ]
INFO: [ app_end ] --END-- [ RunTime:0.000079s ]

[ 2015-12-12T20:39:36+08:00 ] 61.161.202.238 /mobile/app/b2b/index.php/News/Index/detail/aid/5824
INFO: [ app_init ] --START--
INFO: Run Behavior\BuildLiteBehavior [ RunTime:0.000012s ]
INFO: [ app_init ] --END-- [ RunTime:0.000081s ]
INFO: [ app_begin ] --START--
INFO: Run Behavior\ReadHtmlCacheBehavior [ RunTime:0.000032s ]
INFO: [ app_begin ] --END-- [ RunTime:0.000066s ]
NOTIC: [8] A session had already been started - ignoring session_start() /home/wwwroot/default/shopnc/mobile/app/b2b/ThinkPHP/Common/functions.php 第 1261 行.
SQL: SHOW COLUMNS FROM `hill_img` [ RunTime:0.0009s ]
SQL: SELECT `cyte`,`body`,`zuobiao`,`pics`,`mobile_img` FROM `hill_img` WHERE ( aid='5824' ) LIMIT 1   [ RunTime:0.0002s ]
SQL: SHOW COLUMNS FROM `archives` [ RunTime:0.0006s ]
SQL: SELECT `title` FROM `archives` WHERE ( id=5824 ) LIMIT 1   [ RunTime:0.0002s ]
SQL: select id,title from archives where title like '%信阳毛尖%' limit 0,10 [ RunTime:0.0029s ]
INFO: [ view_parse ] --START--
INFO: [ template_filter ] --START--
INFO: Run Behavior\ContentReplaceBehavior [ RunTime:0.000057s ]
INFO: [ template_filter ] --END-- [ RunTime:0.000093s ]
INFO: Run Behavior\ParseTemplateBehavior [ RunTime:0.002672s ]
INFO: [ view_parse ] --END-- [ RunTime:0.002710s ]
INFO: [ view_filter ] --START--
INFO: Run Behavior\WriteHtmlCacheBehavior [ RunTime:0.000032s ]
INFO: [ view_filter ] --END-- [ RunTime:0.000059s ]
INFO: [ app_end ] --START--
INFO: Run Behavior\ShowPageTraceBehavior [ RunTime:0.000031s ]
INFO: [ app_end ] --END-- [ RunTime:0.000061s ]

[ 2015-12-12T20:39:36+08:00 ] 61.161.202.238 /mobile/app/b2b/index.php/News/Index/map
INFO: [ app_init ] --START--
INFO: Run Behavior\BuildLiteBehavior [ RunTime:0.000013s ]
INFO: [ app_init ] --END-- [ RunTime:0.000088s ]
INFO: [ app_begin ] --START--
INFO: Run Behavior\ReadHtmlCacheBehavior [ RunTime:0.000032s ]
INFO: [ app_begin ] --END-- [ RunTime:0.000067s ]
NOTIC: [8] A session had already been started - ignoring session_start() /home/wwwroot/default/shopnc/mobile/app/b2b/ThinkPHP/Common/functions.php 第 1261 行.
INFO: [ view_parse ] --START--
INFO: [ template_filter ] --START--
INFO: Run Behavior\ContentReplaceBehavior [ RunTime:0.000029s ]
INFO: [ template_filter ] --END-- [ RunTime:0.000064s ]
INFO: Run Behavior\ParseTemplateBehavior [ RunTime:0.001270s ]
INFO: [ view_parse ] --END-- [ RunTime:0.001307s ]
INFO: [ view_filter ] --START--
INFO: Run Behavior\WriteHtmlCacheBehavior [ RunTime:0.000032s ]
INFO: [ view_filter ] --END-- [ RunTime:0.000067s ]
INFO: [ app_end ] --START--
INFO: Run Behavior\ShowPageTraceBehavior [ RunTime:0.000030s ]
INFO: [ app_end ] --END-- [ RunTime:0.000058s ]

[ 2015-12-12T21:33:07+08:00 ] 220.181.108.84 /mobile/app/b2b/index.php/News/Index/detail/aid/2920
INFO: [ app_init ] --START--
INFO: Run Behavior\BuildLiteBehavior [ RunTime:0.000012s ]
INFO: [ app_init ] --END-- [ RunTime:0.000080s ]
INFO: [ app_begin ] --START--
INFO: Run Behavior\ReadHtmlCacheBehavior [ RunTime:0.000035s ]
INFO: [ app_begin ] --END-- [ RunTime:0.000069s ]
NOTIC: [8] A session had already been started - ignoring session_start() /home/wwwroot/default/shopnc/mobile/app/b2b/ThinkPHP/Common/functions.php 第 1261 行.
SQL: SHOW COLUMNS FROM `hill_img` [ RunTime:0.0010s ]
SQL: SELECT `cyte`,`body`,`zuobiao`,`pics`,`mobile_img` FROM `hill_img` WHERE ( aid='2920' ) LIMIT 1   [ RunTime:0.0003s ]
SQL: SHOW COLUMNS FROM `archives` [ RunTime:0.0006s ]
SQL: SELECT `title` FROM `archives` WHERE ( id=2920 ) LIMIT 1   [ RunTime:0.0002s ]
SQL: select id,title from archives where title like '%曼迈老寨%' limit 0,10 [ RunTime:0.0028s ]
INFO: [ view_parse ] --START--
INFO: [ template_filter ] --START--
INFO: Run Behavior\ContentReplaceBehavior [ RunTime:0.000058s ]
INFO: [ template_filter ] --END-- [ RunTime:0.000095s ]
INFO: Run Behavior\ParseTemplateBehavior [ RunTime:0.002747s ]
INFO: [ view_parse ] --END-- [ RunTime:0.002787s ]
INFO: [ view_filter ] --START--
INFO: Run Behavior\WriteHtmlCacheBehavior [ RunTime:0.000058s ]
INFO: [ view_filter ] --END-- [ RunTime:0.000089s ]
INFO: [ app_end ] --START--
INFO: Run Behavior\ShowPageTraceBehavior [ RunTime:0.000030s ]
INFO: [ app_end ] --END-- [ RunTime:0.000060s ]

