[ 2016-03-12T02:22:52+08:00 ] 203.208.60.48 /mobile/app/b2b/index.php/News/Index/detail/aid/5608
INFO: [ app_init ] --START--
INFO: Run Behavior\BuildLiteBehavior [ RunTime:0.000013s ]
INFO: [ app_init ] --END-- [ RunTime:0.000085s ]
INFO: [ app_begin ] --START--
INFO: Run Behavior\ReadHtmlCacheBehavior [ RunTime:0.000038s ]
INFO: [ app_begin ] --END-- [ RunTime:0.000071s ]
NOTIC: [8] A session had already been started - ignoring session_start() /home/wwwroot/default/shopnc/mobile/app/b2b/ThinkPHP/Common/functions.php 第 1261 行.
SQL: SHOW COLUMNS FROM `hill_img` [ RunTime:0.0011s ]
SQL: SELECT `cyte`,`body`,`zuobiao`,`pics`,`mobile_img` FROM `hill_img` WHERE ( aid='5608' ) LIMIT 1   [ RunTime:0.0002s ]
SQL: SHOW COLUMNS FROM `archives` [ RunTime:0.0007s ]
ERR: SQLSTATE[42S02]: Base table or view not found: 1146 Table 'shopncb2b2c.addonarticle' doesn't exist

[ 2016-03-12T03:26:32+08:00 ] 111.206.36.10 /mobile/app/b2b/index.php/News/Index/detail/aid/5885
INFO: [ app_init ] --START--
INFO: Run Behavior\BuildLiteBehavior [ RunTime:0.000015s ]
INFO: [ app_init ] --END-- [ RunTime:0.000106s ]
INFO: [ app_begin ] --START--
INFO: Run Behavior\ReadHtmlCacheBehavior [ RunTime:0.000050s ]
INFO: [ app_begin ] --END-- [ RunTime:0.000095s ]
NOTIC: [8] A session had already been started - ignoring session_start() /home/wwwroot/default/shopnc/mobile/app/b2b/ThinkPHP/Common/functions.php 第 1261 行.
SQL: SHOW COLUMNS FROM `hill_img` [ RunTime:0.0011s ]
SQL: SELECT `cyte`,`body`,`zuobiao`,`pics`,`mobile_img` FROM `hill_img` WHERE ( aid='5885' ) LIMIT 1   [ RunTime:0.0003s ]
SQL: SHOW COLUMNS FROM `archives` [ RunTime:0.0007s ]
SQL: SELECT `title` FROM `archives` WHERE ( id=5885 ) LIMIT 1   [ RunTime:0.0002s ]
SQL: select id,title from archives where title like '%安化黑茶%' limit 0,10 [ RunTime:0.0031s ]
INFO: [ view_parse ] --START--
INFO: [ template_filter ] --START--
INFO: Run Behavior\ContentReplaceBehavior [ RunTime:0.000060s ]
INFO: [ template_filter ] --END-- [ RunTime:0.000096s ]
INFO: Run Behavior\ParseTemplateBehavior [ RunTime:0.002724s ]
INFO: [ view_parse ] --END-- [ RunTime:0.002763s ]
INFO: [ view_filter ] --START--
INFO: Run Behavior\WriteHtmlCacheBehavior [ RunTime:0.000056s ]
INFO: [ view_filter ] --END-- [ RunTime:0.000085s ]
INFO: [ app_end ] --START--
INFO: Run Behavior\ShowPageTraceBehavior [ RunTime:0.000034s ]
INFO: [ app_end ] --END-- [ RunTime:0.000064s ]

[ 2016-03-12T04:00:17+08:00 ] 69.30.198.202 /mobile/app/b2b/index.php/News/Index/detail/aid/5816
INFO: [ app_init ] --START--
INFO: Run Behavior\BuildLiteBehavior [ RunTime:0.000012s ]
INFO: [ app_init ] --END-- [ RunTime:0.000082s ]
INFO: [ app_begin ] --START--
INFO: Run Behavior\ReadHtmlCacheBehavior [ RunTime:0.000038s ]
INFO: [ app_begin ] --END-- [ RunTime:0.000072s ]
NOTIC: [8] A session had already been started - ignoring session_start() /home/wwwroot/default/shopnc/mobile/app/b2b/ThinkPHP/Common/functions.php 第 1261 行.
SQL: SHOW COLUMNS FROM `hill_img` [ RunTime:0.0010s ]
SQL: SELECT `cyte`,`body`,`zuobiao`,`pics`,`mobile_img` FROM `hill_img` WHERE ( aid='5816' ) LIMIT 1   [ RunTime:0.0002s ]
SQL: SHOW COLUMNS FROM `archives` [ RunTime:0.0006s ]
SQL: SELECT `title` FROM `archives` WHERE ( id=5816 ) LIMIT 1   [ RunTime:0.0002s ]
SQL: select id,title from archives where title like '%狮峰龙井%' limit 0,10 [ RunTime:0.0031s ]
INFO: [ view_parse ] --START--
INFO: [ template_filter ] --START--
INFO: Run Behavior\ContentReplaceBehavior [ RunTime:0.000077s ]
INFO: [ template_filter ] --END-- [ RunTime:0.000126s ]
INFO: Run Behavior\ParseTemplateBehavior [ RunTime:0.002832s ]
INFO: [ view_parse ] --END-- [ RunTime:0.002873s ]
INFO: [ view_filter ] --START--
INFO: Run Behavior\WriteHtmlCacheBehavior [ RunTime:0.000040s ]
INFO: [ view_filter ] --END-- [ RunTime:0.000068s ]
INFO: [ app_end ] --START--
INFO: Run Behavior\ShowPageTraceBehavior [ RunTime:0.000037s ]
INFO: [ app_end ] --END-- [ RunTime:0.000065s ]

[ 2016-03-12T04:28:47+08:00 ] 164.132.161.27 /mobile/app/b2b/index.php/News/Index/detail/aid/5879
INFO: [ app_init ] --START--
INFO: Run Behavior\BuildLiteBehavior [ RunTime:0.000017s ]
INFO: [ app_init ] --END-- [ RunTime:0.000122s ]
INFO: [ app_begin ] --START--
INFO: Run Behavior\ReadHtmlCacheBehavior [ RunTime:0.000058s ]
INFO: [ app_begin ] --END-- [ RunTime:0.000110s ]
NOTIC: [8] A session had already been started - ignoring session_start() /home/wwwroot/default/shopnc/mobile/app/b2b/ThinkPHP/Common/functions.php 第 1261 行.
SQL: SHOW COLUMNS FROM `hill_img` [ RunTime:0.0011s ]
SQL: SELECT `cyte`,`body`,`zuobiao`,`pics`,`mobile_img` FROM `hill_img` WHERE ( aid='5879' ) LIMIT 1   [ RunTime:0.0002s ]
SQL: SHOW COLUMNS FROM `archives` [ RunTime:0.0007s ]
SQL: SELECT `title` FROM `archives` WHERE ( id=5879 ) LIMIT 1   [ RunTime:0.0002s ]
SQL: select id,title from archives where title like '%冻顶乌龙%' limit 0,10 [ RunTime:0.0029s ]
INFO: [ view_parse ] --START--
INFO: [ template_filter ] --START--
INFO: Run Behavior\ContentReplaceBehavior [ RunTime:0.000056s ]
INFO: [ template_filter ] --END-- [ RunTime:0.000092s ]
INFO: Run Behavior\ParseTemplateBehavior [ RunTime:0.002681s ]
INFO: [ view_parse ] --END-- [ RunTime:0.002720s ]
INFO: [ view_filter ] --START--
INFO: Run Behavior\WriteHtmlCacheBehavior [ RunTime:0.000039s ]
INFO: [ view_filter ] --END-- [ RunTime:0.000067s ]
INFO: [ app_end ] --START--
INFO: Run Behavior\ShowPageTraceBehavior [ RunTime:0.000036s ]
INFO: [ app_end ] --END-- [ RunTime:0.000064s ]

[ 2016-03-12T05:31:38+08:00 ] 182.118.21.246 /mobile/app/b2b/index.php/News/Index/detail/aid/2941
INFO: [ app_init ] --START--
INFO: Run Behavior\BuildLiteBehavior [ RunTime:0.000013s ]
INFO: [ app_init ] --END-- [ RunTime:0.000083s ]
INFO: [ app_begin ] --START--
INFO: Run Behavior\ReadHtmlCacheBehavior [ RunTime:0.000039s ]
INFO: [ app_begin ] --END-- [ RunTime:0.000073s ]
NOTIC: [8] A session had already been started - ignoring session_start() /home/wwwroot/default/shopnc/mobile/app/b2b/ThinkPHP/Common/functions.php 第 1261 行.
SQL: SHOW COLUMNS FROM `hill_img` [ RunTime:0.0010s ]
SQL: SELECT `cyte`,`body`,`zuobiao`,`pics`,`mobile_img` FROM `hill_img` WHERE ( aid='2941' ) LIMIT 1   [ RunTime:0.0002s ]
SQL: SHOW COLUMNS FROM `archives` [ RunTime:0.0007s ]
SQL: SELECT `title` FROM `archives` WHERE ( id=2941 ) LIMIT 1   [ RunTime:0.0002s ]
SQL: select id,title from archives where title like '%%' limit 0,10 [ RunTime:0.0003s ]
INFO: [ view_parse ] --START--
INFO: [ template_filter ] --START--
INFO: Run Behavior\ContentReplaceBehavior [ RunTime:0.000053s ]
INFO: [ template_filter ] --END-- [ RunTime:0.000087s ]
INFO: Run Behavior\ParseTemplateBehavior [ RunTime:0.002615s ]
INFO: [ view_parse ] --END-- [ RunTime:0.002652s ]
INFO: [ view_filter ] --START--
INFO: Run Behavior\WriteHtmlCacheBehavior [ RunTime:0.000037s ]
INFO: [ view_filter ] --END-- [ RunTime:0.000064s ]
INFO: [ app_end ] --START--
INFO: Run Behavior\ShowPageTraceBehavior [ RunTime:0.000055s ]
INFO: [ app_end ] --END-- [ RunTime:0.000084s ]

[ 2016-03-12T05:32:31+08:00 ] 101.226.168.227 /mobile/app/b2b/index.php/News/Index/detail/aid/2953
INFO: [ app_init ] --START--
INFO: Run Behavior\BuildLiteBehavior [ RunTime:0.000013s ]
INFO: [ app_init ] --END-- [ RunTime:0.000077s ]
INFO: [ app_begin ] --START--
INFO: Run Behavior\ReadHtmlCacheBehavior [ RunTime:0.000039s ]
INFO: [ app_begin ] --END-- [ RunTime:0.000073s ]
NOTIC: [8] A session had already been started - ignoring session_start() /home/wwwroot/default/shopnc/mobile/app/b2b/ThinkPHP/Common/functions.php 第 1261 行.
SQL: SHOW COLUMNS FROM `hill_img` [ RunTime:0.0011s ]
SQL: SELECT `cyte`,`body`,`zuobiao`,`pics`,`mobile_img` FROM `hill_img` WHERE ( aid='2953' ) LIMIT 1   [ RunTime:0.0003s ]
SQL: SHOW COLUMNS FROM `archives` [ RunTime:0.0006s ]
SQL: SELECT `title` FROM `archives` WHERE ( id=2953 ) LIMIT 1   [ RunTime:0.0002s ]
SQL: select id,title from archives where title like '%%' limit 0,10 [ RunTime:0.0002s ]
INFO: [ view_parse ] --START--
INFO: [ template_filter ] --START--
INFO: Run Behavior\ContentReplaceBehavior [ RunTime:0.000056s ]
INFO: [ template_filter ] --END-- [ RunTime:0.000095s ]
INFO: Run Behavior\ParseTemplateBehavior [ RunTime:0.002743s ]
INFO: [ view_parse ] --END-- [ RunTime:0.002780s ]
INFO: [ view_filter ] --START--
INFO: Run Behavior\WriteHtmlCacheBehavior [ RunTime:0.000032s ]
INFO: [ view_filter ] --END-- [ RunTime:0.000059s ]
INFO: [ app_end ] --START--
INFO: Run Behavior\ShowPageTraceBehavior [ RunTime:0.000035s ]
INFO: [ app_end ] --END-- [ RunTime:0.000067s ]

[ 2016-03-12T05:34:11+08:00 ] 101.226.168.226 /mobile/app/b2b/index.php/News/Index/detail/aid/2142
INFO: [ app_init ] --START--
INFO: Run Behavior\BuildLiteBehavior [ RunTime:0.000013s ]
INFO: [ app_init ] --END-- [ RunTime:0.000083s ]
INFO: [ app_begin ] --START--
INFO: Run Behavior\ReadHtmlCacheBehavior [ RunTime:0.000039s ]
INFO: [ app_begin ] --END-- [ RunTime:0.000074s ]
NOTIC: [8] A session had already been started - ignoring session_start() /home/wwwroot/default/shopnc/mobile/app/b2b/ThinkPHP/Common/functions.php 第 1261 行.
SQL: SHOW COLUMNS FROM `hill_img` [ RunTime:0.0010s ]
SQL: SELECT `cyte`,`body`,`zuobiao`,`pics`,`mobile_img` FROM `hill_img` WHERE ( aid='2142' ) LIMIT 1   [ RunTime:0.0002s ]
SQL: SHOW COLUMNS FROM `archives` [ RunTime:0.0007s ]
ERR: SQLSTATE[42S02]: Base table or view not found: 1146 Table 'shopncb2b2c.addonarticle' doesn't exist

[ 2016-03-12T05:35:01+08:00 ] 182.118.25.220 /mobile/app/b2b/index.php/News/Index/detail/aid/2916
INFO: [ app_init ] --START--
INFO: Run Behavior\BuildLiteBehavior [ RunTime:0.000013s ]
INFO: [ app_init ] --END-- [ RunTime:0.000076s ]
INFO: [ app_begin ] --START--
INFO: Run Behavior\ReadHtmlCacheBehavior [ RunTime:0.000033s ]
INFO: [ app_begin ] --END-- [ RunTime:0.000066s ]
NOTIC: [8] A session had already been started - ignoring session_start() /home/wwwroot/default/shopnc/mobile/app/b2b/ThinkPHP/Common/functions.php 第 1261 行.
SQL: SHOW COLUMNS FROM `hill_img` [ RunTime:0.0010s ]
SQL: SELECT `cyte`,`body`,`zuobiao`,`pics`,`mobile_img` FROM `hill_img` WHERE ( aid='2916' ) LIMIT 1   [ RunTime:0.0002s ]
SQL: SHOW COLUMNS FROM `archives` [ RunTime:0.0007s ]
SQL: SELECT `title` FROM `archives` WHERE ( id=2916 ) LIMIT 1   [ RunTime:0.0002s ]
SQL: select id,title from archives where title like '%%' limit 0,10 [ RunTime:0.0002s ]
INFO: [ view_parse ] --START--
INFO: [ template_filter ] --START--
INFO: Run Behavior\ContentReplaceBehavior [ RunTime:0.000056s ]
INFO: [ template_filter ] --END-- [ RunTime:0.000092s ]
INFO: Run Behavior\ParseTemplateBehavior [ RunTime:0.002717s ]
INFO: [ view_parse ] --END-- [ RunTime:0.002756s ]
INFO: [ view_filter ] --START--
INFO: Run Behavior\WriteHtmlCacheBehavior [ RunTime:0.000032s ]
INFO: [ view_filter ] --END-- [ RunTime:0.000059s ]
INFO: [ app_end ] --START--
INFO: Run Behavior\ShowPageTraceBehavior [ RunTime:0.000030s ]
INFO: [ app_end ] --END-- [ RunTime:0.000058s ]

[ 2016-03-12T05:36:23+08:00 ] 182.118.21.249 /mobile/app/b2b/index.php/News/Index/detail/aid/3016
INFO: [ app_init ] --START--
INFO: Run Behavior\BuildLiteBehavior [ RunTime:0.000012s ]
INFO: [ app_init ] --END-- [ RunTime:0.000084s ]
INFO: [ app_begin ] --START--
INFO: Run Behavior\ReadHtmlCacheBehavior [ RunTime:0.000037s ]
INFO: [ app_begin ] --END-- [ RunTime:0.000069s ]
NOTIC: [8] A session had already been started - ignoring session_start() /home/wwwroot/default/shopnc/mobile/app/b2b/ThinkPHP/Common/functions.php 第 1261 行.
SQL: SHOW COLUMNS FROM `hill_img` [ RunTime:0.0011s ]
SQL: SELECT `cyte`,`body`,`zuobiao`,`pics`,`mobile_img` FROM `hill_img` WHERE ( aid='3016' ) LIMIT 1   [ RunTime:0.0002s ]
SQL: SHOW COLUMNS FROM `archives` [ RunTime:0.0006s ]
SQL: SELECT `title` FROM `archives` WHERE ( id=3016 ) LIMIT 1   [ RunTime:0.0001s ]
SQL: select id,title from archives where title like '%%' limit 0,10 [ RunTime:0.0003s ]
INFO: [ view_parse ] --START--
INFO: [ template_filter ] --START--
INFO: Run Behavior\ContentReplaceBehavior [ RunTime:0.000074s ]
INFO: [ template_filter ] --END-- [ RunTime:0.000111s ]
INFO: Run Behavior\ParseTemplateBehavior [ RunTime:0.002721s ]
INFO: [ view_parse ] --END-- [ RunTime:0.002759s ]
INFO: [ view_filter ] --START--
INFO: Run Behavior\WriteHtmlCacheBehavior [ RunTime:0.000038s ]
INFO: [ view_filter ] --END-- [ RunTime:0.000066s ]
INFO: [ app_end ] --START--
INFO: Run Behavior\ShowPageTraceBehavior [ RunTime:0.000037s ]
INFO: [ app_end ] --END-- [ RunTime:0.000069s ]

[ 2016-03-12T05:38:44+08:00 ] 182.118.22.211 /mobile/app/b2b/index.php/News/Index/detail/aid/2996
INFO: [ app_init ] --START--
INFO: Run Behavior\BuildLiteBehavior [ RunTime:0.000012s ]
INFO: [ app_init ] --END-- [ RunTime:0.000083s ]
INFO: [ app_begin ] --START--
INFO: Run Behavior\ReadHtmlCacheBehavior [ RunTime:0.000038s ]
INFO: [ app_begin ] --END-- [ RunTime:0.000071s ]
NOTIC: [8] A session had already been started - ignoring session_start() /home/wwwroot/default/shopnc/mobile/app/b2b/ThinkPHP/Common/functions.php 第 1261 行.
SQL: SHOW COLUMNS FROM `hill_img` [ RunTime:0.0011s ]
SQL: SELECT `cyte`,`body`,`zuobiao`,`pics`,`mobile_img` FROM `hill_img` WHERE ( aid='2996' ) LIMIT 1   [ RunTime:0.0002s ]
SQL: SHOW COLUMNS FROM `archives` [ RunTime:0.0007s ]
SQL: SELECT `title` FROM `archives` WHERE ( id=2996 ) LIMIT 1   [ RunTime:0.0001s ]
SQL: select id,title from archives where title like '%%' limit 0,10 [ RunTime:0.0003s ]
INFO: [ view_parse ] --START--
INFO: [ template_filter ] --START--
INFO: Run Behavior\ContentReplaceBehavior [ RunTime:0.000057s ]
INFO: [ template_filter ] --END-- [ RunTime:0.000094s ]
INFO: Run Behavior\ParseTemplateBehavior [ RunTime:0.002727s ]
INFO: [ view_parse ] --END-- [ RunTime:0.002783s ]
INFO: [ view_filter ] --START--
INFO: Run Behavior\WriteHtmlCacheBehavior [ RunTime:0.000038s ]
INFO: [ view_filter ] --END-- [ RunTime:0.000067s ]
INFO: [ app_end ] --START--
INFO: Run Behavior\ShowPageTraceBehavior [ RunTime:0.000036s ]
INFO: [ app_end ] --END-- [ RunTime:0.000064s ]

[ 2016-03-12T05:39:23+08:00 ] 101.226.169.213 /mobile/app/b2b/index.php/News/Index/detail/aid/2988
INFO: [ app_init ] --START--
INFO: Run Behavior\BuildLiteBehavior [ RunTime:0.000012s ]
INFO: [ app_init ] --END-- [ RunTime:0.000076s ]
INFO: [ app_begin ] --START--
INFO: Run Behavior\ReadHtmlCacheBehavior [ RunTime:0.000035s ]
INFO: [ app_begin ] --END-- [ RunTime:0.000069s ]
NOTIC: [8] A session had already been started - ignoring session_start() /home/wwwroot/default/shopnc/mobile/app/b2b/ThinkPHP/Common/functions.php 第 1261 行.
SQL: SHOW COLUMNS FROM `hill_img` [ RunTime:0.0010s ]
SQL: SELECT `cyte`,`body`,`zuobiao`,`pics`,`mobile_img` FROM `hill_img` WHERE ( aid='2988' ) LIMIT 1   [ RunTime:0.0002s ]
SQL: SHOW COLUMNS FROM `archives` [ RunTime:0.0007s ]
SQL: SELECT `title` FROM `archives` WHERE ( id=2988 ) LIMIT 1   [ RunTime:0.0002s ]
SQL: select id,title from archives where title like '%%' limit 0,10 [ RunTime:0.0003s ]
INFO: [ view_parse ] --START--
INFO: [ template_filter ] --START--
INFO: Run Behavior\ContentReplaceBehavior [ RunTime:0.000142s ]
INFO: [ template_filter ] --END-- [ RunTime:0.000247s ]
INFO: Run Behavior\ParseTemplateBehavior [ RunTime:0.002875s ]
INFO: [ view_parse ] --END-- [ RunTime:0.002938s ]
INFO: [ view_filter ] --START--
INFO: Run Behavior\WriteHtmlCacheBehavior [ RunTime:0.000049s ]
INFO: [ view_filter ] --END-- [ RunTime:0.000077s ]
INFO: [ app_end ] --START--
INFO: Run Behavior\ShowPageTraceBehavior [ RunTime:0.000035s ]
INFO: [ app_end ] --END-- [ RunTime:0.000069s ]

[ 2016-03-12T05:39:29+08:00 ] 101.226.168.250 /mobile/app/b2b/index.php/News/Index/detail/aid/3018
INFO: [ app_init ] --START--
INFO: Run Behavior\BuildLiteBehavior [ RunTime:0.000012s ]
INFO: [ app_init ] --END-- [ RunTime:0.000079s ]
INFO: [ app_begin ] --START--
INFO: Run Behavior\ReadHtmlCacheBehavior [ RunTime:0.000034s ]
INFO: [ app_begin ] --END-- [ RunTime:0.000068s ]
NOTIC: [8] A session had already been started - ignoring session_start() /home/wwwroot/default/shopnc/mobile/app/b2b/ThinkPHP/Common/functions.php 第 1261 行.
SQL: SHOW COLUMNS FROM `hill_img` [ RunTime:0.0010s ]
SQL: SELECT `cyte`,`body`,`zuobiao`,`pics`,`mobile_img` FROM `hill_img` WHERE ( aid='3018' ) LIMIT 1   [ RunTime:0.0002s ]
SQL: SHOW COLUMNS FROM `archives` [ RunTime:0.0007s ]
SQL: SELECT `title` FROM `archives` WHERE ( id=3018 ) LIMIT 1   [ RunTime:0.0002s ]
SQL: select id,title from archives where title like '%%' limit 0,10 [ RunTime:0.0003s ]
INFO: [ view_parse ] --START--
INFO: [ template_filter ] --START--
INFO: Run Behavior\ContentReplaceBehavior [ RunTime:0.000055s ]
INFO: [ template_filter ] --END-- [ RunTime:0.000091s ]
INFO: Run Behavior\ParseTemplateBehavior [ RunTime:0.002904s ]
INFO: [ view_parse ] --END-- [ RunTime:0.002941s ]
INFO: [ view_filter ] --START--
INFO: Run Behavior\WriteHtmlCacheBehavior [ RunTime:0.000032s ]
INFO: [ view_filter ] --END-- [ RunTime:0.000058s ]
INFO: [ app_end ] --START--
INFO: Run Behavior\ShowPageTraceBehavior [ RunTime:0.000034s ]
INFO: [ app_end ] --END-- [ RunTime:0.000090s ]

[ 2016-03-12T05:40:20+08:00 ] 101.226.166.202 /mobile/app/b2b/index.php/News/Index/detail/aid/3001
INFO: [ app_init ] --START--
INFO: Run Behavior\BuildLiteBehavior [ RunTime:0.000013s ]
INFO: [ app_init ] --END-- [ RunTime:0.000104s ]
INFO: [ app_begin ] --START--
INFO: Run Behavior\ReadHtmlCacheBehavior [ RunTime:0.000038s ]
INFO: [ app_begin ] --END-- [ RunTime:0.000072s ]
NOTIC: [8] A session had already been started - ignoring session_start() /home/wwwroot/default/shopnc/mobile/app/b2b/ThinkPHP/Common/functions.php 第 1261 行.
SQL: SHOW COLUMNS FROM `hill_img` [ RunTime:0.0009s ]
SQL: SELECT `cyte`,`body`,`zuobiao`,`pics`,`mobile_img` FROM `hill_img` WHERE ( aid='3001' ) LIMIT 1   [ RunTime:0.0004s ]
SQL: SHOW COLUMNS FROM `archives` [ RunTime:0.0008s ]
SQL: SELECT `title` FROM `archives` WHERE ( id=3001 ) LIMIT 1   [ RunTime:0.0002s ]
SQL: select id,title from archives where title like '%%' limit 0,10 [ RunTime:0.0003s ]
INFO: [ view_parse ] --START--
INFO: [ template_filter ] --START--
INFO: Run Behavior\ContentReplaceBehavior [ RunTime:0.000058s ]
INFO: [ template_filter ] --END-- [ RunTime:0.000095s ]
INFO: Run Behavior\ParseTemplateBehavior [ RunTime:0.002729s ]
INFO: [ view_parse ] --END-- [ RunTime:0.002769s ]
INFO: [ view_filter ] --START--
INFO: Run Behavior\WriteHtmlCacheBehavior [ RunTime:0.000036s ]
INFO: [ view_filter ] --END-- [ RunTime:0.000063s ]
INFO: [ app_end ] --START--
INFO: Run Behavior\ShowPageTraceBehavior [ RunTime:0.000036s ]
INFO: [ app_end ] --END-- [ RunTime:0.000065s ]

[ 2016-03-12T05:41:22+08:00 ] 101.226.168.230 /mobile/app/b2b/index.php/News/Index/detail/aid/2951
INFO: [ app_init ] --START--
INFO: Run Behavior\BuildLiteBehavior [ RunTime:0.000012s ]
INFO: [ app_init ] --END-- [ RunTime:0.000081s ]
INFO: [ app_begin ] --START--
INFO: Run Behavior\ReadHtmlCacheBehavior [ RunTime:0.000038s ]
INFO: [ app_begin ] --END-- [ RunTime:0.000071s ]
NOTIC: [8] A session had already been started - ignoring session_start() /home/wwwroot/default/shopnc/mobile/app/b2b/ThinkPHP/Common/functions.php 第 1261 行.
SQL: SHOW COLUMNS FROM `hill_img` [ RunTime:0.0010s ]
SQL: SELECT `cyte`,`body`,`zuobiao`,`pics`,`mobile_img` FROM `hill_img` WHERE ( aid='2951' ) LIMIT 1   [ RunTime:0.0003s ]
SQL: SHOW COLUMNS FROM `archives` [ RunTime:0.0011s ]
SQL: SELECT `title` FROM `archives` WHERE ( id=2951 ) LIMIT 1   [ RunTime:0.0002s ]
SQL: select id,title from archives where title like '%%' limit 0,10 [ RunTime:0.0004s ]
INFO: [ view_parse ] --START--
INFO: [ template_filter ] --START--
INFO: Run Behavior\ContentReplaceBehavior [ RunTime:0.000055s ]
INFO: [ template_filter ] --END-- [ RunTime:0.000089s ]
INFO: Run Behavior\ParseTemplateBehavior [ RunTime:0.003341s ]
INFO: [ view_parse ] --END-- [ RunTime:0.003386s ]
INFO: [ view_filter ] --START--
INFO: Run Behavior\WriteHtmlCacheBehavior [ RunTime:0.000037s ]
INFO: [ view_filter ] --END-- [ RunTime:0.000064s ]
INFO: [ app_end ] --START--
INFO: Run Behavior\ShowPageTraceBehavior [ RunTime:0.000037s ]
INFO: [ app_end ] --END-- [ RunTime:0.000068s ]

[ 2016-03-12T05:42:02+08:00 ] 101.226.168.225 /mobile/app/b2b/index.php/News/Index/detail/aid/2990
INFO: [ app_init ] --START--
INFO: Run Behavior\BuildLiteBehavior [ RunTime:0.000013s ]
INFO: [ app_init ] --END-- [ RunTime:0.000077s ]
INFO: [ app_begin ] --START--
INFO: Run Behavior\ReadHtmlCacheBehavior [ RunTime:0.000032s ]
INFO: [ app_begin ] --END-- [ RunTime:0.000065s ]
NOTIC: [8] A session had already been started - ignoring session_start() /home/wwwroot/default/shopnc/mobile/app/b2b/ThinkPHP/Common/functions.php 第 1261 行.
SQL: SHOW COLUMNS FROM `hill_img` [ RunTime:0.0009s ]
SQL: SELECT `cyte`,`body`,`zuobiao`,`pics`,`mobile_img` FROM `hill_img` WHERE ( aid='2990' ) LIMIT 1   [ RunTime:0.0003s ]
SQL: SHOW COLUMNS FROM `archives` [ RunTime:0.0007s ]
SQL: SELECT `title` FROM `archives` WHERE ( id=2990 ) LIMIT 1   [ RunTime:0.0002s ]
SQL: select id,title from archives where title like '%%' limit 0,10 [ RunTime:0.0002s ]
INFO: [ view_parse ] --START--
INFO: [ template_filter ] --START--
INFO: Run Behavior\ContentReplaceBehavior [ RunTime:0.000056s ]
INFO: [ template_filter ] --END-- [ RunTime:0.000092s ]
INFO: Run Behavior\ParseTemplateBehavior [ RunTime:0.002695s ]
INFO: [ view_parse ] --END-- [ RunTime:0.002737s ]
INFO: [ view_filter ] --START--
INFO: Run Behavior\WriteHtmlCacheBehavior [ RunTime:0.000032s ]
INFO: [ view_filter ] --END-- [ RunTime:0.000059s ]
INFO: [ app_end ] --START--
INFO: Run Behavior\ShowPageTraceBehavior [ RunTime:0.000030s ]
INFO: [ app_end ] --END-- [ RunTime:0.000058s ]

[ 2016-03-12T05:42:29+08:00 ] 182.118.20.171 /mobile/app/b2b/index.php/News/Index/detail/aid/5895
INFO: [ app_init ] --START--
INFO: Run Behavior\BuildLiteBehavior [ RunTime:0.000012s ]
INFO: [ app_init ] --END-- [ RunTime:0.000084s ]
INFO: [ app_begin ] --START--
INFO: Run Behavior\ReadHtmlCacheBehavior [ RunTime:0.000039s ]
INFO: [ app_begin ] --END-- [ RunTime:0.000072s ]
NOTIC: [8] A session had already been started - ignoring session_start() /home/wwwroot/default/shopnc/mobile/app/b2b/ThinkPHP/Common/functions.php 第 1261 行.
SQL: SHOW COLUMNS FROM `hill_img` [ RunTime:0.0010s ]
SQL: SELECT `cyte`,`body`,`zuobiao`,`pics`,`mobile_img` FROM `hill_img` WHERE ( aid='5895' ) LIMIT 1   [ RunTime:0.0002s ]
SQL: SHOW COLUMNS FROM `archives` [ RunTime:0.0006s ]
SQL: SELECT `title` FROM `archives` WHERE ( id=5895 ) LIMIT 1   [ RunTime:0.0002s ]
SQL: select id,title from archives where title like '%西路边茶%' limit 0,10 [ RunTime:0.0029s ]
INFO: [ view_parse ] --START--
INFO: [ template_filter ] --START--
INFO: Run Behavior\ContentReplaceBehavior [ RunTime:0.000057s ]
INFO: [ template_filter ] --END-- [ RunTime:0.000094s ]
INFO: Run Behavior\ParseTemplateBehavior [ RunTime:0.002834s ]
INFO: [ view_parse ] --END-- [ RunTime:0.002887s ]
INFO: [ view_filter ] --START--
INFO: Run Behavior\WriteHtmlCacheBehavior [ RunTime:0.000039s ]
INFO: [ view_filter ] --END-- [ RunTime:0.000067s ]
INFO: [ app_end ] --START--
INFO: Run Behavior\ShowPageTraceBehavior [ RunTime:0.000036s ]
INFO: [ app_end ] --END-- [ RunTime:0.000065s ]

[ 2016-03-12T05:45:03+08:00 ] 182.118.21.215 /mobile/app/b2b/index.php/News/Index/detail/aid/2961
INFO: [ app_init ] --START--
INFO: Run Behavior\BuildLiteBehavior [ RunTime:0.000013s ]
INFO: [ app_init ] --END-- [ RunTime:0.000103s ]
INFO: [ app_begin ] --START--
INFO: Run Behavior\ReadHtmlCacheBehavior [ RunTime:0.000039s ]
INFO: [ app_begin ] --END-- [ RunTime:0.000076s ]
NOTIC: [8] A session had already been started - ignoring session_start() /home/wwwroot/default/shopnc/mobile/app/b2b/ThinkPHP/Common/functions.php 第 1261 行.
SQL: SHOW COLUMNS FROM `hill_img` [ RunTime:0.0010s ]
SQL: SELECT `cyte`,`body`,`zuobiao`,`pics`,`mobile_img` FROM `hill_img` WHERE ( aid='2961' ) LIMIT 1   [ RunTime:0.0003s ]
SQL: SHOW COLUMNS FROM `archives` [ RunTime:0.0008s ]
SQL: SELECT `title` FROM `archives` WHERE ( id=2961 ) LIMIT 1   [ RunTime:0.0002s ]
SQL: select id,title from archives where title like '%%' limit 0,10 [ RunTime:0.0003s ]
INFO: [ view_parse ] --START--
INFO: [ template_filter ] --START--
INFO: Run Behavior\ContentReplaceBehavior [ RunTime:0.000058s ]
INFO: [ template_filter ] --END-- [ RunTime:0.000106s ]
INFO: Run Behavior\ParseTemplateBehavior [ RunTime:0.002680s ]
INFO: [ view_parse ] --END-- [ RunTime:0.002717s ]
INFO: [ view_filter ] --START--
INFO: Run Behavior\WriteHtmlCacheBehavior [ RunTime:0.000040s ]
INFO: [ view_filter ] --END-- [ RunTime:0.000071s ]
INFO: [ app_end ] --START--
INFO: Run Behavior\ShowPageTraceBehavior [ RunTime:0.000042s ]
INFO: [ app_end ] --END-- [ RunTime:0.000080s ]

[ 2016-03-12T05:48:50+08:00 ] 101.226.168.225 /mobile/app/b2b/index.php/News/Index/detail/aid/3020
INFO: [ app_init ] --START--
INFO: Run Behavior\BuildLiteBehavior [ RunTime:0.000012s ]
INFO: [ app_init ] --END-- [ RunTime:0.000084s ]
INFO: [ app_begin ] --START--
INFO: Run Behavior\ReadHtmlCacheBehavior [ RunTime:0.000038s ]
INFO: [ app_begin ] --END-- [ RunTime:0.000071s ]
NOTIC: [8] A session had already been started - ignoring session_start() /home/wwwroot/default/shopnc/mobile/app/b2b/ThinkPHP/Common/functions.php 第 1261 行.
SQL: SHOW COLUMNS FROM `hill_img` [ RunTime:0.0011s ]
SQL: SELECT `cyte`,`body`,`zuobiao`,`pics`,`mobile_img` FROM `hill_img` WHERE ( aid='3020' ) LIMIT 1   [ RunTime:0.0002s ]
SQL: SHOW COLUMNS FROM `archives` [ RunTime:0.0006s ]
SQL: SELECT `title` FROM `archives` WHERE ( id=3020 ) LIMIT 1   [ RunTime:0.0001s ]
SQL: select id,title from archives where title like '%%' limit 0,10 [ RunTime:0.0003s ]
INFO: [ view_parse ] --START--
INFO: [ template_filter ] --START--
INFO: Run Behavior\ContentReplaceBehavior [ RunTime:0.000056s ]
INFO: [ template_filter ] --END-- [ RunTime:0.000094s ]
INFO: Run Behavior\ParseTemplateBehavior [ RunTime:0.002755s ]
INFO: [ view_parse ] --END-- [ RunTime:0.002794s ]
INFO: [ view_filter ] --START--
INFO: Run Behavior\WriteHtmlCacheBehavior [ RunTime:0.000041s ]
INFO: [ view_filter ] --END-- [ RunTime:0.000068s ]
INFO: [ app_end ] --START--
INFO: Run Behavior\ShowPageTraceBehavior [ RunTime:0.000037s ]
INFO: [ app_end ] --END-- [ RunTime:0.000067s ]

[ 2016-03-12T05:58:50+08:00 ] 182.118.25.226 /mobile/app/b2b/index.php/News/Index/detail/aid/5618
INFO: [ app_init ] --START--
INFO: Run Behavior\BuildLiteBehavior [ RunTime:0.000012s ]
INFO: [ app_init ] --END-- [ RunTime:0.000081s ]
INFO: [ app_begin ] --START--
INFO: Run Behavior\ReadHtmlCacheBehavior [ RunTime:0.000039s ]
INFO: [ app_begin ] --END-- [ RunTime:0.000071s ]
NOTIC: [8] A session had already been started - ignoring session_start() /home/wwwroot/default/shopnc/mobile/app/b2b/ThinkPHP/Common/functions.php 第 1261 行.
SQL: SHOW COLUMNS FROM `hill_img` [ RunTime:0.0010s ]
SQL: SELECT `cyte`,`body`,`zuobiao`,`pics`,`mobile_img` FROM `hill_img` WHERE ( aid='5618' ) LIMIT 1   [ RunTime:0.0002s ]
SQL: SHOW COLUMNS FROM `archives` [ RunTime:0.0008s ]
ERR: SQLSTATE[42S02]: Base table or view not found: 1146 Table 'shopncb2b2c.addonarticle' doesn't exist

[ 2016-03-12T06:25:27+08:00 ] 203.208.60.120 /mobile/app/b2b/index.php/News/Index/detail/aid/2908
INFO: [ app_init ] --START--
INFO: Run Behavior\BuildLiteBehavior [ RunTime:0.000018s ]
INFO: [ app_init ] --END-- [ RunTime:0.000241s ]
INFO: [ app_begin ] --START--
INFO: Run Behavior\ReadHtmlCacheBehavior [ RunTime:0.000059s ]
INFO: [ app_begin ] --END-- [ RunTime:0.000112s ]
NOTIC: [8] A session had already been started - ignoring session_start() /home/wwwroot/default/shopnc/mobile/app/b2b/ThinkPHP/Common/functions.php 第 1261 行.
SQL: SHOW COLUMNS FROM `hill_img` [ RunTime:0.0013s ]
SQL: SELECT `cyte`,`body`,`zuobiao`,`pics`,`mobile_img` FROM `hill_img` WHERE ( aid='2908' ) LIMIT 1   [ RunTime:0.0003s ]
SQL: SHOW COLUMNS FROM `archives` [ RunTime:0.0010s ]
SQL: SELECT `title` FROM `archives` WHERE ( id=2908 ) LIMIT 1   [ RunTime:0.0002s ]
SQL: select id,title from archives where title like '%老曼峨%' limit 0,10 [ RunTime:0.0039s ]
INFO: [ view_parse ] --START--
INFO: [ template_filter ] --START--
INFO: Run Behavior\ContentReplaceBehavior [ RunTime:0.000057s ]
INFO: [ template_filter ] --END-- [ RunTime:0.000094s ]
INFO: Run Behavior\ParseTemplateBehavior [ RunTime:0.002765s ]
INFO: [ view_parse ] --END-- [ RunTime:0.002807s ]
INFO: [ view_filter ] --START--
INFO: Run Behavior\WriteHtmlCacheBehavior [ RunTime:0.000039s ]
INFO: [ view_filter ] --END-- [ RunTime:0.000067s ]
INFO: [ app_end ] --START--
INFO: Run Behavior\ShowPageTraceBehavior [ RunTime:0.000041s ]
INFO: [ app_end ] --END-- [ RunTime:0.000076s ]

[ 2016-03-12T13:57:52+08:00 ] 180.76.15.29 /mobile/app/b2b/index.php/News/Index/detail/aid/5884
INFO: [ app_init ] --START--
INFO: Run Behavior\BuildLiteBehavior [ RunTime:0.000013s ]
INFO: [ app_init ] --END-- [ RunTime:0.000085s ]
INFO: [ app_begin ] --START--
INFO: Run Behavior\ReadHtmlCacheBehavior [ RunTime:0.000039s ]
INFO: [ app_begin ] --END-- [ RunTime:0.000072s ]
NOTIC: [8] A session had already been started - ignoring session_start() /home/wwwroot/default/shopnc/mobile/app/b2b/ThinkPHP/Common/functions.php 第 1261 行.
SQL: SHOW COLUMNS FROM `hill_img` [ RunTime:0.0010s ]
SQL: SELECT `cyte`,`body`,`zuobiao`,`pics`,`mobile_img` FROM `hill_img` WHERE ( aid='5884' ) LIMIT 1   [ RunTime:0.0002s ]
SQL: SHOW COLUMNS FROM `archives` [ RunTime:0.0006s ]
SQL: SELECT `title` FROM `archives` WHERE ( id=5884 ) LIMIT 1   [ RunTime:0.0002s ]
SQL: select id,title from archives where title like '%浮梁工夫%' limit 0,10 [ RunTime:0.0029s ]
INFO: [ view_parse ] --START--
INFO: [ template_filter ] --START--
INFO: Run Behavior\ContentReplaceBehavior [ RunTime:0.000056s ]
INFO: [ template_filter ] --END-- [ RunTime:0.000091s ]
INFO: Run Behavior\ParseTemplateBehavior [ RunTime:0.002611s ]
INFO: [ view_parse ] --END-- [ RunTime:0.002648s ]
INFO: [ view_filter ] --START--
INFO: Run Behavior\WriteHtmlCacheBehavior [ RunTime:0.000039s ]
INFO: [ view_filter ] --END-- [ RunTime:0.000066s ]
INFO: [ app_end ] --START--
INFO: Run Behavior\ShowPageTraceBehavior [ RunTime:0.000034s ]
INFO: [ app_end ] --END-- [ RunTime:0.000062s ]

[ 2016-03-12T14:17:18+08:00 ] 59.37.20.24 /mobile/app/b2b/index.php/News/Index/Home
INFO: [ app_init ] --START--
INFO: Run Behavior\BuildLiteBehavior [ RunTime:0.000012s ]
INFO: [ app_init ] --END-- [ RunTime:0.000101s ]
INFO: [ app_begin ] --START--
INFO: Run Behavior\ReadHtmlCacheBehavior [ RunTime:0.000034s ]
INFO: [ app_begin ] --END-- [ RunTime:0.000067s ]
NOTIC: [8] A session had already been started - ignoring session_start() /home/wwwroot/default/shopnc/mobile/app/b2b/ThinkPHP/Common/functions.php 第 1261 行.
INFO: [ view_parse ] --START--
INFO: [ template_filter ] --START--
INFO: Run Behavior\ContentReplaceBehavior [ RunTime:0.000065s ]
INFO: [ template_filter ] --END-- [ RunTime:0.000102s ]
INFO: Run Behavior\ParseTemplateBehavior [ RunTime:0.006063s ]
INFO: [ view_parse ] --END-- [ RunTime:0.006100s ]
INFO: [ view_filter ] --START--
INFO: Run Behavior\WriteHtmlCacheBehavior [ RunTime:0.000040s ]
INFO: [ view_filter ] --END-- [ RunTime:0.000069s ]
INFO: [ app_end ] --START--
INFO: Run Behavior\ShowPageTraceBehavior [ RunTime:0.000032s ]
INFO: [ app_end ] --END-- [ RunTime:0.000064s ]

[ 2016-03-12T15:16:22+08:00 ] 110.52.127.254 /mobile/app/b2b/index.php/News/Index/Home
INFO: [ app_init ] --START--
INFO: Run Behavior\BuildLiteBehavior [ RunTime:0.000012s ]
INFO: [ app_init ] --END-- [ RunTime:0.000089s ]
INFO: [ app_begin ] --START--
INFO: Run Behavior\ReadHtmlCacheBehavior [ RunTime:0.000040s ]
INFO: [ app_begin ] --END-- [ RunTime:0.000074s ]
NOTIC: [8] A session had already been started - ignoring session_start() /home/wwwroot/default/shopnc/mobile/app/b2b/ThinkPHP/Common/functions.php 第 1261 行.
INFO: [ view_parse ] --START--
INFO: [ template_filter ] --START--
INFO: Run Behavior\ContentReplaceBehavior [ RunTime:0.000072s ]
INFO: [ template_filter ] --END-- [ RunTime:0.000116s ]
INFO: Run Behavior\ParseTemplateBehavior [ RunTime:0.006245s ]
INFO: [ view_parse ] --END-- [ RunTime:0.006282s ]
INFO: [ view_filter ] --START--
INFO: Run Behavior\WriteHtmlCacheBehavior [ RunTime:0.000044s ]
INFO: [ view_filter ] --END-- [ RunTime:0.000072s ]
INFO: [ app_end ] --START--
INFO: Run Behavior\ShowPageTraceBehavior [ RunTime:0.000084s ]
INFO: [ app_end ] --END-- [ RunTime:0.000160s ]

[ 2016-03-12T15:16:46+08:00 ] 110.52.127.254 /mobile/app/b2b/index.php/News/Index/detail/aid/5821
INFO: [ app_init ] --START--
INFO: Run Behavior\BuildLiteBehavior [ RunTime:0.000013s ]
INFO: [ app_init ] --END-- [ RunTime:0.000082s ]
INFO: [ app_begin ] --START--
INFO: Run Behavior\ReadHtmlCacheBehavior [ RunTime:0.000033s ]
INFO: [ app_begin ] --END-- [ RunTime:0.000069s ]
NOTIC: [8] A session had already been started - ignoring session_start() /home/wwwroot/default/shopnc/mobile/app/b2b/ThinkPHP/Common/functions.php 第 1261 行.
SQL: SHOW COLUMNS FROM `hill_img` [ RunTime:0.0011s ]
SQL: SELECT `cyte`,`body`,`zuobiao`,`pics`,`mobile_img` FROM `hill_img` WHERE ( aid='5821' ) LIMIT 1   [ RunTime:0.0002s ]
SQL: SHOW COLUMNS FROM `archives` [ RunTime:0.0007s ]
SQL: SELECT `title` FROM `archives` WHERE ( id=5821 ) LIMIT 1   [ RunTime:0.0002s ]
SQL: select id,title from archives where title like '%黄山毛峰%' limit 0,10 [ RunTime:0.0029s ]
INFO: [ view_parse ] --START--
INFO: [ template_filter ] --START--
INFO: Run Behavior\ContentReplaceBehavior [ RunTime:0.000057s ]
INFO: [ template_filter ] --END-- [ RunTime:0.000095s ]
INFO: Run Behavior\ParseTemplateBehavior [ RunTime:0.002732s ]
INFO: [ view_parse ] --END-- [ RunTime:0.002771s ]
INFO: [ view_filter ] --START--
INFO: Run Behavior\WriteHtmlCacheBehavior [ RunTime:0.000033s ]
INFO: [ view_filter ] --END-- [ RunTime:0.000060s ]
INFO: [ app_end ] --START--
INFO: Run Behavior\ShowPageTraceBehavior [ RunTime:0.000030s ]
INFO: [ app_end ] --END-- [ RunTime:0.000058s ]

[ 2016-03-12T15:16:46+08:00 ] 110.52.127.254 /mobile/app/b2b/index.php/News/Index/map
INFO: [ app_init ] --START--
INFO: Run Behavior\BuildLiteBehavior [ RunTime:0.000012s ]
INFO: [ app_init ] --END-- [ RunTime:0.000081s ]
INFO: [ app_begin ] --START--
INFO: Run Behavior\ReadHtmlCacheBehavior [ RunTime:0.000035s ]
INFO: [ app_begin ] --END-- [ RunTime:0.000068s ]
NOTIC: [8] A session had already been started - ignoring session_start() /home/wwwroot/default/shopnc/mobile/app/b2b/ThinkPHP/Common/functions.php 第 1261 行.
INFO: [ view_parse ] --START--
INFO: [ template_filter ] --START--
INFO: Run Behavior\ContentReplaceBehavior [ RunTime:0.000030s ]
INFO: [ template_filter ] --END-- [ RunTime:0.000063s ]
INFO: Run Behavior\ParseTemplateBehavior [ RunTime:0.001248s ]
INFO: [ view_parse ] --END-- [ RunTime:0.001285s ]
INFO: [ view_filter ] --START--
INFO: Run Behavior\WriteHtmlCacheBehavior [ RunTime:0.000032s ]
INFO: [ view_filter ] --END-- [ RunTime:0.000058s ]
INFO: [ app_end ] --START--
INFO: Run Behavior\ShowPageTraceBehavior [ RunTime:0.000029s ]
INFO: [ app_end ] --END-- [ RunTime:0.000056s ]

[ 2016-03-12T15:17:26+08:00 ] 110.52.127.254 /mobile/app/b2b/index.php/News/Index/detail/aid/5832
INFO: [ app_init ] --START--
INFO: Run Behavior\BuildLiteBehavior [ RunTime:0.000013s ]
INFO: [ app_init ] --END-- [ RunTime:0.000089s ]
INFO: [ app_begin ] --START--
INFO: Run Behavior\ReadHtmlCacheBehavior [ RunTime:0.000038s ]
INFO: [ app_begin ] --END-- [ RunTime:0.000072s ]
NOTIC: [8] A session had already been started - ignoring session_start() /home/wwwroot/default/shopnc/mobile/app/b2b/ThinkPHP/Common/functions.php 第 1261 行.
SQL: SHOW COLUMNS FROM `hill_img` [ RunTime:0.0011s ]
SQL: SELECT `cyte`,`body`,`zuobiao`,`pics`,`mobile_img` FROM `hill_img` WHERE ( aid='5832' ) LIMIT 1   [ RunTime:0.0002s ]
SQL: SHOW COLUMNS FROM `archives` [ RunTime:0.0006s ]
SQL: SELECT `title` FROM `archives` WHERE ( id=5832 ) LIMIT 1   [ RunTime:0.0002s ]
SQL: select id,title from archives where title like '%贵州雀舌%' limit 0,10 [ RunTime:0.0030s ]
INFO: [ view_parse ] --START--
INFO: [ template_filter ] --START--
INFO: Run Behavior\ContentReplaceBehavior [ RunTime:0.000057s ]
INFO: [ template_filter ] --END-- [ RunTime:0.000092s ]
INFO: Run Behavior\ParseTemplateBehavior [ RunTime:0.002825s ]
INFO: [ view_parse ] --END-- [ RunTime:0.002870s ]
INFO: [ view_filter ] --START--
INFO: Run Behavior\WriteHtmlCacheBehavior [ RunTime:0.000040s ]
INFO: [ view_filter ] --END-- [ RunTime:0.000068s ]
INFO: [ app_end ] --START--
INFO: Run Behavior\ShowPageTraceBehavior [ RunTime:0.000037s ]
INFO: [ app_end ] --END-- [ RunTime:0.000065s ]

[ 2016-03-12T15:17:26+08:00 ] 110.52.127.254 /mobile/app/b2b/index.php/News/Index/map
INFO: [ app_init ] --START--
INFO: Run Behavior\BuildLiteBehavior [ RunTime:0.000013s ]
INFO: [ app_init ] --END-- [ RunTime:0.000089s ]
INFO: [ app_begin ] --START--
INFO: Run Behavior\ReadHtmlCacheBehavior [ RunTime:0.000033s ]
INFO: [ app_begin ] --END-- [ RunTime:0.000066s ]
NOTIC: [8] A session had already been started - ignoring session_start() /home/wwwroot/default/shopnc/mobile/app/b2b/ThinkPHP/Common/functions.php 第 1261 行.
INFO: [ view_parse ] --START--
INFO: [ template_filter ] --START--
INFO: Run Behavior\ContentReplaceBehavior [ RunTime:0.000029s ]
INFO: [ template_filter ] --END-- [ RunTime:0.000064s ]
INFO: Run Behavior\ParseTemplateBehavior [ RunTime:0.001289s ]
INFO: [ view_parse ] --END-- [ RunTime:0.001330s ]
INFO: [ view_filter ] --START--
INFO: Run Behavior\WriteHtmlCacheBehavior [ RunTime:0.000032s ]
INFO: [ view_filter ] --END-- [ RunTime:0.000060s ]
INFO: [ app_end ] --START--
INFO: Run Behavior\ShowPageTraceBehavior [ RunTime:0.000028s ]
INFO: [ app_end ] --END-- [ RunTime:0.000057s ]

[ 2016-03-12T18:49:06+08:00 ] 42.120.160.52 /mobile/app/b2b/index.php/News/Index/detail/aid/2944
INFO: [ app_init ] --START--
INFO: Run Behavior\BuildLiteBehavior [ RunTime:0.000012s ]
INFO: [ app_init ] --END-- [ RunTime:0.000082s ]
INFO: [ app_begin ] --START--
INFO: Run Behavior\ReadHtmlCacheBehavior [ RunTime:0.000038s ]
INFO: [ app_begin ] --END-- [ RunTime:0.000071s ]
NOTIC: [8] A session had already been started - ignoring session_start() /home/wwwroot/default/shopnc/mobile/app/b2b/ThinkPHP/Common/functions.php 第 1261 行.
SQL: SHOW COLUMNS FROM `hill_img` [ RunTime:0.0010s ]
SQL: SELECT `cyte`,`body`,`zuobiao`,`pics`,`mobile_img` FROM `hill_img` WHERE ( aid='2944' ) LIMIT 1   [ RunTime:0.0002s ]
SQL: SHOW COLUMNS FROM `archives` [ RunTime:0.0006s ]
SQL: SELECT `title` FROM `archives` WHERE ( id=2944 ) LIMIT 1   [ RunTime:0.0002s ]
SQL: select id,title from archives where title like '%保塘%' limit 0,10 [ RunTime:0.0029s ]
INFO: [ view_parse ] --START--
INFO: [ template_filter ] --START--
INFO: Run Behavior\ContentReplaceBehavior [ RunTime:0.000071s ]
INFO: [ template_filter ] --END-- [ RunTime:0.000107s ]
INFO: Run Behavior\ParseTemplateBehavior [ RunTime:0.002588s ]
INFO: [ view_parse ] --END-- [ RunTime:0.002626s ]
INFO: [ view_filter ] --START--
INFO: Run Behavior\WriteHtmlCacheBehavior [ RunTime:0.000043s ]
INFO: [ view_filter ] --END-- [ RunTime:0.000070s ]
INFO: [ app_end ] --START--
INFO: Run Behavior\ShowPageTraceBehavior [ RunTime:0.000035s ]
INFO: [ app_end ] --END-- [ RunTime:0.000063s ]

[ 2016-03-12T18:50:51+08:00 ] 42.156.137.52 /mobile/app/b2b/index.php/News/Index/detail/aid/3001
INFO: [ app_init ] --START--
INFO: Run Behavior\BuildLiteBehavior [ RunTime:0.000013s ]
INFO: [ app_init ] --END-- [ RunTime:0.000084s ]
INFO: [ app_begin ] --START--
INFO: Run Behavior\ReadHtmlCacheBehavior [ RunTime:0.000037s ]
INFO: [ app_begin ] --END-- [ RunTime:0.000070s ]
NOTIC: [8] A session had already been started - ignoring session_start() /home/wwwroot/default/shopnc/mobile/app/b2b/ThinkPHP/Common/functions.php 第 1261 行.
SQL: SHOW COLUMNS FROM `hill_img` [ RunTime:0.0010s ]
SQL: SELECT `cyte`,`body`,`zuobiao`,`pics`,`mobile_img` FROM `hill_img` WHERE ( aid='3001' ) LIMIT 1   [ RunTime:0.0002s ]
SQL: SHOW COLUMNS FROM `archives` [ RunTime:0.0007s ]
SQL: SELECT `title` FROM `archives` WHERE ( id=3001 ) LIMIT 1   [ RunTime:0.0001s ]
SQL: select id,title from archives where title like '%%' limit 0,10 [ RunTime:0.0004s ]
INFO: [ view_parse ] --START--
INFO: [ template_filter ] --START--
INFO: Run Behavior\ContentReplaceBehavior [ RunTime:0.000054s ]
INFO: [ template_filter ] --END-- [ RunTime:0.000090s ]
INFO: Run Behavior\ParseTemplateBehavior [ RunTime:0.002740s ]
INFO: [ view_parse ] --END-- [ RunTime:0.002779s ]
INFO: [ view_filter ] --START--
INFO: Run Behavior\WriteHtmlCacheBehavior [ RunTime:0.000038s ]
INFO: [ view_filter ] --END-- [ RunTime:0.000065s ]
INFO: [ app_end ] --START--
INFO: Run Behavior\ShowPageTraceBehavior [ RunTime:0.000035s ]
INFO: [ app_end ] --END-- [ RunTime:0.000063s ]

[ 2016-03-12T18:50:53+08:00 ] 42.156.136.52 /mobile/app/b2b/index.php/News/Index/detail/aid/3013
INFO: [ app_init ] --START--
INFO: Run Behavior\BuildLiteBehavior [ RunTime:0.000021s ]
INFO: [ app_init ] --END-- [ RunTime:0.000131s ]
INFO: [ app_begin ] --START--
INFO: Run Behavior\ReadHtmlCacheBehavior [ RunTime:0.000058s ]
INFO: [ app_begin ] --END-- [ RunTime:0.000121s ]
NOTIC: [8] A session had already been started - ignoring session_start() /home/wwwroot/default/shopnc/mobile/app/b2b/ThinkPHP/Common/functions.php 第 1261 行.
SQL: SHOW COLUMNS FROM `hill_img` [ RunTime:0.0010s ]
SQL: SELECT `cyte`,`body`,`zuobiao`,`pics`,`mobile_img` FROM `hill_img` WHERE ( aid='3013' ) LIMIT 1   [ RunTime:0.0003s ]
SQL: SHOW COLUMNS FROM `archives` [ RunTime:0.0007s ]
SQL: SELECT `title` FROM `archives` WHERE ( id=3013 ) LIMIT 1   [ RunTime:0.0002s ]
SQL: select id,title from archives where title like '%%' limit 0,10 [ RunTime:0.0003s ]
INFO: [ view_parse ] --START--
INFO: [ template_filter ] --START--
INFO: Run Behavior\ContentReplaceBehavior [ RunTime:0.000056s ]
INFO: [ template_filter ] --END-- [ RunTime:0.000091s ]
INFO: Run Behavior\ParseTemplateBehavior [ RunTime:0.002630s ]
INFO: [ view_parse ] --END-- [ RunTime:0.002668s ]
INFO: [ view_filter ] --START--
INFO: Run Behavior\WriteHtmlCacheBehavior [ RunTime:0.000032s ]
INFO: [ view_filter ] --END-- [ RunTime:0.000060s ]
INFO: [ app_end ] --START--
INFO: Run Behavior\ShowPageTraceBehavior [ RunTime:0.000029s ]
INFO: [ app_end ] --END-- [ RunTime:0.000058s ]

[ 2016-03-12T18:50:53+08:00 ] 42.156.138.52 /mobile/app/b2b/index.php/News/Index/detail/aid/2913
INFO: [ app_init ] --START--
INFO: Run Behavior\BuildLiteBehavior [ RunTime:0.000013s ]
INFO: [ app_init ] --END-- [ RunTime:0.000079s ]
INFO: [ app_begin ] --START--
INFO: Run Behavior\ReadHtmlCacheBehavior [ RunTime:0.000032s ]
INFO: [ app_begin ] --END-- [ RunTime:0.000065s ]
NOTIC: [8] A session had already been started - ignoring session_start() /home/wwwroot/default/shopnc/mobile/app/b2b/ThinkPHP/Common/functions.php 第 1261 行.
SQL: SHOW COLUMNS FROM `hill_img` [ RunTime:0.0011s ]
SQL: SELECT `cyte`,`body`,`zuobiao`,`pics`,`mobile_img` FROM `hill_img` WHERE ( aid='2913' ) LIMIT 1   [ RunTime:0.0003s ]
SQL: SHOW COLUMNS FROM `archives` [ RunTime:0.0007s ]
SQL: SELECT `title` FROM `archives` WHERE ( id=2913 ) LIMIT 1   [ RunTime:0.0002s ]
SQL: select id,title from archives where title like '%新班章%' limit 0,10 [ RunTime:0.0030s ]
INFO: [ view_parse ] --START--
INFO: [ template_filter ] --START--
INFO: Run Behavior\ContentReplaceBehavior [ RunTime:0.000056s ]
INFO: [ template_filter ] --END-- [ RunTime:0.000092s ]
INFO: Run Behavior\ParseTemplateBehavior [ RunTime:0.002670s ]
INFO: [ view_parse ] --END-- [ RunTime:0.002708s ]
INFO: [ view_filter ] --START--
INFO: Run Behavior\WriteHtmlCacheBehavior [ RunTime:0.000033s ]
INFO: [ view_filter ] --END-- [ RunTime:0.000060s ]
INFO: [ app_end ] --START--
INFO: Run Behavior\ShowPageTraceBehavior [ RunTime:0.000029s ]
INFO: [ app_end ] --END-- [ RunTime:0.000057s ]

[ 2016-03-12T18:50:53+08:00 ] 42.120.160.52 /mobile/app/b2b/index.php/News/Index/detail/aid/2950
INFO: [ app_init ] --START--
INFO: Run Behavior\BuildLiteBehavior [ RunTime:0.000012s ]
INFO: [ app_init ] --END-- [ RunTime:0.000076s ]
INFO: [ app_begin ] --START--
INFO: Run Behavior\ReadHtmlCacheBehavior [ RunTime:0.000034s ]
INFO: [ app_begin ] --END-- [ RunTime:0.000066s ]
NOTIC: [8] A session had already been started - ignoring session_start() /home/wwwroot/default/shopnc/mobile/app/b2b/ThinkPHP/Common/functions.php 第 1261 行.
SQL: SHOW COLUMNS FROM `hill_img` [ RunTime:0.0010s ]
SQL: SELECT `cyte`,`body`,`zuobiao`,`pics`,`mobile_img` FROM `hill_img` WHERE ( aid='2950' ) LIMIT 1   [ RunTime:0.0002s ]
SQL: SHOW COLUMNS FROM `archives` [ RunTime:0.0006s ]
SQL: SELECT `title` FROM `archives` WHERE ( id=2950 ) LIMIT 1   [ RunTime:0.0002s ]
SQL: select id,title from archives where title like '%%' limit 0,10 [ RunTime:0.0003s ]
INFO: [ view_parse ] --START--
INFO: [ template_filter ] --START--
INFO: Run Behavior\ContentReplaceBehavior [ RunTime:0.000053s ]
INFO: [ template_filter ] --END-- [ RunTime:0.000089s ]
INFO: Run Behavior\ParseTemplateBehavior [ RunTime:0.002583s ]
INFO: [ view_parse ] --END-- [ RunTime:0.002620s ]
INFO: [ view_filter ] --START--
INFO: Run Behavior\WriteHtmlCacheBehavior [ RunTime:0.000032s ]
INFO: [ view_filter ] --END-- [ RunTime:0.000059s ]
INFO: [ app_end ] --START--
INFO: Run Behavior\ShowPageTraceBehavior [ RunTime:0.000029s ]
INFO: [ app_end ] --END-- [ RunTime:0.000058s ]

[ 2016-03-12T18:50:54+08:00 ] 42.156.139.52 /mobile/app/b2b/index.php/News/Index/detail/aid/5897
INFO: [ app_init ] --START--
INFO: Run Behavior\BuildLiteBehavior [ RunTime:0.000012s ]
INFO: [ app_init ] --END-- [ RunTime:0.000079s ]
INFO: [ app_begin ] --START--
INFO: Run Behavior\ReadHtmlCacheBehavior [ RunTime:0.000035s ]
INFO: [ app_begin ] --END-- [ RunTime:0.000069s ]
NOTIC: [8] A session had already been started - ignoring session_start() /home/wwwroot/default/shopnc/mobile/app/b2b/ThinkPHP/Common/functions.php 第 1261 行.
SQL: SHOW COLUMNS FROM `hill_img` [ RunTime:0.0010s ]
SQL: SELECT `cyte`,`body`,`zuobiao`,`pics`,`mobile_img` FROM `hill_img` WHERE ( aid='5897' ) LIMIT 1   [ RunTime:0.0002s ]
SQL: SHOW COLUMNS FROM `archives` [ RunTime:0.0006s ]
SQL: SELECT `title` FROM `archives` WHERE ( id=5897 ) LIMIT 1   [ RunTime:0.0002s ]
SQL: select id,title from archives where title like '%福鼎白茶%' limit 0,10 [ RunTime:0.0029s ]
INFO: [ view_parse ] --START--
INFO: [ template_filter ] --START--
INFO: Run Behavior\ContentReplaceBehavior [ RunTime:0.000057s ]
INFO: [ template_filter ] --END-- [ RunTime:0.000092s ]
INFO: Run Behavior\ParseTemplateBehavior [ RunTime:0.002639s ]
INFO: [ view_parse ] --END-- [ RunTime:0.002678s ]
INFO: [ view_filter ] --START--
INFO: Run Behavior\WriteHtmlCacheBehavior [ RunTime:0.000034s ]
INFO: [ view_filter ] --END-- [ RunTime:0.000060s ]
INFO: [ app_end ] --START--
INFO: Run Behavior\ShowPageTraceBehavior [ RunTime:0.000030s ]
INFO: [ app_end ] --END-- [ RunTime:0.000075s ]

[ 2016-03-12T18:50:57+08:00 ] 42.120.160.52 /mobile/app/b2b/index.php/News/Index/detail/aid/5845
INFO: [ app_init ] --START--
INFO: Run Behavior\BuildLiteBehavior [ RunTime:0.000013s ]
INFO: [ app_init ] --END-- [ RunTime:0.000081s ]
INFO: [ app_begin ] --START--
INFO: Run Behavior\ReadHtmlCacheBehavior [ RunTime:0.000033s ]
INFO: [ app_begin ] --END-- [ RunTime:0.000066s ]
NOTIC: [8] A session had already been started - ignoring session_start() /home/wwwroot/default/shopnc/mobile/app/b2b/ThinkPHP/Common/functions.php 第 1261 行.
SQL: SHOW COLUMNS FROM `hill_img` [ RunTime:0.0010s ]
SQL: SELECT `cyte`,`body`,`zuobiao`,`pics`,`mobile_img` FROM `hill_img` WHERE ( aid='5845' ) LIMIT 1   [ RunTime:0.0002s ]
SQL: SHOW COLUMNS FROM `archives` [ RunTime:0.0007s ]
SQL: SELECT `title` FROM `archives` WHERE ( id=5845 ) LIMIT 1   [ RunTime:0.0002s ]
SQL: select id,title from archives where title like '%水金龟%' limit 0,10 [ RunTime:0.0030s ]
INFO: [ view_parse ] --START--
INFO: [ template_filter ] --START--
INFO: Run Behavior\ContentReplaceBehavior [ RunTime:0.000079s ]
INFO: [ template_filter ] --END-- [ RunTime:0.000161s ]
INFO: Run Behavior\ParseTemplateBehavior [ RunTime:0.003284s ]
INFO: [ view_parse ] --END-- [ RunTime:0.003353s ]
INFO: [ view_filter ] --START--
INFO: Run Behavior\WriteHtmlCacheBehavior [ RunTime:0.000050s ]
INFO: [ view_filter ] --END-- [ RunTime:0.000079s ]
INFO: [ app_end ] --START--
INFO: Run Behavior\ShowPageTraceBehavior [ RunTime:0.000033s ]
INFO: [ app_end ] --END-- [ RunTime:0.000061s ]

[ 2016-03-12T18:50:58+08:00 ] 42.156.139.52 /mobile/app/b2b/index.php/News/Index/detail/aid/5876
INFO: [ app_init ] --START--
INFO: Run Behavior\BuildLiteBehavior [ RunTime:0.000012s ]
INFO: [ app_init ] --END-- [ RunTime:0.000077s ]
INFO: [ app_begin ] --START--
INFO: Run Behavior\ReadHtmlCacheBehavior [ RunTime:0.000033s ]
INFO: [ app_begin ] --END-- [ RunTime:0.000066s ]
NOTIC: [8] A session had already been started - ignoring session_start() /home/wwwroot/default/shopnc/mobile/app/b2b/ThinkPHP/Common/functions.php 第 1261 行.
SQL: SHOW COLUMNS FROM `hill_img` [ RunTime:0.0010s ]
SQL: SELECT `cyte`,`body`,`zuobiao`,`pics`,`mobile_img` FROM `hill_img` WHERE ( aid='5876' ) LIMIT 1   [ RunTime:0.0002s ]
SQL: SHOW COLUMNS FROM `archives` [ RunTime:0.0006s ]
SQL: SELECT `title` FROM `archives` WHERE ( id=5876 ) LIMIT 1   [ RunTime:0.0002s ]
SQL: select id,title from archives where title like '%川红工夫%' limit 0,10 [ RunTime:0.0029s ]
INFO: [ view_parse ] --START--
INFO: [ template_filter ] --START--
INFO: Run Behavior\ContentReplaceBehavior [ RunTime:0.000061s ]
INFO: [ template_filter ] --END-- [ RunTime:0.000098s ]
INFO: Run Behavior\ParseTemplateBehavior [ RunTime:0.002783s ]
INFO: [ view_parse ] --END-- [ RunTime:0.002827s ]
INFO: [ view_filter ] --START--
INFO: Run Behavior\WriteHtmlCacheBehavior [ RunTime:0.000035s ]
INFO: [ view_filter ] --END-- [ RunTime:0.000064s ]
INFO: [ app_end ] --START--
INFO: Run Behavior\ShowPageTraceBehavior [ RunTime:0.000032s ]
INFO: [ app_end ] --END-- [ RunTime:0.000061s ]

[ 2016-03-12T18:50:58+08:00 ] 42.120.161.52 /mobile/app/b2b/index.php/News/Index/detail/aid/5819
INFO: [ app_init ] --START--
INFO: Run Behavior\BuildLiteBehavior [ RunTime:0.000013s ]
INFO: [ app_init ] --END-- [ RunTime:0.000092s ]
INFO: [ app_begin ] --START--
INFO: Run Behavior\ReadHtmlCacheBehavior [ RunTime:0.000036s ]
INFO: [ app_begin ] --END-- [ RunTime:0.000077s ]
NOTIC: [8] A session had already been started - ignoring session_start() /home/wwwroot/default/shopnc/mobile/app/b2b/ThinkPHP/Common/functions.php 第 1261 行.
SQL: SHOW COLUMNS FROM `hill_img` [ RunTime:0.0011s ]
SQL: SELECT `cyte`,`body`,`zuobiao`,`pics`,`mobile_img` FROM `hill_img` WHERE ( aid='5819' ) LIMIT 1   [ RunTime:0.0002s ]
SQL: SHOW COLUMNS FROM `archives` [ RunTime:0.0007s ]
SQL: SELECT `title` FROM `archives` WHERE ( id=5819 ) LIMIT 1   [ RunTime:0.0002s ]
SQL: select id,title from archives where title like '%虎跑龙井%' limit 0,10 [ RunTime:0.0033s ]
INFO: [ view_parse ] --START--
INFO: [ template_filter ] --START--
INFO: Run Behavior\ContentReplaceBehavior [ RunTime:0.000067s ]
INFO: [ template_filter ] --END-- [ RunTime:0.000107s ]
INFO: Run Behavior\ParseTemplateBehavior [ RunTime:0.002698s ]
INFO: [ view_parse ] --END-- [ RunTime:0.002744s ]
INFO: [ view_filter ] --START--
INFO: Run Behavior\WriteHtmlCacheBehavior [ RunTime:0.000032s ]
INFO: [ view_filter ] --END-- [ RunTime:0.000059s ]
INFO: [ app_end ] --START--
INFO: Run Behavior\ShowPageTraceBehavior [ RunTime:0.000030s ]
INFO: [ app_end ] --END-- [ RunTime:0.000059s ]

[ 2016-03-12T18:50:59+08:00 ] 42.156.137.52 /mobile/app/b2b/index.php/News/Index/detail/aid/6258
INFO: [ app_init ] --START--
INFO: Run Behavior\BuildLiteBehavior [ RunTime:0.000043s ]
INFO: [ app_init ] --END-- [ RunTime:0.000125s ]
INFO: [ app_begin ] --START--
INFO: Run Behavior\ReadHtmlCacheBehavior [ RunTime:0.000035s ]
INFO: [ app_begin ] --END-- [ RunTime:0.000068s ]
NOTIC: [8] A session had already been started - ignoring session_start() /home/wwwroot/default/shopnc/mobile/app/b2b/ThinkPHP/Common/functions.php 第 1261 行.
SQL: SHOW COLUMNS FROM `hill_img` [ RunTime:0.0010s ]
SQL: SELECT `cyte`,`body`,`zuobiao`,`pics`,`mobile_img` FROM `hill_img` WHERE ( aid='6258' ) LIMIT 1   [ RunTime:0.0004s ]
SQL: SHOW COLUMNS FROM `archives` [ RunTime:0.0008s ]
SQL: SELECT `title` FROM `archives` WHERE ( id=6258 ) LIMIT 1   [ RunTime:0.0002s ]
SQL: select id,title from archives where title like '%外山小种%' limit 0,10 [ RunTime:0.0032s ]
INFO: [ view_parse ] --START--
INFO: [ template_filter ] --START--
INFO: Run Behavior\ContentReplaceBehavior [ RunTime:0.000057s ]
INFO: [ template_filter ] --END-- [ RunTime:0.000095s ]
INFO: Run Behavior\ParseTemplateBehavior [ RunTime:0.002800s ]
INFO: [ view_parse ] --END-- [ RunTime:0.002850s ]
INFO: [ view_filter ] --START--
INFO: Run Behavior\WriteHtmlCacheBehavior [ RunTime:0.000039s ]
INFO: [ view_filter ] --END-- [ RunTime:0.000077s ]
INFO: [ app_end ] --START--
INFO: Run Behavior\ShowPageTraceBehavior [ RunTime:0.000031s ]
INFO: [ app_end ] --END-- [ RunTime:0.000058s ]

[ 2016-03-12T18:50:59+08:00 ] 42.156.136.52 /mobile/app/b2b/index.php/News/Index/detail/aid/6279
INFO: [ app_init ] --START--
INFO: Run Behavior\BuildLiteBehavior [ RunTime:0.000012s ]
INFO: [ app_init ] --END-- [ RunTime:0.000077s ]
INFO: [ app_begin ] --START--
INFO: Run Behavior\ReadHtmlCacheBehavior [ RunTime:0.000034s ]
INFO: [ app_begin ] --END-- [ RunTime:0.000065s ]
NOTIC: [8] A session had already been started - ignoring session_start() /home/wwwroot/default/shopnc/mobile/app/b2b/ThinkPHP/Common/functions.php 第 1261 行.
SQL: SHOW COLUMNS FROM `hill_img` [ RunTime:0.0009s ]
SQL: SELECT `cyte`,`body`,`zuobiao`,`pics`,`mobile_img` FROM `hill_img` WHERE ( aid='6279' ) LIMIT 1   [ RunTime:0.0003s ]
SQL: SHOW COLUMNS FROM `archives` [ RunTime:0.0007s ]
SQL: SELECT `title` FROM `archives` WHERE ( id=6279 ) LIMIT 1   [ RunTime:0.0002s ]
SQL: select id,title from archives where title like '%闽北乌龙%' limit 0,10 [ RunTime:0.0030s ]
INFO: [ view_parse ] --START--
INFO: [ template_filter ] --START--
INFO: Run Behavior\ContentReplaceBehavior [ RunTime:0.000056s ]
INFO: [ template_filter ] --END-- [ RunTime:0.000092s ]
INFO: Run Behavior\ParseTemplateBehavior [ RunTime:0.002718s ]
INFO: [ view_parse ] --END-- [ RunTime:0.002757s ]
INFO: [ view_filter ] --START--
INFO: Run Behavior\WriteHtmlCacheBehavior [ RunTime:0.000032s ]
INFO: [ view_filter ] --END-- [ RunTime:0.000059s ]
INFO: [ app_end ] --START--
INFO: Run Behavior\ShowPageTraceBehavior [ RunTime:0.000029s ]
INFO: [ app_end ] --END-- [ RunTime:0.000057s ]

[ 2016-03-12T18:51:04+08:00 ] 42.156.138.52 /mobile/app/b2b/index.php/News/Index/detail/aid/5869
INFO: [ app_init ] --START--
INFO: Run Behavior\BuildLiteBehavior [ RunTime:0.000015s ]
INFO: [ app_init ] --END-- [ RunTime:0.000112s ]
INFO: [ app_begin ] --START--
INFO: Run Behavior\ReadHtmlCacheBehavior [ RunTime:0.000054s ]
INFO: [ app_begin ] --END-- [ RunTime:0.000109s ]
NOTIC: [8] A session had already been started - ignoring session_start() /home/wwwroot/default/shopnc/mobile/app/b2b/ThinkPHP/Common/functions.php 第 1261 行.
SQL: SHOW COLUMNS FROM `hill_img` [ RunTime:0.0008s ]
SQL: SELECT `cyte`,`body`,`zuobiao`,`pics`,`mobile_img` FROM `hill_img` WHERE ( aid='5869' ) LIMIT 1   [ RunTime:0.0004s ]
SQL: SHOW COLUMNS FROM `archives` [ RunTime:0.0007s ]
SQL: SELECT `title` FROM `archives` WHERE ( id=5869 ) LIMIT 1   [ RunTime:0.0001s ]
SQL: select id,title from archives where title like '%黄金桂%' limit 0,10 [ RunTime:0.0030s ]
INFO: [ view_parse ] --START--
INFO: [ template_filter ] --START--
INFO: Run Behavior\ContentReplaceBehavior [ RunTime:0.000052s ]
INFO: [ template_filter ] --END-- [ RunTime:0.000088s ]
INFO: Run Behavior\ParseTemplateBehavior [ RunTime:0.002628s ]
INFO: [ view_parse ] --END-- [ RunTime:0.002676s ]
INFO: [ view_filter ] --START--
INFO: Run Behavior\WriteHtmlCacheBehavior [ RunTime:0.000032s ]
INFO: [ view_filter ] --END-- [ RunTime:0.000059s ]
INFO: [ app_end ] --START--
INFO: Run Behavior\ShowPageTraceBehavior [ RunTime:0.000030s ]
INFO: [ app_end ] --END-- [ RunTime:0.000059s ]

[ 2016-03-12T18:51:05+08:00 ] 42.120.160.52 /mobile/app/b2b/index.php/News/Index/detail/aid/5872
INFO: [ app_init ] --START--
INFO: Run Behavior\BuildLiteBehavior [ RunTime:0.000018s ]
INFO: [ app_init ] --END-- [ RunTime:0.000103s ]
INFO: [ app_begin ] --START--
INFO: Run Behavior\ReadHtmlCacheBehavior [ RunTime:0.000044s ]
INFO: [ app_begin ] --END-- [ RunTime:0.000085s ]
NOTIC: [8] A session had already been started - ignoring session_start() /home/wwwroot/default/shopnc/mobile/app/b2b/ThinkPHP/Common/functions.php 第 1261 行.
SQL: SHOW COLUMNS FROM `hill_img` [ RunTime:0.0010s ]
SQL: SELECT `cyte`,`body`,`zuobiao`,`pics`,`mobile_img` FROM `hill_img` WHERE ( aid='5872' ) LIMIT 1   [ RunTime:0.0002s ]
SQL: SHOW COLUMNS FROM `archives` [ RunTime:0.0007s ]
SQL: SELECT `title` FROM `archives` WHERE ( id=5872 ) LIMIT 1   [ RunTime:0.0002s ]
SQL: select id,title from archives where title like '%梅占%' limit 0,10 [ RunTime:0.0030s ]
INFO: [ view_parse ] --START--
INFO: [ template_filter ] --START--
INFO: Run Behavior\ContentReplaceBehavior [ RunTime:0.000074s ]
INFO: [ template_filter ] --END-- [ RunTime:0.000113s ]
INFO: Run Behavior\ParseTemplateBehavior [ RunTime:0.002815s ]
INFO: [ view_parse ] --END-- [ RunTime:0.002857s ]
INFO: [ view_filter ] --START--
INFO: Run Behavior\WriteHtmlCacheBehavior [ RunTime:0.000041s ]
INFO: [ view_filter ] --END-- [ RunTime:0.000082s ]
INFO: [ app_end ] --START--
INFO: Run Behavior\ShowPageTraceBehavior [ RunTime:0.000032s ]
INFO: [ app_end ] --END-- [ RunTime:0.000061s ]

[ 2016-03-12T18:51:05+08:00 ] 42.156.139.52 /mobile/app/b2b/index.php/News/Index/detail/aid/5877
INFO: [ app_init ] --START--
INFO: Run Behavior\BuildLiteBehavior [ RunTime:0.000012s ]
INFO: [ app_init ] --END-- [ RunTime:0.000077s ]
INFO: [ app_begin ] --START--
INFO: Run Behavior\ReadHtmlCacheBehavior [ RunTime:0.000033s ]
INFO: [ app_begin ] --END-- [ RunTime:0.000066s ]
NOTIC: [8] A session had already been started - ignoring session_start() /home/wwwroot/default/shopnc/mobile/app/b2b/ThinkPHP/Common/functions.php 第 1261 行.
SQL: SHOW COLUMNS FROM `hill_img` [ RunTime:0.0010s ]
SQL: SELECT `cyte`,`body`,`zuobiao`,`pics`,`mobile_img` FROM `hill_img` WHERE ( aid='5877' ) LIMIT 1   [ RunTime:0.0002s ]
SQL: SHOW COLUMNS FROM `archives` [ RunTime:0.0007s ]
SQL: SELECT `title` FROM `archives` WHERE ( id=5877 ) LIMIT 1   [ RunTime:0.0002s ]
SQL: select id,title from archives where title like '%凤凰水仙%' limit 0,10 [ RunTime:0.0039s ]
INFO: [ view_parse ] --START--
INFO: [ template_filter ] --START--
INFO: Run Behavior\ContentReplaceBehavior [ RunTime:0.000056s ]
INFO: [ template_filter ] --END-- [ RunTime:0.000093s ]
INFO: Run Behavior\ParseTemplateBehavior [ RunTime:0.002728s ]
INFO: [ view_parse ] --END-- [ RunTime:0.002777s ]
INFO: [ view_filter ] --START--
INFO: Run Behavior\WriteHtmlCacheBehavior [ RunTime:0.000032s ]
INFO: [ view_filter ] --END-- [ RunTime:0.000078s ]
INFO: [ app_end ] --START--
INFO: Run Behavior\ShowPageTraceBehavior [ RunTime:0.000032s ]
INFO: [ app_end ] --END-- [ RunTime:0.000060s ]

[ 2016-03-12T18:51:08+08:00 ] 42.120.160.52 /mobile/app/b2b/index.php/News/Index/detail/aid/2929
INFO: [ app_init ] --START--
INFO: Run Behavior\BuildLiteBehavior [ RunTime:0.000019s ]
INFO: [ app_init ] --END-- [ RunTime:0.000120s ]
INFO: [ app_begin ] --START--
INFO: Run Behavior\ReadHtmlCacheBehavior [ RunTime:0.000047s ]
INFO: [ app_begin ] --END-- [ RunTime:0.000096s ]
NOTIC: [8] A session had already been started - ignoring session_start() /home/wwwroot/default/shopnc/mobile/app/b2b/ThinkPHP/Common/functions.php 第 1261 行.
SQL: SHOW COLUMNS FROM `hill_img` [ RunTime:0.0013s ]
SQL: SELECT `cyte`,`body`,`zuobiao`,`pics`,`mobile_img` FROM `hill_img` WHERE ( aid='2929' ) LIMIT 1   [ RunTime:0.0003s ]
SQL: SHOW COLUMNS FROM `archives` [ RunTime:0.0010s ]
SQL: SELECT `title` FROM `archives` WHERE ( id=2929 ) LIMIT 1   [ RunTime:0.0002s ]
SQL: select id,title from archives where title like '%%' limit 0,10 [ RunTime:0.0003s ]
INFO: [ view_parse ] --START--
INFO: [ template_filter ] --START--
INFO: Run Behavior\ContentReplaceBehavior [ RunTime:0.000057s ]
INFO: [ template_filter ] --END-- [ RunTime:0.000093s ]
INFO: Run Behavior\ParseTemplateBehavior [ RunTime:0.002860s ]
INFO: [ view_parse ] --END-- [ RunTime:0.002898s ]
INFO: [ view_filter ] --START--
INFO: Run Behavior\WriteHtmlCacheBehavior [ RunTime:0.000033s ]
INFO: [ view_filter ] --END-- [ RunTime:0.000063s ]
INFO: [ app_end ] --START--
INFO: Run Behavior\ShowPageTraceBehavior [ RunTime:0.000031s ]
INFO: [ app_end ] --END-- [ RunTime:0.000060s ]

[ 2016-03-12T18:51:09+08:00 ] 42.156.139.52 /mobile/app/b2b/index.php/News/Index/detail/aid/2917
INFO: [ app_init ] --START--
INFO: Run Behavior\BuildLiteBehavior [ RunTime:0.000012s ]
INFO: [ app_init ] --END-- [ RunTime:0.000076s ]
INFO: [ app_begin ] --START--
INFO: Run Behavior\ReadHtmlCacheBehavior [ RunTime:0.000034s ]
INFO: [ app_begin ] --END-- [ RunTime:0.000066s ]
NOTIC: [8] A session had already been started - ignoring session_start() /home/wwwroot/default/shopnc/mobile/app/b2b/ThinkPHP/Common/functions.php 第 1261 行.
SQL: SHOW COLUMNS FROM `hill_img` [ RunTime:0.0011s ]
SQL: SELECT `cyte`,`body`,`zuobiao`,`pics`,`mobile_img` FROM `hill_img` WHERE ( aid='2917' ) LIMIT 1   [ RunTime:0.0003s ]
SQL: SHOW COLUMNS FROM `archives` [ RunTime:0.0007s ]
SQL: SELECT `title` FROM `archives` WHERE ( id=2917 ) LIMIT 1   [ RunTime:0.0002s ]
SQL: select id,title from archives where title like '%广别老寨%' limit 0,10 [ RunTime:0.0030s ]
INFO: [ view_parse ] --START--
INFO: [ template_filter ] --START--
INFO: Run Behavior\ContentReplaceBehavior [ RunTime:0.000076s ]
INFO: [ template_filter ] --END-- [ RunTime:0.000114s ]
INFO: Run Behavior\ParseTemplateBehavior [ RunTime:0.002881s ]
INFO: [ view_parse ] --END-- [ RunTime:0.002921s ]
INFO: [ view_filter ] --START--
INFO: Run Behavior\WriteHtmlCacheBehavior [ RunTime:0.000033s ]
INFO: [ view_filter ] --END-- [ RunTime:0.000060s ]
INFO: [ app_end ] --START--
INFO: Run Behavior\ShowPageTraceBehavior [ RunTime:0.000032s ]
INFO: [ app_end ] --END-- [ RunTime:0.000062s ]

[ 2016-03-12T18:51:09+08:00 ] 42.120.161.52 /mobile/app/b2b/index.php/News/Index/detail/aid/6285
INFO: [ app_init ] --START--
INFO: Run Behavior\BuildLiteBehavior [ RunTime:0.000012s ]
INFO: [ app_init ] --END-- [ RunTime:0.000078s ]
INFO: [ app_begin ] --START--
INFO: Run Behavior\ReadHtmlCacheBehavior [ RunTime:0.000034s ]
INFO: [ app_begin ] --END-- [ RunTime:0.000067s ]
NOTIC: [8] A session had already been started - ignoring session_start() /home/wwwroot/default/shopnc/mobile/app/b2b/ThinkPHP/Common/functions.php 第 1261 行.
SQL: SHOW COLUMNS FROM `hill_img` [ RunTime:0.0009s ]
SQL: SELECT `cyte`,`body`,`zuobiao`,`pics`,`mobile_img` FROM `hill_img` WHERE ( aid='6285' ) LIMIT 1   [ RunTime:0.0004s ]
SQL: SHOW COLUMNS FROM `archives` [ RunTime:0.0006s ]
SQL: SELECT `title` FROM `archives` WHERE ( id=6285 ) LIMIT 1   [ RunTime:0.0001s ]
SQL: select id,title from archives where title like '%铁观音%' limit 0,10 [ RunTime:0.0026s ]
INFO: [ view_parse ] --START--
INFO: [ template_filter ] --START--
INFO: Run Behavior\ContentReplaceBehavior [ RunTime:0.000060s ]
INFO: [ template_filter ] --END-- [ RunTime:0.000104s ]
INFO: Run Behavior\ParseTemplateBehavior [ RunTime:0.002792s ]
INFO: [ view_parse ] --END-- [ RunTime:0.002832s ]
INFO: [ view_filter ] --START--
INFO: Run Behavior\WriteHtmlCacheBehavior [ RunTime:0.000033s ]
INFO: [ view_filter ] --END-- [ RunTime:0.000060s ]
INFO: [ app_end ] --START--
INFO: Run Behavior\ShowPageTraceBehavior [ RunTime:0.000051s ]
INFO: [ app_end ] --END-- [ RunTime:0.000102s ]

[ 2016-03-12T18:51:10+08:00 ] 42.156.137.52 /mobile/app/b2b/index.php/News/Index/detail/aid/819
INFO: [ app_init ] --START--
INFO: Run Behavior\BuildLiteBehavior [ RunTime:0.000029s ]
INFO: [ app_init ] --END-- [ RunTime:0.000096s ]
INFO: [ app_begin ] --START--
INFO: Run Behavior\ReadHtmlCacheBehavior [ RunTime:0.000034s ]
INFO: [ app_begin ] --END-- [ RunTime:0.000066s ]
NOTIC: [8] A session had already been started - ignoring session_start() /home/wwwroot/default/shopnc/mobile/app/b2b/ThinkPHP/Common/functions.php 第 1261 行.
SQL: SHOW COLUMNS FROM `hill_img` [ RunTime:0.0010s ]
SQL: SELECT `cyte`,`body`,`zuobiao`,`pics`,`mobile_img` FROM `hill_img` WHERE ( aid='819' ) LIMIT 1   [ RunTime:0.0002s ]
SQL: SHOW COLUMNS FROM `archives` [ RunTime:0.0007s ]
ERR: SQLSTATE[42S02]: Base table or view not found: 1146 Table 'shopncb2b2c.addonarticle' doesn't exist

[ 2016-03-12T18:51:10+08:00 ] 42.156.136.52 /mobile/app/b2b/index.php/News/Index/detail/aid/826
INFO: [ app_init ] --START--
INFO: Run Behavior\BuildLiteBehavior [ RunTime:0.000014s ]
INFO: [ app_init ] --END-- [ RunTime:0.000096s ]
INFO: [ app_begin ] --START--
INFO: Run Behavior\ReadHtmlCacheBehavior [ RunTime:0.000033s ]
INFO: [ app_begin ] --END-- [ RunTime:0.000067s ]
NOTIC: [8] A session had already been started - ignoring session_start() /home/wwwroot/default/shopnc/mobile/app/b2b/ThinkPHP/Common/functions.php 第 1261 行.
SQL: SHOW COLUMNS FROM `hill_img` [ RunTime:0.0008s ]
SQL: SELECT `cyte`,`body`,`zuobiao`,`pics`,`mobile_img` FROM `hill_img` WHERE ( aid='826' ) LIMIT 1   [ RunTime:0.0004s ]
SQL: SHOW COLUMNS FROM `archives` [ RunTime:0.0006s ]
ERR: SQLSTATE[42S02]: Base table or view not found: 1146 Table 'shopncb2b2c.addonarticle' doesn't exist

[ 2016-03-12T18:51:13+08:00 ] 42.156.137.52 /mobile/app/b2b/index.php/News/Index/detail/aid/5830
INFO: [ app_init ] --START--
INFO: Run Behavior\BuildLiteBehavior [ RunTime:0.000012s ]
INFO: [ app_init ] --END-- [ RunTime:0.000076s ]
INFO: [ app_begin ] --START--
INFO: Run Behavior\ReadHtmlCacheBehavior [ RunTime:0.000034s ]
INFO: [ app_begin ] --END-- [ RunTime:0.000067s ]
NOTIC: [8] A session had already been started - ignoring session_start() /home/wwwroot/default/shopnc/mobile/app/b2b/ThinkPHP/Common/functions.php 第 1261 行.
SQL: SHOW COLUMNS FROM `hill_img` [ RunTime:0.0010s ]
SQL: SELECT `cyte`,`body`,`zuobiao`,`pics`,`mobile_img` FROM `hill_img` WHERE ( aid='5830' ) LIMIT 1   [ RunTime:0.0002s ]
SQL: SHOW COLUMNS FROM `archives` [ RunTime:0.0007s ]
SQL: SELECT `title` FROM `archives` WHERE ( id=5830 ) LIMIT 1   [ RunTime:0.0002s ]
SQL: select id,title from archives where title like '%六安瓜片%' limit 0,10 [ RunTime:0.0030s ]
INFO: [ view_parse ] --START--
INFO: [ template_filter ] --START--
INFO: Run Behavior\ContentReplaceBehavior [ RunTime:0.000057s ]
INFO: [ template_filter ] --END-- [ RunTime:0.000094s ]
INFO: Run Behavior\ParseTemplateBehavior [ RunTime:0.002790s ]
INFO: [ view_parse ] --END-- [ RunTime:0.002830s ]
INFO: [ view_filter ] --START--
INFO: Run Behavior\WriteHtmlCacheBehavior [ RunTime:0.000033s ]
INFO: [ view_filter ] --END-- [ RunTime:0.000060s ]
INFO: [ app_end ] --START--
INFO: Run Behavior\ShowPageTraceBehavior [ RunTime:0.000034s ]
INFO: [ app_end ] --END-- [ RunTime:0.000064s ]

[ 2016-03-12T18:51:14+08:00 ] 42.156.136.52 /mobile/app/b2b/index.php/News/Index/detail/aid/6242
INFO: [ app_init ] --START--
INFO: Run Behavior\BuildLiteBehavior [ RunTime:0.000017s ]
INFO: [ app_init ] --END-- [ RunTime:0.000114s ]
INFO: [ app_begin ] --START--
INFO: Run Behavior\ReadHtmlCacheBehavior [ RunTime:0.000051s ]
INFO: [ app_begin ] --END-- [ RunTime:0.000097s ]
NOTIC: [8] A session had already been started - ignoring session_start() /home/wwwroot/default/shopnc/mobile/app/b2b/ThinkPHP/Common/functions.php 第 1261 行.
SQL: SHOW COLUMNS FROM `hill_img` [ RunTime:0.0009s ]
SQL: SELECT `cyte`,`body`,`zuobiao`,`pics`,`mobile_img` FROM `hill_img` WHERE ( aid='6242' ) LIMIT 1   [ RunTime:0.0004s ]
SQL: SHOW COLUMNS FROM `archives` [ RunTime:0.0007s ]
SQL: SELECT `title` FROM `archives` WHERE ( id=6242 ) LIMIT 1   [ RunTime:0.0001s ]
SQL: select id,title from archives where title like '%茯砖%' limit 0,10 [ RunTime:0.0031s ]
INFO: [ view_parse ] --START--
INFO: [ template_filter ] --START--
INFO: Run Behavior\ContentReplaceBehavior [ RunTime:0.000064s ]
INFO: [ template_filter ] --END-- [ RunTime:0.000111s ]
INFO: Run Behavior\ParseTemplateBehavior [ RunTime:0.002720s ]
INFO: [ view_parse ] --END-- [ RunTime:0.002757s ]
INFO: [ view_filter ] --START--
INFO: Run Behavior\WriteHtmlCacheBehavior [ RunTime:0.000043s ]
INFO: [ view_filter ] --END-- [ RunTime:0.000073s ]
INFO: [ app_end ] --START--
INFO: Run Behavior\ShowPageTraceBehavior [ RunTime:0.000031s ]
INFO: [ app_end ] --END-- [ RunTime:0.000058s ]

[ 2016-03-12T18:51:15+08:00 ] 42.156.138.52 /mobile/app/b2b/index.php/News/Index/detail/aid/5895
INFO: [ app_init ] --START--
INFO: Run Behavior\BuildLiteBehavior [ RunTime:0.000012s ]
INFO: [ app_init ] --END-- [ RunTime:0.000075s ]
INFO: [ app_begin ] --START--
INFO: Run Behavior\ReadHtmlCacheBehavior [ RunTime:0.000064s ]
INFO: [ app_begin ] --END-- [ RunTime:0.000099s ]
NOTIC: [8] A session had already been started - ignoring session_start() /home/wwwroot/default/shopnc/mobile/app/b2b/ThinkPHP/Common/functions.php 第 1261 行.
SQL: SHOW COLUMNS FROM `hill_img` [ RunTime:0.0011s ]
SQL: SELECT `cyte`,`body`,`zuobiao`,`pics`,`mobile_img` FROM `hill_img` WHERE ( aid='5895' ) LIMIT 1   [ RunTime:0.0003s ]
SQL: SHOW COLUMNS FROM `archives` [ RunTime:0.0007s ]
SQL: SELECT `title` FROM `archives` WHERE ( id=5895 ) LIMIT 1   [ RunTime:0.0002s ]
SQL: select id,title from archives where title like '%西路边茶%' limit 0,10 [ RunTime:0.0030s ]
INFO: [ view_parse ] --START--
INFO: [ template_filter ] --START--
INFO: Run Behavior\ContentReplaceBehavior [ RunTime:0.000062s ]
INFO: [ template_filter ] --END-- [ RunTime:0.000102s ]
INFO: Run Behavior\ParseTemplateBehavior [ RunTime:0.002778s ]
INFO: [ view_parse ] --END-- [ RunTime:0.002818s ]
INFO: [ view_filter ] --START--
INFO: Run Behavior\WriteHtmlCacheBehavior [ RunTime:0.000033s ]
INFO: [ view_filter ] --END-- [ RunTime:0.000060s ]
INFO: [ app_end ] --START--
INFO: Run Behavior\ShowPageTraceBehavior [ RunTime:0.000029s ]
INFO: [ app_end ] --END-- [ RunTime:0.000058s ]

[ 2016-03-12T18:51:16+08:00 ] 42.120.160.52 /mobile/app/b2b/index.php/News/Index/detail/aid/3039
INFO: [ app_init ] --START--
INFO: Run Behavior\BuildLiteBehavior [ RunTime:0.000014s ]
INFO: [ app_init ] --END-- [ RunTime:0.000079s ]
INFO: [ app_begin ] --START--
INFO: Run Behavior\ReadHtmlCacheBehavior [ RunTime:0.000034s ]
INFO: [ app_begin ] --END-- [ RunTime:0.000068s ]
NOTIC: [8] A session had already been started - ignoring session_start() /home/wwwroot/default/shopnc/mobile/app/b2b/ThinkPHP/Common/functions.php 第 1261 行.
SQL: SHOW COLUMNS FROM `hill_img` [ RunTime:0.0009s ]
SQL: SELECT `cyte`,`body`,`zuobiao`,`pics`,`mobile_img` FROM `hill_img` WHERE ( aid='3039' ) LIMIT 1   [ RunTime:0.0003s ]
SQL: SHOW COLUMNS FROM `archives` [ RunTime:0.0007s ]
SQL: SELECT `title` FROM `archives` WHERE ( id=3039 ) LIMIT 1   [ RunTime:0.0002s ]
SQL: select id,title from archives where title like '%%' limit 0,10 [ RunTime:0.0003s ]
INFO: [ view_parse ] --START--
INFO: [ template_filter ] --START--
INFO: Run Behavior\ContentReplaceBehavior [ RunTime:0.000057s ]
INFO: [ template_filter ] --END-- [ RunTime:0.000096s ]
INFO: Run Behavior\ParseTemplateBehavior [ RunTime:0.002755s ]
INFO: [ view_parse ] --END-- [ RunTime:0.002793s ]
INFO: [ view_filter ] --START--
INFO: Run Behavior\WriteHtmlCacheBehavior [ RunTime:0.000039s ]
INFO: [ view_filter ] --END-- [ RunTime:0.000082s ]
INFO: [ app_end ] --START--
INFO: Run Behavior\ShowPageTraceBehavior [ RunTime:0.000034s ]
INFO: [ app_end ] --END-- [ RunTime:0.000068s ]

[ 2016-03-12T18:51:19+08:00 ] 42.156.138.52 /mobile/app/b2b/index.php/News/Index/detail/aid/5855
INFO: [ app_init ] --START--
INFO: Run Behavior\BuildLiteBehavior [ RunTime:0.000013s ]
INFO: [ app_init ] --END-- [ RunTime:0.000077s ]
INFO: [ app_begin ] --START--
INFO: Run Behavior\ReadHtmlCacheBehavior [ RunTime:0.000034s ]
INFO: [ app_begin ] --END-- [ RunTime:0.000065s ]
NOTIC: [8] A session had already been started - ignoring session_start() /home/wwwroot/default/shopnc/mobile/app/b2b/ThinkPHP/Common/functions.php 第 1261 行.
SQL: SHOW COLUMNS FROM `hill_img` [ RunTime:0.0010s ]
SQL: SELECT `cyte`,`body`,`zuobiao`,`pics`,`mobile_img` FROM `hill_img` WHERE ( aid='5855' ) LIMIT 1   [ RunTime:0.0004s ]
SQL: SHOW COLUMNS FROM `archives` [ RunTime:0.0006s ]
SQL: SELECT `title` FROM `archives` WHERE ( id=5855 ) LIMIT 1   [ RunTime:0.0001s ]
SQL: select id,title from archives where title like '%剑斗铁观音%' limit 0,10 [ RunTime:0.0029s ]
INFO: [ view_parse ] --START--
INFO: [ template_filter ] --START--
INFO: Run Behavior\ContentReplaceBehavior [ RunTime:0.000066s ]
INFO: [ template_filter ] --END-- [ RunTime:0.000110s ]
INFO: Run Behavior\ParseTemplateBehavior [ RunTime:0.002997s ]
INFO: [ view_parse ] --END-- [ RunTime:0.003041s ]
INFO: [ view_filter ] --START--
INFO: Run Behavior\WriteHtmlCacheBehavior [ RunTime:0.000039s ]
INFO: [ view_filter ] --END-- [ RunTime:0.000066s ]
INFO: [ app_end ] --START--
INFO: Run Behavior\ShowPageTraceBehavior [ RunTime:0.000030s ]
INFO: [ app_end ] --END-- [ RunTime:0.000058s ]

[ 2016-03-12T18:51:19+08:00 ] 42.120.160.52 /mobile/app/b2b/index.php/News/Index/detail/aid/2915
INFO: [ app_init ] --START--
INFO: Run Behavior\BuildLiteBehavior [ RunTime:0.000012s ]
INFO: [ app_init ] --END-- [ RunTime:0.000106s ]
INFO: [ app_begin ] --START--
INFO: Run Behavior\ReadHtmlCacheBehavior [ RunTime:0.000033s ]
INFO: [ app_begin ] --END-- [ RunTime:0.000066s ]
NOTIC: [8] A session had already been started - ignoring session_start() /home/wwwroot/default/shopnc/mobile/app/b2b/ThinkPHP/Common/functions.php 第 1261 行.
SQL: SHOW COLUMNS FROM `hill_img` [ RunTime:0.0009s ]
SQL: SELECT `cyte`,`body`,`zuobiao`,`pics`,`mobile_img` FROM `hill_img` WHERE ( aid='2915' ) LIMIT 1   [ RunTime:0.0002s ]
SQL: SHOW COLUMNS FROM `archives` [ RunTime:0.0007s ]
SQL: SELECT `title` FROM `archives` WHERE ( id=2915 ) LIMIT 1   [ RunTime:0.0002s ]
SQL: select id,title from archives where title like '%贺开山%' limit 0,10 [ RunTime:0.0031s ]
INFO: [ view_parse ] --START--
INFO: [ template_filter ] --START--
INFO: Run Behavior\ContentReplaceBehavior [ RunTime:0.000055s ]
INFO: [ template_filter ] --END-- [ RunTime:0.000107s ]
INFO: Run Behavior\ParseTemplateBehavior [ RunTime:0.002615s ]
INFO: [ view_parse ] --END-- [ RunTime:0.002654s ]
INFO: [ view_filter ] --START--
INFO: Run Behavior\WriteHtmlCacheBehavior [ RunTime:0.000032s ]
INFO: [ view_filter ] --END-- [ RunTime:0.000059s ]
INFO: [ app_end ] --START--
INFO: Run Behavior\ShowPageTraceBehavior [ RunTime:0.000029s ]
INFO: [ app_end ] --END-- [ RunTime:0.000058s ]

[ 2016-03-12T18:51:20+08:00 ] 42.156.139.52 /mobile/app/b2b/index.php/News/Index/detail/aid/5828
INFO: [ app_init ] --START--
INFO: Run Behavior\BuildLiteBehavior [ RunTime:0.000012s ]
INFO: [ app_init ] --END-- [ RunTime:0.000076s ]
INFO: [ app_begin ] --START--
INFO: Run Behavior\ReadHtmlCacheBehavior [ RunTime:0.000044s ]
INFO: [ app_begin ] --END-- [ RunTime:0.000082s ]
NOTIC: [8] A session had already been started - ignoring session_start() /home/wwwroot/default/shopnc/mobile/app/b2b/ThinkPHP/Common/functions.php 第 1261 行.
SQL: SHOW COLUMNS FROM `hill_img` [ RunTime:0.0009s ]
SQL: SELECT `cyte`,`body`,`zuobiao`,`pics`,`mobile_img` FROM `hill_img` WHERE ( aid='5828' ) LIMIT 1   [ RunTime:0.0004s ]
SQL: SHOW COLUMNS FROM `archives` [ RunTime:0.0006s ]
SQL: SELECT `title` FROM `archives` WHERE ( id=5828 ) LIMIT 1   [ RunTime:0.0001s ]
SQL: select id,title from archives where title like '%恩施玉露茶%' limit 0,10 [ RunTime:0.0031s ]
INFO: [ view_parse ] --START--
INFO: [ template_filter ] --START--
INFO: Run Behavior\ContentReplaceBehavior [ RunTime:0.000060s ]
INFO: [ template_filter ] --END-- [ RunTime:0.000099s ]
INFO: Run Behavior\ParseTemplateBehavior [ RunTime:0.002804s ]
INFO: [ view_parse ] --END-- [ RunTime:0.002856s ]
INFO: [ view_filter ] --START--
INFO: Run Behavior\WriteHtmlCacheBehavior [ RunTime:0.000055s ]
INFO: [ view_filter ] --END-- [ RunTime:0.000093s ]
INFO: [ app_end ] --START--
INFO: Run Behavior\ShowPageTraceBehavior [ RunTime:0.000033s ]
INFO: [ app_end ] --END-- [ RunTime:0.000063s ]

[ 2016-03-12T18:51:21+08:00 ] 42.156.137.52 /mobile/app/b2b/index.php/News/Index/detail/aid/2963
INFO: [ app_init ] --START--
INFO: Run Behavior\BuildLiteBehavior [ RunTime:0.000011s ]
INFO: [ app_init ] --END-- [ RunTime:0.000076s ]
INFO: [ app_begin ] --START--
INFO: Run Behavior\ReadHtmlCacheBehavior [ RunTime:0.000034s ]
INFO: [ app_begin ] --END-- [ RunTime:0.000067s ]
NOTIC: [8] A session had already been started - ignoring session_start() /home/wwwroot/default/shopnc/mobile/app/b2b/ThinkPHP/Common/functions.php 第 1261 行.
SQL: SHOW COLUMNS FROM `hill_img` [ RunTime:0.0010s ]
SQL: SELECT `cyte`,`body`,`zuobiao`,`pics`,`mobile_img` FROM `hill_img` WHERE ( aid='2963' ) LIMIT 1   [ RunTime:0.0002s ]
SQL: SHOW COLUMNS FROM `archives` [ RunTime:0.0007s ]
SQL: SELECT `title` FROM `archives` WHERE ( id=2963 ) LIMIT 1   [ RunTime:0.0001s ]
SQL: select id,title from archives where title like '%%' limit 0,10 [ RunTime:0.0003s ]
INFO: [ view_parse ] --START--
INFO: [ template_filter ] --START--
INFO: Run Behavior\ContentReplaceBehavior [ RunTime:0.000053s ]
INFO: [ template_filter ] --END-- [ RunTime:0.000092s ]
INFO: Run Behavior\ParseTemplateBehavior [ RunTime:0.002579s ]
INFO: [ view_parse ] --END-- [ RunTime:0.002617s ]
INFO: [ view_filter ] --START--
INFO: Run Behavior\WriteHtmlCacheBehavior [ RunTime:0.000032s ]
INFO: [ view_filter ] --END-- [ RunTime:0.000059s ]
INFO: [ app_end ] --START--
INFO: Run Behavior\ShowPageTraceBehavior [ RunTime:0.000029s ]
INFO: [ app_end ] --END-- [ RunTime:0.000057s ]

[ 2016-03-12T18:51:21+08:00 ] 42.156.136.52 /mobile/app/b2b/index.php/News/Index/detail/aid/2993
INFO: [ app_init ] --START--
INFO: Run Behavior\BuildLiteBehavior [ RunTime:0.000012s ]
INFO: [ app_init ] --END-- [ RunTime:0.000094s ]
INFO: [ app_begin ] --START--
INFO: Run Behavior\ReadHtmlCacheBehavior [ RunTime:0.000047s ]
INFO: [ app_begin ] --END-- [ RunTime:0.000081s ]
NOTIC: [8] A session had already been started - ignoring session_start() /home/wwwroot/default/shopnc/mobile/app/b2b/ThinkPHP/Common/functions.php 第 1261 行.
SQL: SHOW COLUMNS FROM `hill_img` [ RunTime:0.0009s ]
SQL: SELECT `cyte`,`body`,`zuobiao`,`pics`,`mobile_img` FROM `hill_img` WHERE ( aid='2993' ) LIMIT 1   [ RunTime:0.0004s ]
SQL: SHOW COLUMNS FROM `archives` [ RunTime:0.0008s ]
SQL: SELECT `title` FROM `archives` WHERE ( id=2993 ) LIMIT 1   [ RunTime:0.0002s ]
SQL: select id,title from archives where title like '%%' limit 0,10 [ RunTime:0.0003s ]
INFO: [ view_parse ] --START--
INFO: [ template_filter ] --START--
INFO: Run Behavior\ContentReplaceBehavior [ RunTime:0.000059s ]
INFO: [ template_filter ] --END-- [ RunTime:0.000107s ]
INFO: Run Behavior\ParseTemplateBehavior [ RunTime:0.002709s ]
INFO: [ view_parse ] --END-- [ RunTime:0.002748s ]
INFO: [ view_filter ] --START--
INFO: Run Behavior\WriteHtmlCacheBehavior [ RunTime:0.000033s ]
INFO: [ view_filter ] --END-- [ RunTime:0.000059s ]
INFO: [ app_end ] --START--
INFO: Run Behavior\ShowPageTraceBehavior [ RunTime:0.000051s ]
INFO: [ app_end ] --END-- [ RunTime:0.000103s ]

[ 2016-03-12T18:51:25+08:00 ] 42.156.138.52 /mobile/app/b2b/index.php/News/Index/detail/aid/6248
INFO: [ app_init ] --START--
INFO: Run Behavior\BuildLiteBehavior [ RunTime:0.000013s ]
INFO: [ app_init ] --END-- [ RunTime:0.000077s ]
INFO: [ app_begin ] --START--
INFO: Run Behavior\ReadHtmlCacheBehavior [ RunTime:0.000040s ]
INFO: [ app_begin ] --END-- [ RunTime:0.000074s ]
NOTIC: [8] A session had already been started - ignoring session_start() /home/wwwroot/default/shopnc/mobile/app/b2b/ThinkPHP/Common/functions.php 第 1261 行.
SQL: SHOW COLUMNS FROM `hill_img` [ RunTime:0.0009s ]
SQL: SELECT `cyte`,`body`,`zuobiao`,`pics`,`mobile_img` FROM `hill_img` WHERE ( aid='6248' ) LIMIT 1   [ RunTime:0.0003s ]
SQL: SHOW COLUMNS FROM `archives` [ RunTime:0.0008s ]
SQL: SELECT `title` FROM `archives` WHERE ( id=6248 ) LIMIT 1   [ RunTime:0.0002s ]
SQL: select id,title from archives where title like '%白琳工夫%' limit 0,10 [ RunTime:0.0032s ]
INFO: [ view_parse ] --START--
INFO: [ template_filter ] --START--
INFO: Run Behavior\ContentReplaceBehavior [ RunTime:0.000059s ]
INFO: [ template_filter ] --END-- [ RunTime:0.000095s ]
INFO: Run Behavior\ParseTemplateBehavior [ RunTime:0.002725s ]
INFO: [ view_parse ] --END-- [ RunTime:0.002768s ]
INFO: [ view_filter ] --START--
INFO: Run Behavior\WriteHtmlCacheBehavior [ RunTime:0.000033s ]
INFO: [ view_filter ] --END-- [ RunTime:0.000061s ]
INFO: [ app_end ] --START--
INFO: Run Behavior\ShowPageTraceBehavior [ RunTime:0.000031s ]
INFO: [ app_end ] --END-- [ RunTime:0.000060s ]

[ 2016-03-12T18:51:26+08:00 ] 42.120.160.52 /mobile/app/b2b/index.php/News/Index/detail/aid/2907
INFO: [ app_init ] --START--
INFO: Run Behavior\BuildLiteBehavior [ RunTime:0.000013s ]
INFO: [ app_init ] --END-- [ RunTime:0.000079s ]
INFO: [ app_begin ] --START--
INFO: Run Behavior\ReadHtmlCacheBehavior [ RunTime:0.000035s ]
INFO: [ app_begin ] --END-- [ RunTime:0.000070s ]
NOTIC: [8] A session had already been started - ignoring session_start() /home/wwwroot/default/shopnc/mobile/app/b2b/ThinkPHP/Common/functions.php 第 1261 行.
SQL: SHOW COLUMNS FROM `hill_img` [ RunTime:0.0009s ]
SQL: SELECT `cyte`,`body`,`zuobiao`,`pics`,`mobile_img` FROM `hill_img` WHERE ( aid='2907' ) LIMIT 1   [ RunTime:0.0004s ]
SQL: SHOW COLUMNS FROM `archives` [ RunTime:0.0006s ]
SQL: SELECT `title` FROM `archives` WHERE ( id=2907 ) LIMIT 1   [ RunTime:0.0002s ]
SQL: select id,title from archives where title like '%%' limit 0,10 [ RunTime:0.0003s ]
INFO: [ view_parse ] --START--
INFO: [ template_filter ] --START--
INFO: Run Behavior\ContentReplaceBehavior [ RunTime:0.000055s ]
INFO: [ template_filter ] --END-- [ RunTime:0.000091s ]
INFO: Run Behavior\ParseTemplateBehavior [ RunTime:0.002703s ]
INFO: [ view_parse ] --END-- [ RunTime:0.002740s ]
INFO: [ view_filter ] --START--
INFO: Run Behavior\WriteHtmlCacheBehavior [ RunTime:0.000032s ]
INFO: [ view_filter ] --END-- [ RunTime:0.000059s ]
INFO: [ app_end ] --START--
INFO: Run Behavior\ShowPageTraceBehavior [ RunTime:0.000029s ]
INFO: [ app_end ] --END-- [ RunTime:0.000056s ]

[ 2016-03-12T18:51:26+08:00 ] 42.156.139.52 /mobile/app/b2b/index.php/News/Index/detail/aid/2924
INFO: [ app_init ] --START--
INFO: Run Behavior\BuildLiteBehavior [ RunTime:0.000012s ]
INFO: [ app_init ] --END-- [ RunTime:0.000076s ]
INFO: [ app_begin ] --START--
INFO: Run Behavior\ReadHtmlCacheBehavior [ RunTime:0.000034s ]
INFO: [ app_begin ] --END-- [ RunTime:0.000066s ]
NOTIC: [8] A session had already been started - ignoring session_start() /home/wwwroot/default/shopnc/mobile/app/b2b/ThinkPHP/Common/functions.php 第 1261 行.
SQL: SHOW COLUMNS FROM `hill_img` [ RunTime:0.0011s ]
SQL: SELECT `cyte`,`body`,`zuobiao`,`pics`,`mobile_img` FROM `hill_img` WHERE ( aid='2924' ) LIMIT 1   [ RunTime:0.0002s ]
SQL: SHOW COLUMNS FROM `archives` [ RunTime:0.0007s ]
SQL: SELECT `title` FROM `archives` WHERE ( id=2924 ) LIMIT 1   [ RunTime:0.0001s ]
SQL: select id,title from archives where title like '%%' limit 0,10 [ RunTime:0.0003s ]
INFO: [ view_parse ] --START--
INFO: [ template_filter ] --START--
INFO: Run Behavior\ContentReplaceBehavior [ RunTime:0.000057s ]
INFO: [ template_filter ] --END-- [ RunTime:0.000093s ]
INFO: Run Behavior\ParseTemplateBehavior [ RunTime:0.002726s ]
INFO: [ view_parse ] --END-- [ RunTime:0.002792s ]
INFO: [ view_filter ] --START--
INFO: Run Behavior\WriteHtmlCacheBehavior [ RunTime:0.000037s ]
INFO: [ view_filter ] --END-- [ RunTime:0.000065s ]
INFO: [ app_end ] --START--
INFO: Run Behavior\ShowPageTraceBehavior [ RunTime:0.000029s ]
INFO: [ app_end ] --END-- [ RunTime:0.000059s ]

[ 2016-03-12T18:51:30+08:00 ] 42.156.138.52 /mobile/app/b2b/index.php/News/Index/detail/aid/6282
INFO: [ app_init ] --START--
INFO: Run Behavior\BuildLiteBehavior [ RunTime:0.000012s ]
INFO: [ app_init ] --END-- [ RunTime:0.000080s ]
INFO: [ app_begin ] --START--
INFO: Run Behavior\ReadHtmlCacheBehavior [ RunTime:0.000035s ]
INFO: [ app_begin ] --END-- [ RunTime:0.000069s ]
NOTIC: [8] A session had already been started - ignoring session_start() /home/wwwroot/default/shopnc/mobile/app/b2b/ThinkPHP/Common/functions.php 第 1261 行.
SQL: SHOW COLUMNS FROM `hill_img` [ RunTime:0.0034s ]
SQL: SELECT `cyte`,`body`,`zuobiao`,`pics`,`mobile_img` FROM `hill_img` WHERE ( aid='6282' ) LIMIT 1   [ RunTime:0.0003s ]
SQL: SHOW COLUMNS FROM `archives` [ RunTime:0.0006s ]
SQL: SELECT `title` FROM `archives` WHERE ( id=6282 ) LIMIT 1   [ RunTime:0.0002s ]
SQL: select id,title from archives where title like '%台湾高山茶%' limit 0,10 [ RunTime:0.0029s ]
INFO: [ view_parse ] --START--
INFO: [ template_filter ] --START--
INFO: Run Behavior\ContentReplaceBehavior [ RunTime:0.000056s ]
INFO: [ template_filter ] --END-- [ RunTime:0.000092s ]
INFO: Run Behavior\ParseTemplateBehavior [ RunTime:0.002563s ]
INFO: [ view_parse ] --END-- [ RunTime:0.002599s ]
INFO: [ view_filter ] --START--
INFO: Run Behavior\WriteHtmlCacheBehavior [ RunTime:0.000031s ]
INFO: [ view_filter ] --END-- [ RunTime:0.000058s ]
INFO: [ app_end ] --START--
INFO: Run Behavior\ShowPageTraceBehavior [ RunTime:0.000047s ]
INFO: [ app_end ] --END-- [ RunTime:0.000079s ]

[ 2016-03-12T18:51:30+08:00 ] 42.120.160.52 /mobile/app/b2b/index.php/News/Index/detail/aid/3008
INFO: [ app_init ] --START--
INFO: Run Behavior\BuildLiteBehavior [ RunTime:0.000013s ]
INFO: [ app_init ] --END-- [ RunTime:0.000077s ]
INFO: [ app_begin ] --START--
INFO: Run Behavior\ReadHtmlCacheBehavior [ RunTime:0.000044s ]
INFO: [ app_begin ] --END-- [ RunTime:0.000103s ]
NOTIC: [8] A session had already been started - ignoring session_start() /home/wwwroot/default/shopnc/mobile/app/b2b/ThinkPHP/Common/functions.php 第 1261 行.
SQL: SHOW COLUMNS FROM `hill_img` [ RunTime:0.0010s ]
SQL: SELECT `cyte`,`body`,`zuobiao`,`pics`,`mobile_img` FROM `hill_img` WHERE ( aid='3008' ) LIMIT 1   [ RunTime:0.0002s ]
SQL: SHOW COLUMNS FROM `archives` [ RunTime:0.0007s ]
SQL: SELECT `title` FROM `archives` WHERE ( id=3008 ) LIMIT 1   [ RunTime:0.0002s ]
SQL: select id,title from archives where title like '%东来%' limit 0,10 [ RunTime:0.0031s ]
INFO: [ view_parse ] --START--
INFO: [ template_filter ] --START--
INFO: Run Behavior\ContentReplaceBehavior [ RunTime:0.000063s ]
INFO: [ template_filter ] --END-- [ RunTime:0.000101s ]
INFO: Run Behavior\ParseTemplateBehavior [ RunTime:0.002832s ]
INFO: [ view_parse ] --END-- [ RunTime:0.002870s ]
INFO: [ view_filter ] --START--
INFO: Run Behavior\WriteHtmlCacheBehavior [ RunTime:0.000032s ]
INFO: [ view_filter ] --END-- [ RunTime:0.000058s ]
INFO: [ app_end ] --START--
INFO: Run Behavior\ShowPageTraceBehavior [ RunTime:0.000035s ]
INFO: [ app_end ] --END-- [ RunTime:0.000074s ]

[ 2016-03-12T21:26:29+08:00 ] 222.42.241.7 /mobile/app/b2b/index.php/News/Index/Home
INFO: [ app_init ] --START--
INFO: Run Behavior\BuildLiteBehavior [ RunTime:0.000013s ]
INFO: [ app_init ] --END-- [ RunTime:0.000092s ]
INFO: [ app_begin ] --START--
INFO: Run Behavior\ReadHtmlCacheBehavior [ RunTime:0.000042s ]
INFO: [ app_begin ] --END-- [ RunTime:0.000076s ]
NOTIC: [8] A session had already been started - ignoring session_start() /home/wwwroot/default/shopnc/mobile/app/b2b/ThinkPHP/Common/functions.php 第 1261 行.
INFO: [ view_parse ] --START--
INFO: [ template_filter ] --START--
INFO: Run Behavior\ContentReplaceBehavior [ RunTime:0.000094s ]
INFO: [ template_filter ] --END-- [ RunTime:0.000151s ]
INFO: Run Behavior\ParseTemplateBehavior [ RunTime:0.006700s ]
INFO: [ view_parse ] --END-- [ RunTime:0.006737s ]
INFO: [ view_filter ] --START--
INFO: Run Behavior\WriteHtmlCacheBehavior [ RunTime:0.000041s ]
INFO: [ view_filter ] --END-- [ RunTime:0.000068s ]
INFO: [ app_end ] --START--
INFO: Run Behavior\ShowPageTraceBehavior [ RunTime:0.000037s ]
INFO: [ app_end ] --END-- [ RunTime:0.000069s ]

[ 2016-03-12T22:11:18+08:00 ] 123.126.113.111 /mobile/app/b2b/index.php/News/Index/detail/aid/3026
INFO: [ app_init ] --START--
INFO: Run Behavior\BuildLiteBehavior [ RunTime:0.000012s ]
INFO: [ app_init ] --END-- [ RunTime:0.000085s ]
INFO: [ app_begin ] --START--
INFO: Run Behavior\ReadHtmlCacheBehavior [ RunTime:0.000044s ]
INFO: [ app_begin ] --END-- [ RunTime:0.000078s ]
NOTIC: [8] A session had already been started - ignoring session_start() /home/wwwroot/default/shopnc/mobile/app/b2b/ThinkPHP/Common/functions.php 第 1261 行.
SQL: SHOW COLUMNS FROM `hill_img` [ RunTime:0.0011s ]
SQL: SELECT `cyte`,`body`,`zuobiao`,`pics`,`mobile_img` FROM `hill_img` WHERE ( aid='3026' ) LIMIT 1   [ RunTime:0.0002s ]
SQL: SHOW COLUMNS FROM `archives` [ RunTime:0.0007s ]
SQL: SELECT `title` FROM `archives` WHERE ( id=3026 ) LIMIT 1   [ RunTime:0.0002s ]
SQL: select id,title from archives where title like '%香竹箐%' limit 0,10 [ RunTime:0.0030s ]
INFO: [ view_parse ] --START--
INFO: [ template_filter ] --START--
INFO: Run Behavior\ContentReplaceBehavior [ RunTime:0.000055s ]
INFO: [ template_filter ] --END-- [ RunTime:0.000090s ]
INFO: Run Behavior\ParseTemplateBehavior [ RunTime:0.002631s ]
INFO: [ view_parse ] --END-- [ RunTime:0.002667s ]
INFO: [ view_filter ] --START--
INFO: Run Behavior\WriteHtmlCacheBehavior [ RunTime:0.000042s ]
INFO: [ view_filter ] --END-- [ RunTime:0.000069s ]
INFO: [ app_end ] --START--
INFO: Run Behavior\ShowPageTraceBehavior [ RunTime:0.000035s ]
INFO: [ app_end ] --END-- [ RunTime:0.000063s ]

