[ 2016-05-09T00:10:54+08:00 ] 164.132.161.46 /mobile/app/b2b/index.php/News/Index/detail/aid/6280
INFO: [ app_init ] --START--
INFO: Run Behavior\BuildLiteBehavior [ RunTime:0.000012s ]
INFO: [ app_init ] --END-- [ RunTime:0.000084s ]
INFO: [ app_begin ] --START--
INFO: Run Behavior\ReadHtmlCacheBehavior [ RunTime:0.000040s ]
INFO: [ app_begin ] --END-- [ RunTime:0.000073s ]
NOTIC: [8] A session had already been started - ignoring session_start() /home/wwwroot/default/shopnc/mobile/app/b2b/ThinkPHP/Common/functions.php 第 1261 行.
SQL: SHOW COLUMNS FROM `hill_img` [ RunTime:0.0009s ]
SQL: SELECT `cyte`,`body`,`zuobiao`,`pics`,`mobile_img` FROM `hill_img` WHERE ( aid='6280' ) LIMIT 1   [ RunTime:0.0003s ]
SQL: SHOW COLUMNS FROM `archives` [ RunTime:0.0007s ]
SQL: SELECT `title` FROM `archives` WHERE ( id=6280 ) LIMIT 1   [ RunTime:0.0002s ]
SQL: select id,title from archives where title like '%广东乌龙%' limit 0,10 [ RunTime:0.0029s ]
INFO: [ view_parse ] --START--
INFO: [ template_filter ] --START--
INFO: Run Behavior\ContentReplaceBehavior [ RunTime:0.000059s ]
INFO: [ template_filter ] --END-- [ RunTime:0.000096s ]
INFO: Run Behavior\ParseTemplateBehavior [ RunTime:0.002731s ]
INFO: [ view_parse ] --END-- [ RunTime:0.002772s ]
INFO: [ view_filter ] --START--
INFO: Run Behavior\WriteHtmlCacheBehavior [ RunTime:0.000039s ]
INFO: [ view_filter ] --END-- [ RunTime:0.000067s ]
INFO: [ app_end ] --START--
INFO: Run Behavior\ShowPageTraceBehavior [ RunTime:0.000039s ]
INFO: [ app_end ] --END-- [ RunTime:0.000071s ]

[ 2016-05-09T00:18:14+08:00 ] 66.249.73.247 /mobile/app/b2b/index.php/News/Index/detail/aid/5873
INFO: [ app_init ] --START--
INFO: Run Behavior\BuildLiteBehavior [ RunTime:0.000013s ]
INFO: [ app_init ] --END-- [ RunTime:0.000084s ]
INFO: [ app_begin ] --START--
INFO: Run Behavior\ReadHtmlCacheBehavior [ RunTime:0.000038s ]
INFO: [ app_begin ] --END-- [ RunTime:0.000071s ]
NOTIC: [8] A session had already been started - ignoring session_start() /home/wwwroot/default/shopnc/mobile/app/b2b/ThinkPHP/Common/functions.php 第 1261 行.
SQL: SHOW COLUMNS FROM `hill_img` [ RunTime:0.0011s ]
SQL: SELECT `cyte`,`body`,`zuobiao`,`pics`,`mobile_img` FROM `hill_img` WHERE ( aid='5873' ) LIMIT 1   [ RunTime:0.0003s ]
SQL: SHOW COLUMNS FROM `archives` [ RunTime:0.0006s ]
SQL: SELECT `title` FROM `archives` WHERE ( id=5873 ) LIMIT 1   [ RunTime:0.0002s ]
SQL: select id,title from archives where title like '%毛蟹%' limit 0,10 [ RunTime:0.0030s ]
INFO: [ view_parse ] --START--
INFO: [ template_filter ] --START--
INFO: Run Behavior\ContentReplaceBehavior [ RunTime:0.000058s ]
INFO: [ template_filter ] --END-- [ RunTime:0.000094s ]
INFO: Run Behavior\ParseTemplateBehavior [ RunTime:0.003127s ]
INFO: [ view_parse ] --END-- [ RunTime:0.003191s ]
INFO: [ view_filter ] --START--
INFO: Run Behavior\WriteHtmlCacheBehavior [ RunTime:0.000051s ]
INFO: [ view_filter ] --END-- [ RunTime:0.000081s ]
INFO: [ app_end ] --START--
INFO: Run Behavior\ShowPageTraceBehavior [ RunTime:0.000041s ]
INFO: [ app_end ] --END-- [ RunTime:0.000073s ]

[ 2016-05-09T00:24:31+08:00 ] 51.255.65.18 /mobile/app/b2b/index.php/News/Index/detail/aid/5872
INFO: [ app_init ] --START--
INFO: Run Behavior\BuildLiteBehavior [ RunTime:0.000012s ]
INFO: [ app_init ] --END-- [ RunTime:0.000076s ]
INFO: [ app_begin ] --START--
INFO: Run Behavior\ReadHtmlCacheBehavior [ RunTime:0.000035s ]
INFO: [ app_begin ] --END-- [ RunTime:0.000067s ]
NOTIC: [8] A session had already been started - ignoring session_start() /home/wwwroot/default/shopnc/mobile/app/b2b/ThinkPHP/Common/functions.php 第 1261 行.
SQL: SHOW COLUMNS FROM `hill_img` [ RunTime:0.0011s ]
SQL: SELECT `cyte`,`body`,`zuobiao`,`pics`,`mobile_img` FROM `hill_img` WHERE ( aid='5872' ) LIMIT 1   [ RunTime:0.0002s ]
SQL: SHOW COLUMNS FROM `archives` [ RunTime:0.0006s ]
SQL: SELECT `title` FROM `archives` WHERE ( id=5872 ) LIMIT 1   [ RunTime:0.0002s ]
SQL: select id,title from archives where title like '%梅占%' limit 0,10 [ RunTime:0.0030s ]
INFO: [ view_parse ] --START--
INFO: [ template_filter ] --START--
INFO: Run Behavior\ContentReplaceBehavior [ RunTime:0.000056s ]
INFO: [ template_filter ] --END-- [ RunTime:0.000093s ]
INFO: Run Behavior\ParseTemplateBehavior [ RunTime:0.002691s ]
INFO: [ view_parse ] --END-- [ RunTime:0.002731s ]
INFO: [ view_filter ] --START--
INFO: Run Behavior\WriteHtmlCacheBehavior [ RunTime:0.000040s ]
INFO: [ view_filter ] --END-- [ RunTime:0.000071s ]
INFO: [ app_end ] --START--
INFO: Run Behavior\ShowPageTraceBehavior [ RunTime:0.000030s ]
INFO: [ app_end ] --END-- [ RunTime:0.000059s ]

[ 2016-05-09T01:09:33+08:00 ] 151.80.31.174 /mobile/app/b2b/index.php/News/Index/detail/aid/5897
INFO: [ app_init ] --START--
INFO: Run Behavior\BuildLiteBehavior [ RunTime:0.000012s ]
INFO: [ app_init ] --END-- [ RunTime:0.000084s ]
INFO: [ app_begin ] --START--
INFO: Run Behavior\ReadHtmlCacheBehavior [ RunTime:0.000042s ]
INFO: [ app_begin ] --END-- [ RunTime:0.000092s ]
NOTIC: [8] A session had already been started - ignoring session_start() /home/wwwroot/default/shopnc/mobile/app/b2b/ThinkPHP/Common/functions.php 第 1261 行.
SQL: SHOW COLUMNS FROM `hill_img` [ RunTime:0.0012s ]
SQL: SELECT `cyte`,`body`,`zuobiao`,`pics`,`mobile_img` FROM `hill_img` WHERE ( aid='5897' ) LIMIT 1   [ RunTime:0.0003s ]
SQL: SHOW COLUMNS FROM `archives` [ RunTime:0.0010s ]
SQL: SELECT `title` FROM `archives` WHERE ( id=5897 ) LIMIT 1   [ RunTime:0.0002s ]
SQL: select id,title from archives where title like '%福鼎白茶%' limit 0,10 [ RunTime:0.0042s ]
INFO: [ view_parse ] --START--
INFO: [ template_filter ] --START--
INFO: Run Behavior\ContentReplaceBehavior [ RunTime:0.000058s ]
INFO: [ template_filter ] --END-- [ RunTime:0.000094s ]
INFO: Run Behavior\ParseTemplateBehavior [ RunTime:0.002863s ]
INFO: [ view_parse ] --END-- [ RunTime:0.002908s ]
INFO: [ view_filter ] --START--
INFO: Run Behavior\WriteHtmlCacheBehavior [ RunTime:0.000058s ]
INFO: [ view_filter ] --END-- [ RunTime:0.000087s ]
INFO: [ app_end ] --START--
INFO: Run Behavior\ShowPageTraceBehavior [ RunTime:0.000036s ]
INFO: [ app_end ] --END-- [ RunTime:0.000065s ]

[ 2016-05-09T01:53:08+08:00 ] 106.39.189.4 /mobile/app/b2b/index.php/News/Index/detail/aid/2958
INFO: [ app_init ] --START--
INFO: Run Behavior\BuildLiteBehavior [ RunTime:0.000012s ]
INFO: [ app_init ] --END-- [ RunTime:0.000090s ]
INFO: [ app_begin ] --START--
INFO: Run Behavior\ReadHtmlCacheBehavior [ RunTime:0.000040s ]
INFO: [ app_begin ] --END-- [ RunTime:0.000073s ]
NOTIC: [8] A session had already been started - ignoring session_start() /home/wwwroot/default/shopnc/mobile/app/b2b/ThinkPHP/Common/functions.php 第 1261 行.
SQL: SHOW COLUMNS FROM `hill_img` [ RunTime:0.0012s ]
SQL: SELECT `cyte`,`body`,`zuobiao`,`pics`,`mobile_img` FROM `hill_img` WHERE ( aid='2958' ) LIMIT 1   [ RunTime:0.0002s ]
SQL: SHOW COLUMNS FROM `archives` [ RunTime:0.0006s ]
SQL: SELECT `title` FROM `archives` WHERE ( id=2958 ) LIMIT 1   [ RunTime:0.0002s ]
SQL: select id,title from archives where title like '%%' limit 0,10 [ RunTime:0.0002s ]
INFO: [ view_parse ] --START--
INFO: [ template_filter ] --START--
INFO: Run Behavior\ContentReplaceBehavior [ RunTime:0.000057s ]
INFO: [ template_filter ] --END-- [ RunTime:0.000093s ]
INFO: Run Behavior\ParseTemplateBehavior [ RunTime:0.002655s ]
INFO: [ view_parse ] --END-- [ RunTime:0.002694s ]
INFO: [ view_filter ] --START--
INFO: Run Behavior\WriteHtmlCacheBehavior [ RunTime:0.000038s ]
INFO: [ view_filter ] --END-- [ RunTime:0.000065s ]
INFO: [ app_end ] --START--
INFO: Run Behavior\ShowPageTraceBehavior [ RunTime:0.000036s ]
INFO: [ app_end ] --END-- [ RunTime:0.000065s ]

[ 2016-05-09T02:54:59+08:00 ] 51.255.65.12 /mobile/app/b2b/index.php/News/Index/detail/aid/2993
INFO: [ app_init ] --START--
INFO: Run Behavior\BuildLiteBehavior [ RunTime:0.000013s ]
INFO: [ app_init ] --END-- [ RunTime:0.000083s ]
INFO: [ app_begin ] --START--
INFO: Run Behavior\ReadHtmlCacheBehavior [ RunTime:0.000040s ]
INFO: [ app_begin ] --END-- [ RunTime:0.000073s ]
NOTIC: [8] A session had already been started - ignoring session_start() /home/wwwroot/default/shopnc/mobile/app/b2b/ThinkPHP/Common/functions.php 第 1261 行.
SQL: SHOW COLUMNS FROM `hill_img` [ RunTime:0.0010s ]
SQL: SELECT `cyte`,`body`,`zuobiao`,`pics`,`mobile_img` FROM `hill_img` WHERE ( aid='2993' ) LIMIT 1   [ RunTime:0.0003s ]
SQL: SHOW COLUMNS FROM `archives` [ RunTime:0.0008s ]
SQL: SELECT `title` FROM `archives` WHERE ( id=2993 ) LIMIT 1   [ RunTime:0.0003s ]
SQL: select id,title from archives where title like '%%' limit 0,10 [ RunTime:0.0002s ]
INFO: [ view_parse ] --START--
INFO: [ template_filter ] --START--
INFO: Run Behavior\ContentReplaceBehavior [ RunTime:0.000053s ]
INFO: [ template_filter ] --END-- [ RunTime:0.000087s ]
INFO: Run Behavior\ParseTemplateBehavior [ RunTime:0.002596s ]
INFO: [ view_parse ] --END-- [ RunTime:0.002632s ]
INFO: [ view_filter ] --START--
INFO: Run Behavior\WriteHtmlCacheBehavior [ RunTime:0.000036s ]
INFO: [ view_filter ] --END-- [ RunTime:0.000064s ]
INFO: [ app_end ] --START--
INFO: Run Behavior\ShowPageTraceBehavior [ RunTime:0.000035s ]
INFO: [ app_end ] --END-- [ RunTime:0.000064s ]

[ 2016-05-09T03:01:56+08:00 ] 106.39.189.239 /mobile/app/b2b/index.php/News/Index/map
INFO: [ app_init ] --START--
INFO: Run Behavior\BuildLiteBehavior [ RunTime:0.000013s ]
INFO: [ app_init ] --END-- [ RunTime:0.000090s ]
INFO: [ app_begin ] --START--
INFO: Run Behavior\ReadHtmlCacheBehavior [ RunTime:0.000039s ]
INFO: [ app_begin ] --END-- [ RunTime:0.000073s ]
NOTIC: [8] A session had already been started - ignoring session_start() /home/wwwroot/default/shopnc/mobile/app/b2b/ThinkPHP/Common/functions.php 第 1261 行.
INFO: [ view_parse ] --START--
INFO: [ template_filter ] --START--
INFO: Run Behavior\ContentReplaceBehavior [ RunTime:0.000028s ]
INFO: [ template_filter ] --END-- [ RunTime:0.000064s ]
INFO: Run Behavior\ParseTemplateBehavior [ RunTime:0.001307s ]
INFO: [ view_parse ] --END-- [ RunTime:0.001344s ]
INFO: [ view_filter ] --START--
INFO: Run Behavior\WriteHtmlCacheBehavior [ RunTime:0.000037s ]
INFO: [ view_filter ] --END-- [ RunTime:0.000064s ]
INFO: [ app_end ] --START--
INFO: Run Behavior\ShowPageTraceBehavior [ RunTime:0.000034s ]
INFO: [ app_end ] --END-- [ RunTime:0.000061s ]

[ 2016-05-09T07:55:38+08:00 ] 51.255.65.32 /mobile/app/b2b/index.php/News/Index/detail/aid/3035
INFO: [ app_init ] --START--
INFO: Run Behavior\BuildLiteBehavior [ RunTime:0.000013s ]
INFO: [ app_init ] --END-- [ RunTime:0.000083s ]
INFO: [ app_begin ] --START--
INFO: Run Behavior\ReadHtmlCacheBehavior [ RunTime:0.000040s ]
INFO: [ app_begin ] --END-- [ RunTime:0.000073s ]
NOTIC: [8] A session had already been started - ignoring session_start() /home/wwwroot/default/shopnc/mobile/app/b2b/ThinkPHP/Common/functions.php 第 1261 行.
SQL: SHOW COLUMNS FROM `hill_img` [ RunTime:0.0011s ]
SQL: SELECT `cyte`,`body`,`zuobiao`,`pics`,`mobile_img` FROM `hill_img` WHERE ( aid='3035' ) LIMIT 1   [ RunTime:0.0002s ]
SQL: SHOW COLUMNS FROM `archives` [ RunTime:0.0006s ]
SQL: SELECT `title` FROM `archives` WHERE ( id=3035 ) LIMIT 1   [ RunTime:0.0002s ]
SQL: select id,title from archives where title like '%%' limit 0,10 [ RunTime:0.0002s ]
INFO: [ view_parse ] --START--
INFO: [ template_filter ] --START--
INFO: Run Behavior\ContentReplaceBehavior [ RunTime:0.000052s ]
INFO: [ template_filter ] --END-- [ RunTime:0.000088s ]
INFO: Run Behavior\ParseTemplateBehavior [ RunTime:0.002638s ]
INFO: [ view_parse ] --END-- [ RunTime:0.002675s ]
INFO: [ view_filter ] --START--
INFO: Run Behavior\WriteHtmlCacheBehavior [ RunTime:0.000038s ]
INFO: [ view_filter ] --END-- [ RunTime:0.000065s ]
INFO: [ app_end ] --START--
INFO: Run Behavior\ShowPageTraceBehavior [ RunTime:0.000038s ]
INFO: [ app_end ] --END-- [ RunTime:0.000071s ]

[ 2016-05-09T08:13:48+08:00 ] 164.132.161.10 /mobile/app/b2b/index.php/News/Index/detail/aid/540
INFO: [ app_init ] --START--
INFO: Run Behavior\BuildLiteBehavior [ RunTime:0.000013s ]
INFO: [ app_init ] --END-- [ RunTime:0.000086s ]
INFO: [ app_begin ] --START--
INFO: Run Behavior\ReadHtmlCacheBehavior [ RunTime:0.000038s ]
INFO: [ app_begin ] --END-- [ RunTime:0.000071s ]
NOTIC: [8] A session had already been started - ignoring session_start() /home/wwwroot/default/shopnc/mobile/app/b2b/ThinkPHP/Common/functions.php 第 1261 行.
SQL: SHOW COLUMNS FROM `hill_img` [ RunTime:0.0015s ]
SQL: SELECT `cyte`,`body`,`zuobiao`,`pics`,`mobile_img` FROM `hill_img` WHERE ( aid='540' ) LIMIT 1   [ RunTime:0.0002s ]
SQL: SHOW COLUMNS FROM `archives` [ RunTime:0.0010s ]
ERR: SQLSTATE[42S02]: Base table or view not found: 1146 Table 'shopncb2b2c.addonarticle' doesn't exist

[ 2016-05-09T08:38:09+08:00 ] 182.118.25.203 /mobile/app/b2b/index.php/News/Index/detail/aid/5821
INFO: [ app_init ] --START--
INFO: Run Behavior\BuildLiteBehavior [ RunTime:0.000013s ]
INFO: [ app_init ] --END-- [ RunTime:0.000083s ]
INFO: [ app_begin ] --START--
INFO: Run Behavior\ReadHtmlCacheBehavior [ RunTime:0.000039s ]
INFO: [ app_begin ] --END-- [ RunTime:0.000073s ]
NOTIC: [8] A session had already been started - ignoring session_start() /home/wwwroot/default/shopnc/mobile/app/b2b/ThinkPHP/Common/functions.php 第 1261 行.
SQL: SHOW COLUMNS FROM `hill_img` [ RunTime:0.0010s ]
SQL: SELECT `cyte`,`body`,`zuobiao`,`pics`,`mobile_img` FROM `hill_img` WHERE ( aid='5821' ) LIMIT 1   [ RunTime:0.0004s ]
SQL: SHOW COLUMNS FROM `archives` [ RunTime:0.0008s ]
SQL: SELECT `title` FROM `archives` WHERE ( id=5821 ) LIMIT 1   [ RunTime:0.0003s ]
SQL: select id,title from archives where title like '%黄山毛峰%' limit 0,10 [ RunTime:0.0030s ]
INFO: [ view_parse ] --START--
INFO: [ template_filter ] --START--
INFO: Run Behavior\ContentReplaceBehavior [ RunTime:0.000056s ]
INFO: [ template_filter ] --END-- [ RunTime:0.000093s ]
INFO: Run Behavior\ParseTemplateBehavior [ RunTime:0.002702s ]
INFO: [ view_parse ] --END-- [ RunTime:0.002742s ]
INFO: [ view_filter ] --START--
INFO: Run Behavior\WriteHtmlCacheBehavior [ RunTime:0.000038s ]
INFO: [ view_filter ] --END-- [ RunTime:0.000066s ]
INFO: [ app_end ] --START--
INFO: Run Behavior\ShowPageTraceBehavior [ RunTime:0.000038s ]
INFO: [ app_end ] --END-- [ RunTime:0.000069s ]

[ 2016-05-09T08:45:35+08:00 ] 101.226.168.246 /mobile/app/b2b/index.php/News/Index/detail/aid/2142
INFO: [ app_init ] --START--
INFO: Run Behavior\BuildLiteBehavior [ RunTime:0.000013s ]
INFO: [ app_init ] --END-- [ RunTime:0.000111s ]
INFO: [ app_begin ] --START--
INFO: Run Behavior\ReadHtmlCacheBehavior [ RunTime:0.000039s ]
INFO: [ app_begin ] --END-- [ RunTime:0.000072s ]
NOTIC: [8] A session had already been started - ignoring session_start() /home/wwwroot/default/shopnc/mobile/app/b2b/ThinkPHP/Common/functions.php 第 1261 行.
SQL: SHOW COLUMNS FROM `hill_img` [ RunTime:0.0013s ]
SQL: SELECT `cyte`,`body`,`zuobiao`,`pics`,`mobile_img` FROM `hill_img` WHERE ( aid='2142' ) LIMIT 1   [ RunTime:0.0002s ]
SQL: SHOW COLUMNS FROM `archives` [ RunTime:0.0007s ]
ERR: SQLSTATE[42S02]: Base table or view not found: 1146 Table 'shopncb2b2c.addonarticle' doesn't exist

[ 2016-05-09T08:51:54+08:00 ] 138.201.13.159 /mobile/app/b2b/index.php/News/Index/detail/aid/5850
INFO: [ app_init ] --START--
INFO: Run Behavior\BuildLiteBehavior [ RunTime:0.000013s ]
INFO: [ app_init ] --END-- [ RunTime:0.000078s ]
INFO: [ app_begin ] --START--
INFO: Run Behavior\ReadHtmlCacheBehavior [ RunTime:0.000036s ]
INFO: [ app_begin ] --END-- [ RunTime:0.000069s ]
NOTIC: [8] A session had already been started - ignoring session_start() /home/wwwroot/default/shopnc/mobile/app/b2b/ThinkPHP/Common/functions.php 第 1261 行.
SQL: SHOW COLUMNS FROM `hill_img` [ RunTime:0.0030s ]
SQL: SELECT `cyte`,`body`,`zuobiao`,`pics`,`mobile_img` FROM `hill_img` WHERE ( aid='5850' ) LIMIT 1   [ RunTime:0.0003s ]
SQL: SHOW COLUMNS FROM `archives` [ RunTime:0.0007s ]
SQL: SELECT `title` FROM `archives` WHERE ( id=5850 ) LIMIT 1   [ RunTime:0.0002s ]
SQL: select id,title from archives where title like '%感德铁观音%' limit 0,10 [ RunTime:0.0030s ]
INFO: [ view_parse ] --START--
INFO: [ template_filter ] --START--
INFO: Run Behavior\ContentReplaceBehavior [ RunTime:0.000074s ]
INFO: [ template_filter ] --END-- [ RunTime:0.000113s ]
INFO: Run Behavior\ParseTemplateBehavior [ RunTime:0.002572s ]
INFO: [ view_parse ] --END-- [ RunTime:0.002627s ]
INFO: [ view_filter ] --START--
INFO: Run Behavior\WriteHtmlCacheBehavior [ RunTime:0.000033s ]
INFO: [ view_filter ] --END-- [ RunTime:0.000059s ]
INFO: [ app_end ] --START--
INFO: Run Behavior\ShowPageTraceBehavior [ RunTime:0.000029s ]
INFO: [ app_end ] --END-- [ RunTime:0.000058s ]

[ 2016-05-09T08:51:56+08:00 ] 138.201.13.159 /mobile/app/b2b/index.php/News/Index/detail/aid/5851
INFO: [ app_init ] --START--
INFO: Run Behavior\BuildLiteBehavior [ RunTime:0.000013s ]
INFO: [ app_init ] --END-- [ RunTime:0.000077s ]
INFO: [ app_begin ] --START--
INFO: Run Behavior\ReadHtmlCacheBehavior [ RunTime:0.000032s ]
INFO: [ app_begin ] --END-- [ RunTime:0.000065s ]
NOTIC: [8] A session had already been started - ignoring session_start() /home/wwwroot/default/shopnc/mobile/app/b2b/ThinkPHP/Common/functions.php 第 1261 行.
SQL: SHOW COLUMNS FROM `hill_img` [ RunTime:0.0011s ]
SQL: SELECT `cyte`,`body`,`zuobiao`,`pics`,`mobile_img` FROM `hill_img` WHERE ( aid='5851' ) LIMIT 1   [ RunTime:0.0003s ]
SQL: SHOW COLUMNS FROM `archives` [ RunTime:0.0011s ]
SQL: SELECT `title` FROM `archives` WHERE ( id=5851 ) LIMIT 1   [ RunTime:0.0002s ]
SQL: select id,title from archives where title like '%西坪铁观音%' limit 0,10 [ RunTime:0.0029s ]
INFO: [ view_parse ] --START--
INFO: [ template_filter ] --START--
INFO: Run Behavior\ContentReplaceBehavior [ RunTime:0.000059s ]
INFO: [ template_filter ] --END-- [ RunTime:0.000095s ]
INFO: Run Behavior\ParseTemplateBehavior [ RunTime:0.002684s ]
INFO: [ view_parse ] --END-- [ RunTime:0.002723s ]
INFO: [ view_filter ] --START--
INFO: Run Behavior\WriteHtmlCacheBehavior [ RunTime:0.000032s ]
INFO: [ view_filter ] --END-- [ RunTime:0.000059s ]
INFO: [ app_end ] --START--
INFO: Run Behavior\ShowPageTraceBehavior [ RunTime:0.000031s ]
INFO: [ app_end ] --END-- [ RunTime:0.000077s ]

[ 2016-05-09T08:51:59+08:00 ] 138.201.13.159 /mobile/app/b2b/index.php/News/Index/detail/aid/5855
INFO: [ app_init ] --START--
INFO: Run Behavior\BuildLiteBehavior [ RunTime:0.000012s ]
INFO: [ app_init ] --END-- [ RunTime:0.000075s ]
INFO: [ app_begin ] --START--
INFO: Run Behavior\ReadHtmlCacheBehavior [ RunTime:0.000033s ]
INFO: [ app_begin ] --END-- [ RunTime:0.000066s ]
NOTIC: [8] A session had already been started - ignoring session_start() /home/wwwroot/default/shopnc/mobile/app/b2b/ThinkPHP/Common/functions.php 第 1261 行.
SQL: SHOW COLUMNS FROM `hill_img` [ RunTime:0.0010s ]
SQL: SELECT `cyte`,`body`,`zuobiao`,`pics`,`mobile_img` FROM `hill_img` WHERE ( aid='5855' ) LIMIT 1   [ RunTime:0.0003s ]
SQL: SHOW COLUMNS FROM `archives` [ RunTime:0.0007s ]
SQL: SELECT `title` FROM `archives` WHERE ( id=5855 ) LIMIT 1   [ RunTime:0.0002s ]
SQL: select id,title from archives where title like '%剑斗铁观音%' limit 0,10 [ RunTime:0.0029s ]
INFO: [ view_parse ] --START--
INFO: [ template_filter ] --START--
INFO: Run Behavior\ContentReplaceBehavior [ RunTime:0.000053s ]
INFO: [ template_filter ] --END-- [ RunTime:0.000089s ]
INFO: Run Behavior\ParseTemplateBehavior [ RunTime:0.002606s ]
INFO: [ view_parse ] --END-- [ RunTime:0.002644s ]
INFO: [ view_filter ] --START--
INFO: Run Behavior\WriteHtmlCacheBehavior [ RunTime:0.000047s ]
INFO: [ view_filter ] --END-- [ RunTime:0.000077s ]
INFO: [ app_end ] --START--
INFO: Run Behavior\ShowPageTraceBehavior [ RunTime:0.000031s ]
INFO: [ app_end ] --END-- [ RunTime:0.000059s ]

[ 2016-05-09T08:52:02+08:00 ] 138.201.13.159 /mobile/app/b2b/index.php/News/Index/detail/aid/5881
INFO: [ app_init ] --START--
INFO: Run Behavior\BuildLiteBehavior [ RunTime:0.000011s ]
INFO: [ app_init ] --END-- [ RunTime:0.000077s ]
INFO: [ app_begin ] --START--
INFO: Run Behavior\ReadHtmlCacheBehavior [ RunTime:0.000034s ]
INFO: [ app_begin ] --END-- [ RunTime:0.000067s ]
NOTIC: [8] A session had already been started - ignoring session_start() /home/wwwroot/default/shopnc/mobile/app/b2b/ThinkPHP/Common/functions.php 第 1261 行.
SQL: SHOW COLUMNS FROM `hill_img` [ RunTime:0.0011s ]
SQL: SELECT `cyte`,`body`,`zuobiao`,`pics`,`mobile_img` FROM `hill_img` WHERE ( aid='5881' ) LIMIT 1   [ RunTime:0.0002s ]
SQL: SHOW COLUMNS FROM `archives` [ RunTime:0.0006s ]
SQL: SELECT `title` FROM `archives` WHERE ( id=5881 ) LIMIT 1   [ RunTime:0.0002s ]
SQL: select id,title from archives where title like '%木栅铁观音%' limit 0,10 [ RunTime:0.0030s ]
INFO: [ view_parse ] --START--
INFO: [ template_filter ] --START--
INFO: Run Behavior\ContentReplaceBehavior [ RunTime:0.000072s ]
INFO: [ template_filter ] --END-- [ RunTime:0.000144s ]
INFO: Run Behavior\ParseTemplateBehavior [ RunTime:0.003193s ]
INFO: [ view_parse ] --END-- [ RunTime:0.003235s ]
INFO: [ view_filter ] --START--
INFO: Run Behavior\WriteHtmlCacheBehavior [ RunTime:0.000052s ]
INFO: [ view_filter ] --END-- [ RunTime:0.000091s ]
INFO: [ app_end ] --START--
INFO: Run Behavior\ShowPageTraceBehavior [ RunTime:0.000050s ]
INFO: [ app_end ] --END-- [ RunTime:0.000111s ]

[ 2016-05-09T08:57:36+08:00 ] 101.226.169.213 /mobile/app/b2b/index.php/News/Index/detail/aid/5758
INFO: [ app_init ] --START--
INFO: Run Behavior\BuildLiteBehavior [ RunTime:0.000012s ]
INFO: [ app_init ] --END-- [ RunTime:0.000084s ]
INFO: [ app_begin ] --START--
INFO: Run Behavior\ReadHtmlCacheBehavior [ RunTime:0.000038s ]
INFO: [ app_begin ] --END-- [ RunTime:0.000072s ]
NOTIC: [8] A session had already been started - ignoring session_start() /home/wwwroot/default/shopnc/mobile/app/b2b/ThinkPHP/Common/functions.php 第 1261 行.
SQL: SHOW COLUMNS FROM `hill_img` [ RunTime:0.0012s ]
SQL: SELECT `cyte`,`body`,`zuobiao`,`pics`,`mobile_img` FROM `hill_img` WHERE ( aid='5758' ) LIMIT 1   [ RunTime:0.0002s ]
SQL: SHOW COLUMNS FROM `archives` [ RunTime:0.0007s ]
ERR: SQLSTATE[42S02]: Base table or view not found: 1146 Table 'shopncb2b2c.addonarticle' doesn't exist

[ 2016-05-09T09:36:07+08:00 ] 180.136.74.177 /mobile/app/b2b/index.php/News/Index/Home
INFO: [ app_init ] --START--
INFO: Run Behavior\BuildLiteBehavior [ RunTime:0.000013s ]
INFO: [ app_init ] --END-- [ RunTime:0.000087s ]
INFO: [ app_begin ] --START--
INFO: Run Behavior\ReadHtmlCacheBehavior [ RunTime:0.000038s ]
INFO: [ app_begin ] --END-- [ RunTime:0.000072s ]
NOTIC: [8] A session had already been started - ignoring session_start() /home/wwwroot/default/shopnc/mobile/app/b2b/ThinkPHP/Common/functions.php 第 1261 行.
INFO: [ view_parse ] --START--
INFO: [ template_filter ] --START--
INFO: Run Behavior\ContentReplaceBehavior [ RunTime:0.000077s ]
INFO: [ template_filter ] --END-- [ RunTime:0.000119s ]
INFO: Run Behavior\ParseTemplateBehavior [ RunTime:0.006054s ]
INFO: [ view_parse ] --END-- [ RunTime:0.006091s ]
INFO: [ view_filter ] --START--
INFO: Run Behavior\WriteHtmlCacheBehavior [ RunTime:0.000039s ]
INFO: [ view_filter ] --END-- [ RunTime:0.000066s ]
INFO: [ app_end ] --START--
INFO: Run Behavior\ShowPageTraceBehavior [ RunTime:0.000040s ]
INFO: [ app_end ] --END-- [ RunTime:0.000076s ]

[ 2016-05-09T10:04:26+08:00 ] 124.72.53.151 /mobile/app/b2b/index.php/News/Index/detail/aid/3015
INFO: [ app_init ] --START--
INFO: Run Behavior\BuildLiteBehavior [ RunTime:0.000013s ]
INFO: [ app_init ] --END-- [ RunTime:0.000112s ]
INFO: [ app_begin ] --START--
INFO: Run Behavior\ReadHtmlCacheBehavior [ RunTime:0.000039s ]
INFO: [ app_begin ] --END-- [ RunTime:0.000072s ]
NOTIC: [8] A session had already been started - ignoring session_start() /home/wwwroot/default/shopnc/mobile/app/b2b/ThinkPHP/Common/functions.php 第 1261 行.
SQL: SHOW COLUMNS FROM `hill_img` [ RunTime:0.0015s ]
SQL: SELECT `cyte`,`body`,`zuobiao`,`pics`,`mobile_img` FROM `hill_img` WHERE ( aid='3015' ) LIMIT 1   [ RunTime:0.0003s ]
SQL: SHOW COLUMNS FROM `archives` [ RunTime:0.0010s ]
SQL: SELECT `title` FROM `archives` WHERE ( id=3015 ) LIMIT 1   [ RunTime:0.0002s ]
SQL: select id,title from archives where title like '%亥公%' limit 0,10 [ RunTime:0.0033s ]
INFO: [ view_parse ] --START--
INFO: [ template_filter ] --START--
INFO: Run Behavior\ContentReplaceBehavior [ RunTime:0.000054s ]
INFO: [ template_filter ] --END-- [ RunTime:0.000089s ]
INFO: Run Behavior\ParseTemplateBehavior [ RunTime:0.002580s ]
INFO: [ view_parse ] --END-- [ RunTime:0.002618s ]
INFO: [ view_filter ] --START--
INFO: Run Behavior\WriteHtmlCacheBehavior [ RunTime:0.000038s ]
INFO: [ view_filter ] --END-- [ RunTime:0.000065s ]
INFO: [ app_end ] --START--
INFO: Run Behavior\ShowPageTraceBehavior [ RunTime:0.000038s ]
INFO: [ app_end ] --END-- [ RunTime:0.000069s ]

[ 2016-05-09T10:04:27+08:00 ] 124.72.53.151 /mobile/app/b2b/index.php/News/Index/map
INFO: [ app_init ] --START--
INFO: Run Behavior\BuildLiteBehavior [ RunTime:0.000012s ]
INFO: [ app_init ] --END-- [ RunTime:0.000084s ]
INFO: [ app_begin ] --START--
INFO: Run Behavior\ReadHtmlCacheBehavior [ RunTime:0.000033s ]
INFO: [ app_begin ] --END-- [ RunTime:0.000067s ]
NOTIC: [8] A session had already been started - ignoring session_start() /home/wwwroot/default/shopnc/mobile/app/b2b/ThinkPHP/Common/functions.php 第 1261 行.
INFO: [ view_parse ] --START--
INFO: [ template_filter ] --START--
INFO: Run Behavior\ContentReplaceBehavior [ RunTime:0.000031s ]
INFO: [ template_filter ] --END-- [ RunTime:0.000066s ]
INFO: Run Behavior\ParseTemplateBehavior [ RunTime:0.001389s ]
INFO: [ view_parse ] --END-- [ RunTime:0.001427s ]
INFO: [ view_filter ] --START--
INFO: Run Behavior\WriteHtmlCacheBehavior [ RunTime:0.000032s ]
INFO: [ view_filter ] --END-- [ RunTime:0.000059s ]
INFO: [ app_end ] --START--
INFO: Run Behavior\ShowPageTraceBehavior [ RunTime:0.000030s ]
INFO: [ app_end ] --END-- [ RunTime:0.000059s ]

[ 2016-05-09T10:04:37+08:00 ] 124.72.53.151 /mobile/app/b2b/index.php/News/Index/index
INFO: [ app_init ] --START--
INFO: Run Behavior\BuildLiteBehavior [ RunTime:0.000013s ]
INFO: [ app_init ] --END-- [ RunTime:0.000089s ]
INFO: [ app_begin ] --START--
INFO: Run Behavior\ReadHtmlCacheBehavior [ RunTime:0.000033s ]
INFO: [ app_begin ] --END-- [ RunTime:0.000066s ]
NOTIC: [8] A session had already been started - ignoring session_start() /home/wwwroot/default/shopnc/mobile/app/b2b/ThinkPHP/Common/functions.php 第 1261 行.
INFO: [ view_parse ] --START--
NOTIC: [2] file_get_contents(./Application/News/View/Public/head.html): failed to open stream: No such file or directory /home/wwwroot/default/shopnc/mobile/app/b2b/ThinkPHP/Library/Think/Template.class.php 第 696 行.
INFO: [ template_filter ] --START--
INFO: Run Behavior\ContentReplaceBehavior [ RunTime:0.000161s ]
INFO: [ template_filter ] --END-- [ RunTime:0.000205s ]
INFO: Run Behavior\ParseTemplateBehavior [ RunTime:0.008251s ]
INFO: [ view_parse ] --END-- [ RunTime:0.008291s ]
INFO: [ view_filter ] --START--
INFO: Run Behavior\WriteHtmlCacheBehavior [ RunTime:0.000036s ]
INFO: [ view_filter ] --END-- [ RunTime:0.000063s ]
INFO: [ app_end ] --START--
INFO: Run Behavior\ShowPageTraceBehavior [ RunTime:0.000033s ]
INFO: [ app_end ] --END-- [ RunTime:0.000063s ]

[ 2016-05-09T10:04:47+08:00 ] 123.125.71.71 /mobile/app/b2b/index.php/News/Index/detail/aid/3015
INFO: [ app_init ] --START--
INFO: Run Behavior\BuildLiteBehavior [ RunTime:0.000012s ]
INFO: [ app_init ] --END-- [ RunTime:0.000075s ]
INFO: [ app_begin ] --START--
INFO: Run Behavior\ReadHtmlCacheBehavior [ RunTime:0.000038s ]
INFO: [ app_begin ] --END-- [ RunTime:0.000079s ]
NOTIC: [8] A session had already been started - ignoring session_start() /home/wwwroot/default/shopnc/mobile/app/b2b/ThinkPHP/Common/functions.php 第 1261 行.
SQL: SHOW COLUMNS FROM `hill_img` [ RunTime:0.0011s ]
SQL: SELECT `cyte`,`body`,`zuobiao`,`pics`,`mobile_img` FROM `hill_img` WHERE ( aid='3015' ) LIMIT 1   [ RunTime:0.0003s ]
SQL: SHOW COLUMNS FROM `archives` [ RunTime:0.0006s ]
SQL: SELECT `title` FROM `archives` WHERE ( id=3015 ) LIMIT 1   [ RunTime:0.0002s ]
SQL: select id,title from archives where title like '%亥公%' limit 0,10 [ RunTime:0.0029s ]
INFO: [ view_parse ] --START--
INFO: [ template_filter ] --START--
INFO: Run Behavior\ContentReplaceBehavior [ RunTime:0.000055s ]
INFO: [ template_filter ] --END-- [ RunTime:0.000089s ]
INFO: Run Behavior\ParseTemplateBehavior [ RunTime:0.002584s ]
INFO: [ view_parse ] --END-- [ RunTime:0.002621s ]
INFO: [ view_filter ] --START--
INFO: Run Behavior\WriteHtmlCacheBehavior [ RunTime:0.000033s ]
INFO: [ view_filter ] --END-- [ RunTime:0.000061s ]
INFO: [ app_end ] --START--
INFO: Run Behavior\ShowPageTraceBehavior [ RunTime:0.000031s ]
INFO: [ app_end ] --END-- [ RunTime:0.000062s ]

[ 2016-05-09T12:23:48+08:00 ] 123.52.105.61 /mobile/app/b2b/index.php/News/Index/Home
INFO: [ app_init ] --START--
INFO: Run Behavior\BuildLiteBehavior [ RunTime:0.000015s ]
INFO: [ app_init ] --END-- [ RunTime:0.000084s ]
INFO: [ app_begin ] --START--
INFO: Run Behavior\ReadHtmlCacheBehavior [ RunTime:0.000036s ]
INFO: [ app_begin ] --END-- [ RunTime:0.000070s ]
NOTIC: [8] A session had already been started - ignoring session_start() /home/wwwroot/default/shopnc/mobile/app/b2b/ThinkPHP/Common/functions.php 第 1261 行.
INFO: [ view_parse ] --START--
INFO: [ template_filter ] --START--
INFO: Run Behavior\ContentReplaceBehavior [ RunTime:0.000073s ]
INFO: [ template_filter ] --END-- [ RunTime:0.000113s ]
INFO: Run Behavior\ParseTemplateBehavior [ RunTime:0.006052s ]
INFO: [ view_parse ] --END-- [ RunTime:0.006090s ]
INFO: [ view_filter ] --START--
INFO: Run Behavior\WriteHtmlCacheBehavior [ RunTime:0.000039s ]
INFO: [ view_filter ] --END-- [ RunTime:0.000066s ]
INFO: [ app_end ] --START--
INFO: Run Behavior\ShowPageTraceBehavior [ RunTime:0.000043s ]
INFO: [ app_end ] --END-- [ RunTime:0.000088s ]

[ 2016-05-09T12:23:52+08:00 ] 123.52.105.61 /mobile/app/b2b/index.php/News/Index/Home
INFO: [ app_init ] --START--
INFO: Run Behavior\BuildLiteBehavior [ RunTime:0.000013s ]
INFO: [ app_init ] --END-- [ RunTime:0.000096s ]
INFO: [ app_begin ] --START--
INFO: Run Behavior\ReadHtmlCacheBehavior [ RunTime:0.000033s ]
INFO: [ app_begin ] --END-- [ RunTime:0.000067s ]
NOTIC: [8] A session had already been started - ignoring session_start() /home/wwwroot/default/shopnc/mobile/app/b2b/ThinkPHP/Common/functions.php 第 1261 行.
INFO: [ view_parse ] --START--
INFO: [ template_filter ] --START--
INFO: Run Behavior\ContentReplaceBehavior [ RunTime:0.000073s ]
INFO: [ template_filter ] --END-- [ RunTime:0.000121s ]
INFO: Run Behavior\ParseTemplateBehavior [ RunTime:0.006433s ]
INFO: [ view_parse ] --END-- [ RunTime:0.006487s ]
INFO: [ view_filter ] --START--
INFO: Run Behavior\WriteHtmlCacheBehavior [ RunTime:0.000034s ]
INFO: [ view_filter ] --END-- [ RunTime:0.000062s ]
INFO: [ app_end ] --START--
INFO: Run Behavior\ShowPageTraceBehavior [ RunTime:0.000033s ]
INFO: [ app_end ] --END-- [ RunTime:0.000073s ]

[ 2016-05-09T12:24:00+08:00 ] 123.52.105.61 /mobile/app/b2b/index.php/News/Index/detail/aid/5810
INFO: [ app_init ] --START--
INFO: Run Behavior\BuildLiteBehavior [ RunTime:0.000013s ]
INFO: [ app_init ] --END-- [ RunTime:0.000084s ]
INFO: [ app_begin ] --START--
INFO: Run Behavior\ReadHtmlCacheBehavior [ RunTime:0.000033s ]
INFO: [ app_begin ] --END-- [ RunTime:0.000067s ]
NOTIC: [8] A session had already been started - ignoring session_start() /home/wwwroot/default/shopnc/mobile/app/b2b/ThinkPHP/Common/functions.php 第 1261 行.
SQL: SHOW COLUMNS FROM `hill_img` [ RunTime:0.0013s ]
SQL: SELECT `cyte`,`body`,`zuobiao`,`pics`,`mobile_img` FROM `hill_img` WHERE ( aid='5810' ) LIMIT 1   [ RunTime:0.0002s ]
SQL: SHOW COLUMNS FROM `archives` [ RunTime:0.0007s ]
SQL: SELECT `title` FROM `archives` WHERE ( id=5810 ) LIMIT 1   [ RunTime:0.0002s ]
SQL: select id,title from archives where title like '%狮峰龙井%' limit 0,10 [ RunTime:0.0030s ]
INFO: [ view_parse ] --START--
INFO: [ template_filter ] --START--
INFO: Run Behavior\ContentReplaceBehavior [ RunTime:0.000058s ]
INFO: [ template_filter ] --END-- [ RunTime:0.000094s ]
INFO: Run Behavior\ParseTemplateBehavior [ RunTime:0.003066s ]
INFO: [ view_parse ] --END-- [ RunTime:0.003107s ]
INFO: [ view_filter ] --START--
INFO: Run Behavior\WriteHtmlCacheBehavior [ RunTime:0.000032s ]
INFO: [ view_filter ] --END-- [ RunTime:0.000062s ]
INFO: [ app_end ] --START--
INFO: Run Behavior\ShowPageTraceBehavior [ RunTime:0.000031s ]
INFO: [ app_end ] --END-- [ RunTime:0.000059s ]

[ 2016-05-09T12:24:00+08:00 ] 123.52.105.61 /mobile/app/b2b/index.php/News/Index/map
INFO: [ app_init ] --START--
INFO: Run Behavior\BuildLiteBehavior [ RunTime:0.000012s ]
INFO: [ app_init ] --END-- [ RunTime:0.000094s ]
INFO: [ app_begin ] --START--
INFO: Run Behavior\ReadHtmlCacheBehavior [ RunTime:0.000034s ]
INFO: [ app_begin ] --END-- [ RunTime:0.000067s ]
NOTIC: [8] A session had already been started - ignoring session_start() /home/wwwroot/default/shopnc/mobile/app/b2b/ThinkPHP/Common/functions.php 第 1261 行.
INFO: [ view_parse ] --START--
INFO: [ template_filter ] --START--
INFO: Run Behavior\ContentReplaceBehavior [ RunTime:0.000046s ]
INFO: [ template_filter ] --END-- [ RunTime:0.000081s ]
INFO: Run Behavior\ParseTemplateBehavior [ RunTime:0.001211s ]
INFO: [ view_parse ] --END-- [ RunTime:0.001246s ]
INFO: [ view_filter ] --START--
INFO: Run Behavior\WriteHtmlCacheBehavior [ RunTime:0.000030s ]
INFO: [ view_filter ] --END-- [ RunTime:0.000057s ]
INFO: [ app_end ] --START--
INFO: Run Behavior\ShowPageTraceBehavior [ RunTime:0.000029s ]
INFO: [ app_end ] --END-- [ RunTime:0.000056s ]

[ 2016-05-09T12:24:17+08:00 ] 123.52.105.61 /mobile/app/b2b/index.php/News/Index/detail/aid/5820
INFO: [ app_init ] --START--
INFO: Run Behavior\BuildLiteBehavior [ RunTime:0.000012s ]
INFO: [ app_init ] --END-- [ RunTime:0.000089s ]
INFO: [ app_begin ] --START--
INFO: Run Behavior\ReadHtmlCacheBehavior [ RunTime:0.000040s ]
INFO: [ app_begin ] --END-- [ RunTime:0.000074s ]
NOTIC: [8] A session had already been started - ignoring session_start() /home/wwwroot/default/shopnc/mobile/app/b2b/ThinkPHP/Common/functions.php 第 1261 行.
SQL: SHOW COLUMNS FROM `hill_img` [ RunTime:0.0012s ]
SQL: SELECT `cyte`,`body`,`zuobiao`,`pics`,`mobile_img` FROM `hill_img` WHERE ( aid='5820' ) LIMIT 1   [ RunTime:0.0002s ]
SQL: SHOW COLUMNS FROM `archives` [ RunTime:0.0006s ]
SQL: SELECT `title` FROM `archives` WHERE ( id=5820 ) LIMIT 1   [ RunTime:0.0002s ]
SQL: select id,title from archives where title like '%梅家坞龙井%' limit 0,10 [ RunTime:0.0030s ]
INFO: [ view_parse ] --START--
INFO: [ template_filter ] --START--
INFO: Run Behavior\ContentReplaceBehavior [ RunTime:0.000082s ]
INFO: [ template_filter ] --END-- [ RunTime:0.000121s ]
INFO: Run Behavior\ParseTemplateBehavior [ RunTime:0.002650s ]
INFO: [ view_parse ] --END-- [ RunTime:0.002704s ]
INFO: [ view_filter ] --START--
INFO: Run Behavior\WriteHtmlCacheBehavior [ RunTime:0.000032s ]
INFO: [ view_filter ] --END-- [ RunTime:0.000059s ]
INFO: [ app_end ] --START--
INFO: Run Behavior\ShowPageTraceBehavior [ RunTime:0.000038s ]
INFO: [ app_end ] --END-- [ RunTime:0.000066s ]

[ 2016-05-09T12:24:17+08:00 ] 123.52.105.61 /mobile/app/b2b/index.php/News/Index/map
INFO: [ app_init ] --START--
INFO: Run Behavior\BuildLiteBehavior [ RunTime:0.000011s ]
INFO: [ app_init ] --END-- [ RunTime:0.000079s ]
INFO: [ app_begin ] --START--
INFO: Run Behavior\ReadHtmlCacheBehavior [ RunTime:0.000032s ]
INFO: [ app_begin ] --END-- [ RunTime:0.000065s ]
NOTIC: [8] A session had already been started - ignoring session_start() /home/wwwroot/default/shopnc/mobile/app/b2b/ThinkPHP/Common/functions.php 第 1261 行.
INFO: [ view_parse ] --START--
INFO: [ template_filter ] --START--
INFO: Run Behavior\ContentReplaceBehavior [ RunTime:0.000029s ]
INFO: [ template_filter ] --END-- [ RunTime:0.000063s ]
INFO: Run Behavior\ParseTemplateBehavior [ RunTime:0.001226s ]
INFO: [ view_parse ] --END-- [ RunTime:0.001279s ]
INFO: [ view_filter ] --START--
INFO: Run Behavior\WriteHtmlCacheBehavior [ RunTime:0.000031s ]
INFO: [ view_filter ] --END-- [ RunTime:0.000057s ]
INFO: [ app_end ] --START--
INFO: Run Behavior\ShowPageTraceBehavior [ RunTime:0.000029s ]
INFO: [ app_end ] --END-- [ RunTime:0.000056s ]

[ 2016-05-09T12:24:40+08:00 ] 123.52.105.61 /mobile/app/b2b/index.php/News/Index/detail/aid/5818
INFO: [ app_init ] --START--
INFO: Run Behavior\BuildLiteBehavior [ RunTime:0.000018s ]
INFO: [ app_init ] --END-- [ RunTime:0.000096s ]
INFO: [ app_begin ] --START--
INFO: Run Behavior\ReadHtmlCacheBehavior [ RunTime:0.000034s ]
INFO: [ app_begin ] --END-- [ RunTime:0.000067s ]
NOTIC: [8] A session had already been started - ignoring session_start() /home/wwwroot/default/shopnc/mobile/app/b2b/ThinkPHP/Common/functions.php 第 1261 行.
SQL: SHOW COLUMNS FROM `hill_img` [ RunTime:0.0011s ]
SQL: SELECT `cyte`,`body`,`zuobiao`,`pics`,`mobile_img` FROM `hill_img` WHERE ( aid='5818' ) LIMIT 1   [ RunTime:0.0002s ]
SQL: SHOW COLUMNS FROM `archives` [ RunTime:0.0007s ]
SQL: SELECT `title` FROM `archives` WHERE ( id=5818 ) LIMIT 1   [ RunTime:0.0002s ]
SQL: select id,title from archives where title like '%云栖龙井%' limit 0,10 [ RunTime:0.0029s ]
INFO: [ view_parse ] --START--
INFO: [ template_filter ] --START--
INFO: Run Behavior\ContentReplaceBehavior [ RunTime:0.000054s ]
INFO: [ template_filter ] --END-- [ RunTime:0.000104s ]
INFO: Run Behavior\ParseTemplateBehavior [ RunTime:0.002606s ]
INFO: [ view_parse ] --END-- [ RunTime:0.002649s ]
INFO: [ view_filter ] --START--
INFO: Run Behavior\WriteHtmlCacheBehavior [ RunTime:0.000031s ]
INFO: [ view_filter ] --END-- [ RunTime:0.000058s ]
INFO: [ app_end ] --START--
INFO: Run Behavior\ShowPageTraceBehavior [ RunTime:0.000030s ]
INFO: [ app_end ] --END-- [ RunTime:0.000056s ]

[ 2016-05-09T12:24:40+08:00 ] 123.52.105.61 /mobile/app/b2b/index.php/News/Index/map
INFO: [ app_init ] --START--
INFO: Run Behavior\BuildLiteBehavior [ RunTime:0.000012s ]
INFO: [ app_init ] --END-- [ RunTime:0.000082s ]
INFO: [ app_begin ] --START--
INFO: Run Behavior\ReadHtmlCacheBehavior [ RunTime:0.000034s ]
INFO: [ app_begin ] --END-- [ RunTime:0.000068s ]
NOTIC: [8] A session had already been started - ignoring session_start() /home/wwwroot/default/shopnc/mobile/app/b2b/ThinkPHP/Common/functions.php 第 1261 行.
INFO: [ view_parse ] --START--
INFO: [ template_filter ] --START--
INFO: Run Behavior\ContentReplaceBehavior [ RunTime:0.000030s ]
INFO: [ template_filter ] --END-- [ RunTime:0.000064s ]
INFO: Run Behavior\ParseTemplateBehavior [ RunTime:0.001213s ]
INFO: [ view_parse ] --END-- [ RunTime:0.001248s ]
INFO: [ view_filter ] --START--
INFO: Run Behavior\WriteHtmlCacheBehavior [ RunTime:0.000031s ]
INFO: [ view_filter ] --END-- [ RunTime:0.000057s ]
INFO: [ app_end ] --START--
INFO: Run Behavior\ShowPageTraceBehavior [ RunTime:0.000028s ]
INFO: [ app_end ] --END-- [ RunTime:0.000056s ]

[ 2016-05-09T12:24:56+08:00 ] 123.52.105.61 /mobile/app/b2b/index.php/News/Index/detail/aid/5819
INFO: [ app_init ] --START--
INFO: Run Behavior\BuildLiteBehavior [ RunTime:0.000012s ]
INFO: [ app_init ] --END-- [ RunTime:0.000081s ]
INFO: [ app_begin ] --START--
INFO: Run Behavior\ReadHtmlCacheBehavior [ RunTime:0.000034s ]
INFO: [ app_begin ] --END-- [ RunTime:0.000067s ]
NOTIC: [8] A session had already been started - ignoring session_start() /home/wwwroot/default/shopnc/mobile/app/b2b/ThinkPHP/Common/functions.php 第 1261 行.
SQL: SHOW COLUMNS FROM `hill_img` [ RunTime:0.0015s ]
SQL: SELECT `cyte`,`body`,`zuobiao`,`pics`,`mobile_img` FROM `hill_img` WHERE ( aid='5819' ) LIMIT 1   [ RunTime:0.0003s ]
SQL: SHOW COLUMNS FROM `archives` [ RunTime:0.0009s ]
SQL: SELECT `title` FROM `archives` WHERE ( id=5819 ) LIMIT 1   [ RunTime:0.0002s ]
SQL: select id,title from archives where title like '%虎跑龙井%' limit 0,10 [ RunTime:0.0037s ]
INFO: [ view_parse ] --START--
INFO: [ template_filter ] --START--
INFO: Run Behavior\ContentReplaceBehavior [ RunTime:0.000060s ]
INFO: [ template_filter ] --END-- [ RunTime:0.000105s ]
INFO: Run Behavior\ParseTemplateBehavior [ RunTime:0.002963s ]
INFO: [ view_parse ] --END-- [ RunTime:0.003003s ]
INFO: [ view_filter ] --START--
INFO: Run Behavior\WriteHtmlCacheBehavior [ RunTime:0.000037s ]
INFO: [ view_filter ] --END-- [ RunTime:0.000065s ]
INFO: [ app_end ] --START--
INFO: Run Behavior\ShowPageTraceBehavior [ RunTime:0.000032s ]
INFO: [ app_end ] --END-- [ RunTime:0.000059s ]

[ 2016-05-09T12:24:56+08:00 ] 123.52.105.61 /mobile/app/b2b/index.php/News/Index/map
INFO: [ app_init ] --START--
INFO: Run Behavior\BuildLiteBehavior [ RunTime:0.000012s ]
INFO: [ app_init ] --END-- [ RunTime:0.000081s ]
INFO: [ app_begin ] --START--
INFO: Run Behavior\ReadHtmlCacheBehavior [ RunTime:0.000033s ]
INFO: [ app_begin ] --END-- [ RunTime:0.000067s ]
NOTIC: [8] A session had already been started - ignoring session_start() /home/wwwroot/default/shopnc/mobile/app/b2b/ThinkPHP/Common/functions.php 第 1261 行.
INFO: [ view_parse ] --START--
INFO: [ template_filter ] --START--
INFO: Run Behavior\ContentReplaceBehavior [ RunTime:0.000029s ]
INFO: [ template_filter ] --END-- [ RunTime:0.000063s ]
INFO: Run Behavior\ParseTemplateBehavior [ RunTime:0.001266s ]
INFO: [ view_parse ] --END-- [ RunTime:0.001301s ]
INFO: [ view_filter ] --START--
INFO: Run Behavior\WriteHtmlCacheBehavior [ RunTime:0.000030s ]
INFO: [ view_filter ] --END-- [ RunTime:0.000057s ]
INFO: [ app_end ] --START--
INFO: Run Behavior\ShowPageTraceBehavior [ RunTime:0.000038s ]
INFO: [ app_end ] --END-- [ RunTime:0.000078s ]

[ 2016-05-09T12:25:10+08:00 ] 123.52.105.61 /mobile/app/b2b/index.php/News/Index/detail/aid/5821
INFO: [ app_init ] --START--
INFO: Run Behavior\BuildLiteBehavior [ RunTime:0.000017s ]
INFO: [ app_init ] --END-- [ RunTime:0.000117s ]
INFO: [ app_begin ] --START--
INFO: Run Behavior\ReadHtmlCacheBehavior [ RunTime:0.000053s ]
INFO: [ app_begin ] --END-- [ RunTime:0.000109s ]
NOTIC: [8] A session had already been started - ignoring session_start() /home/wwwroot/default/shopnc/mobile/app/b2b/ThinkPHP/Common/functions.php 第 1261 行.
SQL: SHOW COLUMNS FROM `hill_img` [ RunTime:0.0014s ]
SQL: SELECT `cyte`,`body`,`zuobiao`,`pics`,`mobile_img` FROM `hill_img` WHERE ( aid='5821' ) LIMIT 1   [ RunTime:0.0003s ]
SQL: SHOW COLUMNS FROM `archives` [ RunTime:0.0009s ]
SQL: SELECT `title` FROM `archives` WHERE ( id=5821 ) LIMIT 1   [ RunTime:0.0002s ]
SQL: select id,title from archives where title like '%黄山毛峰%' limit 0,10 [ RunTime:0.0037s ]
INFO: [ view_parse ] --START--
INFO: [ template_filter ] --START--
INFO: Run Behavior\ContentReplaceBehavior [ RunTime:0.000076s ]
INFO: [ template_filter ] --END-- [ RunTime:0.000117s ]
INFO: Run Behavior\ParseTemplateBehavior [ RunTime:0.003635s ]
INFO: [ view_parse ] --END-- [ RunTime:0.003686s ]
INFO: [ view_filter ] --START--
INFO: Run Behavior\WriteHtmlCacheBehavior [ RunTime:0.000036s ]
INFO: [ view_filter ] --END-- [ RunTime:0.000075s ]
INFO: [ app_end ] --START--
INFO: Run Behavior\ShowPageTraceBehavior [ RunTime:0.000033s ]
INFO: [ app_end ] --END-- [ RunTime:0.000071s ]

[ 2016-05-09T12:25:10+08:00 ] 123.52.105.61 /mobile/app/b2b/index.php/News/Index/map
INFO: [ app_init ] --START--
INFO: Run Behavior\BuildLiteBehavior [ RunTime:0.000012s ]
INFO: [ app_init ] --END-- [ RunTime:0.000081s ]
INFO: [ app_begin ] --START--
INFO: Run Behavior\ReadHtmlCacheBehavior [ RunTime:0.000034s ]
INFO: [ app_begin ] --END-- [ RunTime:0.000067s ]
NOTIC: [8] A session had already been started - ignoring session_start() /home/wwwroot/default/shopnc/mobile/app/b2b/ThinkPHP/Common/functions.php 第 1261 行.
INFO: [ view_parse ] --START--
INFO: [ template_filter ] --START--
INFO: Run Behavior\ContentReplaceBehavior [ RunTime:0.000029s ]
INFO: [ template_filter ] --END-- [ RunTime:0.000063s ]
INFO: Run Behavior\ParseTemplateBehavior [ RunTime:0.001289s ]
INFO: [ view_parse ] --END-- [ RunTime:0.001325s ]
INFO: [ view_filter ] --START--
INFO: Run Behavior\WriteHtmlCacheBehavior [ RunTime:0.000031s ]
INFO: [ view_filter ] --END-- [ RunTime:0.000056s ]
INFO: [ app_end ] --START--
INFO: Run Behavior\ShowPageTraceBehavior [ RunTime:0.000029s ]
INFO: [ app_end ] --END-- [ RunTime:0.000057s ]

[ 2016-05-09T12:25:25+08:00 ] 123.52.105.61 /mobile/app/b2b/index.php/News/Index/detail/aid/5822
INFO: [ app_init ] --START--
INFO: Run Behavior\BuildLiteBehavior [ RunTime:0.000013s ]
INFO: [ app_init ] --END-- [ RunTime:0.000088s ]
INFO: [ app_begin ] --START--
INFO: Run Behavior\ReadHtmlCacheBehavior [ RunTime:0.000040s ]
INFO: [ app_begin ] --END-- [ RunTime:0.000086s ]
NOTIC: [8] A session had already been started - ignoring session_start() /home/wwwroot/default/shopnc/mobile/app/b2b/ThinkPHP/Common/functions.php 第 1261 行.
SQL: SHOW COLUMNS FROM `hill_img` [ RunTime:0.0010s ]
SQL: SELECT `cyte`,`body`,`zuobiao`,`pics`,`mobile_img` FROM `hill_img` WHERE ( aid='5822' ) LIMIT 1   [ RunTime:0.0002s ]
SQL: SHOW COLUMNS FROM `archives` [ RunTime:0.0009s ]
SQL: SELECT `title` FROM `archives` WHERE ( id=5822 ) LIMIT 1   [ RunTime:0.0002s ]
SQL: select id,title from archives where title like '%太平猴魁%' limit 0,10 [ RunTime:0.0035s ]
INFO: [ view_parse ] --START--
INFO: [ template_filter ] --START--
INFO: Run Behavior\ContentReplaceBehavior [ RunTime:0.000073s ]
INFO: [ template_filter ] --END-- [ RunTime:0.000125s ]
INFO: Run Behavior\ParseTemplateBehavior [ RunTime:0.003362s ]
INFO: [ view_parse ] --END-- [ RunTime:0.003409s ]
INFO: [ view_filter ] --START--
INFO: Run Behavior\WriteHtmlCacheBehavior [ RunTime:0.000033s ]
INFO: [ view_filter ] --END-- [ RunTime:0.000070s ]
INFO: [ app_end ] --START--
INFO: Run Behavior\ShowPageTraceBehavior [ RunTime:0.000055s ]
INFO: [ app_end ] --END-- [ RunTime:0.000094s ]

[ 2016-05-09T12:25:25+08:00 ] 123.52.105.61 /mobile/app/b2b/index.php/News/Index/map
INFO: [ app_init ] --START--
INFO: Run Behavior\BuildLiteBehavior [ RunTime:0.000012s ]
INFO: [ app_init ] --END-- [ RunTime:0.000082s ]
INFO: [ app_begin ] --START--
INFO: Run Behavior\ReadHtmlCacheBehavior [ RunTime:0.000032s ]
INFO: [ app_begin ] --END-- [ RunTime:0.000065s ]
NOTIC: [8] A session had already been started - ignoring session_start() /home/wwwroot/default/shopnc/mobile/app/b2b/ThinkPHP/Common/functions.php 第 1261 行.
INFO: [ view_parse ] --START--
INFO: [ template_filter ] --START--
INFO: Run Behavior\ContentReplaceBehavior [ RunTime:0.000029s ]
INFO: [ template_filter ] --END-- [ RunTime:0.000064s ]
INFO: Run Behavior\ParseTemplateBehavior [ RunTime:0.001239s ]
INFO: [ view_parse ] --END-- [ RunTime:0.001281s ]
INFO: [ view_filter ] --START--
INFO: Run Behavior\WriteHtmlCacheBehavior [ RunTime:0.000031s ]
INFO: [ view_filter ] --END-- [ RunTime:0.000057s ]
INFO: [ app_end ] --START--
INFO: Run Behavior\ShowPageTraceBehavior [ RunTime:0.000029s ]
INFO: [ app_end ] --END-- [ RunTime:0.000057s ]

[ 2016-05-09T13:32:41+08:00 ] 61.190.178.38 /mobile/app/b2b/index.php/News/Index/Home
INFO: [ app_init ] --START--
INFO: Run Behavior\BuildLiteBehavior [ RunTime:0.000013s ]
INFO: [ app_init ] --END-- [ RunTime:0.000447s ]
INFO: [ app_begin ] --START--
INFO: Run Behavior\ReadHtmlCacheBehavior [ RunTime:0.000609s ]
INFO: [ app_begin ] --END-- [ RunTime:0.000652s ]
NOTIC: [8] A session had already been started - ignoring session_start() /home/wwwroot/default/shopnc/mobile/app/b2b/ThinkPHP/Common/functions.php 第 1261 行.
INFO: [ view_parse ] --START--
INFO: [ template_filter ] --START--
INFO: Run Behavior\ContentReplaceBehavior [ RunTime:0.000079s ]
INFO: [ template_filter ] --END-- [ RunTime:0.000147s ]
INFO: Run Behavior\ParseTemplateBehavior [ RunTime:0.011738s ]
INFO: [ view_parse ] --END-- [ RunTime:0.011778s ]
INFO: [ view_filter ] --START--
INFO: Run Behavior\WriteHtmlCacheBehavior [ RunTime:0.000268s ]
INFO: [ view_filter ] --END-- [ RunTime:0.000302s ]
INFO: [ app_end ] --START--
INFO: Run Behavior\ShowPageTraceBehavior [ RunTime:0.000732s ]
INFO: [ app_end ] --END-- [ RunTime:0.000774s ]

[ 2016-05-09T14:12:06+08:00 ] 123.125.71.16 /mobile/app/b2b/index.php/News/Index/detail/aid/329
INFO: [ app_init ] --START--
INFO: Run Behavior\BuildLiteBehavior [ RunTime:0.000030s ]
INFO: [ app_init ] --END-- [ RunTime:0.000479s ]
INFO: [ app_begin ] --START--
INFO: Run Behavior\ReadHtmlCacheBehavior [ RunTime:0.000628s ]
INFO: [ app_begin ] --END-- [ RunTime:0.000669s ]
NOTIC: [8] A session had already been started - ignoring session_start() /home/wwwroot/default/shopnc/mobile/app/b2b/ThinkPHP/Common/functions.php 第 1261 行.
SQL: SHOW COLUMNS FROM `hill_img` [ RunTime:0.0013s ]
SQL: SELECT `cyte`,`body`,`zuobiao`,`pics`,`mobile_img` FROM `hill_img` WHERE ( aid='329' ) LIMIT 1   [ RunTime:0.0002s ]
SQL: SHOW COLUMNS FROM `archives` [ RunTime:0.0007s ]
ERR: SQLSTATE[42S02]: Base table or view not found: 1146 Table 'shopncb2b2c.addonarticle' doesn't exist

[ 2016-05-09T16:06:23+08:00 ] 123.64.57.180 /mobile/app/b2b/index.php/News/Index/Home
INFO: [ app_init ] --START--
INFO: Run Behavior\BuildLiteBehavior [ RunTime:0.000013s ]
INFO: [ app_init ] --END-- [ RunTime:0.000092s ]
INFO: [ app_begin ] --START--
INFO: Run Behavior\ReadHtmlCacheBehavior [ RunTime:0.000038s ]
INFO: [ app_begin ] --END-- [ RunTime:0.000092s ]
NOTIC: [8] A session had already been started - ignoring session_start() /home/wwwroot/default/shopnc/mobile/app/b2b/ThinkPHP/Common/functions.php 第 1261 行.
INFO: [ view_parse ] --START--
INFO: [ template_filter ] --START--
INFO: Run Behavior\ContentReplaceBehavior [ RunTime:0.000066s ]
INFO: [ template_filter ] --END-- [ RunTime:0.000107s ]
INFO: Run Behavior\ParseTemplateBehavior [ RunTime:0.006038s ]
INFO: [ view_parse ] --END-- [ RunTime:0.006076s ]
INFO: [ view_filter ] --START--
INFO: Run Behavior\WriteHtmlCacheBehavior [ RunTime:0.000038s ]
INFO: [ view_filter ] --END-- [ RunTime:0.000066s ]
INFO: [ app_end ] --START--
INFO: Run Behavior\ShowPageTraceBehavior [ RunTime:0.000054s ]
INFO: [ app_end ] --END-- [ RunTime:0.000101s ]

[ 2016-05-09T16:06:34+08:00 ] 123.64.57.180 /mobile/app/b2b/index.php/News/Index/detail/aid/5821
INFO: [ app_init ] --START--
INFO: Run Behavior\BuildLiteBehavior [ RunTime:0.000011s ]
INFO: [ app_init ] --END-- [ RunTime:0.000082s ]
INFO: [ app_begin ] --START--
INFO: Run Behavior\ReadHtmlCacheBehavior [ RunTime:0.000033s ]
INFO: [ app_begin ] --END-- [ RunTime:0.000067s ]
NOTIC: [8] A session had already been started - ignoring session_start() /home/wwwroot/default/shopnc/mobile/app/b2b/ThinkPHP/Common/functions.php 第 1261 行.
SQL: SHOW COLUMNS FROM `hill_img` [ RunTime:0.0013s ]
SQL: SELECT `cyte`,`body`,`zuobiao`,`pics`,`mobile_img` FROM `hill_img` WHERE ( aid='5821' ) LIMIT 1   [ RunTime:0.0002s ]
SQL: SHOW COLUMNS FROM `archives` [ RunTime:0.0007s ]
SQL: SELECT `title` FROM `archives` WHERE ( id=5821 ) LIMIT 1   [ RunTime:0.0002s ]
SQL: select id,title from archives where title like '%黄山毛峰%' limit 0,10 [ RunTime:0.0029s ]
INFO: [ view_parse ] --START--
INFO: [ template_filter ] --START--
INFO: Run Behavior\ContentReplaceBehavior [ RunTime:0.000053s ]
INFO: [ template_filter ] --END-- [ RunTime:0.000089s ]
INFO: Run Behavior\ParseTemplateBehavior [ RunTime:0.002641s ]
INFO: [ view_parse ] --END-- [ RunTime:0.002679s ]
INFO: [ view_filter ] --START--
INFO: Run Behavior\WriteHtmlCacheBehavior [ RunTime:0.000032s ]
INFO: [ view_filter ] --END-- [ RunTime:0.000062s ]
INFO: [ app_end ] --START--
INFO: Run Behavior\ShowPageTraceBehavior [ RunTime:0.000030s ]
INFO: [ app_end ] --END-- [ RunTime:0.000059s ]

[ 2016-05-09T16:06:34+08:00 ] 123.64.57.180 /mobile/app/b2b/index.php/News/Index/map
INFO: [ app_init ] --START--
INFO: Run Behavior\BuildLiteBehavior [ RunTime:0.000011s ]
INFO: [ app_init ] --END-- [ RunTime:0.000083s ]
INFO: [ app_begin ] --START--
INFO: Run Behavior\ReadHtmlCacheBehavior [ RunTime:0.000035s ]
INFO: [ app_begin ] --END-- [ RunTime:0.000081s ]
NOTIC: [8] A session had already been started - ignoring session_start() /home/wwwroot/default/shopnc/mobile/app/b2b/ThinkPHP/Common/functions.php 第 1261 行.
INFO: [ view_parse ] --START--
INFO: [ template_filter ] --START--
INFO: Run Behavior\ContentReplaceBehavior [ RunTime:0.000029s ]
INFO: [ template_filter ] --END-- [ RunTime:0.000082s ]
INFO: Run Behavior\ParseTemplateBehavior [ RunTime:0.001290s ]
INFO: [ view_parse ] --END-- [ RunTime:0.001328s ]
INFO: [ view_filter ] --START--
INFO: Run Behavior\WriteHtmlCacheBehavior [ RunTime:0.000033s ]
INFO: [ view_filter ] --END-- [ RunTime:0.000059s ]
INFO: [ app_end ] --START--
INFO: Run Behavior\ShowPageTraceBehavior [ RunTime:0.000031s ]
INFO: [ app_end ] --END-- [ RunTime:0.000059s ]

[ 2016-05-09T16:06:57+08:00 ] 123.64.57.180 /mobile/app/b2b/index.php/News/Index/detail/aid/5823
INFO: [ app_init ] --START--
INFO: Run Behavior\BuildLiteBehavior [ RunTime:0.000012s ]
INFO: [ app_init ] --END-- [ RunTime:0.000084s ]
INFO: [ app_begin ] --START--
INFO: Run Behavior\ReadHtmlCacheBehavior [ RunTime:0.000033s ]
INFO: [ app_begin ] --END-- [ RunTime:0.000066s ]
NOTIC: [8] A session had already been started - ignoring session_start() /home/wwwroot/default/shopnc/mobile/app/b2b/ThinkPHP/Common/functions.php 第 1261 行.
SQL: SHOW COLUMNS FROM `hill_img` [ RunTime:0.0011s ]
SQL: SELECT `cyte`,`body`,`zuobiao`,`pics`,`mobile_img` FROM `hill_img` WHERE ( aid='5823' ) LIMIT 1   [ RunTime:0.0003s ]
SQL: SHOW COLUMNS FROM `archives` [ RunTime:0.0008s ]
SQL: SELECT `title` FROM `archives` WHERE ( id=5823 ) LIMIT 1   [ RunTime:0.0002s ]
SQL: select id,title from archives where title like '%洞庭碧螺春%' limit 0,10 [ RunTime:0.0036s ]
INFO: [ view_parse ] --START--
INFO: [ template_filter ] --START--
INFO: Run Behavior\ContentReplaceBehavior [ RunTime:0.000065s ]
INFO: [ template_filter ] --END-- [ RunTime:0.000122s ]
INFO: Run Behavior\ParseTemplateBehavior [ RunTime:0.003079s ]
INFO: [ view_parse ] --END-- [ RunTime:0.003129s ]
INFO: [ view_filter ] --START--
INFO: Run Behavior\WriteHtmlCacheBehavior [ RunTime:0.000044s ]
INFO: [ view_filter ] --END-- [ RunTime:0.000074s ]
INFO: [ app_end ] --START--
INFO: Run Behavior\ShowPageTraceBehavior [ RunTime:0.000034s ]
INFO: [ app_end ] --END-- [ RunTime:0.000065s ]

[ 2016-05-09T16:06:57+08:00 ] 123.64.57.180 /mobile/app/b2b/index.php/News/Index/map
INFO: [ app_init ] --START--
INFO: Run Behavior\BuildLiteBehavior [ RunTime:0.000013s ]
INFO: [ app_init ] --END-- [ RunTime:0.000083s ]
INFO: [ app_begin ] --START--
INFO: Run Behavior\ReadHtmlCacheBehavior [ RunTime:0.000070s ]
INFO: [ app_begin ] --END-- [ RunTime:0.000127s ]
NOTIC: [8] A session had already been started - ignoring session_start() /home/wwwroot/default/shopnc/mobile/app/b2b/ThinkPHP/Common/functions.php 第 1261 行.
INFO: [ view_parse ] --START--
INFO: [ template_filter ] --START--
INFO: Run Behavior\ContentReplaceBehavior [ RunTime:0.000042s ]
INFO: [ template_filter ] --END-- [ RunTime:0.000096s ]
INFO: Run Behavior\ParseTemplateBehavior [ RunTime:0.001876s ]
INFO: [ view_parse ] --END-- [ RunTime:0.001933s ]
INFO: [ view_filter ] --START--
INFO: Run Behavior\WriteHtmlCacheBehavior [ RunTime:0.000047s ]
INFO: [ view_filter ] --END-- [ RunTime:0.000097s ]
INFO: [ app_end ] --START--
INFO: Run Behavior\ShowPageTraceBehavior [ RunTime:0.000050s ]
INFO: [ app_end ] --END-- [ RunTime:0.000100s ]

[ 2016-05-09T16:07:22+08:00 ] 123.64.57.180 /mobile/app/b2b/index.php/News/Index/detail/aid/5828
INFO: [ app_init ] --START--
INFO: Run Behavior\BuildLiteBehavior [ RunTime:0.000012s ]
INFO: [ app_init ] --END-- [ RunTime:0.000082s ]
INFO: [ app_begin ] --START--
INFO: Run Behavior\ReadHtmlCacheBehavior [ RunTime:0.000036s ]
INFO: [ app_begin ] --END-- [ RunTime:0.000076s ]
NOTIC: [8] A session had already been started - ignoring session_start() /home/wwwroot/default/shopnc/mobile/app/b2b/ThinkPHP/Common/functions.php 第 1261 行.
SQL: SHOW COLUMNS FROM `hill_img` [ RunTime:0.0015s ]
SQL: SELECT `cyte`,`body`,`zuobiao`,`pics`,`mobile_img` FROM `hill_img` WHERE ( aid='5828' ) LIMIT 1   [ RunTime:0.0003s ]
SQL: SHOW COLUMNS FROM `archives` [ RunTime:0.0009s ]
SQL: SELECT `title` FROM `archives` WHERE ( id=5828 ) LIMIT 1   [ RunTime:0.0002s ]
SQL: select id,title from archives where title like '%恩施玉露茶%' limit 0,10 [ RunTime:0.0034s ]
INFO: [ view_parse ] --START--
INFO: [ template_filter ] --START--
INFO: Run Behavior\ContentReplaceBehavior [ RunTime:0.000063s ]
INFO: [ template_filter ] --END-- [ RunTime:0.000101s ]
INFO: Run Behavior\ParseTemplateBehavior [ RunTime:0.002719s ]
INFO: [ view_parse ] --END-- [ RunTime:0.002760s ]
INFO: [ view_filter ] --START--
INFO: Run Behavior\WriteHtmlCacheBehavior [ RunTime:0.000033s ]
INFO: [ view_filter ] --END-- [ RunTime:0.000061s ]
INFO: [ app_end ] --START--
INFO: Run Behavior\ShowPageTraceBehavior [ RunTime:0.000033s ]
INFO: [ app_end ] --END-- [ RunTime:0.000065s ]

[ 2016-05-09T16:07:23+08:00 ] 123.64.57.180 /mobile/app/b2b/index.php/News/Index/map
INFO: [ app_init ] --START--
INFO: Run Behavior\BuildLiteBehavior [ RunTime:0.000012s ]
INFO: [ app_init ] --END-- [ RunTime:0.000086s ]
INFO: [ app_begin ] --START--
INFO: Run Behavior\ReadHtmlCacheBehavior [ RunTime:0.000033s ]
INFO: [ app_begin ] --END-- [ RunTime:0.000068s ]
NOTIC: [8] A session had already been started - ignoring session_start() /home/wwwroot/default/shopnc/mobile/app/b2b/ThinkPHP/Common/functions.php 第 1261 行.
INFO: [ view_parse ] --START--
INFO: [ template_filter ] --START--
INFO: Run Behavior\ContentReplaceBehavior [ RunTime:0.000030s ]
INFO: [ template_filter ] --END-- [ RunTime:0.000065s ]
INFO: Run Behavior\ParseTemplateBehavior [ RunTime:0.001254s ]
INFO: [ view_parse ] --END-- [ RunTime:0.001292s ]
INFO: [ view_filter ] --START--
INFO: Run Behavior\WriteHtmlCacheBehavior [ RunTime:0.000032s ]
INFO: [ view_filter ] --END-- [ RunTime:0.000060s ]
INFO: [ app_end ] --START--
INFO: Run Behavior\ShowPageTraceBehavior [ RunTime:0.000030s ]
INFO: [ app_end ] --END-- [ RunTime:0.000059s ]

[ 2016-05-09T16:07:41+08:00 ] 123.64.57.180 /mobile/app/b2b/index.php/News/Index/detail/aid/5829
INFO: [ app_init ] --START--
INFO: Run Behavior\BuildLiteBehavior [ RunTime:0.000017s ]
INFO: [ app_init ] --END-- [ RunTime:0.000123s ]
INFO: [ app_begin ] --START--
INFO: Run Behavior\ReadHtmlCacheBehavior [ RunTime:0.000049s ]
INFO: [ app_begin ] --END-- [ RunTime:0.000087s ]
NOTIC: [8] A session had already been started - ignoring session_start() /home/wwwroot/default/shopnc/mobile/app/b2b/ThinkPHP/Common/functions.php 第 1261 行.
SQL: SHOW COLUMNS FROM `hill_img` [ RunTime:0.0009s ]
SQL: SELECT `cyte`,`body`,`zuobiao`,`pics`,`mobile_img` FROM `hill_img` WHERE ( aid='5829' ) LIMIT 1   [ RunTime:0.0003s ]
SQL: SHOW COLUMNS FROM `archives` [ RunTime:0.0010s ]
SQL: SELECT `title` FROM `archives` WHERE ( id=5829 ) LIMIT 1   [ RunTime:0.0003s ]
SQL: select id,title from archives where title like '%庐山云雾%' limit 0,10 [ RunTime:0.0029s ]
INFO: [ view_parse ] --START--
INFO: [ template_filter ] --START--
INFO: Run Behavior\ContentReplaceBehavior [ RunTime:0.000056s ]
INFO: [ template_filter ] --END-- [ RunTime:0.000094s ]
INFO: Run Behavior\ParseTemplateBehavior [ RunTime:0.003010s ]
INFO: [ view_parse ] --END-- [ RunTime:0.003057s ]
INFO: [ view_filter ] --START--
INFO: Run Behavior\WriteHtmlCacheBehavior [ RunTime:0.000039s ]
INFO: [ view_filter ] --END-- [ RunTime:0.000067s ]
INFO: [ app_end ] --START--
INFO: Run Behavior\ShowPageTraceBehavior [ RunTime:0.000055s ]
INFO: [ app_end ] --END-- [ RunTime:0.000085s ]

[ 2016-05-09T16:07:42+08:00 ] 123.64.57.180 /mobile/app/b2b/index.php/News/Index/map
INFO: [ app_init ] --START--
INFO: Run Behavior\BuildLiteBehavior [ RunTime:0.000011s ]
INFO: [ app_init ] --END-- [ RunTime:0.000084s ]
INFO: [ app_begin ] --START--
INFO: Run Behavior\ReadHtmlCacheBehavior [ RunTime:0.000035s ]
INFO: [ app_begin ] --END-- [ RunTime:0.000072s ]
NOTIC: [8] A session had already been started - ignoring session_start() /home/wwwroot/default/shopnc/mobile/app/b2b/ThinkPHP/Common/functions.php 第 1261 行.
INFO: [ view_parse ] --START--
INFO: [ template_filter ] --START--
INFO: Run Behavior\ContentReplaceBehavior [ RunTime:0.000031s ]
INFO: [ template_filter ] --END-- [ RunTime:0.000065s ]
INFO: Run Behavior\ParseTemplateBehavior [ RunTime:0.001221s ]
INFO: [ view_parse ] --END-- [ RunTime:0.001258s ]
INFO: [ view_filter ] --START--
INFO: Run Behavior\WriteHtmlCacheBehavior [ RunTime:0.000030s ]
INFO: [ view_filter ] --END-- [ RunTime:0.000057s ]
INFO: [ app_end ] --START--
INFO: Run Behavior\ShowPageTraceBehavior [ RunTime:0.000030s ]
INFO: [ app_end ] --END-- [ RunTime:0.000059s ]

[ 2016-05-09T16:08:00+08:00 ] 123.64.57.180 /mobile/app/b2b/index.php/News/Index/detail/aid/5836
INFO: [ app_init ] --START--
INFO: Run Behavior\BuildLiteBehavior [ RunTime:0.000012s ]
INFO: [ app_init ] --END-- [ RunTime:0.000083s ]
INFO: [ app_begin ] --START--
INFO: Run Behavior\ReadHtmlCacheBehavior [ RunTime:0.000033s ]
INFO: [ app_begin ] --END-- [ RunTime:0.000068s ]
NOTIC: [8] A session had already been started - ignoring session_start() /home/wwwroot/default/shopnc/mobile/app/b2b/ThinkPHP/Common/functions.php 第 1261 行.
SQL: SHOW COLUMNS FROM `hill_img` [ RunTime:0.0011s ]
SQL: SELECT `cyte`,`body`,`zuobiao`,`pics`,`mobile_img` FROM `hill_img` WHERE ( aid='5836' ) LIMIT 1   [ RunTime:0.0002s ]
SQL: SHOW COLUMNS FROM `archives` [ RunTime:0.0006s ]
SQL: SELECT `title` FROM `archives` WHERE ( id=5836 ) LIMIT 1   [ RunTime:0.0002s ]
SQL: select id,title from archives where title like '%蒙顶毛峰%' limit 0,10 [ RunTime:0.0029s ]
INFO: [ view_parse ] --START--
INFO: [ template_filter ] --START--
INFO: Run Behavior\ContentReplaceBehavior [ RunTime:0.000053s ]
INFO: [ template_filter ] --END-- [ RunTime:0.000090s ]
INFO: Run Behavior\ParseTemplateBehavior [ RunTime:0.002619s ]
INFO: [ view_parse ] --END-- [ RunTime:0.002657s ]
INFO: [ view_filter ] --START--
INFO: Run Behavior\WriteHtmlCacheBehavior [ RunTime:0.000032s ]
INFO: [ view_filter ] --END-- [ RunTime:0.000059s ]
INFO: [ app_end ] --START--
INFO: Run Behavior\ShowPageTraceBehavior [ RunTime:0.000030s ]
INFO: [ app_end ] --END-- [ RunTime:0.000059s ]

[ 2016-05-09T16:08:00+08:00 ] 123.64.57.180 /mobile/app/b2b/index.php/News/Index/map
INFO: [ app_init ] --START--
INFO: Run Behavior\BuildLiteBehavior [ RunTime:0.000012s ]
INFO: [ app_init ] --END-- [ RunTime:0.000084s ]
INFO: [ app_begin ] --START--
INFO: Run Behavior\ReadHtmlCacheBehavior [ RunTime:0.000033s ]
INFO: [ app_begin ] --END-- [ RunTime:0.000068s ]
NOTIC: [8] A session had already been started - ignoring session_start() /home/wwwroot/default/shopnc/mobile/app/b2b/ThinkPHP/Common/functions.php 第 1261 行.
INFO: [ view_parse ] --START--
INFO: [ template_filter ] --START--
INFO: Run Behavior\ContentReplaceBehavior [ RunTime:0.000030s ]
INFO: [ template_filter ] --END-- [ RunTime:0.000065s ]
INFO: Run Behavior\ParseTemplateBehavior [ RunTime:0.001255s ]
INFO: [ view_parse ] --END-- [ RunTime:0.001293s ]
INFO: [ view_filter ] --START--
INFO: Run Behavior\WriteHtmlCacheBehavior [ RunTime:0.000031s ]
INFO: [ view_filter ] --END-- [ RunTime:0.000058s ]
INFO: [ app_end ] --START--
INFO: Run Behavior\ShowPageTraceBehavior [ RunTime:0.000030s ]
INFO: [ app_end ] --END-- [ RunTime:0.000059s ]

[ 2016-05-09T16:08:19+08:00 ] 123.64.57.180 /mobile/app/b2b/index.php/News/Index/detail/aid/5829
INFO: [ app_init ] --START--
INFO: Run Behavior\BuildLiteBehavior [ RunTime:0.000013s ]
INFO: [ app_init ] --END-- [ RunTime:0.000085s ]
INFO: [ app_begin ] --START--
INFO: Run Behavior\ReadHtmlCacheBehavior [ RunTime:0.000034s ]
INFO: [ app_begin ] --END-- [ RunTime:0.000068s ]
NOTIC: [8] A session had already been started - ignoring session_start() /home/wwwroot/default/shopnc/mobile/app/b2b/ThinkPHP/Common/functions.php 第 1261 行.
SQL: SHOW COLUMNS FROM `hill_img` [ RunTime:0.0011s ]
SQL: SELECT `cyte`,`body`,`zuobiao`,`pics`,`mobile_img` FROM `hill_img` WHERE ( aid='5829' ) LIMIT 1   [ RunTime:0.0002s ]
SQL: SHOW COLUMNS FROM `archives` [ RunTime:0.0006s ]
SQL: SELECT `title` FROM `archives` WHERE ( id=5829 ) LIMIT 1   [ RunTime:0.0002s ]
SQL: select id,title from archives where title like '%庐山云雾%' limit 0,10 [ RunTime:0.0029s ]
INFO: [ view_parse ] --START--
INFO: [ template_filter ] --START--
INFO: Run Behavior\ContentReplaceBehavior [ RunTime:0.000053s ]
INFO: [ template_filter ] --END-- [ RunTime:0.000094s ]
INFO: Run Behavior\ParseTemplateBehavior [ RunTime:0.002672s ]
INFO: [ view_parse ] --END-- [ RunTime:0.002724s ]
INFO: [ view_filter ] --START--
INFO: Run Behavior\WriteHtmlCacheBehavior [ RunTime:0.000043s ]
INFO: [ view_filter ] --END-- [ RunTime:0.000079s ]
INFO: [ app_end ] --START--
INFO: Run Behavior\ShowPageTraceBehavior [ RunTime:0.000032s ]
INFO: [ app_end ] --END-- [ RunTime:0.000060s ]

[ 2016-05-09T16:08:19+08:00 ] 123.64.57.180 /mobile/app/b2b/index.php/News/Index/map
INFO: [ app_init ] --START--
INFO: Run Behavior\BuildLiteBehavior [ RunTime:0.000012s ]
INFO: [ app_init ] --END-- [ RunTime:0.000082s ]
INFO: [ app_begin ] --START--
INFO: Run Behavior\ReadHtmlCacheBehavior [ RunTime:0.000033s ]
INFO: [ app_begin ] --END-- [ RunTime:0.000068s ]
NOTIC: [8] A session had already been started - ignoring session_start() /home/wwwroot/default/shopnc/mobile/app/b2b/ThinkPHP/Common/functions.php 第 1261 行.
INFO: [ view_parse ] --START--
INFO: [ template_filter ] --START--
INFO: Run Behavior\ContentReplaceBehavior [ RunTime:0.000029s ]
INFO: [ template_filter ] --END-- [ RunTime:0.000065s ]
INFO: Run Behavior\ParseTemplateBehavior [ RunTime:0.001204s ]
INFO: [ view_parse ] --END-- [ RunTime:0.001241s ]
INFO: [ view_filter ] --START--
INFO: Run Behavior\WriteHtmlCacheBehavior [ RunTime:0.000031s ]
INFO: [ view_filter ] --END-- [ RunTime:0.000058s ]
INFO: [ app_end ] --START--
INFO: Run Behavior\ShowPageTraceBehavior [ RunTime:0.000030s ]
INFO: [ app_end ] --END-- [ RunTime:0.000058s ]

[ 2016-05-09T16:43:23+08:00 ] 106.39.189.8 /mobile/app/b2b/index.php/News/Index/detail/aid/2958
INFO: [ app_init ] --START--
INFO: Run Behavior\BuildLiteBehavior [ RunTime:0.000012s ]
INFO: [ app_init ] --END-- [ RunTime:0.000091s ]
INFO: [ app_begin ] --START--
INFO: Run Behavior\ReadHtmlCacheBehavior [ RunTime:0.000045s ]
INFO: [ app_begin ] --END-- [ RunTime:0.000095s ]
NOTIC: [8] A session had already been started - ignoring session_start() /home/wwwroot/default/shopnc/mobile/app/b2b/ThinkPHP/Common/functions.php 第 1261 行.
SQL: SHOW COLUMNS FROM `hill_img` [ RunTime:0.0012s ]
SQL: SELECT `cyte`,`body`,`zuobiao`,`pics`,`mobile_img` FROM `hill_img` WHERE ( aid='2958' ) LIMIT 1   [ RunTime:0.0002s ]
SQL: SHOW COLUMNS FROM `archives` [ RunTime:0.0008s ]
SQL: SELECT `title` FROM `archives` WHERE ( id=2958 ) LIMIT 1   [ RunTime:0.0002s ]
SQL: select id,title from archives where title like '%%' limit 0,10 [ RunTime:0.0004s ]
INFO: [ view_parse ] --START--
INFO: [ template_filter ] --START--
INFO: Run Behavior\ContentReplaceBehavior [ RunTime:0.000058s ]
INFO: [ template_filter ] --END-- [ RunTime:0.000094s ]
INFO: Run Behavior\ParseTemplateBehavior [ RunTime:0.002718s ]
INFO: [ view_parse ] --END-- [ RunTime:0.002756s ]
INFO: [ view_filter ] --START--
INFO: Run Behavior\WriteHtmlCacheBehavior [ RunTime:0.000038s ]
INFO: [ view_filter ] --END-- [ RunTime:0.000067s ]
INFO: [ app_end ] --START--
INFO: Run Behavior\ShowPageTraceBehavior [ RunTime:0.000039s ]
INFO: [ app_end ] --END-- [ RunTime:0.000069s ]

[ 2016-05-09T16:43:24+08:00 ] 117.136.29.139 /mobile/app/b2b/index.php/News/Index/map
INFO: [ app_init ] --START--
INFO: Run Behavior\BuildLiteBehavior [ RunTime:0.000013s ]
INFO: [ app_init ] --END-- [ RunTime:0.000081s ]
INFO: [ app_begin ] --START--
INFO: Run Behavior\ReadHtmlCacheBehavior [ RunTime:0.000034s ]
INFO: [ app_begin ] --END-- [ RunTime:0.000068s ]
NOTIC: [8] A session had already been started - ignoring session_start() /home/wwwroot/default/shopnc/mobile/app/b2b/ThinkPHP/Common/functions.php 第 1261 行.
INFO: [ view_parse ] --START--
INFO: [ template_filter ] --START--
INFO: Run Behavior\ContentReplaceBehavior [ RunTime:0.000030s ]
INFO: [ template_filter ] --END-- [ RunTime:0.000072s ]
INFO: Run Behavior\ParseTemplateBehavior [ RunTime:0.001281s ]
INFO: [ view_parse ] --END-- [ RunTime:0.001318s ]
INFO: [ view_filter ] --START--
INFO: Run Behavior\WriteHtmlCacheBehavior [ RunTime:0.000031s ]
INFO: [ view_filter ] --END-- [ RunTime:0.000058s ]
INFO: [ app_end ] --START--
INFO: Run Behavior\ShowPageTraceBehavior [ RunTime:0.000034s ]
INFO: [ app_end ] --END-- [ RunTime:0.000070s ]

[ 2016-05-09T16:43:33+08:00 ] 117.136.29.139 /mobile/app/b2b/index.php/News/Index/Home
INFO: [ app_init ] --START--
INFO: Run Behavior\BuildLiteBehavior [ RunTime:0.000018s ]
INFO: [ app_init ] --END-- [ RunTime:0.000123s ]
INFO: [ app_begin ] --START--
INFO: Run Behavior\ReadHtmlCacheBehavior [ RunTime:0.000043s ]
INFO: [ app_begin ] --END-- [ RunTime:0.000089s ]
NOTIC: [8] A session had already been started - ignoring session_start() /home/wwwroot/default/shopnc/mobile/app/b2b/ThinkPHP/Common/functions.php 第 1261 行.
INFO: [ view_parse ] --START--
INFO: [ template_filter ] --START--
INFO: Run Behavior\ContentReplaceBehavior [ RunTime:0.000074s ]
INFO: [ template_filter ] --END-- [ RunTime:0.000120s ]
INFO: Run Behavior\ParseTemplateBehavior [ RunTime:0.006054s ]
INFO: [ view_parse ] --END-- [ RunTime:0.006093s ]
INFO: [ view_filter ] --START--
INFO: Run Behavior\WriteHtmlCacheBehavior [ RunTime:0.000036s ]
INFO: [ view_filter ] --END-- [ RunTime:0.000063s ]
INFO: [ app_end ] --START--
INFO: Run Behavior\ShowPageTraceBehavior [ RunTime:0.000034s ]
INFO: [ app_end ] --END-- [ RunTime:0.000070s ]

[ 2016-05-09T16:57:25+08:00 ] 117.136.40.220 /mobile/app/b2b/index.php/News/Index/Home
INFO: [ app_init ] --START--
INFO: Run Behavior\BuildLiteBehavior [ RunTime:0.000020s ]
INFO: [ app_init ] --END-- [ RunTime:0.000145s ]
INFO: [ app_begin ] --START--
INFO: Run Behavior\ReadHtmlCacheBehavior [ RunTime:0.000067s ]
INFO: [ app_begin ] --END-- [ RunTime:0.000125s ]
NOTIC: [8] A session had already been started - ignoring session_start() /home/wwwroot/default/shopnc/mobile/app/b2b/ThinkPHP/Common/functions.php 第 1261 行.
INFO: [ view_parse ] --START--
INFO: [ template_filter ] --START--
INFO: Run Behavior\ContentReplaceBehavior [ RunTime:0.000072s ]
INFO: [ template_filter ] --END-- [ RunTime:0.000115s ]
INFO: Run Behavior\ParseTemplateBehavior [ RunTime:0.007160s ]
INFO: [ view_parse ] --END-- [ RunTime:0.007208s ]
INFO: [ view_filter ] --START--
INFO: Run Behavior\WriteHtmlCacheBehavior [ RunTime:0.000041s ]
INFO: [ view_filter ] --END-- [ RunTime:0.000069s ]
INFO: [ app_end ] --START--
INFO: Run Behavior\ShowPageTraceBehavior [ RunTime:0.000042s ]
INFO: [ app_end ] --END-- [ RunTime:0.000077s ]

[ 2016-05-09T17:02:27+08:00 ] 111.13.102.7 /mobile/app/b2b/index.php/News/Index/detail/aid/5885
INFO: [ app_init ] --START--
INFO: Run Behavior\BuildLiteBehavior [ RunTime:0.000014s ]
INFO: [ app_init ] --END-- [ RunTime:0.000111s ]
INFO: [ app_begin ] --START--
INFO: Run Behavior\ReadHtmlCacheBehavior [ RunTime:0.000038s ]
INFO: [ app_begin ] --END-- [ RunTime:0.000071s ]
NOTIC: [8] A session had already been started - ignoring session_start() /home/wwwroot/default/shopnc/mobile/app/b2b/ThinkPHP/Common/functions.php 第 1261 行.
SQL: SHOW COLUMNS FROM `hill_img` [ RunTime:0.0012s ]
SQL: SELECT `cyte`,`body`,`zuobiao`,`pics`,`mobile_img` FROM `hill_img` WHERE ( aid='5885' ) LIMIT 1   [ RunTime:0.0003s ]
SQL: SHOW COLUMNS FROM `archives` [ RunTime:0.0007s ]
SQL: SELECT `title` FROM `archives` WHERE ( id=5885 ) LIMIT 1   [ RunTime:0.0002s ]
SQL: select id,title from archives where title like '%安化黑茶%' limit 0,10 [ RunTime:0.0029s ]
INFO: [ view_parse ] --START--
INFO: [ template_filter ] --START--
INFO: Run Behavior\ContentReplaceBehavior [ RunTime:0.000054s ]
INFO: [ template_filter ] --END-- [ RunTime:0.000089s ]
INFO: Run Behavior\ParseTemplateBehavior [ RunTime:0.002692s ]
INFO: [ view_parse ] --END-- [ RunTime:0.002731s ]
INFO: [ view_filter ] --START--
INFO: Run Behavior\WriteHtmlCacheBehavior [ RunTime:0.000037s ]
INFO: [ view_filter ] --END-- [ RunTime:0.000065s ]
INFO: [ app_end ] --START--
INFO: Run Behavior\ShowPageTraceBehavior [ RunTime:0.000036s ]
INFO: [ app_end ] --END-- [ RunTime:0.000065s ]

[ 2016-05-09T18:14:38+08:00 ] 42.120.161.43 /mobile/app/b2b/index.php/News/Index/detail/aid/6280
INFO: [ app_init ] --START--
INFO: Run Behavior\BuildLiteBehavior [ RunTime:0.000012s ]
INFO: [ app_init ] --END-- [ RunTime:0.000076s ]
INFO: [ app_begin ] --START--
INFO: Run Behavior\ReadHtmlCacheBehavior [ RunTime:0.000034s ]
INFO: [ app_begin ] --END-- [ RunTime:0.000066s ]
NOTIC: [8] A session had already been started - ignoring session_start() /home/wwwroot/default/shopnc/mobile/app/b2b/ThinkPHP/Common/functions.php 第 1261 行.
SQL: SHOW COLUMNS FROM `hill_img` [ RunTime:0.0013s ]
SQL: SELECT `cyte`,`body`,`zuobiao`,`pics`,`mobile_img` FROM `hill_img` WHERE ( aid='6280' ) LIMIT 1   [ RunTime:0.0003s ]
SQL: SHOW COLUMNS FROM `archives` [ RunTime:0.0008s ]
SQL: SELECT `title` FROM `archives` WHERE ( id=6280 ) LIMIT 1   [ RunTime:0.0002s ]
SQL: select id,title from archives where title like '%广东乌龙%' limit 0,10 [ RunTime:0.0029s ]
INFO: [ view_parse ] --START--
INFO: [ template_filter ] --START--
INFO: Run Behavior\ContentReplaceBehavior [ RunTime:0.000058s ]
INFO: [ template_filter ] --END-- [ RunTime:0.000096s ]
INFO: Run Behavior\ParseTemplateBehavior [ RunTime:0.002695s ]
INFO: [ view_parse ] --END-- [ RunTime:0.002735s ]
INFO: [ view_filter ] --START--
INFO: Run Behavior\WriteHtmlCacheBehavior [ RunTime:0.000033s ]
INFO: [ view_filter ] --END-- [ RunTime:0.000079s ]
INFO: [ app_end ] --START--
INFO: Run Behavior\ShowPageTraceBehavior [ RunTime:0.000032s ]
INFO: [ app_end ] --END-- [ RunTime:0.000063s ]

[ 2016-05-09T18:14:40+08:00 ] 42.156.139.43 /mobile/app/b2b/index.php/News/Index/detail/aid/6250
INFO: [ app_init ] --START--
INFO: Run Behavior\BuildLiteBehavior [ RunTime:0.000012s ]
INFO: [ app_init ] --END-- [ RunTime:0.000078s ]
INFO: [ app_begin ] --START--
INFO: Run Behavior\ReadHtmlCacheBehavior [ RunTime:0.000032s ]
INFO: [ app_begin ] --END-- [ RunTime:0.000066s ]
NOTIC: [8] A session had already been started - ignoring session_start() /home/wwwroot/default/shopnc/mobile/app/b2b/ThinkPHP/Common/functions.php 第 1261 行.
SQL: SHOW COLUMNS FROM `hill_img` [ RunTime:0.0010s ]
SQL: SELECT `cyte`,`body`,`zuobiao`,`pics`,`mobile_img` FROM `hill_img` WHERE ( aid='6250' ) LIMIT 1   [ RunTime:0.0003s ]
SQL: SHOW COLUMNS FROM `archives` [ RunTime:0.0008s ]
SQL: SELECT `title` FROM `archives` WHERE ( id=6250 ) LIMIT 1   [ RunTime:0.0003s ]
SQL: select id,title from archives where title like '%红茶茶珍%' limit 0,10 [ RunTime:0.0029s ]
INFO: [ view_parse ] --START--
INFO: [ template_filter ] --START--
INFO: Run Behavior\ContentReplaceBehavior [ RunTime:0.000058s ]
INFO: [ template_filter ] --END-- [ RunTime:0.000093s ]
INFO: Run Behavior\ParseTemplateBehavior [ RunTime:0.002635s ]
INFO: [ view_parse ] --END-- [ RunTime:0.002688s ]
INFO: [ view_filter ] --START--
INFO: Run Behavior\WriteHtmlCacheBehavior [ RunTime:0.000033s ]
INFO: [ view_filter ] --END-- [ RunTime:0.000062s ]
INFO: [ app_end ] --START--
INFO: Run Behavior\ShowPageTraceBehavior [ RunTime:0.000031s ]
INFO: [ app_end ] --END-- [ RunTime:0.000060s ]

[ 2016-05-09T18:14:43+08:00 ] 42.120.161.43 /mobile/app/b2b/index.php/News/Index/detail/aid/2939
INFO: [ app_init ] --START--
INFO: Run Behavior\BuildLiteBehavior [ RunTime:0.000012s ]
INFO: [ app_init ] --END-- [ RunTime:0.000077s ]
INFO: [ app_begin ] --START--
INFO: Run Behavior\ReadHtmlCacheBehavior [ RunTime:0.000035s ]
INFO: [ app_begin ] --END-- [ RunTime:0.000068s ]
NOTIC: [8] A session had already been started - ignoring session_start() /home/wwwroot/default/shopnc/mobile/app/b2b/ThinkPHP/Common/functions.php 第 1261 行.
SQL: SHOW COLUMNS FROM `hill_img` [ RunTime:0.0011s ]
SQL: SELECT `cyte`,`body`,`zuobiao`,`pics`,`mobile_img` FROM `hill_img` WHERE ( aid='2939' ) LIMIT 1   [ RunTime:0.0002s ]
SQL: SHOW COLUMNS FROM `archives` [ RunTime:0.0006s ]
SQL: SELECT `title` FROM `archives` WHERE ( id=2939 ) LIMIT 1   [ RunTime:0.0002s ]
SQL: select id,title from archives where title like '%曼糯%' limit 0,10 [ RunTime:0.0030s ]
INFO: [ view_parse ] --START--
INFO: [ template_filter ] --START--
INFO: Run Behavior\ContentReplaceBehavior [ RunTime:0.000057s ]
INFO: [ template_filter ] --END-- [ RunTime:0.000094s ]
INFO: Run Behavior\ParseTemplateBehavior [ RunTime:0.002628s ]
INFO: [ view_parse ] --END-- [ RunTime:0.002666s ]
INFO: [ view_filter ] --START--
INFO: Run Behavior\WriteHtmlCacheBehavior [ RunTime:0.000032s ]
INFO: [ view_filter ] --END-- [ RunTime:0.000059s ]
INFO: [ app_end ] --START--
INFO: Run Behavior\ShowPageTraceBehavior [ RunTime:0.000032s ]
INFO: [ app_end ] --END-- [ RunTime:0.000060s ]

[ 2016-05-09T18:14:45+08:00 ] 42.156.138.43 /mobile/app/b2b/index.php/News/Index/detail/aid/2934
INFO: [ app_init ] --START--
INFO: Run Behavior\BuildLiteBehavior [ RunTime:0.000013s ]
INFO: [ app_init ] --END-- [ RunTime:0.000079s ]
INFO: [ app_begin ] --START--
INFO: Run Behavior\ReadHtmlCacheBehavior [ RunTime:0.000034s ]
INFO: [ app_begin ] --END-- [ RunTime:0.000085s ]
NOTIC: [8] A session had already been started - ignoring session_start() /home/wwwroot/default/shopnc/mobile/app/b2b/ThinkPHP/Common/functions.php 第 1261 行.
SQL: SHOW COLUMNS FROM `hill_img` [ RunTime:0.0011s ]
SQL: SELECT `cyte`,`body`,`zuobiao`,`pics`,`mobile_img` FROM `hill_img` WHERE ( aid='2934' ) LIMIT 1   [ RunTime:0.0003s ]
SQL: SHOW COLUMNS FROM `archives` [ RunTime:0.0006s ]
SQL: SELECT `title` FROM `archives` WHERE ( id=2934 ) LIMIT 1   [ RunTime:0.0002s ]
SQL: select id,title from archives where title like '%帕沙茶山%' limit 0,10 [ RunTime:0.0029s ]
INFO: [ view_parse ] --START--
INFO: [ template_filter ] --START--
INFO: Run Behavior\ContentReplaceBehavior [ RunTime:0.000054s ]
INFO: [ template_filter ] --END-- [ RunTime:0.000090s ]
INFO: Run Behavior\ParseTemplateBehavior [ RunTime:0.002563s ]
INFO: [ view_parse ] --END-- [ RunTime:0.002601s ]
INFO: [ view_filter ] --START--
INFO: Run Behavior\WriteHtmlCacheBehavior [ RunTime:0.000032s ]
INFO: [ view_filter ] --END-- [ RunTime:0.000060s ]
INFO: [ app_end ] --START--
INFO: Run Behavior\ShowPageTraceBehavior [ RunTime:0.000032s ]
INFO: [ app_end ] --END-- [ RunTime:0.000063s ]

[ 2016-05-09T18:14:45+08:00 ] 42.120.160.43 /mobile/app/b2b/index.php/News/Index/detail/aid/2914
INFO: [ app_init ] --START--
INFO: Run Behavior\BuildLiteBehavior [ RunTime:0.000017s ]
INFO: [ app_init ] --END-- [ RunTime:0.000111s ]
INFO: [ app_begin ] --START--
INFO: Run Behavior\ReadHtmlCacheBehavior [ RunTime:0.000046s ]
INFO: [ app_begin ] --END-- [ RunTime:0.000095s ]
NOTIC: [8] A session had already been started - ignoring session_start() /home/wwwroot/default/shopnc/mobile/app/b2b/ThinkPHP/Common/functions.php 第 1261 行.
SQL: SHOW COLUMNS FROM `hill_img` [ RunTime:0.0011s ]
SQL: SELECT `cyte`,`body`,`zuobiao`,`pics`,`mobile_img` FROM `hill_img` WHERE ( aid='2914' ) LIMIT 1   [ RunTime:0.0004s ]
SQL: SHOW COLUMNS FROM `archives` [ RunTime:0.0008s ]
SQL: SELECT `title` FROM `archives` WHERE ( id=2914 ) LIMIT 1   [ RunTime:0.0003s ]
SQL: select id,title from archives where title like '%邦盆老寨%' limit 0,10 [ RunTime:0.0029s ]
INFO: [ view_parse ] --START--
INFO: [ template_filter ] --START--
INFO: Run Behavior\ContentReplaceBehavior [ RunTime:0.000066s ]
INFO: [ template_filter ] --END-- [ RunTime:0.000114s ]
INFO: Run Behavior\ParseTemplateBehavior [ RunTime:0.002711s ]
INFO: [ view_parse ] --END-- [ RunTime:0.002750s ]
INFO: [ view_filter ] --START--
INFO: Run Behavior\WriteHtmlCacheBehavior [ RunTime:0.000032s ]
INFO: [ view_filter ] --END-- [ RunTime:0.000059s ]
INFO: [ app_end ] --START--
INFO: Run Behavior\ShowPageTraceBehavior [ RunTime:0.000030s ]
INFO: [ app_end ] --END-- [ RunTime:0.000058s ]

[ 2016-05-09T18:14:49+08:00 ] 42.156.139.43 /mobile/app/b2b/index.php/News/Index/detail/aid/5871
INFO: [ app_init ] --START--
INFO: Run Behavior\BuildLiteBehavior [ RunTime:0.000013s ]
INFO: [ app_init ] --END-- [ RunTime:0.000075s ]
INFO: [ app_begin ] --START--
INFO: Run Behavior\ReadHtmlCacheBehavior [ RunTime:0.000034s ]
INFO: [ app_begin ] --END-- [ RunTime:0.000068s ]
NOTIC: [8] A session had already been started - ignoring session_start() /home/wwwroot/default/shopnc/mobile/app/b2b/ThinkPHP/Common/functions.php 第 1261 行.
SQL: SHOW COLUMNS FROM `hill_img` [ RunTime:0.0011s ]
SQL: SELECT `cyte`,`body`,`zuobiao`,`pics`,`mobile_img` FROM `hill_img` WHERE ( aid='5871' ) LIMIT 1   [ RunTime:0.0002s ]
SQL: SHOW COLUMNS FROM `archives` [ RunTime:0.0006s ]
SQL: SELECT `title` FROM `archives` WHERE ( id=5871 ) LIMIT 1   [ RunTime:0.0002s ]
SQL: select id,title from archives where title like '%湘红工夫%' limit 0,10 [ RunTime:0.0030s ]
INFO: [ view_parse ] --START--
INFO: [ template_filter ] --START--
INFO: Run Behavior\ContentReplaceBehavior [ RunTime:0.000077s ]
INFO: [ template_filter ] --END-- [ RunTime:0.000121s ]
INFO: Run Behavior\ParseTemplateBehavior [ RunTime:0.003669s ]
INFO: [ view_parse ] --END-- [ RunTime:0.003727s ]
INFO: [ view_filter ] --START--
INFO: Run Behavior\WriteHtmlCacheBehavior [ RunTime:0.000045s ]
INFO: [ view_filter ] --END-- [ RunTime:0.000092s ]
INFO: [ app_end ] --START--
INFO: Run Behavior\ShowPageTraceBehavior [ RunTime:0.000047s ]
INFO: [ app_end ] --END-- [ RunTime:0.000084s ]

[ 2016-05-09T18:14:51+08:00 ] 42.156.136.43 /mobile/app/b2b/index.php/News/Index/detail/aid/2962
INFO: [ app_init ] --START--
INFO: Run Behavior\BuildLiteBehavior [ RunTime:0.000013s ]
INFO: [ app_init ] --END-- [ RunTime:0.000079s ]
INFO: [ app_begin ] --START--
INFO: Run Behavior\ReadHtmlCacheBehavior [ RunTime:0.000035s ]
INFO: [ app_begin ] --END-- [ RunTime:0.000069s ]
NOTIC: [8] A session had already been started - ignoring session_start() /home/wwwroot/default/shopnc/mobile/app/b2b/ThinkPHP/Common/functions.php 第 1261 行.
SQL: SHOW COLUMNS FROM `hill_img` [ RunTime:0.0011s ]
SQL: SELECT `cyte`,`body`,`zuobiao`,`pics`,`mobile_img` FROM `hill_img` WHERE ( aid='2962' ) LIMIT 1   [ RunTime:0.0002s ]
SQL: SHOW COLUMNS FROM `archives` [ RunTime:0.0006s ]
SQL: SELECT `title` FROM `archives` WHERE ( id=2962 ) LIMIT 1   [ RunTime:0.0002s ]
SQL: select id,title from archives where title like '%%' limit 0,10 [ RunTime:0.0002s ]
INFO: [ view_parse ] --START--
INFO: [ template_filter ] --START--
INFO: Run Behavior\ContentReplaceBehavior [ RunTime:0.000052s ]
INFO: [ template_filter ] --END-- [ RunTime:0.000087s ]
INFO: Run Behavior\ParseTemplateBehavior [ RunTime:0.002631s ]
INFO: [ view_parse ] --END-- [ RunTime:0.002669s ]
INFO: [ view_filter ] --START--
INFO: Run Behavior\WriteHtmlCacheBehavior [ RunTime:0.000032s ]
INFO: [ view_filter ] --END-- [ RunTime:0.000059s ]
INFO: [ app_end ] --START--
INFO: Run Behavior\ShowPageTraceBehavior [ RunTime:0.000030s ]
INFO: [ app_end ] --END-- [ RunTime:0.000059s ]

[ 2016-05-09T18:14:53+08:00 ] 42.120.161.43 /mobile/app/b2b/index.php/News/Index/detail/aid/2943
INFO: [ app_init ] --START--
INFO: Run Behavior\BuildLiteBehavior [ RunTime:0.000013s ]
INFO: [ app_init ] --END-- [ RunTime:0.000076s ]
INFO: [ app_begin ] --START--
INFO: Run Behavior\ReadHtmlCacheBehavior [ RunTime:0.000033s ]
INFO: [ app_begin ] --END-- [ RunTime:0.000066s ]
NOTIC: [8] A session had already been started - ignoring session_start() /home/wwwroot/default/shopnc/mobile/app/b2b/ThinkPHP/Common/functions.php 第 1261 行.
SQL: SHOW COLUMNS FROM `hill_img` [ RunTime:0.0009s ]
SQL: SELECT `cyte`,`body`,`zuobiao`,`pics`,`mobile_img` FROM `hill_img` WHERE ( aid='2943' ) LIMIT 1   [ RunTime:0.0004s ]
SQL: SHOW COLUMNS FROM `archives` [ RunTime:0.0006s ]
SQL: SELECT `title` FROM `archives` WHERE ( id=2943 ) LIMIT 1   [ RunTime:0.0001s ]
SQL: select id,title from archives where title like '%%' limit 0,10 [ RunTime:0.0003s ]
INFO: [ view_parse ] --START--
INFO: [ template_filter ] --START--
INFO: Run Behavior\ContentReplaceBehavior [ RunTime:0.000055s ]
INFO: [ template_filter ] --END-- [ RunTime:0.000092s ]
INFO: Run Behavior\ParseTemplateBehavior [ RunTime:0.002666s ]
INFO: [ view_parse ] --END-- [ RunTime:0.002703s ]
INFO: [ view_filter ] --START--
INFO: Run Behavior\WriteHtmlCacheBehavior [ RunTime:0.000032s ]
INFO: [ view_filter ] --END-- [ RunTime:0.000060s ]
INFO: [ app_end ] --START--
INFO: Run Behavior\ShowPageTraceBehavior [ RunTime:0.000031s ]
INFO: [ app_end ] --END-- [ RunTime:0.000059s ]

[ 2016-05-09T18:14:54+08:00 ] 42.156.139.43 /mobile/app/b2b/index.php/News/Index/detail/aid/2930
INFO: [ app_init ] --START--
INFO: Run Behavior\BuildLiteBehavior [ RunTime:0.000013s ]
INFO: [ app_init ] --END-- [ RunTime:0.000086s ]
INFO: [ app_begin ] --START--
INFO: Run Behavior\ReadHtmlCacheBehavior [ RunTime:0.000039s ]
INFO: [ app_begin ] --END-- [ RunTime:0.000076s ]
NOTIC: [8] A session had already been started - ignoring session_start() /home/wwwroot/default/shopnc/mobile/app/b2b/ThinkPHP/Common/functions.php 第 1261 行.
SQL: SHOW COLUMNS FROM `hill_img` [ RunTime:0.0012s ]
SQL: SELECT `cyte`,`body`,`zuobiao`,`pics`,`mobile_img` FROM `hill_img` WHERE ( aid='2930' ) LIMIT 1   [ RunTime:0.0002s ]
SQL: SHOW COLUMNS FROM `archives` [ RunTime:0.0006s ]
SQL: SELECT `title` FROM `archives` WHERE ( id=2930 ) LIMIT 1   [ RunTime:0.0002s ]
SQL: select id,title from archives where title like '%石头老寨%' limit 0,10 [ RunTime:0.0029s ]
INFO: [ view_parse ] --START--
INFO: [ template_filter ] --START--
INFO: Run Behavior\ContentReplaceBehavior [ RunTime:0.000057s ]
INFO: [ template_filter ] --END-- [ RunTime:0.000095s ]
INFO: Run Behavior\ParseTemplateBehavior [ RunTime:0.002670s ]
INFO: [ view_parse ] --END-- [ RunTime:0.002711s ]
INFO: [ view_filter ] --START--
INFO: Run Behavior\WriteHtmlCacheBehavior [ RunTime:0.000033s ]
INFO: [ view_filter ] --END-- [ RunTime:0.000066s ]
INFO: [ app_end ] --START--
INFO: Run Behavior\ShowPageTraceBehavior [ RunTime:0.000032s ]
INFO: [ app_end ] --END-- [ RunTime:0.000062s ]

[ 2016-05-09T18:14:55+08:00 ] 42.120.160.43 /mobile/app/b2b/index.php/News/Index/detail/aid/6249
INFO: [ app_init ] --START--
INFO: Run Behavior\BuildLiteBehavior [ RunTime:0.000013s ]
INFO: [ app_init ] --END-- [ RunTime:0.000077s ]
INFO: [ app_begin ] --START--
INFO: Run Behavior\ReadHtmlCacheBehavior [ RunTime:0.000034s ]
INFO: [ app_begin ] --END-- [ RunTime:0.000066s ]
NOTIC: [8] A session had already been started - ignoring session_start() /home/wwwroot/default/shopnc/mobile/app/b2b/ThinkPHP/Common/functions.php 第 1261 行.
SQL: SHOW COLUMNS FROM `hill_img` [ RunTime:0.0011s ]
SQL: SELECT `cyte`,`body`,`zuobiao`,`pics`,`mobile_img` FROM `hill_img` WHERE ( aid='6249' ) LIMIT 1   [ RunTime:0.0003s ]
SQL: SHOW COLUMNS FROM `archives` [ RunTime:0.0006s ]
SQL: SELECT `title` FROM `archives` WHERE ( id=6249 ) LIMIT 1   [ RunTime:0.0002s ]
SQL: select id,title from archives where title like '%工夫红茶%' limit 0,10 [ RunTime:0.0030s ]
INFO: [ view_parse ] --START--
INFO: [ template_filter ] --START--
INFO: Run Behavior\ContentReplaceBehavior [ RunTime:0.000078s ]
INFO: [ template_filter ] --END-- [ RunTime:0.000158s ]
INFO: Run Behavior\ParseTemplateBehavior [ RunTime:0.003428s ]
INFO: [ view_parse ] --END-- [ RunTime:0.003478s ]
INFO: [ view_filter ] --START--
INFO: Run Behavior\WriteHtmlCacheBehavior [ RunTime:0.000059s ]
INFO: [ view_filter ] --END-- [ RunTime:0.000094s ]
INFO: [ app_end ] --START--
INFO: Run Behavior\ShowPageTraceBehavior [ RunTime:0.000036s ]
INFO: [ app_end ] --END-- [ RunTime:0.000079s ]

[ 2016-05-09T18:51:26+08:00 ] 51.255.65.76 /mobile/app/b2b/index.php/News/Index/detail/aid/6256
INFO: [ app_init ] --START--
INFO: Run Behavior\BuildLiteBehavior [ RunTime:0.000013s ]
INFO: [ app_init ] --END-- [ RunTime:0.000085s ]
INFO: [ app_begin ] --START--
INFO: Run Behavior\ReadHtmlCacheBehavior [ RunTime:0.000038s ]
INFO: [ app_begin ] --END-- [ RunTime:0.000072s ]
NOTIC: [8] A session had already been started - ignoring session_start() /home/wwwroot/default/shopnc/mobile/app/b2b/ThinkPHP/Common/functions.php 第 1261 行.
SQL: SHOW COLUMNS FROM `hill_img` [ RunTime:0.0011s ]
SQL: SELECT `cyte`,`body`,`zuobiao`,`pics`,`mobile_img` FROM `hill_img` WHERE ( aid='6256' ) LIMIT 1   [ RunTime:0.0003s ]
SQL: SHOW COLUMNS FROM `archives` [ RunTime:0.0007s ]
SQL: SELECT `title` FROM `archives` WHERE ( id=6256 ) LIMIT 1   [ RunTime:0.0002s ]
SQL: select id,title from archives where title like '%铁观音红茶%' limit 0,10 [ RunTime:0.0029s ]
INFO: [ view_parse ] --START--
INFO: [ template_filter ] --START--
INFO: Run Behavior\ContentReplaceBehavior [ RunTime:0.000057s ]
INFO: [ template_filter ] --END-- [ RunTime:0.000094s ]
INFO: Run Behavior\ParseTemplateBehavior [ RunTime:0.006269s ]
INFO: [ view_parse ] --END-- [ RunTime:0.006309s ]
INFO: [ view_filter ] --START--
INFO: Run Behavior\WriteHtmlCacheBehavior [ RunTime:0.000039s ]
INFO: [ view_filter ] --END-- [ RunTime:0.000068s ]
INFO: [ app_end ] --START--
INFO: Run Behavior\ShowPageTraceBehavior [ RunTime:0.000038s ]
INFO: [ app_end ] --END-- [ RunTime:0.000068s ]

[ 2016-05-09T20:11:34+08:00 ] 1.82.111.69 /mobile/app/b2b/index.php/News/Index/Home
INFO: [ app_init ] --START--
INFO: Run Behavior\BuildLiteBehavior [ RunTime:0.000019s ]
INFO: [ app_init ] --END-- [ RunTime:0.000151s ]
INFO: [ app_begin ] --START--
INFO: Run Behavior\ReadHtmlCacheBehavior [ RunTime:0.000051s ]
INFO: [ app_begin ] --END-- [ RunTime:0.000087s ]
NOTIC: [8] A session had already been started - ignoring session_start() /home/wwwroot/default/shopnc/mobile/app/b2b/ThinkPHP/Common/functions.php 第 1261 行.
INFO: [ view_parse ] --START--
INFO: [ template_filter ] --START--
INFO: Run Behavior\ContentReplaceBehavior [ RunTime:0.000067s ]
INFO: [ template_filter ] --END-- [ RunTime:0.000108s ]
INFO: Run Behavior\ParseTemplateBehavior [ RunTime:0.006112s ]
INFO: [ view_parse ] --END-- [ RunTime:0.006149s ]
INFO: [ view_filter ] --START--
INFO: Run Behavior\WriteHtmlCacheBehavior [ RunTime:0.000040s ]
INFO: [ view_filter ] --END-- [ RunTime:0.000069s ]
INFO: [ app_end ] --START--
INFO: Run Behavior\ShowPageTraceBehavior [ RunTime:0.000047s ]
INFO: [ app_end ] --END-- [ RunTime:0.000083s ]

[ 2016-05-09T20:39:25+08:00 ] 182.118.22.141 /mobile/app/b2b/index.php/News/Index/detail/aid/6253
INFO: [ app_init ] --START--
INFO: Run Behavior\BuildLiteBehavior [ RunTime:0.000012s ]
INFO: [ app_init ] --END-- [ RunTime:0.000086s ]
INFO: [ app_begin ] --START--
INFO: Run Behavior\ReadHtmlCacheBehavior [ RunTime:0.000061s ]
INFO: [ app_begin ] --END-- [ RunTime:0.000095s ]
NOTIC: [8] A session had already been started - ignoring session_start() /home/wwwroot/default/shopnc/mobile/app/b2b/ThinkPHP/Common/functions.php 第 1261 行.
SQL: SHOW COLUMNS FROM `hill_img` [ RunTime:0.0011s ]
SQL: SELECT `cyte`,`body`,`zuobiao`,`pics`,`mobile_img` FROM `hill_img` WHERE ( aid='6253' ) LIMIT 1   [ RunTime:0.0002s ]
SQL: SHOW COLUMNS FROM `archives` [ RunTime:0.0006s ]
SQL: SELECT `title` FROM `archives` WHERE ( id=6253 ) LIMIT 1   [ RunTime:0.0002s ]
SQL: select id,title from archives where title like '%江苏工夫%' limit 0,10 [ RunTime:0.0029s ]
INFO: [ view_parse ] --START--
INFO: [ template_filter ] --START--
INFO: Run Behavior\ContentReplaceBehavior [ RunTime:0.000057s ]
INFO: [ template_filter ] --END-- [ RunTime:0.000094s ]
INFO: Run Behavior\ParseTemplateBehavior [ RunTime:0.002695s ]
INFO: [ view_parse ] --END-- [ RunTime:0.002735s ]
INFO: [ view_filter ] --START--
INFO: Run Behavior\WriteHtmlCacheBehavior [ RunTime:0.000039s ]
INFO: [ view_filter ] --END-- [ RunTime:0.000068s ]
INFO: [ app_end ] --START--
INFO: Run Behavior\ShowPageTraceBehavior [ RunTime:0.000038s ]
INFO: [ app_end ] --END-- [ RunTime:0.000069s ]

[ 2016-05-09T20:50:37+08:00 ] 182.118.20.219 /mobile/app/b2b/index.php/News/Index/detail/aid/780
INFO: [ app_init ] --START--
INFO: Run Behavior\BuildLiteBehavior [ RunTime:0.000012s ]
INFO: [ app_init ] --END-- [ RunTime:0.000086s ]
INFO: [ app_begin ] --START--
INFO: Run Behavior\ReadHtmlCacheBehavior [ RunTime:0.000038s ]
INFO: [ app_begin ] --END-- [ RunTime:0.000074s ]
NOTIC: [8] A session had already been started - ignoring session_start() /home/wwwroot/default/shopnc/mobile/app/b2b/ThinkPHP/Common/functions.php 第 1261 行.
SQL: SHOW COLUMNS FROM `hill_img` [ RunTime:0.0012s ]
SQL: SELECT `cyte`,`body`,`zuobiao`,`pics`,`mobile_img` FROM `hill_img` WHERE ( aid='780' ) LIMIT 1   [ RunTime:0.0002s ]
SQL: SHOW COLUMNS FROM `archives` [ RunTime:0.0007s ]
ERR: SQLSTATE[42S02]: Base table or view not found: 1146 Table 'shopncb2b2c.addonarticle' doesn't exist

[ 2016-05-09T20:55:12+08:00 ] 182.118.20.203 /mobile/app/b2b/index.php/News/Index/detail/aid/3488
INFO: [ app_init ] --START--
INFO: Run Behavior\BuildLiteBehavior [ RunTime:0.000011s ]
INFO: [ app_init ] --END-- [ RunTime:0.000085s ]
INFO: [ app_begin ] --START--
INFO: Run Behavior\ReadHtmlCacheBehavior [ RunTime:0.000038s ]
INFO: [ app_begin ] --END-- [ RunTime:0.000072s ]
NOTIC: [8] A session had already been started - ignoring session_start() /home/wwwroot/default/shopnc/mobile/app/b2b/ThinkPHP/Common/functions.php 第 1261 行.
SQL: SHOW COLUMNS FROM `hill_img` [ RunTime:0.0012s ]
SQL: SELECT `cyte`,`body`,`zuobiao`,`pics`,`mobile_img` FROM `hill_img` WHERE ( aid='3488' ) LIMIT 1   [ RunTime:0.0002s ]
SQL: SHOW COLUMNS FROM `archives` [ RunTime:0.0006s ]
ERR: SQLSTATE[42S02]: Base table or view not found: 1146 Table 'shopncb2b2c.addonarticle' doesn't exist

[ 2016-05-09T22:51:27+08:00 ] 66.249.66.1 /mobile/app/b2b/index.php/News/Index/detail/aid/2908
INFO: [ app_init ] --START--
INFO: Run Behavior\BuildLiteBehavior [ RunTime:0.000013s ]
INFO: [ app_init ] --END-- [ RunTime:0.000095s ]
INFO: [ app_begin ] --START--
INFO: Run Behavior\ReadHtmlCacheBehavior [ RunTime:0.000049s ]
INFO: [ app_begin ] --END-- [ RunTime:0.000085s ]
NOTIC: [8] A session had already been started - ignoring session_start() /home/wwwroot/default/shopnc/mobile/app/b2b/ThinkPHP/Common/functions.php 第 1261 行.
SQL: SHOW COLUMNS FROM `hill_img` [ RunTime:0.0013s ]
SQL: SELECT `cyte`,`body`,`zuobiao`,`pics`,`mobile_img` FROM `hill_img` WHERE ( aid='2908' ) LIMIT 1   [ RunTime:0.0003s ]
SQL: SHOW COLUMNS FROM `archives` [ RunTime:0.0009s ]
SQL: SELECT `title` FROM `archives` WHERE ( id=2908 ) LIMIT 1   [ RunTime:0.0002s ]
SQL: select id,title from archives where title like '%老曼峨%' limit 0,10 [ RunTime:0.0038s ]
INFO: [ view_parse ] --START--
INFO: [ template_filter ] --START--
INFO: Run Behavior\ContentReplaceBehavior [ RunTime:0.000071s ]
INFO: [ template_filter ] --END-- [ RunTime:0.000109s ]
INFO: Run Behavior\ParseTemplateBehavior [ RunTime:0.002622s ]
INFO: [ view_parse ] --END-- [ RunTime:0.002676s ]
INFO: [ view_filter ] --START--
INFO: Run Behavior\WriteHtmlCacheBehavior [ RunTime:0.000038s ]
INFO: [ view_filter ] --END-- [ RunTime:0.000065s ]
INFO: [ app_end ] --START--
INFO: Run Behavior\ShowPageTraceBehavior [ RunTime:0.000036s ]
INFO: [ app_end ] --END-- [ RunTime:0.000067s ]

