[ 2015-11-21T09:30:55+08:00 ] 112.90.11.79 /wap/
INFO: [ app_init ] --START--
INFO: Run Behavior\BuildLiteBehavior [ RunTime:0.000013s ]
INFO: [ app_init ] --END-- [ RunTime:0.000090s ]
INFO: [ app_begin ] --START--
INFO: Run Behavior\ReadHtmlCacheBehavior [ RunTime:0.000038s ]
INFO: [ app_begin ] --END-- [ RunTime:0.000072s ]
NOTIC: [2] session_start(): open(../data/session//sess_k6o6e62nunlmtdh2pldkrsr055, O_RDWR) failed: Permission denied (13) /home/wwwroot/default/shopnc/wap/ThinkPHP/Common/functions.php 第 1261 行.
SQL: SHOW COLUMNS FROM `shopnc_brand` [ RunTime:0.0008s ]
SQL: SELECT * FROM `shopnc_brand` WHERE ( brand_recommend='1' ) ORDER BY brand_sort desc LIMIT 8   [ RunTime:0.0004s ]
SQL: SHOW COLUMNS FROM `shopnc_p_xianshi_goods` [ RunTime:0.0006s ]
SQL: SELECT * FROM `shopnc_p_xianshi_goods` WHERE ( state='1' and xianshi_recommend='1' ) ORDER BY `order` desc LIMIT 3   [ RunTime:0.0004s ]
SQL: SHOW COLUMNS FROM `shopnc_link` [ RunTime:0.0004s ]
SQL: SELECT * FROM `shopnc_link` WHERE ( link_sort='255' )  [ RunTime:0.0002s ]
INFO: [ view_parse ] --START--
INFO: [ template_filter ] --START--
INFO: Run Behavior\ContentReplaceBehavior [ RunTime:0.000102s ]
INFO: [ template_filter ] --END-- [ RunTime:0.000143s ]
NOTIC: [8] Undefined variable: khd /home/wwwroot/default/shopnc/wap/Application/Runtime/Cache/Home/2a94b8bda04ff446dcedd42276fc99ee.php 第 41 行.
INFO: Run Behavior\ParseTemplateBehavior [ RunTime:0.005365s ]
INFO: [ view_parse ] --END-- [ RunTime:0.005398s ]
INFO: [ view_filter ] --START--
INFO: Run Behavior\WriteHtmlCacheBehavior [ RunTime:0.000040s ]
INFO: [ view_filter ] --END-- [ RunTime:0.000068s ]
INFO: [ app_end ] --START--
INFO: Run Behavior\ShowPageTraceBehavior [ RunTime:0.000039s ]
INFO: [ app_end ] --END-- [ RunTime:0.000074s ]

[ 2015-11-21T09:30:55+08:00 ] 112.90.11.79 /wap/index.php/Home/Index/home
INFO: [ app_init ] --START--
INFO: Run Behavior\BuildLiteBehavior [ RunTime:0.000012s ]
INFO: [ app_init ] --END-- [ RunTime:0.000083s ]
INFO: [ app_begin ] --START--
INFO: Run Behavior\ReadHtmlCacheBehavior [ RunTime:0.000032s ]
INFO: [ app_begin ] --END-- [ RunTime:0.000065s ]
NOTIC: [2] session_start(): open(../data/session//sess_k6o6e62nunlmtdh2pldkrsr055, O_RDWR) failed: Permission denied (13) /home/wwwroot/default/shopnc/wap/ThinkPHP/Common/functions.php 第 1261 行.
SQL: SHOW COLUMNS FROM `shopnc_home_pic` [ RunTime:0.0008s ]
SQL: SELECT * FROM `shopnc_home_pic` WHERE ( state='1' )  [ RunTime:0.0004s ]
SQL: SHOW COLUMNS FROM `shopnc_p_xianshi_goods` [ RunTime:0.0005s ]
SQL: SELECT * FROM `shopnc_p_xianshi_goods` WHERE ( state='1' and start_time<'1448069455' and end_time>'1448069455' ) ORDER BY `order` desc LIMIT 1   [ RunTime:0.0003s ]
INFO: [ view_parse ] --START--
INFO: [ template_filter ] --START--
INFO: Run Behavior\ContentReplaceBehavior [ RunTime:0.000071s ]
INFO: [ template_filter ] --END-- [ RunTime:0.000108s ]
INFO: Run Behavior\ParseTemplateBehavior [ RunTime:0.003659s ]
INFO: [ view_parse ] --END-- [ RunTime:0.003697s ]
INFO: [ view_filter ] --START--
INFO: Run Behavior\WriteHtmlCacheBehavior [ RunTime:0.000030s ]
INFO: [ view_filter ] --END-- [ RunTime:0.000058s ]
INFO: [ app_end ] --START--
INFO: Run Behavior\ShowPageTraceBehavior [ RunTime:0.000030s ]
INFO: [ app_end ] --END-- [ RunTime:0.000062s ]

