[ 2015-11-17T09:29:31+08:00 ] 117.30.115.84 /shopnc/wap/index.php
INFO: [ app_init ] --START--
INFO: Run Behavior\BuildLiteBehavior [ RunTime:0.000014s ]
INFO: [ app_init ] --END-- [ RunTime:0.000091s ]
INFO: [ app_begin ] --START--
INFO: Run Behavior\ReadHtmlCacheBehavior [ RunTime:0.000059s ]
INFO: [ app_begin ] --END-- [ RunTime:0.000093s ]
NOTIC: [2] session_start(): open(../data/session//sess_im9vcmus6okb2ntc1vc2d75se7, O_RDWR) failed: Permission denied (13) /home/wwwroot/default/shopnc/wap/ThinkPHP/Common/functions.php 第 1261 行.
SQL: SHOW COLUMNS FROM `shopnc_brand` [ RunTime:0.0008s ]
SQL: SELECT * FROM `shopnc_brand` WHERE ( brand_recommend='1' ) ORDER BY brand_sort desc LIMIT 8   [ RunTime:0.0004s ]
SQL: SHOW COLUMNS FROM `shopnc_p_xianshi_goods` [ RunTime:0.0005s ]
SQL: SELECT * FROM `shopnc_p_xianshi_goods` WHERE ( state='1' and xianshi_recommend='1' ) ORDER BY `order` desc LIMIT 3   [ RunTime:0.0003s ]
SQL: SHOW COLUMNS FROM `shopnc_link` [ RunTime:0.0004s ]
SQL: SELECT * FROM `shopnc_link` WHERE ( link_sort='255' )  [ RunTime:0.0002s ]
INFO: [ view_parse ] --START--
INFO: [ template_filter ] --START--
INFO: Run Behavior\ContentReplaceBehavior [ RunTime:0.000106s ]
INFO: [ template_filter ] --END-- [ RunTime:0.000143s ]
NOTIC: [8] Undefined variable: khd /home/wwwroot/default/shopnc/wap/Application/Runtime/Cache/Home/2a94b8bda04ff446dcedd42276fc99ee.php 第 41 行.
INFO: Run Behavior\ParseTemplateBehavior [ RunTime:0.005690s ]
INFO: [ view_parse ] --END-- [ RunTime:0.005740s ]
INFO: [ view_filter ] --START--
INFO: Run Behavior\WriteHtmlCacheBehavior [ RunTime:0.000382s ]
INFO: [ view_filter ] --END-- [ RunTime:0.000422s ]
INFO: [ app_end ] --START--
INFO: Run Behavior\ShowPageTraceBehavior [ RunTime:0.000810s ]
INFO: [ app_end ] --END-- [ RunTime:0.000848s ]

[ 2015-11-17T09:45:40+08:00 ] 117.30.115.84 /shopnc/wap/index.php
INFO: [ app_init ] --START--
INFO: Run Behavior\BuildLiteBehavior [ RunTime:0.000020s ]
INFO: [ app_init ] --END-- [ RunTime:0.000553s ]
INFO: [ app_begin ] --START--
INFO: Run Behavior\ReadHtmlCacheBehavior [ RunTime:0.000697s ]
INFO: [ app_begin ] --END-- [ RunTime:0.000737s ]
NOTIC: [2] session_start(): open(../data/session//sess_im9vcmus6okb2ntc1vc2d75se7, O_RDWR) failed: Permission denied (13) /home/wwwroot/default/shopnc/wap/ThinkPHP/Common/functions.php 第 1261 行.
SQL: SHOW COLUMNS FROM `shopnc_brand` [ RunTime:0.0015s ]
SQL: SELECT * FROM `shopnc_brand` WHERE ( brand_recommend='1' ) ORDER BY brand_sort desc LIMIT 8   [ RunTime:0.0004s ]
SQL: SHOW COLUMNS FROM `shopnc_p_xianshi_goods` [ RunTime:0.0009s ]
SQL: SELECT * FROM `shopnc_p_xianshi_goods` WHERE ( state='1' and xianshi_recommend='1' ) ORDER BY `order` desc LIMIT 3   [ RunTime:0.0003s ]
SQL: SHOW COLUMNS FROM `shopnc_link` [ RunTime:0.0007s ]
SQL: SELECT * FROM `shopnc_link` WHERE ( link_sort='255' )  [ RunTime:0.0002s ]
INFO: [ view_parse ] --START--
INFO: [ template_filter ] --START--
INFO: Run Behavior\ContentReplaceBehavior [ RunTime:0.000101s ]
INFO: [ template_filter ] --END-- [ RunTime:0.000141s ]
NOTIC: [8] Undefined variable: khd /home/wwwroot/default/shopnc/wap/Application/Runtime/Cache/Home/2a94b8bda04ff446dcedd42276fc99ee.php 第 41 行.
INFO: Run Behavior\ParseTemplateBehavior [ RunTime:0.010996s ]
INFO: [ view_parse ] --END-- [ RunTime:0.011032s ]
INFO: [ view_filter ] --START--
INFO: Run Behavior\WriteHtmlCacheBehavior [ RunTime:0.000243s ]
INFO: [ view_filter ] --END-- [ RunTime:0.000277s ]
INFO: [ app_end ] --START--
INFO: Run Behavior\ShowPageTraceBehavior [ RunTime:0.000720s ]
INFO: [ app_end ] --END-- [ RunTime:0.000758s ]

[ 2015-11-17T09:45:40+08:00 ] 117.30.115.84 /shopnc/wap/index.php
INFO: [ app_init ] --START--
INFO: Run Behavior\BuildLiteBehavior [ RunTime:0.000015s ]
INFO: [ app_init ] --END-- [ RunTime:0.000145s ]
INFO: [ app_begin ] --START--
INFO: Run Behavior\ReadHtmlCacheBehavior [ RunTime:0.000065s ]
INFO: [ app_begin ] --END-- [ RunTime:0.000105s ]
NOTIC: [2] session_start(): open(../data/session//sess_im9vcmus6okb2ntc1vc2d75se7, O_RDWR) failed: Permission denied (13) /home/wwwroot/default/shopnc/wap/ThinkPHP/Common/functions.php 第 1261 行.
SQL: SHOW COLUMNS FROM `shopnc_brand` [ RunTime:0.0008s ]
SQL: SELECT * FROM `shopnc_brand` WHERE ( brand_recommend='1' ) ORDER BY brand_sort desc LIMIT 8   [ RunTime:0.0006s ]
SQL: SHOW COLUMNS FROM `shopnc_p_xianshi_goods` [ RunTime:0.0007s ]
SQL: SELECT * FROM `shopnc_p_xianshi_goods` WHERE ( state='1' and xianshi_recommend='1' ) ORDER BY `order` desc LIMIT 3   [ RunTime:0.0003s ]
SQL: SHOW COLUMNS FROM `shopnc_link` [ RunTime:0.0004s ]
SQL: SELECT * FROM `shopnc_link` WHERE ( link_sort='255' )  [ RunTime:0.0002s ]
INFO: [ view_parse ] --START--
INFO: [ template_filter ] --START--
INFO: Run Behavior\ContentReplaceBehavior [ RunTime:0.000105s ]
INFO: [ template_filter ] --END-- [ RunTime:0.000145s ]
NOTIC: [8] Undefined variable: khd /home/wwwroot/default/shopnc/wap/Application/Runtime/Cache/Home/2a94b8bda04ff446dcedd42276fc99ee.php 第 41 行.
INFO: Run Behavior\ParseTemplateBehavior [ RunTime:0.006986s ]
INFO: [ view_parse ] --END-- [ RunTime:0.007028s ]
INFO: [ view_filter ] --START--
INFO: Run Behavior\WriteHtmlCacheBehavior [ RunTime:0.000064s ]
INFO: [ view_filter ] --END-- [ RunTime:0.000092s ]
INFO: [ app_end ] --START--
INFO: Run Behavior\ShowPageTraceBehavior [ RunTime:0.000072s ]
INFO: [ app_end ] --END-- [ RunTime:0.000107s ]

[ 2015-11-17T11:08:06+08:00 ] 117.30.115.84 /shopnc/wap/
INFO: [ app_init ] --START--
INFO: Run Behavior\BuildLiteBehavior [ RunTime:0.000016s ]
INFO: [ app_init ] --END-- [ RunTime:0.000547s ]
INFO: [ app_begin ] --START--
INFO: Run Behavior\ReadHtmlCacheBehavior [ RunTime:0.000693s ]
INFO: [ app_begin ] --END-- [ RunTime:0.000734s ]
NOTIC: [2] session_start(): open(../data/session//sess_im9vcmus6okb2ntc1vc2d75se7, O_RDWR) failed: Permission denied (13) /home/wwwroot/default/shopnc/wap/ThinkPHP/Common/functions.php 第 1261 行.
SQL: SHOW COLUMNS FROM `shopnc_brand` [ RunTime:0.0016s ]
SQL: SELECT * FROM `shopnc_brand` WHERE ( brand_recommend='1' ) ORDER BY brand_sort desc LIMIT 8   [ RunTime:0.0005s ]
SQL: SHOW COLUMNS FROM `shopnc_p_xianshi_goods` [ RunTime:0.0010s ]
SQL: SELECT * FROM `shopnc_p_xianshi_goods` WHERE ( state='1' and xianshi_recommend='1' ) ORDER BY `order` desc LIMIT 3   [ RunTime:0.0003s ]
SQL: SHOW COLUMNS FROM `shopnc_link` [ RunTime:0.0007s ]
SQL: SELECT * FROM `shopnc_link` WHERE ( link_sort='255' )  [ RunTime:0.0002s ]
INFO: [ view_parse ] --START--
INFO: [ template_filter ] --START--
INFO: Run Behavior\ContentReplaceBehavior [ RunTime:0.000113s ]
INFO: [ template_filter ] --END-- [ RunTime:0.000170s ]
NOTIC: [8] Undefined variable: khd /home/wwwroot/default/shopnc/wap/Application/Runtime/Cache/Home/2a94b8bda04ff446dcedd42276fc99ee.php 第 41 行.
INFO: Run Behavior\ParseTemplateBehavior [ RunTime:0.012356s ]
INFO: [ view_parse ] --END-- [ RunTime:0.012404s ]
INFO: [ view_filter ] --START--
INFO: Run Behavior\WriteHtmlCacheBehavior [ RunTime:0.000314s ]
INFO: [ view_filter ] --END-- [ RunTime:0.000349s ]
INFO: [ app_end ] --START--
INFO: Run Behavior\ShowPageTraceBehavior [ RunTime:0.000896s ]
INFO: [ app_end ] --END-- [ RunTime:0.000954s ]

[ 2015-11-17T13:52:09+08:00 ] 117.30.115.84 /shopnc/wap/
INFO: [ app_init ] --START--
INFO: Run Behavior\BuildLiteBehavior [ RunTime:0.000013s ]
INFO: [ app_init ] --END-- [ RunTime:0.000473s ]
INFO: [ app_begin ] --START--
INFO: Run Behavior\ReadHtmlCacheBehavior [ RunTime:0.000661s ]
INFO: [ app_begin ] --END-- [ RunTime:0.000717s ]
NOTIC: [2] session_start(): open(../data/session//sess_im9vcmus6okb2ntc1vc2d75se7, O_RDWR) failed: Permission denied (13) /home/wwwroot/default/shopnc/wap/ThinkPHP/Common/functions.php 第 1261 行.
SQL: SHOW COLUMNS FROM `shopnc_brand` [ RunTime:0.0015s ]
SQL: SELECT * FROM `shopnc_brand` WHERE ( brand_recommend='1' ) ORDER BY brand_sort desc LIMIT 8   [ RunTime:0.0004s ]
SQL: SHOW COLUMNS FROM `shopnc_p_xianshi_goods` [ RunTime:0.0009s ]
SQL: SELECT * FROM `shopnc_p_xianshi_goods` WHERE ( state='1' and xianshi_recommend='1' ) ORDER BY `order` desc LIMIT 3   [ RunTime:0.0003s ]
SQL: SHOW COLUMNS FROM `shopnc_link` [ RunTime:0.0007s ]
SQL: SELECT * FROM `shopnc_link` WHERE ( link_sort='255' )  [ RunTime:0.0002s ]
INFO: [ view_parse ] --START--
INFO: [ template_filter ] --START--
INFO: Run Behavior\ContentReplaceBehavior [ RunTime:0.000113s ]
INFO: [ template_filter ] --END-- [ RunTime:0.000169s ]
NOTIC: [8] Undefined variable: khd /home/wwwroot/default/shopnc/wap/Application/Runtime/Cache/Home/2a94b8bda04ff446dcedd42276fc99ee.php 第 41 行.
INFO: Run Behavior\ParseTemplateBehavior [ RunTime:0.012559s ]
INFO: [ view_parse ] --END-- [ RunTime:0.012598s ]
INFO: [ view_filter ] --START--
INFO: Run Behavior\WriteHtmlCacheBehavior [ RunTime:0.000292s ]
INFO: [ view_filter ] --END-- [ RunTime:0.000330s ]
INFO: [ app_end ] --START--
INFO: Run Behavior\ShowPageTraceBehavior [ RunTime:0.000735s ]
INFO: [ app_end ] --END-- [ RunTime:0.000774s ]

[ 2015-11-17T13:52:09+08:00 ] 117.30.115.84 /shopnc/wap/
INFO: [ app_init ] --START--
INFO: Run Behavior\BuildLiteBehavior [ RunTime:0.000015s ]
INFO: [ app_init ] --END-- [ RunTime:0.000098s ]
INFO: [ app_begin ] --START--
INFO: Run Behavior\ReadHtmlCacheBehavior [ RunTime:0.000069s ]
INFO: [ app_begin ] --END-- [ RunTime:0.000103s ]
NOTIC: [2] session_start(): open(../data/session//sess_im9vcmus6okb2ntc1vc2d75se7, O_RDWR) failed: Permission denied (13) /home/wwwroot/default/shopnc/wap/ThinkPHP/Common/functions.php 第 1261 行.
SQL: SHOW COLUMNS FROM `shopnc_brand` [ RunTime:0.0008s ]
SQL: SELECT * FROM `shopnc_brand` WHERE ( brand_recommend='1' ) ORDER BY brand_sort desc LIMIT 8   [ RunTime:0.0004s ]
SQL: SHOW COLUMNS FROM `shopnc_p_xianshi_goods` [ RunTime:0.0005s ]
SQL: SELECT * FROM `shopnc_p_xianshi_goods` WHERE ( state='1' and xianshi_recommend='1' ) ORDER BY `order` desc LIMIT 3   [ RunTime:0.0003s ]
SQL: SHOW COLUMNS FROM `shopnc_link` [ RunTime:0.0004s ]
SQL: SELECT * FROM `shopnc_link` WHERE ( link_sort='255' )  [ RunTime:0.0002s ]
INFO: [ view_parse ] --START--
INFO: [ template_filter ] --START--
INFO: Run Behavior\ContentReplaceBehavior [ RunTime:0.000110s ]
INFO: [ template_filter ] --END-- [ RunTime:0.000153s ]
NOTIC: [8] Undefined variable: khd /home/wwwroot/default/shopnc/wap/Application/Runtime/Cache/Home/2a94b8bda04ff446dcedd42276fc99ee.php 第 41 行.
INFO: Run Behavior\ParseTemplateBehavior [ RunTime:0.006092s ]
INFO: [ view_parse ] --END-- [ RunTime:0.006129s ]
INFO: [ view_filter ] --START--
INFO: Run Behavior\WriteHtmlCacheBehavior [ RunTime:0.000066s ]
INFO: [ view_filter ] --END-- [ RunTime:0.000096s ]
INFO: [ app_end ] --START--
INFO: Run Behavior\ShowPageTraceBehavior [ RunTime:0.000095s ]
INFO: [ app_end ] --END-- [ RunTime:0.000129s ]

[ 2015-11-17T13:52:16+08:00 ] 117.30.115.84 /shopnc/wap/index.php/Home/Index/home
INFO: [ app_init ] --START--
INFO: Run Behavior\BuildLiteBehavior [ RunTime:0.000012s ]
INFO: [ app_init ] --END-- [ RunTime:0.000081s ]
INFO: [ app_begin ] --START--
INFO: Run Behavior\ReadHtmlCacheBehavior [ RunTime:0.000060s ]
INFO: [ app_begin ] --END-- [ RunTime:0.000095s ]
NOTIC: [2] session_start(): open(../data/session//sess_im9vcmus6okb2ntc1vc2d75se7, O_RDWR) failed: Permission denied (13) /home/wwwroot/default/shopnc/wap/ThinkPHP/Common/functions.php 第 1261 行.
SQL: SHOW COLUMNS FROM `shopnc_home_pic` [ RunTime:0.0014s ]
SQL: SELECT * FROM `shopnc_home_pic` WHERE ( state='1' )  [ RunTime:0.0003s ]
SQL: SHOW COLUMNS FROM `shopnc_p_xianshi_goods` [ RunTime:0.0005s ]
SQL: SELECT * FROM `shopnc_p_xianshi_goods` WHERE ( state='1' and start_time<'1447739536' and end_time>'1447739536' ) ORDER BY `order` desc LIMIT 1   [ RunTime:0.0003s ]
INFO: [ view_parse ] --START--
INFO: [ template_filter ] --START--
INFO: Run Behavior\ContentReplaceBehavior [ RunTime:0.000071s ]
INFO: [ template_filter ] --END-- [ RunTime:0.000109s ]
INFO: Run Behavior\ParseTemplateBehavior [ RunTime:0.003917s ]
INFO: [ view_parse ] --END-- [ RunTime:0.003956s ]
INFO: [ view_filter ] --START--
INFO: Run Behavior\WriteHtmlCacheBehavior [ RunTime:0.000058s ]
INFO: [ view_filter ] --END-- [ RunTime:0.000086s ]
INFO: [ app_end ] --START--
INFO: Run Behavior\ShowPageTraceBehavior [ RunTime:0.000059s ]
INFO: [ app_end ] --END-- [ RunTime:0.000089s ]

[ 2015-11-17T13:52:23+08:00 ] 117.30.115.84 /shopnc/wap/index.php/Home/Index/home
INFO: [ app_init ] --START--
INFO: Run Behavior\BuildLiteBehavior [ RunTime:0.000013s ]
INFO: [ app_init ] --END-- [ RunTime:0.000083s ]
INFO: [ app_begin ] --START--
INFO: Run Behavior\ReadHtmlCacheBehavior [ RunTime:0.000074s ]
INFO: [ app_begin ] --END-- [ RunTime:0.000111s ]
NOTIC: [2] session_start(): open(../data/session//sess_im9vcmus6okb2ntc1vc2d75se7, O_RDWR) failed: Permission denied (13) /home/wwwroot/default/shopnc/wap/ThinkPHP/Common/functions.php 第 1261 行.
SQL: SHOW COLUMNS FROM `shopnc_home_pic` [ RunTime:0.0007s ]
SQL: SELECT * FROM `shopnc_home_pic` WHERE ( state='1' )  [ RunTime:0.0003s ]
SQL: SHOW COLUMNS FROM `shopnc_p_xianshi_goods` [ RunTime:0.0005s ]
SQL: SELECT * FROM `shopnc_p_xianshi_goods` WHERE ( state='1' and start_time<'1447739543' and end_time>'1447739543' ) ORDER BY `order` desc LIMIT 1   [ RunTime:0.0003s ]
INFO: [ view_parse ] --START--
INFO: [ template_filter ] --START--
INFO: Run Behavior\ContentReplaceBehavior [ RunTime:0.000075s ]
INFO: [ template_filter ] --END-- [ RunTime:0.000122s ]
INFO: Run Behavior\ParseTemplateBehavior [ RunTime:0.003923s ]
INFO: [ view_parse ] --END-- [ RunTime:0.003962s ]
INFO: [ view_filter ] --START--
INFO: Run Behavior\WriteHtmlCacheBehavior [ RunTime:0.000059s ]
INFO: [ view_filter ] --END-- [ RunTime:0.000097s ]
INFO: [ app_end ] --START--
INFO: Run Behavior\ShowPageTraceBehavior [ RunTime:0.000059s ]
INFO: [ app_end ] --END-- [ RunTime:0.000088s ]

[ 2015-11-17T13:52:31+08:00 ] 117.30.115.84 /shopnc/wap/index.php/Home/Index/home
INFO: [ app_init ] --START--
INFO: Run Behavior\BuildLiteBehavior [ RunTime:0.000015s ]
INFO: [ app_init ] --END-- [ RunTime:0.000088s ]
INFO: [ app_begin ] --START--
INFO: Run Behavior\ReadHtmlCacheBehavior [ RunTime:0.000058s ]
INFO: [ app_begin ] --END-- [ RunTime:0.000092s ]
NOTIC: [2] session_start(): open(../data/session//sess_im9vcmus6okb2ntc1vc2d75se7, O_RDWR) failed: Permission denied (13) /home/wwwroot/default/shopnc/wap/ThinkPHP/Common/functions.php 第 1261 行.
SQL: SHOW COLUMNS FROM `shopnc_home_pic` [ RunTime:0.0007s ]
SQL: SELECT * FROM `shopnc_home_pic` WHERE ( state='1' )  [ RunTime:0.0003s ]
SQL: SHOW COLUMNS FROM `shopnc_p_xianshi_goods` [ RunTime:0.0005s ]
SQL: SELECT * FROM `shopnc_p_xianshi_goods` WHERE ( state='1' and start_time<'1447739551' and end_time>'1447739551' ) ORDER BY `order` desc LIMIT 1   [ RunTime:0.0003s ]
INFO: [ view_parse ] --START--
INFO: [ template_filter ] --START--
INFO: Run Behavior\ContentReplaceBehavior [ RunTime:0.000070s ]
INFO: [ template_filter ] --END-- [ RunTime:0.000108s ]
INFO: Run Behavior\ParseTemplateBehavior [ RunTime:0.003867s ]
INFO: [ view_parse ] --END-- [ RunTime:0.003904s ]
INFO: [ view_filter ] --START--
INFO: Run Behavior\WriteHtmlCacheBehavior [ RunTime:0.000058s ]
INFO: [ view_filter ] --END-- [ RunTime:0.000086s ]
INFO: [ app_end ] --START--
INFO: Run Behavior\ShowPageTraceBehavior [ RunTime:0.000056s ]
INFO: [ app_end ] --END-- [ RunTime:0.000085s ]

[ 2015-11-17T13:55:03+08:00 ] 117.30.115.84 /shopnc/wap/index.php/Home/Index/goods?goods_id=101456
INFO: [ app_init ] --START--
INFO: Run Behavior\BuildLiteBehavior [ RunTime:0.000014s ]
INFO: [ app_init ] --END-- [ RunTime:0.000134s ]
INFO: [ app_begin ] --START--
INFO: Run Behavior\ReadHtmlCacheBehavior [ RunTime:0.000066s ]
INFO: [ app_begin ] --END-- [ RunTime:0.000099s ]
NOTIC: [2] session_start(): open(../data/session//sess_im9vcmus6okb2ntc1vc2d75se7, O_RDWR) failed: Permission denied (13) /home/wwwroot/default/shopnc/wap/ThinkPHP/Common/functions.php 第 1261 行.
SQL: SHOW COLUMNS FROM `shopnc_goods` [ RunTime:0.0017s ]
SQL: SELECT `goods_commonid`,`brand_id` FROM `shopnc_goods` WHERE ( goods_id='101456' ) LIMIT 1   [ RunTime:0.0003s ]
SQL: SHOW COLUMNS FROM `shopnc_brand` [ RunTime:0.0005s ]
SQL: SELECT `brand_name` FROM `shopnc_brand` WHERE ( brand_id=447 ) LIMIT 1   [ RunTime:0.0002s ]
SQL: SHOW COLUMNS FROM `shopnc_evaluate_goods` [ RunTime:0.0014s ]
SQL: SELECT * FROM `shopnc_evaluate_goods` WHERE ( geval_goodsid=101456 )  [ RunTime:0.0002s ]
SQL: SHOW COLUMNS FROM `shopnc_member` [ RunTime:0.0013s ]
NOTIC: [2] Invalid argument supplied for foreach() /home/wwwroot/default/shopnc/wap/Application/Home/Controller/IndexController.class.php 第 322 行.
SQL: SHOW COLUMNS FROM `shopnc_goods_common` [ RunTime:0.0012s ]
SQL: SELECT * FROM `shopnc_goods_common` WHERE ( goods_commonid='100876' ) LIMIT 1   [ RunTime:0.0003s ]
INFO: [ view_parse ] --START--
INFO: [ template_filter ] --START--
INFO: Run Behavior\ContentReplaceBehavior [ RunTime:0.000087s ]
INFO: [ template_filter ] --END-- [ RunTime:0.000126s ]
INFO: Run Behavior\ParseTemplateBehavior [ RunTime:0.004975s ]
INFO: [ view_parse ] --END-- [ RunTime:0.005017s ]
INFO: [ view_filter ] --START--
INFO: Run Behavior\WriteHtmlCacheBehavior [ RunTime:0.000067s ]
INFO: [ view_filter ] --END-- [ RunTime:0.000095s ]
INFO: [ app_end ] --START--
INFO: Run Behavior\ShowPageTraceBehavior [ RunTime:0.000066s ]
INFO: [ app_end ] --END-- [ RunTime:0.000097s ]

[ 2015-11-17T13:57:24+08:00 ] 117.30.115.84 /shopnc/wap/index.php/Home/Index/home
INFO: [ app_init ] --START--
INFO: Run Behavior\BuildLiteBehavior [ RunTime:0.000013s ]
INFO: [ app_init ] --END-- [ RunTime:0.000095s ]
INFO: [ app_begin ] --START--
INFO: Run Behavior\ReadHtmlCacheBehavior [ RunTime:0.000065s ]
INFO: [ app_begin ] --END-- [ RunTime:0.000098s ]
NOTIC: [2] session_start(): open(../data/session//sess_im9vcmus6okb2ntc1vc2d75se7, O_RDWR) failed: Permission denied (13) /home/wwwroot/default/shopnc/wap/ThinkPHP/Common/functions.php 第 1261 行.
SQL: SHOW COLUMNS FROM `shopnc_home_pic` [ RunTime:0.0008s ]
SQL: SELECT * FROM `shopnc_home_pic` WHERE ( state='1' )  [ RunTime:0.0003s ]
SQL: SHOW COLUMNS FROM `shopnc_p_xianshi_goods` [ RunTime:0.0005s ]
SQL: SELECT * FROM `shopnc_p_xianshi_goods` WHERE ( state='1' and start_time<'1447739844' and end_time>'1447739844' ) ORDER BY `order` desc LIMIT 1   [ RunTime:0.0003s ]
INFO: [ view_parse ] --START--
INFO: [ template_filter ] --START--
INFO: Run Behavior\ContentReplaceBehavior [ RunTime:0.000071s ]
INFO: [ template_filter ] --END-- [ RunTime:0.000108s ]
INFO: Run Behavior\ParseTemplateBehavior [ RunTime:0.003999s ]
INFO: [ view_parse ] --END-- [ RunTime:0.004036s ]
INFO: [ view_filter ] --START--
INFO: Run Behavior\WriteHtmlCacheBehavior [ RunTime:0.000064s ]
INFO: [ view_filter ] --END-- [ RunTime:0.000092s ]
INFO: [ app_end ] --START--
INFO: Run Behavior\ShowPageTraceBehavior [ RunTime:0.000063s ]
INFO: [ app_end ] --END-- [ RunTime:0.000092s ]

[ 2015-11-17T14:07:41+08:00 ] 117.30.115.84 /shopnc/wap/index.php/Home/Index/home
INFO: [ app_init ] --START--
INFO: Run Behavior\BuildLiteBehavior [ RunTime:0.000013s ]
INFO: [ app_init ] --END-- [ RunTime:0.000115s ]
INFO: [ app_begin ] --START--
INFO: Run Behavior\ReadHtmlCacheBehavior [ RunTime:0.000066s ]
INFO: [ app_begin ] --END-- [ RunTime:0.000100s ]
NOTIC: [2] session_start(): open(../data/session//sess_im9vcmus6okb2ntc1vc2d75se7, O_RDWR) failed: Permission denied (13) /home/wwwroot/default/shopnc/wap/ThinkPHP/Common/functions.php 第 1261 行.
SQL: SHOW COLUMNS FROM `shopnc_home_pic` [ RunTime:0.0008s ]
SQL: SELECT * FROM `shopnc_home_pic` WHERE ( state='1' )  [ RunTime:0.0003s ]
SQL: SHOW COLUMNS FROM `shopnc_p_xianshi_goods` [ RunTime:0.0005s ]
SQL: SELECT * FROM `shopnc_p_xianshi_goods` WHERE ( state='1' and start_time<'1447740461' and end_time>'1447740461' ) ORDER BY `order` desc LIMIT 1   [ RunTime:0.0003s ]
INFO: [ view_parse ] --START--
INFO: [ template_filter ] --START--
INFO: Run Behavior\ContentReplaceBehavior [ RunTime:0.000092s ]
INFO: [ template_filter ] --END-- [ RunTime:0.000149s ]
INFO: Run Behavior\ParseTemplateBehavior [ RunTime:0.004664s ]
INFO: [ view_parse ] --END-- [ RunTime:0.004734s ]
INFO: [ view_filter ] --START--
INFO: Run Behavior\WriteHtmlCacheBehavior [ RunTime:0.000096s ]
INFO: [ view_filter ] --END-- [ RunTime:0.000142s ]
INFO: [ app_end ] --START--
INFO: Run Behavior\ShowPageTraceBehavior [ RunTime:0.000099s ]
INFO: [ app_end ] --END-- [ RunTime:0.000147s ]

