[ 2016-06-14T15:16:04+08:00 ] 127.0.0.1 /Cht/chahuitong.com/m/index.php?_ijt=rptaief5eocfestbq9fj97gr15
INFO: [ app_init ] --START--
INFO: Run Behavior\BuildLiteBehavior [ RunTime:0.000022s ]
INFO: [ app_init ] --END-- [ RunTime:0.007118s ]
INFO: [ app_begin ] --START--
INFO: Run Behavior\ReadHtmlCacheBehavior [ RunTime:0.003921s ]
INFO: [ app_begin ] --END-- [ RunTime:0.003989s ]
NOTIC: [2] session_start(): open(../data/session//sess_fqne238d8jusfbmug84vmp0341, O_RDWR) failed: No such file or directory (2) /Users/Sgun/PhpstormProjects/Cht/chahuitong.com/m/ThinkPHP/Common/functions.php 第 1261 行.
ERR: SQLSTATE[HY000] [2002] Connection refused

[ 2016-06-14T16:43:56+08:00 ] 127.0.0.1 /Cht/chahuitong.com/m/index.php
INFO: [ app_init ] --START--
INFO: Run Behavior\BuildLiteBehavior [ RunTime:0.000020s ]
INFO: [ app_init ] --END-- [ RunTime:0.004598s ]
INFO: [ app_begin ] --START--
INFO: Run Behavior\ReadHtmlCacheBehavior [ RunTime:0.003825s ]
INFO: [ app_begin ] --END-- [ RunTime:0.003894s ]
NOTIC: [2] session_start(): open(../data/session//sess_fqne238d8jusfbmug84vmp0341, O_RDWR) failed: No such file or directory (2) /Users/Sgun/PhpstormProjects/Cht/chahuitong.com/m/ThinkPHP/Common/functions.php 第 1261 行.
ERR: SQLSTATE[HY000] [2002] Connection refused

[ 2016-06-14T16:45:23+08:00 ] 127.0.0.1 /Cht/chahuitong.com/m/index.php
INFO: [ app_init ] --START--
INFO: Run Behavior\BuildLiteBehavior [ RunTime:0.000015s ]
INFO: [ app_init ] --END-- [ RunTime:0.000986s ]
INFO: [ app_begin ] --START--
INFO: Run Behavior\ReadHtmlCacheBehavior [ RunTime:0.000916s ]
INFO: [ app_begin ] --END-- [ RunTime:0.000971s ]
NOTIC: [2] session_start(): open(../data/session//sess_fqne238d8jusfbmug84vmp0341, O_RDWR) failed: No such file or directory (2) /Users/Sgun/PhpstormProjects/Cht/chahuitong.com/m/ThinkPHP/Common/functions.php 第 1261 行.
SQL: SHOW COLUMNS FROM `shopnc_home_pic` [ RunTime:0.0309s ]
SQL: SELECT * FROM `shopnc_home_pic` WHERE ( state='1' and location='1' )  [ RunTime:0.0077s ]
SQL: SHOW COLUMNS FROM `shopnc_p_xianshi_goods` [ RunTime:0.0098s ]
SQL: SELECT * FROM `shopnc_p_xianshi_goods` WHERE ( state='1' and start_time<'1465893923' and end_time>'1465893923' ) ORDER BY `xianshi_goods_id` desc LIMIT 1   [ RunTime:0.0035s ]
INFO: [ view_parse ] --START--
INFO: [ template_filter ] --START--
INFO: Run Behavior\ContentReplaceBehavior [ RunTime:0.000196s ]
INFO: [ template_filter ] --END-- [ RunTime:0.000257s ]
INFO: Run Behavior\ParseTemplateBehavior [ RunTime:0.051478s ]
INFO: [ view_parse ] --END-- [ RunTime:0.051555s ]
INFO: [ view_filter ] --START--
INFO: Run Behavior\WriteHtmlCacheBehavior [ RunTime:0.000582s ]
INFO: [ view_filter ] --END-- [ RunTime:0.000630s ]
INFO: [ app_end ] --START--
INFO: Run Behavior\ShowPageTraceBehavior [ RunTime:0.004019s ]
INFO: [ app_end ] --END-- [ RunTime:0.004074s ]

[ 2016-06-14T16:46:32+08:00 ] 127.0.0.1 /Cht/chahuitong.com/m/index.php
INFO: [ app_init ] --START--
INFO: Run Behavior\BuildLiteBehavior [ RunTime:0.000022s ]
INFO: [ app_init ] --END-- [ RunTime:0.001612s ]
INFO: [ app_begin ] --START--
INFO: Run Behavior\ReadHtmlCacheBehavior [ RunTime:0.003657s ]
INFO: [ app_begin ] --END-- [ RunTime:0.003753s ]
NOTIC: [2] session_start(): open(../data/session//sess_fqne238d8jusfbmug84vmp0341, O_RDWR) failed: No such file or directory (2) /Users/Sgun/PhpstormProjects/Cht/chahuitong.com/m/ThinkPHP/Common/functions.php 第 1261 行.
SQL: SHOW COLUMNS FROM `shopnc_home_pic` [ RunTime:0.0080s ]
SQL: SELECT * FROM `shopnc_home_pic` WHERE ( state='1' and location='1' )  [ RunTime:0.0010s ]
SQL: SHOW COLUMNS FROM `shopnc_p_xianshi_goods` [ RunTime:0.0069s ]
SQL: SELECT * FROM `shopnc_p_xianshi_goods` WHERE ( state='1' and start_time<'1465893992' and end_time>'1465893992' ) ORDER BY `xianshi_goods_id` desc LIMIT 1   [ RunTime:0.0009s ]
INFO: [ view_parse ] --START--
INFO: [ template_filter ] --START--
INFO: Run Behavior\ContentReplaceBehavior [ RunTime:0.000156s ]
INFO: [ template_filter ] --END-- [ RunTime:0.000204s ]
INFO: Run Behavior\ParseTemplateBehavior [ RunTime:0.016563s ]
INFO: [ view_parse ] --END-- [ RunTime:0.016622s ]
INFO: [ view_filter ] --START--
INFO: Run Behavior\WriteHtmlCacheBehavior [ RunTime:0.000492s ]
INFO: [ view_filter ] --END-- [ RunTime:0.000527s ]
INFO: [ app_end ] --START--
INFO: Run Behavior\ShowPageTraceBehavior [ RunTime:0.000877s ]
INFO: [ app_end ] --END-- [ RunTime:0.000923s ]

[ 2016-06-14T16:47:27+08:00 ] 127.0.0.1 /Cht/chahuitong.com/m/index.php
INFO: [ app_init ] --START--
INFO: Run Behavior\BuildLiteBehavior [ RunTime:0.000014s ]
INFO: [ app_init ] --END-- [ RunTime:0.000638s ]
INFO: [ app_begin ] --START--
INFO: Run Behavior\ReadHtmlCacheBehavior [ RunTime:0.003838s ]
INFO: [ app_begin ] --END-- [ RunTime:0.003906s ]
NOTIC: [2] session_start(): open(../data/session//sess_fqne238d8jusfbmug84vmp0341, O_RDWR) failed: No such file or directory (2) /Users/Sgun/PhpstormProjects/Cht/chahuitong.com/m/ThinkPHP/Common/functions.php 第 1261 行.
SQL: SHOW COLUMNS FROM `shopnc_home_pic` [ RunTime:0.0135s ]
SQL: SELECT * FROM `shopnc_home_pic` WHERE ( state='1' and location='1' )  [ RunTime:0.0005s ]
SQL: SHOW COLUMNS FROM `shopnc_p_xianshi_goods` [ RunTime:0.0068s ]
SQL: SELECT * FROM `shopnc_p_xianshi_goods` WHERE ( state='1' and start_time<'1465894047' and end_time>'1465894047' ) ORDER BY `xianshi_goods_id` desc LIMIT 1   [ RunTime:0.0006s ]
INFO: [ view_parse ] --START--
INFO: [ template_filter ] --START--
INFO: Run Behavior\ContentReplaceBehavior [ RunTime:0.000184s ]
INFO: [ template_filter ] --END-- [ RunTime:0.000249s ]
INFO: Run Behavior\ParseTemplateBehavior [ RunTime:0.015186s ]
INFO: [ view_parse ] --END-- [ RunTime:0.015233s ]
INFO: [ view_filter ] --START--
INFO: Run Behavior\WriteHtmlCacheBehavior [ RunTime:0.001654s ]
INFO: [ view_filter ] --END-- [ RunTime:0.001819s ]
INFO: [ app_end ] --START--
INFO: Run Behavior\ShowPageTraceBehavior [ RunTime:0.003993s ]
INFO: [ app_end ] --END-- [ RunTime:0.004095s ]

[ 2016-06-14T16:54:18+08:00 ] 127.0.0.1 /Cht/chahuitong.com/m/index.php
INFO: [ app_init ] --START--
INFO: Run Behavior\BuildLiteBehavior [ RunTime:0.000022s ]
INFO: [ app_init ] --END-- [ RunTime:0.004068s ]
INFO: [ app_begin ] --START--
INFO: Run Behavior\ReadHtmlCacheBehavior [ RunTime:0.004259s ]
INFO: [ app_begin ] --END-- [ RunTime:0.004345s ]
NOTIC: [2] session_start(): open(../data/session//sess_fqne238d8jusfbmug84vmp0341, O_RDWR) failed: No such file or directory (2) /Users/Sgun/PhpstormProjects/Cht/chahuitong.com/m/ThinkPHP/Common/functions.php 第 1261 行.
SQL: SHOW COLUMNS FROM `shopnc_home_pic` [ RunTime:0.0116s ]
SQL: SELECT * FROM `shopnc_home_pic` WHERE ( state='1' and location='1' )  [ RunTime:0.0007s ]
SQL: SHOW COLUMNS FROM `shopnc_p_xianshi_goods` [ RunTime:0.0081s ]
SQL: SELECT * FROM `shopnc_p_xianshi_goods` WHERE ( state='1' and start_time<'1465894458' and end_time>'1465894458' ) ORDER BY `xianshi_goods_id` desc LIMIT 1   [ RunTime:0.0013s ]
INFO: [ view_parse ] --START--
INFO: [ template_filter ] --START--
INFO: Run Behavior\ContentReplaceBehavior [ RunTime:0.000128s ]
INFO: [ template_filter ] --END-- [ RunTime:0.000182s ]
INFO: Run Behavior\ParseTemplateBehavior [ RunTime:0.021482s ]
INFO: [ view_parse ] --END-- [ RunTime:0.021524s ]
INFO: [ view_filter ] --START--
INFO: Run Behavior\WriteHtmlCacheBehavior [ RunTime:0.000606s ]
INFO: [ view_filter ] --END-- [ RunTime:0.000644s ]
INFO: [ app_end ] --START--
INFO: Run Behavior\ShowPageTraceBehavior [ RunTime:0.004179s ]
INFO: [ app_end ] --END-- [ RunTime:0.004230s ]

[ 2016-06-14T16:55:31+08:00 ] 127.0.0.1 /Cht/chahuitong.com/m/index.php
INFO: [ app_init ] --START--
INFO: Run Behavior\BuildLiteBehavior [ RunTime:0.000014s ]
INFO: [ app_init ] --END-- [ RunTime:0.000997s ]
INFO: [ app_begin ] --START--
INFO: Run Behavior\ReadHtmlCacheBehavior [ RunTime:0.004284s ]
INFO: [ app_begin ] --END-- [ RunTime:0.005184s ]
NOTIC: [2] session_start(): open(../data/session//sess_fqne238d8jusfbmug84vmp0341, O_RDWR) failed: No such file or directory (2) /Users/Sgun/PhpstormProjects/Cht/chahuitong.com/m/ThinkPHP/Common/functions.php 第 1261 行.
SQL: SHOW COLUMNS FROM `shopnc_home_pic` [ RunTime:0.0110s ]
SQL: SELECT * FROM `shopnc_home_pic` WHERE ( state='1' and location='1' )  [ RunTime:0.0014s ]
SQL: SHOW COLUMNS FROM `shopnc_p_xianshi_goods` [ RunTime:0.0055s ]
SQL: SELECT * FROM `shopnc_p_xianshi_goods` WHERE ( state='1' and start_time<'1465894531' and end_time>'1465894531' ) ORDER BY `xianshi_goods_id` desc LIMIT 1   [ RunTime:0.0016s ]
INFO: [ view_parse ] --START--
INFO: [ template_filter ] --START--
INFO: Run Behavior\ContentReplaceBehavior [ RunTime:0.000205s ]
INFO: [ template_filter ] --END-- [ RunTime:0.000290s ]
INFO: Run Behavior\ParseTemplateBehavior [ RunTime:0.024198s ]
INFO: [ view_parse ] --END-- [ RunTime:0.024255s ]
INFO: [ view_filter ] --START--
INFO: Run Behavior\WriteHtmlCacheBehavior [ RunTime:0.003587s ]
INFO: [ view_filter ] --END-- [ RunTime:0.003661s ]
INFO: [ app_end ] --START--
INFO: Run Behavior\ShowPageTraceBehavior [ RunTime:0.005542s ]
INFO: [ app_end ] --END-- [ RunTime:0.005641s ]

[ 2016-06-14T16:55:49+08:00 ] 127.0.0.1 /Cht/chahuitong.com/m/index.php
INFO: [ app_init ] --START--
INFO: Run Behavior\BuildLiteBehavior [ RunTime:0.000016s ]
INFO: [ app_init ] --END-- [ RunTime:0.000672s ]
INFO: [ app_begin ] --START--
INFO: Run Behavior\ReadHtmlCacheBehavior [ RunTime:0.003947s ]
INFO: [ app_begin ] --END-- [ RunTime:0.004017s ]
NOTIC: [2] session_start(): open(../data/session//sess_fqne238d8jusfbmug84vmp0341, O_RDWR) failed: No such file or directory (2) /Users/Sgun/PhpstormProjects/Cht/chahuitong.com/m/ThinkPHP/Common/functions.php 第 1261 行.
SQL: SHOW COLUMNS FROM `shopnc_home_pic` [ RunTime:0.0046s ]
SQL: SELECT * FROM `shopnc_home_pic` WHERE ( state='1' and location='1' )  [ RunTime:0.0005s ]
SQL: SHOW COLUMNS FROM `shopnc_p_xianshi_goods` [ RunTime:0.0070s ]
SQL: SELECT * FROM `shopnc_p_xianshi_goods` WHERE ( state='1' and start_time<'1465894549' and end_time>'1465894549' ) ORDER BY `xianshi_goods_id` desc LIMIT 1   [ RunTime:0.0008s ]
INFO: [ view_parse ] --START--
INFO: [ template_filter ] --START--
INFO: Run Behavior\ContentReplaceBehavior [ RunTime:0.000185s ]
INFO: [ template_filter ] --END-- [ RunTime:0.000246s ]
INFO: Run Behavior\ParseTemplateBehavior [ RunTime:0.014919s ]
INFO: [ view_parse ] --END-- [ RunTime:0.015003s ]
INFO: [ view_filter ] --START--
INFO: Run Behavior\WriteHtmlCacheBehavior [ RunTime:0.001498s ]
INFO: [ view_filter ] --END-- [ RunTime:0.001554s ]
INFO: [ app_end ] --START--
INFO: Run Behavior\ShowPageTraceBehavior [ RunTime:0.004092s ]
INFO: [ app_end ] --END-- [ RunTime:0.004145s ]

[ 2016-06-14T16:55:59+08:00 ] 127.0.0.1 /Cht/chahuitong.com/m/index.php
INFO: [ app_init ] --START--
INFO: Run Behavior\BuildLiteBehavior [ RunTime:0.000007s ]
INFO: [ app_init ] --END-- [ RunTime:0.000208s ]
INFO: [ app_begin ] --START--
INFO: Run Behavior\ReadHtmlCacheBehavior [ RunTime:0.000255s ]
INFO: [ app_begin ] --END-- [ RunTime:0.000277s ]
NOTIC: [2] session_start(): open(../data/session//sess_fqne238d8jusfbmug84vmp0341, O_RDWR) failed: No such file or directory (2) /Users/Sgun/PhpstormProjects/Cht/chahuitong.com/m/ThinkPHP/Common/functions.php 第 1261 行.
SQL: SHOW COLUMNS FROM `shopnc_home_pic` [ RunTime:0.0065s ]
SQL: SELECT * FROM `shopnc_home_pic` WHERE ( state='1' and location='1' )  [ RunTime:0.0005s ]
SQL: SHOW COLUMNS FROM `shopnc_p_xianshi_goods` [ RunTime:0.0046s ]
SQL: SELECT * FROM `shopnc_p_xianshi_goods` WHERE ( state='1' and start_time<'1465894558' and end_time>'1465894558' ) ORDER BY `xianshi_goods_id` desc LIMIT 1   [ RunTime:0.0007s ]
INFO: [ view_parse ] --START--
INFO: [ template_filter ] --START--
INFO: Run Behavior\ContentReplaceBehavior [ RunTime:0.000147s ]
INFO: [ template_filter ] --END-- [ RunTime:0.000183s ]
INFO: Run Behavior\ParseTemplateBehavior [ RunTime:0.006522s ]
INFO: [ view_parse ] --END-- [ RunTime:0.006559s ]
INFO: [ view_filter ] --START--
INFO: Run Behavior\WriteHtmlCacheBehavior [ RunTime:0.000127s ]
INFO: [ view_filter ] --END-- [ RunTime:0.000147s ]
INFO: [ app_end ] --START--
INFO: Run Behavior\ShowPageTraceBehavior [ RunTime:0.000352s ]
INFO: [ app_end ] --END-- [ RunTime:0.000373s ]

[ 2016-06-14T16:56:03+08:00 ] 127.0.0.1 /Cht/chahuitong.com/m/index.php?m=Home&c=Index&a=discuz
INFO: [ app_init ] --START--
INFO: Run Behavior\BuildLiteBehavior [ RunTime:0.000012s ]
INFO: [ app_init ] --END-- [ RunTime:0.000360s ]
INFO: [ app_begin ] --START--
INFO: Run Behavior\ReadHtmlCacheBehavior [ RunTime:0.000462s ]
INFO: [ app_begin ] --END-- [ RunTime:0.000504s ]
NOTIC: [2] session_start(): open(../data/session//sess_fqne238d8jusfbmug84vmp0341, O_RDWR) failed: No such file or directory (2) /Users/Sgun/PhpstormProjects/Cht/chahuitong.com/m/ThinkPHP/Common/functions.php 第 1261 行.
ERR: 非法操作:discuz

[ 2016-06-14T16:56:44+08:00 ] 127.0.0.1 /Cht/chahuitong.com/m/index.php
INFO: [ app_init ] --START--
INFO: Run Behavior\BuildLiteBehavior [ RunTime:0.000018s ]
INFO: [ app_init ] --END-- [ RunTime:0.003819s ]
INFO: [ app_begin ] --START--
INFO: Run Behavior\ReadHtmlCacheBehavior [ RunTime:0.004158s ]
INFO: [ app_begin ] --END-- [ RunTime:0.004225s ]
NOTIC: [2] session_start(): open(../data/session//sess_fqne238d8jusfbmug84vmp0341, O_RDWR) failed: No such file or directory (2) /Users/Sgun/PhpstormProjects/Cht/chahuitong.com/m/ThinkPHP/Common/functions.php 第 1261 行.
SQL: SHOW COLUMNS FROM `shopnc_home_pic` [ RunTime:0.0069s ]
SQL: SELECT * FROM `shopnc_home_pic` WHERE ( state='1' and location='1' )  [ RunTime:0.0005s ]
SQL: SHOW COLUMNS FROM `shopnc_p_xianshi_goods` [ RunTime:0.0069s ]
SQL: SELECT * FROM `shopnc_p_xianshi_goods` WHERE ( state='1' and start_time<'1465894604' and end_time>'1465894604' ) ORDER BY `xianshi_goods_id` desc LIMIT 1   [ RunTime:0.0006s ]
INFO: [ view_parse ] --START--
INFO: [ template_filter ] --START--
INFO: Run Behavior\ContentReplaceBehavior [ RunTime:0.000185s ]
INFO: [ template_filter ] --END-- [ RunTime:0.000249s ]
INFO: Run Behavior\ParseTemplateBehavior [ RunTime:0.014791s ]
INFO: [ view_parse ] --END-- [ RunTime:0.014829s ]
INFO: [ view_filter ] --START--
INFO: Run Behavior\WriteHtmlCacheBehavior [ RunTime:0.001808s ]
INFO: [ view_filter ] --END-- [ RunTime:0.001849s ]
INFO: [ app_end ] --START--
INFO: Run Behavior\ShowPageTraceBehavior [ RunTime:0.001026s ]
INFO: [ app_end ] --END-- [ RunTime:0.001078s ]

[ 2016-06-14T17:06:07+08:00 ] 127.0.0.1 /Cht/chahuitong.com/m/index.php
INFO: [ app_init ] --START--
INFO: Run Behavior\BuildLiteBehavior [ RunTime:0.000016s ]
INFO: [ app_init ] --END-- [ RunTime:0.000934s ]
INFO: [ app_begin ] --START--
INFO: Run Behavior\ReadHtmlCacheBehavior [ RunTime:0.004167s ]
INFO: [ app_begin ] --END-- [ RunTime:0.004270s ]
NOTIC: [2] session_start(): open(../data/session//sess_fqne238d8jusfbmug84vmp0341, O_RDWR) failed: No such file or directory (2) /Users/Sgun/PhpstormProjects/Cht/chahuitong.com/m/ThinkPHP/Common/functions.php 第 1261 行.
SQL: SHOW COLUMNS FROM `shopnc_home_pic` [ RunTime:0.0081s ]
SQL: SELECT * FROM `shopnc_home_pic` WHERE ( state='1' and location='1' )  [ RunTime:0.0006s ]
SQL: SHOW COLUMNS FROM `shopnc_p_xianshi_goods` [ RunTime:0.0067s ]
SQL: SELECT * FROM `shopnc_p_xianshi_goods` WHERE ( state='1' and start_time<'1465895167' and end_time>'1465895167' ) ORDER BY `xianshi_goods_id` desc LIMIT 1   [ RunTime:0.0009s ]
INFO: [ view_parse ] --START--
INFO: [ template_filter ] --START--
INFO: Run Behavior\ContentReplaceBehavior [ RunTime:0.000117s ]
INFO: [ template_filter ] --END-- [ RunTime:0.000151s ]
INFO: Run Behavior\ParseTemplateBehavior [ RunTime:0.017731s ]
INFO: [ view_parse ] --END-- [ RunTime:0.017763s ]
INFO: [ view_filter ] --START--
INFO: Run Behavior\WriteHtmlCacheBehavior [ RunTime:0.001676s ]
INFO: [ view_filter ] --END-- [ RunTime:0.001712s ]
INFO: [ app_end ] --START--
INFO: Run Behavior\ShowPageTraceBehavior [ RunTime:0.000707s ]
INFO: [ app_end ] --END-- [ RunTime:0.000741s ]

[ 2016-06-14T17:06:19+08:00 ] 127.0.0.1 /Cht/chahuitong.com/m/index.php
INFO: [ app_init ] --START--
INFO: Run Behavior\BuildLiteBehavior [ RunTime:0.000017s ]
INFO: [ app_init ] --END-- [ RunTime:0.003799s ]
INFO: [ app_begin ] --START--
INFO: Run Behavior\ReadHtmlCacheBehavior [ RunTime:0.003952s ]
INFO: [ app_begin ] --END-- [ RunTime:0.004021s ]
NOTIC: [2] session_start(): open(../data/session//sess_fqne238d8jusfbmug84vmp0341, O_RDWR) failed: No such file or directory (2) /Users/Sgun/PhpstormProjects/Cht/chahuitong.com/m/ThinkPHP/Common/functions.php 第 1261 行.
SQL: SHOW COLUMNS FROM `shopnc_home_pic` [ RunTime:0.0067s ]
SQL: SELECT * FROM `shopnc_home_pic` WHERE ( state='1' and location='1' )  [ RunTime:0.0005s ]
SQL: SHOW COLUMNS FROM `shopnc_p_xianshi_goods` [ RunTime:0.0068s ]
SQL: SELECT * FROM `shopnc_p_xianshi_goods` WHERE ( state='1' and start_time<'1465895179' and end_time>'1465895179' ) ORDER BY `xianshi_goods_id` desc LIMIT 1   [ RunTime:0.0006s ]
INFO: [ view_parse ] --START--
INFO: [ template_filter ] --START--
INFO: Run Behavior\ContentReplaceBehavior [ RunTime:0.000190s ]
INFO: [ template_filter ] --END-- [ RunTime:0.000245s ]
INFO: Run Behavior\ParseTemplateBehavior [ RunTime:0.015603s ]
INFO: [ view_parse ] --END-- [ RunTime:0.015649s ]
INFO: [ view_filter ] --START--
INFO: Run Behavior\WriteHtmlCacheBehavior [ RunTime:0.001878s ]
INFO: [ view_filter ] --END-- [ RunTime:0.001933s ]
INFO: [ app_end ] --START--
INFO: Run Behavior\ShowPageTraceBehavior [ RunTime:0.003901s ]
INFO: [ app_end ] --END-- [ RunTime:0.003956s ]

[ 2016-06-14T17:10:16+08:00 ] 127.0.0.1 /Cht/chahuitong.com/m/index.php
INFO: [ app_init ] --START--
INFO: Run Behavior\BuildLiteBehavior [ RunTime:0.000017s ]
INFO: [ app_init ] --END-- [ RunTime:0.004002s ]
INFO: [ app_begin ] --START--
INFO: Run Behavior\ReadHtmlCacheBehavior [ RunTime:0.003946s ]
INFO: [ app_begin ] --END-- [ RunTime:0.004014s ]
NOTIC: [2] session_start(): open(../data/session//sess_fqne238d8jusfbmug84vmp0341, O_RDWR) failed: No such file or directory (2) /Users/Sgun/PhpstormProjects/Cht/chahuitong.com/m/ThinkPHP/Common/functions.php 第 1261 行.
SQL: SHOW COLUMNS FROM `shopnc_home_pic` [ RunTime:0.0113s ]
SQL: SELECT * FROM `shopnc_home_pic` WHERE ( state='1' and location='1' )  [ RunTime:0.0007s ]
SQL: SHOW COLUMNS FROM `shopnc_p_xianshi_goods` [ RunTime:0.0066s ]
SQL: SELECT * FROM `shopnc_p_xianshi_goods` WHERE ( state='1' and start_time<'1465895416' and end_time>'1465895416' ) ORDER BY `xianshi_goods_id` desc LIMIT 1   [ RunTime:0.0008s ]
INFO: [ view_parse ] --START--
INFO: [ template_filter ] --START--
INFO: Run Behavior\ContentReplaceBehavior [ RunTime:0.000213s ]
INFO: [ template_filter ] --END-- [ RunTime:0.000286s ]
INFO: Run Behavior\ParseTemplateBehavior [ RunTime:0.021115s ]
INFO: [ view_parse ] --END-- [ RunTime:0.021170s ]
INFO: [ view_filter ] --START--
INFO: Run Behavior\WriteHtmlCacheBehavior [ RunTime:0.003442s ]
INFO: [ view_filter ] --END-- [ RunTime:0.003496s ]
INFO: [ app_end ] --START--
INFO: Run Behavior\ShowPageTraceBehavior [ RunTime:0.003956s ]
INFO: [ app_end ] --END-- [ RunTime:0.004014s ]

[ 2016-06-14T17:12:04+08:00 ] 127.0.0.1 /Cht/chahuitong.com/m/index.php
INFO: [ app_init ] --START--
INFO: Run Behavior\BuildLiteBehavior [ RunTime:0.000012s ]
INFO: [ app_init ] --END-- [ RunTime:0.000356s ]
INFO: [ app_begin ] --START--
INFO: Run Behavior\ReadHtmlCacheBehavior [ RunTime:0.000587s ]
INFO: [ app_begin ] --END-- [ RunTime:0.000648s ]
NOTIC: [2] session_start(): open(../data/session//sess_fqne238d8jusfbmug84vmp0341, O_RDWR) failed: No such file or directory (2) /Users/Sgun/PhpstormProjects/Cht/chahuitong.com/m/ThinkPHP/Common/functions.php 第 1261 行.
SQL: SHOW COLUMNS FROM `shopnc_home_pic` [ RunTime:0.0093s ]
SQL: SELECT * FROM `shopnc_home_pic` WHERE ( state='1' and location='1' )  [ RunTime:0.0006s ]
SQL: SHOW COLUMNS FROM `shopnc_p_xianshi_goods` [ RunTime:0.0064s ]
SQL: SELECT * FROM `shopnc_p_xianshi_goods` WHERE ( state='1' and start_time<'1465895524' and end_time>'1465895524' ) ORDER BY `xianshi_goods_id` desc LIMIT 1   [ RunTime:0.0006s ]
INFO: [ view_parse ] --START--
INFO: [ template_filter ] --START--
INFO: Run Behavior\ContentReplaceBehavior [ RunTime:0.000197s ]
INFO: [ template_filter ] --END-- [ RunTime:0.000269s ]
INFO: Run Behavior\ParseTemplateBehavior [ RunTime:0.009614s ]
INFO: [ view_parse ] --END-- [ RunTime:0.009670s ]
INFO: [ view_filter ] --START--
INFO: Run Behavior\WriteHtmlCacheBehavior [ RunTime:0.000198s ]
INFO: [ view_filter ] --END-- [ RunTime:0.000228s ]
INFO: [ app_end ] --START--
INFO: Run Behavior\ShowPageTraceBehavior [ RunTime:0.000619s ]
INFO: [ app_end ] --END-- [ RunTime:0.000658s ]

[ 2016-06-14T17:12:24+08:00 ] 127.0.0.1 /Cht/chahuitong.com/m/index.php
INFO: [ app_init ] --START--
INFO: Run Behavior\BuildLiteBehavior [ RunTime:0.000012s ]
INFO: [ app_init ] --END-- [ RunTime:0.000387s ]
INFO: [ app_begin ] --START--
INFO: Run Behavior\ReadHtmlCacheBehavior [ RunTime:0.000480s ]
INFO: [ app_begin ] --END-- [ RunTime:0.000521s ]
NOTIC: [2] session_start(): open(../data/session//sess_fqne238d8jusfbmug84vmp0341, O_RDWR) failed: No such file or directory (2) /Users/Sgun/PhpstormProjects/Cht/chahuitong.com/m/ThinkPHP/Common/functions.php 第 1261 行.
SQL: SHOW COLUMNS FROM `shopnc_home_pic` [ RunTime:0.0066s ]
SQL: SELECT * FROM `shopnc_home_pic` WHERE ( state='1' and location='1' )  [ RunTime:0.0007s ]
SQL: SHOW COLUMNS FROM `shopnc_p_xianshi_goods` [ RunTime:0.0070s ]
SQL: SELECT * FROM `shopnc_p_xianshi_goods` WHERE ( state='1' and start_time<'1465895544' and end_time>'1465895544' ) ORDER BY `xianshi_goods_id` desc LIMIT 1   [ RunTime:0.0007s ]
INFO: [ view_parse ] --START--
INFO: [ template_filter ] --START--
INFO: Run Behavior\ContentReplaceBehavior [ RunTime:0.000178s ]
INFO: [ template_filter ] --END-- [ RunTime:0.000224s ]
INFO: Run Behavior\ParseTemplateBehavior [ RunTime:0.007824s ]
INFO: [ view_parse ] --END-- [ RunTime:0.007882s ]
INFO: [ view_filter ] --START--
INFO: Run Behavior\WriteHtmlCacheBehavior [ RunTime:0.000276s ]
INFO: [ view_filter ] --END-- [ RunTime:0.000318s ]
INFO: [ app_end ] --START--
INFO: Run Behavior\ShowPageTraceBehavior [ RunTime:0.000629s ]
INFO: [ app_end ] --END-- [ RunTime:0.000668s ]

[ 2016-06-14T17:12:26+08:00 ] 127.0.0.1 /Cht/chahuitong.com/m/index.php?m=Home&c=Index&a=discuz
INFO: [ app_init ] --START--
INFO: Run Behavior\BuildLiteBehavior [ RunTime:0.000012s ]
INFO: [ app_init ] --END-- [ RunTime:0.000354s ]
INFO: [ app_begin ] --START--
INFO: Run Behavior\ReadHtmlCacheBehavior [ RunTime:0.000474s ]
INFO: [ app_begin ] --END-- [ RunTime:0.000509s ]
NOTIC: [2] session_start(): open(../data/session//sess_fqne238d8jusfbmug84vmp0341, O_RDWR) failed: No such file or directory (2) /Users/Sgun/PhpstormProjects/Cht/chahuitong.com/m/ThinkPHP/Common/functions.php 第 1261 行.
ERR: 非法操作:discuz

[ 2016-06-14T17:12:33+08:00 ] 127.0.0.1 /Cht/chahuitong.com/m/index.php
INFO: [ app_init ] --START--
INFO: Run Behavior\BuildLiteBehavior [ RunTime:0.000009s ]
INFO: [ app_init ] --END-- [ RunTime:0.000314s ]
INFO: [ app_begin ] --START--
INFO: Run Behavior\ReadHtmlCacheBehavior [ RunTime:0.000383s ]
INFO: [ app_begin ] --END-- [ RunTime:0.000417s ]
NOTIC: [2] session_start(): open(../data/session//sess_fqne238d8jusfbmug84vmp0341, O_RDWR) failed: No such file or directory (2) /Users/Sgun/PhpstormProjects/Cht/chahuitong.com/m/ThinkPHP/Common/functions.php 第 1261 行.
SQL: SHOW COLUMNS FROM `shopnc_home_pic` [ RunTime:0.0062s ]
SQL: SELECT * FROM `shopnc_home_pic` WHERE ( state='1' and location='1' )  [ RunTime:0.0004s ]
SQL: SHOW COLUMNS FROM `shopnc_p_xianshi_goods` [ RunTime:0.0064s ]
SQL: SELECT * FROM `shopnc_p_xianshi_goods` WHERE ( state='1' and start_time<'1465895552' and end_time>'1465895552' ) ORDER BY `xianshi_goods_id` desc LIMIT 1   [ RunTime:0.0004s ]
INFO: [ view_parse ] --START--
INFO: [ template_filter ] --START--
INFO: Run Behavior\ContentReplaceBehavior [ RunTime:0.000087s ]
INFO: [ template_filter ] --END-- [ RunTime:0.000109s ]
INFO: Run Behavior\ParseTemplateBehavior [ RunTime:0.004036s ]
INFO: [ view_parse ] --END-- [ RunTime:0.004060s ]
INFO: [ view_filter ] --START--
INFO: Run Behavior\WriteHtmlCacheBehavior [ RunTime:0.000091s ]
INFO: [ view_filter ] --END-- [ RunTime:0.000105s ]
INFO: [ app_end ] --START--
INFO: Run Behavior\ShowPageTraceBehavior [ RunTime:0.000279s ]
INFO: [ app_end ] --END-- [ RunTime:0.000295s ]

[ 2016-06-14T17:13:46+08:00 ] 127.0.0.1 /Cht/chahuitong.com/m/index.php
INFO: [ app_init ] --START--
INFO: Run Behavior\BuildLiteBehavior [ RunTime:0.000011s ]
INFO: [ app_init ] --END-- [ RunTime:0.000352s ]
INFO: [ app_begin ] --START--
INFO: Run Behavior\ReadHtmlCacheBehavior [ RunTime:0.000452s ]
INFO: [ app_begin ] --END-- [ RunTime:0.000493s ]
NOTIC: [2] session_start(): open(../data/session//sess_fqne238d8jusfbmug84vmp0341, O_RDWR) failed: No such file or directory (2) /Users/Sgun/PhpstormProjects/Cht/chahuitong.com/m/ThinkPHP/Common/functions.php 第 1261 行.
SQL: SHOW COLUMNS FROM `shopnc_home_pic` [ RunTime:0.0045s ]
SQL: SELECT * FROM `shopnc_home_pic` WHERE ( state='1' and location='1' )  [ RunTime:0.0005s ]
SQL: SHOW COLUMNS FROM `shopnc_p_xianshi_goods` [ RunTime:0.0047s ]
SQL: SELECT * FROM `shopnc_p_xianshi_goods` WHERE ( state='1' and start_time<'1465895626' and end_time>'1465895626' ) ORDER BY `xianshi_goods_id` desc LIMIT 1   [ RunTime:0.0007s ]
INFO: [ view_parse ] --START--
INFO: [ template_filter ] --START--
INFO: Run Behavior\ContentReplaceBehavior [ RunTime:0.000092s ]
INFO: [ template_filter ] --END-- [ RunTime:0.000121s ]
INFO: Run Behavior\ParseTemplateBehavior [ RunTime:0.004462s ]
INFO: [ view_parse ] --END-- [ RunTime:0.004492s ]
INFO: [ view_filter ] --START--
INFO: Run Behavior\WriteHtmlCacheBehavior [ RunTime:0.000091s ]
INFO: [ view_filter ] --END-- [ RunTime:0.000105s ]
INFO: [ app_end ] --START--
INFO: Run Behavior\ShowPageTraceBehavior [ RunTime:0.000299s ]
INFO: [ app_end ] --END-- [ RunTime:0.000316s ]

[ 2016-06-14T17:14:30+08:00 ] 127.0.0.1 /Cht/chahuitong.com/m/index.php
INFO: [ app_init ] --START--
INFO: Run Behavior\BuildLiteBehavior [ RunTime:0.000008s ]
INFO: [ app_init ] --END-- [ RunTime:0.000248s ]
INFO: [ app_begin ] --START--
INFO: Run Behavior\ReadHtmlCacheBehavior [ RunTime:0.000311s ]
INFO: [ app_begin ] --END-- [ RunTime:0.000338s ]
NOTIC: [2] session_start(): open(../data/session//sess_fqne238d8jusfbmug84vmp0341, O_RDWR) failed: No such file or directory (2) /Users/Sgun/PhpstormProjects/Cht/chahuitong.com/m/ThinkPHP/Common/functions.php 第 1261 行.
SQL: SHOW COLUMNS FROM `shopnc_home_pic` [ RunTime:0.0036s ]
SQL: SELECT * FROM `shopnc_home_pic` WHERE ( state='1' and location='1' )  [ RunTime:0.0005s ]
SQL: SHOW COLUMNS FROM `shopnc_p_xianshi_goods` [ RunTime:0.0033s ]
SQL: SELECT * FROM `shopnc_p_xianshi_goods` WHERE ( state='1' and start_time<'1465895670' and end_time>'1465895670' ) ORDER BY `xianshi_goods_id` desc LIMIT 1   [ RunTime:0.0004s ]
INFO: [ view_parse ] --START--
INFO: [ template_filter ] --START--
INFO: Run Behavior\ContentReplaceBehavior [ RunTime:0.000093s ]
INFO: [ template_filter ] --END-- [ RunTime:0.000122s ]
INFO: Run Behavior\ParseTemplateBehavior [ RunTime:0.005660s ]
INFO: [ view_parse ] --END-- [ RunTime:0.005685s ]
INFO: [ view_filter ] --START--
INFO: Run Behavior\WriteHtmlCacheBehavior [ RunTime:0.000114s ]
INFO: [ view_filter ] --END-- [ RunTime:0.000128s ]
INFO: [ app_end ] --START--
INFO: Run Behavior\ShowPageTraceBehavior [ RunTime:0.000296s ]
INFO: [ app_end ] --END-- [ RunTime:0.000312s ]

[ 2016-06-14T17:15:33+08:00 ] 127.0.0.1 /Cht/chahuitong.com/m/index.php
INFO: [ app_init ] --START--
INFO: Run Behavior\BuildLiteBehavior [ RunTime:0.000012s ]
INFO: [ app_init ] --END-- [ RunTime:0.000353s ]
INFO: [ app_begin ] --START--
INFO: Run Behavior\ReadHtmlCacheBehavior [ RunTime:0.000463s ]
INFO: [ app_begin ] --END-- [ RunTime:0.000504s ]
NOTIC: [2] session_start(): open(../data/session//sess_fqne238d8jusfbmug84vmp0341, O_RDWR) failed: No such file or directory (2) /Users/Sgun/PhpstormProjects/Cht/chahuitong.com/m/ThinkPHP/Common/functions.php 第 1261 行.
SQL: SHOW COLUMNS FROM `shopnc_home_pic` [ RunTime:0.0067s ]
SQL: SELECT * FROM `shopnc_home_pic` WHERE ( state='1' and location='1' )  [ RunTime:0.0005s ]
SQL: SHOW COLUMNS FROM `shopnc_p_xianshi_goods` [ RunTime:0.0091s ]
SQL: SELECT * FROM `shopnc_p_xianshi_goods` WHERE ( state='1' and start_time<'1465895733' and end_time>'1465895733' ) ORDER BY `xianshi_goods_id` desc LIMIT 1   [ RunTime:0.0006s ]
INFO: [ view_parse ] --START--
INFO: [ template_filter ] --START--
INFO: Run Behavior\ContentReplaceBehavior [ RunTime:0.000173s ]
INFO: [ template_filter ] --END-- [ RunTime:0.000234s ]
INFO: Run Behavior\ParseTemplateBehavior [ RunTime:0.007841s ]
INFO: [ view_parse ] --END-- [ RunTime:0.007886s ]
INFO: [ view_filter ] --START--
INFO: Run Behavior\WriteHtmlCacheBehavior [ RunTime:0.000186s ]
INFO: [ view_filter ] --END-- [ RunTime:0.000215s ]
INFO: [ app_end ] --START--
INFO: Run Behavior\ShowPageTraceBehavior [ RunTime:0.000534s ]
INFO: [ app_end ] --END-- [ RunTime:0.000567s ]

[ 2016-06-14T17:16:41+08:00 ] 127.0.0.1 /Cht/chahuitong.com/m/index.php
INFO: [ app_init ] --START--
INFO: Run Behavior\BuildLiteBehavior [ RunTime:0.000008s ]
INFO: [ app_init ] --END-- [ RunTime:0.000270s ]
INFO: [ app_begin ] --START--
INFO: Run Behavior\ReadHtmlCacheBehavior [ RunTime:0.000300s ]
INFO: [ app_begin ] --END-- [ RunTime:0.000327s ]
NOTIC: [2] session_start(): open(../data/session//sess_fqne238d8jusfbmug84vmp0341, O_RDWR) failed: No such file or directory (2) /Users/Sgun/PhpstormProjects/Cht/chahuitong.com/m/ThinkPHP/Common/functions.php 第 1261 行.
SQL: SHOW COLUMNS FROM `shopnc_home_pic` [ RunTime:0.0068s ]
SQL: SELECT * FROM `shopnc_home_pic` WHERE ( state='1' and location='1' )  [ RunTime:0.0005s ]
SQL: SHOW COLUMNS FROM `shopnc_p_xianshi_goods` [ RunTime:0.0065s ]
SQL: SELECT * FROM `shopnc_p_xianshi_goods` WHERE ( state='1' and start_time<'1465895801' and end_time>'1465895801' ) ORDER BY `xianshi_goods_id` desc LIMIT 1   [ RunTime:0.0005s ]
INFO: [ view_parse ] --START--
INFO: [ template_filter ] --START--
INFO: Run Behavior\ContentReplaceBehavior [ RunTime:0.000089s ]
INFO: [ template_filter ] --END-- [ RunTime:0.000111s ]
INFO: Run Behavior\ParseTemplateBehavior [ RunTime:0.003934s ]
INFO: [ view_parse ] --END-- [ RunTime:0.003959s ]
INFO: [ view_filter ] --START--
INFO: Run Behavior\WriteHtmlCacheBehavior [ RunTime:0.000091s ]
INFO: [ view_filter ] --END-- [ RunTime:0.000105s ]
INFO: [ app_end ] --START--
INFO: Run Behavior\ShowPageTraceBehavior [ RunTime:0.000265s ]
INFO: [ app_end ] --END-- [ RunTime:0.000281s ]

[ 2016-06-14T17:17:56+08:00 ] 127.0.0.1 /Cht/chahuitong.com/m/index.php
INFO: [ app_init ] --START--
INFO: Run Behavior\BuildLiteBehavior [ RunTime:0.000011s ]
INFO: [ app_init ] --END-- [ RunTime:0.000348s ]
INFO: [ app_begin ] --START--
INFO: Run Behavior\ReadHtmlCacheBehavior [ RunTime:0.000700s ]
INFO: [ app_begin ] --END-- [ RunTime:0.000751s ]
NOTIC: [2] session_start(): open(../data/session//sess_fqne238d8jusfbmug84vmp0341, O_RDWR) failed: No such file or directory (2) /Users/Sgun/PhpstormProjects/Cht/chahuitong.com/m/ThinkPHP/Common/functions.php 第 1261 行.
SQL: SHOW COLUMNS FROM `shopnc_home_pic` [ RunTime:0.0044s ]
SQL: SELECT * FROM `shopnc_home_pic` WHERE ( state='1' and location='1' )  [ RunTime:0.0005s ]
SQL: SHOW COLUMNS FROM `shopnc_p_xianshi_goods` [ RunTime:0.0045s ]
SQL: SELECT * FROM `shopnc_p_xianshi_goods` WHERE ( state='1' and start_time<'1465895876' and end_time>'1465895876' ) ORDER BY `xianshi_goods_id` desc LIMIT 1   [ RunTime:0.0005s ]
INFO: [ view_parse ] --START--
INFO: [ template_filter ] --START--
INFO: Run Behavior\ContentReplaceBehavior [ RunTime:0.000088s ]
INFO: [ template_filter ] --END-- [ RunTime:0.000113s ]
INFO: Run Behavior\ParseTemplateBehavior [ RunTime:0.004899s ]
INFO: [ view_parse ] --END-- [ RunTime:0.004925s ]
INFO: [ view_filter ] --START--
INFO: Run Behavior\WriteHtmlCacheBehavior [ RunTime:0.000090s ]
INFO: [ view_filter ] --END-- [ RunTime:0.000104s ]
INFO: [ app_end ] --START--
INFO: Run Behavior\ShowPageTraceBehavior [ RunTime:0.000261s ]
INFO: [ app_end ] --END-- [ RunTime:0.000276s ]

